[[[[{"Plan": {"Node Type": "Limit", "Parallel Aware": false, "Async Capable": false, "Startup Cost": 13756.39, "Total Cost": 13756.39, "Plan Rows": 2, "Plan Width": 17, "Plans": [{"Node Type": "Aggregate", "Strategy": "Sorted", "Partial Mode": "Finalize", "Parent Relationship": "InitPlan", "Subplan Name": "CTE customer_total_return", "Parallel Aware": false, "Async Capable": false, "Startup Cost": 9275.82, "Total Cost": 9456.92, "Plan Rows": 1433, "Plan Width": 40, "Group Key": ["store_returns.sr_customer_sk", "store_returns.sr_store_sk"], "Plans": [{"Node Type": "Gather Merge", "Parent Relationship": "Outer", "Parallel Aware": false, "Async Capable": false, "Startup Cost": 9275.82, "Total Cost": 9427.07, "Plan Rows": 1194, "Plan Width": 40, "Workers Planned": 2, "Plans": [{"Node Type": "Aggregate", "Strategy": "Sorted", "Partial Mode": "Partial", "Parent Relationship": "Outer", "Parallel Aware": false, "Async Capable": false, "Startup Cost": 8275.79, "Total Cost": 8289.23, "Plan Rows": 597, "Plan Width": 40, "Group Key": ["store_returns.sr_customer_sk", "store_returns.sr_store_sk"], "Plans": [{"Node Type": "Sort", "Parent Relationship": "Outer", "Parallel Aware": false, "Async Capable": false, "Startup Cost": 8275.79, "Total Cost": 8277.29, "Plan Rows": 597, "Plan Width": 14, "Sort Key": ["store_returns.sr_customer_sk", "store_returns.sr_store_sk"], "Plans": [{"Node Type": "Hash Join", "Parent Relationship": "Outer", "Parallel Aware": true, "Async Capable": false, "Join Type": "Inner", "Startup Cost": 1944.8, "Total Cost": 8248.27, "Plan Rows": 597, "Plan Width": 14, "Inner Unique": true, "Hash Cond": "(store_returns.sr_returned_date_sk = date_dim.d_date_sk)", "Plans": [{"Node Type": "Seq Scan", "Parent Relationship": "Outer", "Parallel Aware": true, "Async Capable": false, "Relation Name": "store_returns", "Alias": "store_returns", "Startup Cost": 0.0, "Total Cost": 5988.98, "Plan Rows": 119798, "Plan Width": 18}, {"Node Type": "Hash", "Parent Relationship": "Inner", "Parallel Aware": true, "Async Capable": false, "Startup Cost": 1942.12, "Total Cost": 1942.12, "Plan Rows": 214, "Plan Width": 4, "Plans": [{"Node Type": "Seq Scan", "Parent Relationship": "Outer", "Parallel Aware": true, "Async Capable": false, "Relation Name": "date_dim", "Alias": "date_dim", "Startup Cost": 0.0, "Total Cost": 1942.12, "Plan Rows": 214, "Plan Width": 4, "Filter": "(d_year = 2000)"}]}]}]}]}]}]}, {"Node Type": "Sort", "Parent Relationship": "Outer", "Parallel Aware": false, "Async Capable": false, "Startup Cost": 4299.47, "Total Cost": 4299.47, "Plan Rows": 2, "Plan Width": 17, "Sort Key": ["customer.c_customer_id"], "Plans": [{"Node Type": "Hash Join", "Parent Relationship": "Outer", "Parallel Aware": false, "Async Capable": false, "Join Type": "Inner", "Startup Cost": 75.44, "Total Cost": 4299.46, "Plan Rows": 2, "Plan Width": 17, "Inner Unique": false, "Hash Cond": "(customer.c_customer_sk = ctr1.ctr_customer_sk)", "Plans": [{"Node Type": "Seq Scan", "Parent Relationship": "Outer", "Parallel Aware": false, "Async Capable": false, "Relation Name": "customer", "Alias": "customer", "Startup Cost": 0.0, "Total Cost": 3849.0, "Plan Rows": 100000, "Plan Width": 21}, {"Node Type": "Hash", "Parent Relationship": "Inner", "Parallel Aware": false, "Async Capable": false, "Startup Cost": 75.41, "Total Cost": 75.41, "Plan Rows": 2, "Plan Width": 4, "Plans": [{"Node Type": "Hash Join", "Parent Relationship": "Outer", "Parallel Aware": false, "Async Capable": false, "Join Type": "Inner", "Startup Cost": 69.57, "Total Cost": 75.41, "Plan Rows": 2, "Plan Width": 4, "Inner Unique": false, "Hash Cond": "(ctr2.ctr_store_sk = ctr1.ctr_store_sk)", "Join Filter": "(ctr1.ctr_total_return > ((avg(ctr2.ctr_total_return) * 1.2)))", "Plans": [{"Node Type": "Aggregate", "Strategy": "Hashed", "Partial Mode": "Simple", "Parent Relationship": "Outer", "Parallel Aware": false, "Async Capable": false, "Startup Cost": 35.83, "Total Cost": 38.83, "Plan Rows": 200, "Plan Width": 36, "Group Key": ["ctr2.ctr_store_sk"], "Planned Partitions": 0, "Plans": [{"Node Type": "CTE Scan", "Parent Relationship": "Outer", "Parallel Aware": false, "Async Capable": false, "CTE Name": "customer_total_return", "Alias": "ctr2", "Startup Cost": 0.0, "Total Cost": 28.66, "Plan Rows": 1433, "Plan Width": 36}]}, {"Node Type": "Hash", "Parent Relationship": "Inner", "Parallel Aware": false, "Async Capable": false, "Startup Cost": 33.66, "Total Cost": 33.66, "Plan Rows": 7, "Plan Width": 44, "Plans": [{"Node Type": "Hash Join", "Parent Relationship": "Outer", "Parallel Aware": false, "Async Capable": false, "Join Type": "Inner", "Startup Cost": 1.16, "Total Cost": 33.66, "Plan Rows": 7, "Plan Width": 44, "Inner Unique": true, "Hash Cond": "(ctr1.ctr_store_sk = store.s_store_sk)", "Plans": [{"Node Type": "CTE Scan", "Parent Relationship": "Outer", "Parallel Aware": false, "Async Capable": false, "CTE Name": "customer_total_return", "Alias": "ctr1", "Startup Cost": 0.0, "Total Cost": 28.66, "Plan Rows": 1433, "Plan Width": 40}, {"Node Type": "Hash", "Parent Relationship": "Inner", "Parallel Aware": false, "Async Capable": false, "Startup Cost": 1.15, "Total Cost": 1.15, "Plan Rows": 1, "Plan Width": 4, "Plans": [{"Node Type": "Seq Scan", "Parent Relationship": "Outer", "Parallel Aware": false, "Async Capable": false, "Relation Name": "store", "Alias": "store", "Startup Cost": 0.0, "Total Cost": 1.15, "Plan Rows": 1, "Plan Width": 4, "Filter": "(s_state = 'TN'::bpchar)"}]}]}]}]}]}]}]}]}}]]], [[[{"Plan": {"Node Type": "Sort", "Parallel Aware": false, "Async Capable": false, "Startup Cost": 189683.33, "Total Cost": 189683.36, "Plan Rows": 13, "Plan Width": 228, "Sort Key": ["wswscs.d_week_seq"], "Plans": [{"Node Type": "Aggregate", "Strategy": "Sorted", "Partial Mode": "Finalize", "Parent Relationship": "InitPlan", "Subplan Name": "CTE wswscs", "Parallel Aware": false, "Async Capable": false, "Startup Cost": 180922.85, "Total Cost": 184427.45, "Plan Rows": 10435, "Plan Width": 228, "Group Key": ["date_dim_2.d_week_seq"], "Plans": [{"Node Type": "Gather Merge", "Parent Relationship": "Outer", "Parallel Aware": false, "Async Capable": false, "Startup Cost": 180922.85, "Total Cost": 183357.86, "Plan Rows": 20870, "Plan Width": 228, "Workers Planned": 2, "Plans": [{"Node Type": "Sort", "Parent Relationship": "Outer", "Parallel Aware": false, "Async Capable": false, "Startup Cost": 179922.83, "Total Cost": 179948.92, "Plan Rows": 10435, "Plan Width": 228, "Sort Key": ["date_dim_2.d_week_seq"], "Plans": [{"Node Type": "Aggregate", "Strategy": "Hashed", "Partial Mode": "Partial", "Parent Relationship": "Outer", "Parallel Aware": false, "Async Capable": false, "Startup Cost": 168388.25, "Total Cost": 179226.34, "Plan Rows": 10435, "Plan Width": 228, "Group Key": ["date_dim_2.d_week_seq"], "Planned Partitions": 4, "Plans": [{"Node Type": "Hash Join", "Parent Relationship": "Outer", "Parallel Aware": true, "Async Capable": false, "Join Type": "Inner", "Startup Cost": 2371.82, "Total Cost": 74412.86, "Plan Rows": 900363, "Plan Width": 20, "Inner Unique": true, "Hash Cond": "(catalog_sales.cs_sold_date_sk = date_dim_2.d_date_sk)", "Plans": [{"Node Type": "Append", "Parent Relationship": "Outer", "Parallel Aware": true, "Async Capable": false, "Startup Cost": 0.0, "Total Cost": 69677.45, "Plan Rows": 900363, "Plan Width": 10, "Subplans Removed": 0, "Plans": [{"Node Type": "Seq Scan", "Parent Relationship": "Member", "Parallel Aware": true, "Async Capable": false, "Relation Name": "catalog_sales", "Alias": "catalog_sales", "Startup Cost": 0.0, "Total Cost": 43411.2, "Plan Rows": 600620, "Plan Width": 10}, {"Node Type": "Seq Scan", "Parent Relationship": "Member", "Parallel Aware": true, "Async Capable": false, "Relation Name": "web_sales", "Alias": "web_sales", "Startup Cost": 0.0, "Total Cost": 21764.43, "Plan Rows": 299743, "Plan Width": 10}]}, {"Node Type": "Hash", "Parent Relationship": "Inner", "Parallel Aware": true, "Async Capable": false, "Startup Cost": 1834.7, "Total Cost": 1834.7, "Plan Rows": 42970, "Plan Width": 18, "Plans": [{"Node Type": "Seq Scan", "Parent Relationship": "Outer", "Parallel Aware": true, "Async Capable": false, "Relation Name": "date_dim", "Alias": "date_dim_2", "Startup Cost": 0.0, "Total Cost": 1834.7, "Plan Rows": 42970, "Plan Width": 18}]}]}]}]}]}]}, {"Node Type": "Hash Join", "Parent Relationship": "Outer", "Parallel Aware": false, "Async Capable": false, "Join Type": "Inner", "Startup Cost": 5007.23, "Total Cost": 5255.65, "Plan Rows": 13, "Plan Width": 228, "Inner Unique": false, "Hash Cond": "(wswscs.d_week_seq = date_dim.d_week_seq)", "Plans": [{"Node Type": "CTE Scan", "Parent Relationship": "Outer", "Parallel Aware": false, "Async Capable": false, "CTE Name": "wswscs", "Alias": "wswscs", "Startup Cost": 0.0, "Total Cost": 208.7, "Plan Rows": 10435, "Plan Width": 228}, {"Node Type": "Hash", "Parent Relationship": "Inner", "Parallel Aware": false, "Async Capable": false, "Startup Cost": 5007.07, "Total Cost": 5007.07, "Plan Rows": 13, "Plan Width": 232, "Plans": [{"Node Type": "Merge Join", "Parent Relationship": "Outer", "Parallel Aware": false, "Async Capable": false, "Join Type": "Inner", "Startup Cost": 5001.48, "Total Cost": 5007.07, "Plan Rows": 13, "Plan Width": 232, "Inner Unique": false, "Merge Cond": "(((wswscs_1.d_week_seq - 53)) = date_dim.d_week_seq)", "Plans": [{"Node Type": "Sort", "Parent Relationship": "Outer", "Parallel Aware": false, "Async Capable": false, "Startup Cost": 2667.88, "Total Cost": 2668.79, "Plan Rows": 364, "Plan Width": 228, "Sort Key": ["((wswscs_1.d_week_seq - 53))"], "Plans": [{"Node Type": "Hash Join", "Parent Relationship": "Outer", "Parallel Aware": false, "Async Capable": false, "Join Type": "Inner", "Startup Cost": 2322.66, "Total Cost": 2652.4, "Plan Rows": 364, "Plan Width": 228, "Inner Unique": false, "Hash Cond": "(wswscs_1.d_week_seq = date_dim_1.d_week_seq)", "Plans": [{"Node Type": "CTE Scan", "Parent Relationship": "Outer", "Parallel Aware": false, "Async Capable": false, "CTE Name": "wswscs", "Alias": "wswscs_1", "Startup Cost": 0.0, "Total Cost": 208.7, "Plan Rows": 10435, "Plan Width": 228}, {"Node Type": "Hash", "Parent Relationship": "Inner", "Parallel Aware": false, "Async Capable": false, "Startup Cost": 2318.11, "Total Cost": 2318.11, "Plan Rows": 364, "Plan Width": 4, "Plans": [{"Node Type": "Seq Scan", "Parent Relationship": "Outer", "Parallel Aware": false, "Async Capable": false, "Relation Name": "date_dim", "Alias": "date_dim_1", "Startup Cost": 0.0, "Total Cost": 2318.11, "Plan Rows": 364, "Plan Width": 4, "Filter": "(d_year = 2002)"}]}]}]}, {"Node Type": "Sort", "Parent Relationship": "Inner", "Parallel Aware": false, "Async Capable": false, "Startup Cost": 2333.6, "Total Cost": 2334.51, "Plan Rows": 364, "Plan Width": 4, "Sort Key": ["date_dim.d_week_seq"], "Plans": [{"Node Type": "Seq Scan", "Parent Relationship": "Outer", "Parallel Aware": false, "Async Capable": false, "Relation Name": "date_dim", "Alias": "date_dim", "Startup Cost": 0.0, "Total Cost": 2318.11, "Plan Rows": 364, "Plan Width": 4, "Filter": "(d_year = 2001)"}]}]}]}]}]}, "JIT": {"Functions": 49, "Options": {"Inlining": false, "Optimization": false, "Expressions": true, "Deforming": true}}}]]], [[[{"Plan": {"Node Type": "Limit", "Parallel Aware": false, "Async Capable": false, "Startup Cost": 71219.55, "Total Cost": 71219.8, "Plan Rows": 100, "Plan Width": 91, "Plans": [{"Node Type": "Sort", "Parent Relationship": "Outer", "Parallel Aware": false, "Async Capable": false, "Startup Cost": 71219.55, "Total Cost": 71220.09, "Plan Rows": 217, "Plan Width": 91, "Sort Key": ["dt.d_year", "(sum(store_sales.ss_ext_sales_price)) DESC", "item.i_brand_id"], "Plans": [{"Node Type": "Aggregate", "Strategy": "Sorted", "Partial Mode": "Finalize", "Parent Relationship": "Outer", "Parallel Aware": false, "Async Capable": false, "Startup Cost": 71189.34, "Total Cost": 71211.25, "Plan Rows": 217, "Plan Width": 91, "Group Key": ["dt.d_year", "item.i_brand", "item.i_brand_id"], "Plans": [{"Node Type": "Gather Merge", "Parent Relationship": "Outer", "Parallel Aware": false, "Async Capable": false, "Startup Cost": 71189.34, "Total Cost": 71206.94, "Plan Rows": 128, "Plan Width": 91, "Workers Planned": 1, "Plans": [{"Node Type": "Aggregate", "Strategy": "Sorted", "Partial Mode": "Partial", "Parent Relationship": "Outer", "Parallel Aware": false, "Async Capable": false, "Startup Cost": 70189.33, "Total Cost": 70192.53, "Plan Rows": 128, "Plan Width": 91, "Group Key": ["dt.d_year", "item.i_brand", "item.i_brand_id"], "Plans": [{"Node Type": "Sort", "Parent Relationship": "Outer", "Parallel Aware": false, "Async Capable": false, "Startup Cost": 70189.33, "Total Cost": 70189.65, "Plan Rows": 128, "Plan Width": 65, "Sort Key": ["dt.d_year", "item.i_brand", "item.i_brand_id"], "Plans": [{"Node Type": "Hash Join", "Parent Relationship": "Outer", "Parallel Aware": true, "Async Capable": false, "Join Type": "Inner", "Startup Cost": 68224.04, "Total Cost": 70184.85, "Plan Rows": 128, "Plan Width": 65, "Inner Unique": false, "Hash Cond": "(dt.d_date_sk = store_sales.ss_sold_date_sk)", "Plans": [{"Node Type": "Seq Scan", "Parent Relationship": "Outer", "Parallel Aware": true, "Async Capable": false, "Relation Name": "date_dim", "Alias": "dt", "Startup Cost": 0.0, "Total Cost": 1942.12, "Plan Rows": 3635, "Plan Width": 8, "Filter": "(d_moy = 12)"}, {"Node Type": "Hash", "Parent Relationship": "Inner", "Parallel Aware": true, "Async Capable": false, "Startup Cost": 68210.7, "Total Cost": 68210.7, "Plan Rows": 1067, "Plan Width": 65, "Plans": [{"Node Type": "Hash Join", "Parent Relationship": "Outer", "Parallel Aware": true, "Async Capable": false, "Join Type": "Inner", "Startup Cost": 1362.47, "Total Cost": 68210.7, "Plan Rows": 1067, "Plan Width": 65, "Inner Unique": true, "Hash Cond": "(store_sales.ss_item_sk = item.i_item_sk)", "Plans": [{"Node Type": "Seq Scan", "Parent Relationship": "Outer", "Parallel Aware": true, "Async Capable": false, "Relation Name": "store_sales", "Alias": "store_sales", "Startup Cost": 0.0, "Total Cost": 63697.18, "Plan Rows": 1200118, "Plan Width": 14}, {"Node Type": "Hash", "Parent Relationship": "Inner", "Parallel Aware": true, "Async Capable": false, "Startup Cost": 1362.35, "Total Cost": 1362.35, "Plan Rows": 9, "Plan Width": 59, "Plans": [{"Node Type": "Seq Scan", "Parent Relationship": "Outer", "Parallel Aware": true, "Async Capable": false, "Relation Name": "item", "Alias": "item", "Startup Cost": 0.0, "Total Cost": 1362.35, "Plan Rows": 9, "Plan Width": 59, "Filter": "(i_manufact_id = 436)"}]}]}]}]}]}]}]}]}]}]}}]]], [[[{"Plan": {"Node Type": "Limit", "Parallel Aware": false, "Async Capable": false, "Startup Cost": 2461503.96, "Total Cost": 2461503.97, "Plan Rows": 1, "Plan Width": 480, "Plans": [{"Node Type": "Append", "Parent Relationship": "InitPlan", "Subplan Name": "CTE year_total", "Parallel Aware": false, "Async Capable": false, "Startup Cost": 464354.87, "Total Cost": 1667515.81, "Plan Rows": 5041156, "Plan Width": 255, "Subplans Removed": 0, "Plans": [{"Node Type": "Aggregate", "Strategy": "Sorted", "Partial Mode": "Finalize", "Parent Relationship": "Member", "Parallel Aware": false, "Async Capable": false, "Startup Cost": 464354.87, "Total Cost": 894416.72, "Plan Rows": 2880284, "Plan Width": 255, "Group Key": ["customer.c_customer_id", "customer.c_first_name", "customer.c_last_name", "customer.c_preferred_cust_flag", "customer.c_birth_country", "customer.c_login", "customer.c_email_address", "date_dim.d_year"], "Plans": [{"Node Type": "Gather Merge", "Parent Relationship": "Outer", "Parallel Aware": false, "Async Capable": false, "Startup Cost": 464354.87, "Total Cost": 798407.27, "Plan Rows": 2400236, "Plan Width": 223, "Workers Planned": 2, "Plans": [{"Node Type": "Aggregate", "Strategy": "Sorted", "Partial Mode": "Partial", "Parent Relationship": "Outer", "Parallel Aware": false, "Async Capable": false, "Startup Cost": 463354.85, "Total Cost": 520360.45, "Plan Rows": 1200118, "Plan Width": 223, "Group Key": ["customer.c_customer_id", "customer.c_first_name", "customer.c_last_name", "customer.c_preferred_cust_flag", "customer.c_birth_country", "customer.c_login", "customer.c_email_address", "date_dim.d_year"], "Plans": [{"Node Type": "Sort", "Parent Relationship": "Outer", "Parallel Aware": false, "Async Capable": false, "Startup Cost": 463354.85, "Total Cost": 466355.14, "Plan Rows": 1200118, "Plan Width": 213, "Sort Key": ["customer.c_customer_id", "customer.c_first_name", "customer.c_last_name", "customer.c_preferred_cust_flag", "customer.c_birth_country", "customer.c_login", "customer.c_email_address", "date_dim.d_year"], "Plans": [{"Node Type": "Hash Join", "Parent Relationship": "Outer", "Parallel Aware": true, "Async Capable": false, "Join Type": "Inner", "Startup Cost": 8096.36, "Total Cost": 96054.46, "Plan Rows": 1200118, "Plan Width": 213, "Inner Unique": true, "Hash Cond": "(store_sales.ss_sold_date_sk = date_dim.d_date_sk)", "Plans": [{"Node Type": "Hash Join", "Parent Relationship": "Outer", "Parallel Aware": true, "Async Capable": false, "Join Type": "Inner", "Startup Cost": 5724.54, "Total Cost": 90532.15, "Plan Rows": 1200118, "Plan Width": 213, "Inner Unique": true, "Hash Cond": "(store_sales.ss_customer_sk = customer.c_customer_sk)", "Plans": [{"Node Type": "Seq Scan", "Parent Relationship": "Outer", "Parallel Aware": true, "Async Capable": false, "Relation Name": "store_sales", "Alias": "store_sales", "Startup Cost": 0.0, "Total Cost": 63697.18, "Plan Rows": 1200118, "Plan Width": 30}, {"Node Type": "Hash", "Parent Relationship": "Inner", "Parallel Aware": true, "Async Capable": false, "Startup Cost": 3437.24, "Total Cost": 3437.24, "Plan Rows": 58824, "Plan Width": 191, "Plans": [{"Node Type": "Seq Scan", "Parent Relationship": "Outer", "Parallel Aware": true, "Async Capable": false, "Relation Name": "customer", "Alias": "customer", "Startup Cost": 0.0, "Total Cost": 3437.24, "Plan Rows": 58824, "Plan Width": 191}]}]}, {"Node Type": "Hash", "Parent Relationship": "Inner", "Parallel Aware": true, "Async Capable": false, "Startup Cost": 1834.7, "Total Cost": 1834.7, "Plan Rows": 42970, "Plan Width": 8, "Plans": [{"Node Type": "Seq Scan", "Parent Relationship": "Outer", "Parallel Aware": true, "Async Capable": false, "Relation Name": "date_dim", "Alias": "date_dim", "Startup Cost": 0.0, "Total Cost": 1834.7, "Plan Rows": 42970, "Plan Width": 8}]}]}]}]}]}]}, {"Node Type": "Aggregate", "Strategy": "Sorted", "Partial Mode": "Finalize", "Parent Relationship": "Member", "Parallel Aware": false, "Async Capable": false, "Startup Cost": 247425.78, "Total Cost": 462657.73, "Plan Rows": 1441488, "Plan Width": 255, "Group Key": ["customer_1.c_customer_id", "customer_1.c_first_name", "customer_1.c_last_name", "customer_1.c_preferred_cust_flag", "customer_1.c_birth_country", "customer_1.c_login", "customer_1.c_email_address", "date_dim_1.d_year"], "Plans": [{"Node Type": "Gather Merge", "Parent Relationship": "Outer", "Parallel Aware": false, "Async Capable": false, "Startup Cost": 247425.78, "Total Cost": 414608.13, "Plan Rows": 1201240, "Plan Width": 223, "Workers Planned": 2, "Plans": [{"Node Type": "Aggregate", "Strategy": "Sorted", "Partial Mode": "Partial", "Parent Relationship": "Outer", "Parallel Aware": false, "Async Capable": false, "Startup Cost": 246425.76, "Total Cost": 274955.21, "Plan Rows": 600620, "Plan Width": 223, "Group Key": ["customer_1.c_customer_id", "customer_1.c_first_name", "customer_1.c_last_name", "customer_1.c_preferred_cust_flag", "customer_1.c_birth_country", "customer_1.c_login", "customer_1.c_email_address", "date_dim_1.d_year"], "Plans": [{"Node Type": "Sort", "Parent Relationship": "Outer", "Parallel Aware": false, "Async Capable": false, "Startup Cost": 246425.76, "Total Cost": 247927.31, "Plan Rows": 600620, "Plan Width": 216, "Sort Key": ["customer_1.c_customer_id", "customer_1.c_first_name", "customer_1.c_last_name", "customer_1.c_preferred_cust_flag", "customer_1.c_birth_country", "customer_1.c_login", "customer_1.c_email_address", "date_dim_1.d_year"], "Plans": [{"Node Type": "Hash Join", "Parent Relationship": "Outer", "Parallel Aware": true, "Async Capable": false, "Join Type": "Inner", "Startup Cost": 8096.36, "Total Cost": 65598.97, "Plan Rows": 600620, "Plan Width": 216, "Inner Unique": true, "Hash Cond": "(catalog_sales.cs_sold_date_sk = date_dim_1.d_date_sk)", "Plans": [{"Node Type": "Hash Join", "Parent Relationship": "Outer", "Parallel Aware": true, "Async Capable": false, "Join Type": "Inner", "Startup Cost": 5724.54, "Total Cost": 61650.43, "Plan Rows": 600620, "Plan Width": 216, "Inner Unique": true, "Hash Cond": "(catalog_sales.cs_bill_customer_sk = customer_1.c_customer_sk)", "Plans": [{"Node Type": "Seq Scan", "Parent Relationship": "Outer", "Parallel Aware": true, "Async Capable": false, "Relation Name": "catalog_sales", "Alias": "catalog_sales", "Startup Cost": 0.0, "Total Cost": 43411.2, "Plan Rows": 600620, "Plan Width": 33}, {"Node Type": "Hash", "Parent Relationship": "Inner", "Parallel Aware": true, "Async Capable": false, "Startup Cost": 3437.24, "Total Cost": 3437.24, "Plan Rows": 58824, "Plan Width": 191, "Plans": [{"Node Type": "Seq Scan", "Parent Relationship": "Outer", "Parallel Aware": true, "Async Capable": false, "Relation Name": "customer", "Alias": "customer_1", "Startup Cost": 0.0, "Total Cost": 3437.24, "Plan Rows": 58824, "Plan Width": 191}]}]}, {"Node Type": "Hash", "Parent Relationship": "Inner", "Parallel Aware": true, "Async Capable": false, "Startup Cost": 1834.7, "Total Cost": 1834.7, "Plan Rows": 42970, "Plan Width": 8, "Plans": [{"Node Type": "Seq Scan", "Parent Relationship": "Outer", "Parallel Aware": true, "Async Capable": false, "Relation Name": "date_dim", "Alias": "date_dim_1", "Startup Cost": 0.0, "Total Cost": 1834.7, "Plan Rows": 42970, "Plan Width": 8}]}]}]}]}]}]}, {"Node Type": "Aggregate", "Strategy": "Sorted", "Partial Mode": "Finalize", "Parent Relationship": "Member", "Parallel Aware": false, "Async Capable": false, "Startup Cost": 127411.22, "Total Cost": 234824.02, "Plan Rows": 719384, "Plan Width": 255, "Group Key": ["customer_2.c_customer_id", "customer_2.c_first_name", "customer_2.c_last_name", "customer_2.c_preferred_cust_flag", "customer_2.c_birth_country", "customer_2.c_login", "customer_2.c_email_address", "date_dim_2.d_year"], "Plans": [{"Node Type": "Gather Merge", "Parent Relationship": "Outer", "Parallel Aware": false, "Async Capable": false, "Startup Cost": 127411.22, "Total Cost": 210844.57, "Plan Rows": 599486, "Plan Width": 223, "Workers Planned": 2, "Plans": [{"Node Type": "Aggregate", "Strategy": "Sorted", "Partial Mode": "Partial", "Parent Relationship": "Outer", "Parallel Aware": false, "Async Capable": false, "Startup Cost": 126411.19, "Total Cost": 140648.99, "Plan Rows": 299743, "Plan Width": 223, "Group Key": ["customer_2.c_customer_id", "customer_2.c_first_name", "customer_2.c_last_name", "customer_2.c_preferred_cust_flag", "customer_2.c_birth_country", "customer_2.c_login", "customer_2.c_email_address", "date_dim_2.d_year"], "Plans": [{"Node Type": "Sort", "Parent Relationship": "Outer", "Parallel Aware": false, "Async Capable": false, "Startup Cost": 126411.19, "Total Cost": 127160.55, "Plan Rows": 299743, "Plan Width": 216, "Sort Key": ["customer_2.c_customer_id", "customer_2.c_first_name", "customer_2.c_last_name", "customer_2.c_preferred_cust_flag", "customer_2.c_birth_country", "customer_2.c_login", "customer_2.c_email_address", "date_dim_2.d_year"], "Plans": [{"Node Type": "Hash Join", "Parent Relationship": "Outer", "Parallel Aware": true, "Async Capable": false, "Join Type": "Inner", "Startup Cost": 8096.36, "Total Cost": 37670.52, "Plan Rows": 299743, "Plan Width": 216, "Inner Unique": true, "Hash Cond": "(web_sales.ws_sold_date_sk = date_dim_2.d_date_sk)", "Plans": [{"Node Type": "Hash Join", "Parent Relationship": "Outer", "Parallel Aware": true, "Async Capable": false, "Join Type": "Inner", "Startup Cost": 5724.54, "Total Cost": 34511.83, "Plan Rows": 299743, "Plan Width": 216, "Inner Unique": true, "Hash Cond": "(web_sales.ws_bill_customer_sk = customer_2.c_customer_sk)", "Plans": [{"Node Type": "Seq Scan", "Parent Relationship": "Outer", "Parallel Aware": true, "Async Capable": false, "Relation Name": "web_sales", "Alias": "web_sales", "Startup Cost": 0.0, "Total Cost": 21764.43, "Plan Rows": 299743, "Plan Width": 33}, {"Node Type": "Hash", "Parent Relationship": "Inner", "Parallel Aware": true, "Async Capable": false, "Startup Cost": 3437.24, "Total Cost": 3437.24, "Plan Rows": 58824, "Plan Width": 191, "Plans": [{"Node Type": "Seq Scan", "Parent Relationship": "Outer", "Parallel Aware": true, "Async Capable": false, "Relation Name": "customer", "Alias": "customer_2", "Startup Cost": 0.0, "Total Cost": 3437.24, "Plan Rows": 58824, "Plan Width": 191}]}]}, {"Node Type": "Hash", "Parent Relationship": "Inner", "Parallel Aware": true, "Async Capable": false, "Startup Cost": 1834.7, "Total Cost": 1834.7, "Plan Rows": 42970, "Plan Width": 8, "Plans": [{"Node Type": "Seq Scan", "Parent Relationship": "Outer", "Parallel Aware": true, "Async Capable": false, "Relation Name": "date_dim", "Alias": "date_dim_2", "Startup Cost": 0.0, "Total Cost": 1834.7, "Plan Rows": 42970, "Plan Width": 8}]}]}]}]}]}]}]}, {"Node Type": "Sort", "Parent Relationship": "Outer", "Parallel Aware": false, "Async Capable": false, "Startup Cost": 793988.16, "Total Cost": 793988.16, "Plan Rows": 1, "Plan Width": 480, "Sort Key": ["t_s_secyear.customer_id", "t_s_secyear.customer_first_name", "t_s_secyear.customer_last_name", "t_s_secyear.customer_email_address"], "Plans": [{"Node Type": "Hash Join", "Parent Relationship": "Outer", "Parallel Aware": false, "Async Capable": false, "Join Type": "Inner", "Startup Cost": 655356.05, "Total Cost": 793988.15, "Plan Rows": 1, "Plan Width": 480, "Inner Unique": false, "Hash Cond": "(t_s_secyear.customer_id = t_w_secyear.customer_id)", "Join Filter": "(CASE WHEN (t_c_firstyear.year_total > '0'::numeric) THEN (t_c_secyear.year_total / t_c_firstyear.year_total) ELSE NULL::numeric END > CASE WHEN (t_w_firstyear.year_total > '0'::numeric) THEN (t_w_secyear.year_total / t_w_firstyear.year_total) ELSE NULL::numeric END)", "Plans": [{"Node Type": "Hash Join", "Parent Relationship": "Outer", "Parallel Aware": false, "Async Capable": false, "Join Type": "Inner", "Startup Cost": 529325.57, "Total Cost": 667957.63, "Plan Rows": 1, "Plan Width": 848, "Inner Unique": false, "Hash Cond": "(t_s_secyear.customer_id = t_c_secyear.customer_id)", "Join Filter": "(CASE WHEN (t_c_firstyear.year_total > '0'::numeric) THEN (t_c_secyear.year_total / t_c_firstyear.year_total) ELSE NULL::numeric END > CASE WHEN (t_s_firstyear.year_total > '0'::numeric) THEN (t_s_secyear.year_total / t_s_firstyear.year_total) ELSE NULL::numeric END)", "Plans": [{"Node Type": "Hash Join", "Parent Relationship": "Outer", "Parallel Aware": false, "Async Capable": false, "Join Type": "Inner", "Startup Cost": 403295.1, "Total Cost": 541927.11, "Plan Rows": 1, "Plan Width": 812, "Inner Unique": false, "Hash Cond": "(t_s_firstyear.customer_id = t_s_secyear.customer_id)", "Plans": [{"Node Type": "Hash Join", "Parent Relationship": "Outer", "Parallel Aware": false, "Async Capable": false, "Join Type": "Inner", "Startup Cost": 277264.62, "Total Cost": 415896.59, "Plan Rows": 2, "Plan Width": 300, "Inner Unique": false, "Hash Cond": "(t_w_firstyear.customer_id = t_s_firstyear.customer_id)", "Plans": [{"Node Type": "CTE Scan", "Parent Relationship": "Outer", "Parallel Aware": false, "Async Capable": false, "CTE Name": "year_total", "Alias": "t_w_firstyear", "Startup Cost": 0.0, "Total Cost": 138631.79, "Plan Rows": 42, "Plan Width": 100, "Filter": "((year_total > '0'::numeric) AND (sale_type = 'w'::text) AND (dyear = 2001))"}, {"Node Type": "Hash", "Parent Relationship": "Inner", "Parallel Aware": false, "Async Capable": false, "Startup Cost": 277264.51, "Total Cost": 277264.51, "Plan Rows": 9, "Plan Width": 200, "Plans": [{"Node Type": "Hash Join", "Parent Relationship": "Outer", "Parallel Aware": false, "Async Capable": false, "Join Type": "Inner", "Startup Cost": 138632.32, "Total Cost": 277264.51, "Plan Rows": 9, "Plan Width": 200, "Inner Unique": false, "Hash Cond": "(t_s_firstyear.customer_id = t_c_firstyear.customer_id)", "Plans": [{"Node Type": "CTE Scan", "Parent Relationship": "Outer", "Parallel Aware": false, "Async Capable": false, "CTE Name": "year_total", "Alias": "t_s_firstyear", "Startup Cost": 0.0, "Total Cost": 138631.79, "Plan Rows": 42, "Plan Width": 100, "Filter": "((year_total > '0'::numeric) AND (sale_type = 's'::text) AND (dyear = 2001))"}, {"Node Type": "Hash", "Parent Relationship": "Inner", "Parallel Aware": false, "Async Capable": false, "Startup Cost": 138631.79, "Total Cost": 138631.79, "Plan Rows": 42, "Plan Width": 100, "Plans": [{"Node Type": "CTE Scan", "Parent Relationship": "Outer", "Parallel Aware": false, "Async Capable": false, "CTE Name": "year_total", "Alias": "t_c_firstyear", "Startup Cost": 0.0, "Total Cost": 138631.79, "Plan Rows": 42, "Plan Width": 100, "Filter": "((year_total > '0'::numeric) AND (sale_type = 'c'::text) AND (dyear = 2001))"}]}]}]}]}, {"Node Type": "Hash", "Parent Relationship": "Inner", "Parallel Aware": false, "Async Capable": false, "Startup Cost": 126028.9, "Total Cost": 126028.9, "Plan Rows": 126, "Plan Width": 512, "Plans": [{"Node Type": "CTE Scan", "Parent Relationship": "Outer", "Parallel Aware": false, "Async Capable": false, "CTE Name": "year_total", "Alias": "t_s_secyear", "Startup Cost": 0.0, "Total Cost": 126028.9, "Plan Rows": 126, "Plan Width": 512, "Filter": "((sale_type = 's'::text) AND (dyear = 2002))"}]}]}, {"Node Type": "Hash", "Parent Relationship": "Inner", "Parallel Aware": false, "Async Capable": false, "Startup Cost": 126028.9, "Total Cost": 126028.9, "Plan Rows": 126, "Plan Width": 100, "Plans": [{"Node Type": "CTE Scan", "Parent Relationship": "Outer", "Parallel Aware": false, "Async Capable": false, "CTE Name": "year_total", "Alias": "t_c_secyear", "Startup Cost": 0.0, "Total Cost": 126028.9, "Plan Rows": 126, "Plan Width": 100, "Filter": "((sale_type = 'c'::text) AND (dyear = 2002))"}]}]}, {"Node Type": "Hash", "Parent Relationship": "Inner", "Parallel Aware": false, "Async Capable": false, "Startup Cost": 126028.9, "Total Cost": 126028.9, "Plan Rows": 126, "Plan Width": 100, "Plans": [{"Node Type": "CTE Scan", "Parent Relationship": "Outer", "Parallel Aware": false, "Async Capable": false, "CTE Name": "year_total", "Alias": "t_w_secyear", "Startup Cost": 0.0, "Total Cost": 126028.9, "Plan Rows": 126, "Plan Width": 100, "Filter": "((sale_type = 'w'::text) AND (dyear = 2002))"}]}]}]}]}, "JIT": {"Functions": 138, "Options": {"Inlining": true, "Optimization": true, "Expressions": true, "Deforming": true}}}]]], [[[{"Plan": {"Node Type": "Limit", "Parallel Aware": false, "Async Capable": false, "Startup Cost": 198479.42, "Total Cost": 198482.53, "Plan Rows": 100, "Plan Width": 160, "Plans": [{"Node Type": "Aggregate", "Strategy": "Sorted", "Partial Mode": "Simple", "Parent Relationship": "Outer", "Parallel Aware": false, "Async Capable": false, "Startup Cost": 198479.42, "Total Cost": 198491.87, "Plan Rows": 401, "Plan Width": 160, "Grouping Sets": [{"Group Keys": [["('store channel'::text)", "(('store'::text || (ssr.s_store_id)::text))"], ["('store channel'::text)"], []]}], "Plans": [{"Node Type": "Sort", "Parent Relationship": "Outer", "Parallel Aware": false, "Async Capable": false, "Startup Cost": 198479.42, "Total Cost": 198480.33, "Plan Rows": 362, "Plan Width": 160, "Sort Key": ["('store channel'::text)", "(('store'::text || (ssr.s_store_id)::text))"], "Plans": [{"Node Type": "Append", "Parent Relationship": "Outer", "Parallel Aware": false, "Async Capable": false, "Startup Cost": 82802.72, "Total Cost": 198464.04, "Plan Rows": 362, "Plan Width": 160, "Subplans Removed": 0, "Plans": [{"Node Type": "Subquery Scan", "Parent Relationship": "Member", "Parallel Aware": false, "Async Capable": false, "Alias": "ssr", "Startup Cost": 82802.72, "Total Cost": 82806.96, "Plan Rows": 12, "Plan Width": 160, "Plans": [{"Node Type": "Aggregate", "Strategy": "Sorted", "Partial Mode": "Finalize", "Parent Relationship": "Subquery", "Parallel Aware": false, "Async Capable": false, "Startup Cost": 82802.72, "Total Cost": 82806.75, "Plan Rows": 12, "Plan Width": 196, "Group Key": ["store.s_store_id"], "Plans": [{"Node Type": "Gather Merge", "Parent Relationship": "Outer", "Parallel Aware": false, "Async Capable": false, "Startup Cost": 82802.72, "Total Cost": 82805.97, "Plan Rows": 24, "Plan Width": 196, "Workers Planned": 2, "Plans": [{"Node Type": "Aggregate", "Strategy": "Sorted", "Partial Mode": "Partial", "Parent Relationship": "Outer", "Parallel Aware": false, "Async Capable": false, "Startup Cost": 81802.69, "Total Cost": 81803.17, "Plan Rows": 12, "Plan Width": 196, "Group Key": ["store.s_store_id"], "Plans": [{"Node Type": "Sort", "Parent Relationship": "Outer", "Parallel Aware": false, "Async Capable": false, "Startup Cost": 81802.69, "Total Cost": 81802.73, "Plan Rows": 16, "Plan Width": 108, "Sort Key": ["store.s_store_id"], "Plans": [{"Node Type": "Hash Join", "Parent Relationship": "Outer", "Parallel Aware": false, "Async Capable": false, "Join Type": "Inner", "Startup Cost": 2050.93, "Total Cost": 81802.37, "Plan Rows": 16, "Plan Width": 108, "Inner Unique": true, "Hash Cond": "(store_sales.ss_store_sk = store.s_store_sk)", "Plans": [{"Node Type": "Hash Join", "Parent Relationship": "Outer", "Parallel Aware": true, "Async Capable": false, "Join Type": "Inner", "Startup Cost": 2049.66, "Total Cost": 81800.38, "Plan Rows": 271, "Plan Width": 44, "Inner Unique": true, "Hash Cond": "(store_sales.ss_sold_date_sk = date_dim.d_date_sk)", "Plans": [{"Node Type": "Append", "Parent Relationship": "Outer", "Parallel Aware": true, "Async Capable": false, "Startup Cost": 0.0, "Total Cost": 76285.74, "Plan Rows": 1319916, "Plan Width": 48, "Subplans Removed": 0, "Plans": [{"Node Type": "Seq Scan", "Parent Relationship": "Member", "Parallel Aware": true, "Async Capable": false, "Relation Name": "store_sales", "Alias": "store_sales", "Startup Cost": 0.0, "Total Cost": 63697.18, "Plan Rows": 1200118, "Plan Width": 48}, {"Node Type": "Seq Scan", "Parent Relationship": "Member", "Parallel Aware": true, "Async Capable": false, "Relation Name": "store_returns", "Alias": "store_returns", "Startup Cost": 0.0, "Total Cost": 5988.98, "Plan Rows": 119798, "Plan Width": 48}]}, {"Node Type": "Hash", "Parent Relationship": "Inner", "Parallel Aware": true, "Async Capable": false, "Startup Cost": 2049.55, "Total Cost": 2049.55, "Plan Rows": 9, "Plan Width": 4, "Plans": [{"Node Type": "Seq Scan", "Parent Relationship": "Outer", "Parallel Aware": true, "Async Capable": false, "Relation Name": "date_dim", "Alias": "date_dim", "Startup Cost": 0.0, "Total Cost": 2049.55, "Plan Rows": 9, "Plan Width": 4, "Filter": "((d_date >= '1998-08-04'::date) AND (d_date <= '1998-08-18 00:00:00'::timestamp without time zone))"}]}]}, {"Node Type": "Hash", "Parent Relationship": "Inner", "Parallel Aware": false, "Async Capable": false, "Startup Cost": 1.12, "Total Cost": 1.12, "Plan Rows": 12, "Plan Width": 72, "Plans": [{"Node Type": "Seq Scan", "Parent Relationship": "Outer", "Parallel Aware": false, "Async Capable": false, "Relation Name": "store", "Alias": "store", "Startup Cost": 0.0, "Total Cost": 1.12, "Plan Rows": 12, "Plan Width": 72}]}]}]}]}]}]}]}, {"Node Type": "Subquery Scan", "Parent Relationship": "Member", "Parallel Aware": false, "Async Capable": false, "Alias": "csr", "Startup Cost": 55733.71, "Total Cost": 55787.98, "Plan Rows": 326, "Plan Width": 160, "Plans": [{"Node Type": "Aggregate", "Strategy": "Sorted", "Partial Mode": "Simple", "Parent Relationship": "Subquery", "Parallel Aware": false, "Async Capable": false, "Startup Cost": 55733.71, "Total Cost": 55782.28, "Plan Rows": 326, "Plan Width": 145, "Group Key": ["catalog_page.cp_catalog_page_id"], "Plans": [{"Node Type": "Gather Merge", "Parent Relationship": "Outer", "Parallel Aware": false, "Async Capable": false, "Startup Cost": 55733.71, "Total Cost": 55771.68, "Plan Rows": 326, "Plan Width": 57, "Workers Planned": 2, "Plans": [{"Node Type": "Sort", "Parent Relationship": "Outer", "Parallel Aware": false, "Async Capable": false, "Startup Cost": 54733.69, "Total Cost": 54734.03, "Plan Rows": 136, "Plan Width": 57, "Sort Key": ["catalog_page.cp_catalog_page_id"], "Plans": [{"Node Type": "Hash Join", "Parent Relationship": "Outer", "Parallel Aware": false, "Async Capable": false, "Join Type": "Inner", "Startup Cost": 2555.32, "Total Cost": 54728.87, "Plan Rows": 136, "Plan Width": 57, "Inner Unique": true, "Hash Cond": "(catalog_sales.cs_catalog_page_sk = catalog_page.cp_catalog_page_sk)", "Plans": [{"Node Type": "Hash Join", "Parent Relationship": "Outer", "Parallel Aware": true, "Async Capable": false, "Join Type": "Inner", "Startup Cost": 2049.66, "Total Cost": 54222.86, "Plan Rows": 136, "Plan Width": 44, "Inner Unique": true, "Hash Cond": "(catalog_sales.cs_sold_date_sk = date_dim_1.d_date_sk)", "Plans": [{"Node Type": "Append", "Parent Relationship": "Outer", "Parallel Aware": true, "Async Capable": false, "Startup Cost": 0.0, "Total Cost": 50438.89, "Plan Rows": 660648, "Plan Width": 48, "Subplans Removed": 0, "Plans": [{"Node Type": "Seq Scan", "Parent Relationship": "Member", "Parallel Aware": true, "Async Capable": false, "Relation Name": "catalog_sales", "Alias": "catalog_sales", "Startup Cost": 0.0, "Total Cost": 43411.2, "Plan Rows": 600620, "Plan Width": 48}, {"Node Type": "Seq Scan", "Parent Relationship": "Member", "Parallel Aware": true, "Async Capable": false, "Relation Name": "catalog_returns", "Alias": "catalog_returns", "Startup Cost": 0.0, "Total Cost": 3724.45, "Plan Rows": 84745, "Plan Width": 48}]}, {"Node Type": "Hash", "Parent Relationship": "Inner", "Parallel Aware": true, "Async Capable": false, "Startup Cost": 2049.55, "Total Cost": 2049.55, "Plan Rows": 9, "Plan Width": 4, "Plans": [{"Node Type": "Seq Scan", "Parent Relationship": "Outer", "Parallel Aware": true, "Async Capable": false, "Relation Name": "date_dim", "Alias": "date_dim_1", "Startup Cost": 0.0, "Total Cost": 2049.55, "Plan Rows": 9, "Plan Width": 4, "Filter": "((d_date >= '1998-08-04'::date) AND (d_date <= '1998-08-18 00:00:00'::timestamp without time zone))"}]}]}, {"Node Type": "Hash", "Parent Relationship": "Inner", "Parallel Aware": false, "Async Capable": false, "Startup Cost": 359.18, "Total Cost": 359.18, "Plan Rows": 11718, "Plan Width": 21, "Plans": [{"Node Type": "Seq Scan", "Parent Relationship": "Outer", "Parallel Aware": false, "Async Capable": false, "Relation Name": "catalog_page", "Alias": "catalog_page", "Startup Cost": 0.0, "Total Cost": 359.18, "Plan Rows": 11718, "Plan Width": 21}]}]}]}]}]}]}, {"Node Type": "Subquery Scan", "Parent Relationship": "Member", "Parallel Aware": false, "Async Capable": false, "Alias": "wsr", "Startup Cost": 59863.3, "Total Cost": 59867.29, "Plan Rows": 24, "Plan Width": 160, "Plans": [{"Node Type": "Aggregate", "Strategy": "Sorted", "Partial Mode": "Simple", "Parent Relationship": "Subquery", "Parallel Aware": false, "Async Capable": false, "Startup Cost": 59863.3, "Total Cost": 59866.87, "Plan Rows": 24, "Plan Width": 196, "Group Key": ["web_site.web_site_id"], "Plans": [{"Node Type": "Gather Merge", "Parent Relationship": "Outer", "Parallel Aware": false, "Async Capable": false, "Startup Cost": 59863.3, "Total Cost": 59866.09, "Plan Rows": 24, "Plan Width": 108, "Workers Planned": 2, "Plans": [{"Node Type": "Sort", "Parent Relationship": "Outer", "Parallel Aware": false, "Async Capable": false, "Startup Cost": 58863.27, "Total Cost": 58863.3, "Plan Rows": 10, "Plan Width": 108, "Sort Key": ["web_site.web_site_id"], "Plans": [{"Node Type": "Hash Join", "Parent Relationship": "Outer", "Parallel Aware": false, "Async Capable": false, "Join Type": "Inner", "Startup Cost": 2052.34, "Total Cost": 58863.11, "Plan Rows": 10, "Plan Width": 108, "Inner Unique": true, "Hash Cond": "(\"*SELECT* 2\".wsr_web_site_sk = web_site.web_site_sk)", "Plans": [{"Node Type": "Hash Join", "Parent Relationship": "Outer", "Parallel Aware": true, "Async Capable": false, "Join Type": "Inner", "Startup Cost": 2049.66, "Total Cost": 58860.25, "Plan Rows": 68, "Plan Width": 44, "Inner Unique": true, "Hash Cond": "(\"*SELECT* 2\".date_sk = date_dim_2.d_date_sk)", "Plans": [{"Node Type": "Append", "Parent Relationship": "Outer", "Parallel Aware": true, "Async Capable": false, "Startup Cost": 0.0, "Total Cost": 55890.28, "Plan Rows": 350575, "Plan Width": 48, "Subplans Removed": 0, "Plans": [{"Node Type": "Subquery Scan", "Parent Relationship": "Member", "Parallel Aware": false, "Async Capable": false, "Alias": "*SELECT* 2", "Startup Cost": 27724.58, "Total Cost": 32372.97, "Plan Rows": 71763, "Plan Width": 48, "Plans": [{"Node Type": "Hash Join", "Parent Relationship": "Subquery", "Parallel Aware": true, "Async Capable": false, "Join Type": "Left", "Startup Cost": 27724.58, "Total Cost": 31655.34, "Plan Rows": 42214, "Plan Width": 48, "Inner Unique": true, "Hash Cond": "((web_returns.wr_item_sk = web_sales_1.ws_item_sk) AND (web_returns.wr_order_number = web_sales_1.ws_order_number))", "Plans": [{"Node Type": "Seq Scan", "Parent Relationship": "Outer", "Parallel Aware": true, "Async Capable": false, "Relation Name": "web_returns", "Alias": "web_returns", "Startup Cost": 0.0, "Total Cost": 1749.14, "Plan Rows": 42214, "Plan Width": 24}, {"Node Type": "Hash", "Parent Relationship": "Inner", "Parallel Aware": true, "Async Capable": false, "Startup Cost": 21764.43, "Total Cost": 21764.43, "Plan Rows": 299743, "Plan Width": 12, "Plans": [{"Node Type": "Seq Scan", "Parent Relationship": "Outer", "Parallel Aware": true, "Async Capable": false, "Relation Name": "web_sales", "Alias": "web_sales_1", "Startup Cost": 0.0, "Total Cost": 21764.43, "Plan Rows": 299743, "Plan Width": 12}]}]}]}, {"Node Type": "Seq Scan", "Parent Relationship": "Member", "Parallel Aware": true, "Async Capable": false, "Relation Name": "web_sales", "Alias": "web_sales", "Startup Cost": 0.0, "Total Cost": 21764.43, "Plan Rows": 299743, "Plan Width": 48}]}, {"Node Type": "Hash", "Parent Relationship": "Inner", "Parallel Aware": true, "Async Capable": false, "Startup Cost": 2049.55, "Total Cost": 2049.55, "Plan Rows": 9, "Plan Width": 4, "Plans": [{"Node Type": "Seq Scan", "Parent Relationship": "Outer", "Parallel Aware": true, "Async Capable": false, "Relation Name": "date_dim", "Alias": "date_dim_2", "Startup Cost": 0.0, "Total Cost": 2049.55, "Plan Rows": 9, "Plan Width": 4, "Filter": "((d_date >= '1998-08-04'::date) AND (d_date <= '1998-08-18 00:00:00'::timestamp without time zone))"}]}]}, {"Node Type": "Hash", "Parent Relationship": "Inner", "Parallel Aware": false, "Async Capable": false, "Startup Cost": 2.3, "Total Cost": 2.3, "Plan Rows": 30, "Plan Width": 72, "Plans": [{"Node Type": "Seq Scan", "Parent Relationship": "Outer", "Parallel Aware": false, "Async Capable": false, "Relation Name": "web_site", "Alias": "web_site", "Startup Cost": 0.0, "Total Cost": 2.3, "Plan Rows": 30, "Plan Width": 72}]}]}]}]}]}]}]}]}]}]}, "JIT": {"Functions": 98, "Options": {"Inlining": false, "Optimization": false, "Expressions": true, "Deforming": true}}}]]], [[[{"Plan": {"Node Type": "Limit", "Parallel Aware": false, "Async Capable": false, "Startup Cost": 80434.65, "Total Cost": 80434.69, "Plan Rows": 17, "Plan Width": 11, "Plans": [{"Node Type": "Unique", "Parent Relationship": "InitPlan", "Subplan Name": "InitPlan 1 (returns $0)", "Parallel Aware": false, "Async Capable": false, "Startup Cost": 2501.41, "Total Cost": 2501.55, "Plan Rows": 28, "Plan Width": 4, "Plans": [{"Node Type": "Sort", "Parent Relationship": "Outer", "Parallel Aware": false, "Async Capable": false, "Startup Cost": 2501.41, "Total Cost": 2501.48, "Plan Rows": 28, "Plan Width": 4, "Sort Key": ["date_dim.d_month_seq"], "Plans": [{"Node Type": "Seq Scan", "Parent Relationship": "Outer", "Parallel Aware": false, "Async Capable": false, "Relation Name": "date_dim", "Alias": "date_dim", "Startup Cost": 0.0, "Total Cost": 2500.73, "Plan Rows": 28, "Plan Width": 4, "Filter": "((d_year = 2000) AND (d_moy = 2))"}]}]}, {"Node Type": "Sort", "Parent Relationship": "Outer", "Parallel Aware": false, "Async Capable": false, "Startup Cost": 77933.1, "Total Cost": 77933.14, "Plan Rows": 17, "Plan Width": 11, "Sort Key": ["(count(*))", "a.ca_state"], "Plans": [{"Node Type": "Aggregate", "Strategy": "Sorted", "Partial Mode": "Finalize", "Parent Relationship": "Outer", "Parallel Aware": false, "Async Capable": false, "Startup Cost": 77923.88, "Total Cost": 77932.75, "Plan Rows": 17, "Plan Width": 11, "Group Key": ["a.ca_state"], "Filter": "(count(*) >= 10)", "Plans": [{"Node Type": "Gather Merge", "Parent Relationship": "Outer", "Parallel Aware": false, "Async Capable": false, "Startup Cost": 77923.88, "Total Cost": 77931.86, "Plan Rows": 51, "Plan Width": 11, "Workers Planned": 1, "Params Evaluated": ["$0"], "Plans": [{"Node Type": "Aggregate", "Strategy": "Sorted", "Partial Mode": "Partial", "Parent Relationship": "Outer", "Parallel Aware": false, "Async Capable": false, "Startup Cost": 76923.87, "Total Cost": 76926.11, "Plan Rows": 51, "Plan Width": 11, "Group Key": ["a.ca_state"], "Plans": [{"Node Type": "Sort", "Parent Relationship": "Outer", "Parallel Aware": false, "Async Capable": false, "Startup Cost": 76923.87, "Total Cost": 76924.44, "Plan Rows": 231, "Plan Width": 3, "Sort Key": ["a.ca_state"], "Plans": [{"Node Type": "Hash Join", "Parent Relationship": "Outer", "Parallel Aware": true, "Async Capable": false, "Join Type": "Inner", "Startup Cost": 75422.03, "Total Cost": 76914.8, "Plan Rows": 231, "Plan Width": 3, "Inner Unique": false, "Hash Cond": "(a.ca_address_sk = c.c_current_addr_sk)", "Plans": [{"Node Type": "Seq Scan", "Parent Relationship": "Outer", "Parallel Aware": true, "Async Capable": false, "Relation Name": "customer_address", "Alias": "a", "Startup Cost": 0.0, "Total Cost": 1381.12, "Plan Rows": 29412, "Plan Width": 7}, {"Node Type": "Hash", "Parent Relationship": "Inner", "Parallel Aware": true, "Async Capable": false, "Startup Cost": 75419.14, "Total Cost": 75419.14, "Plan Rows": 231, "Plan Width": 4, "Plans": [{"Node Type": "Hash Join", "Parent Relationship": "Outer", "Parallel Aware": true, "Async Capable": false, "Join Type": "Inner", "Startup Cost": 71686.48, "Total Cost": 75419.14, "Plan Rows": 231, "Plan Width": 4, "Inner Unique": false, "Hash Cond": "(c.c_customer_sk = s.ss_customer_sk)", "Plans": [{"Node Type": "Seq Scan", "Parent Relationship": "Outer", "Parallel Aware": true, "Async Capable": false, "Relation Name": "customer", "Alias": "c", "Startup Cost": 0.0, "Total Cost": 3437.24, "Plan Rows": 58824, "Plan Width": 8}, {"Node Type": "Hash", "Parent Relationship": "Inner", "Parallel Aware": true, "Async Capable": false, "Startup Cost": 71683.6, "Total Cost": 71683.6, "Plan Rows": 231, "Plan Width": 4, "Plans": [{"Node Type": "Hash Join", "Parent Relationship": "Outer", "Parallel Aware": true, "Async Capable": false, "Join Type": "Inner", "Startup Cost": 70296.56, "Total Cost": 71683.6, "Plan Rows": 231, "Plan Width": 4, "Inner Unique": false, "Hash Cond": "(i.i_item_sk = s.ss_item_sk)", "Plans": [{"Node Type": "Hash Join", "Parent Relationship": "Outer", "Parallel Aware": false, "Async Capable": false, "Join Type": "Inner", "Startup Cost": 1500.38, "Total Cost": 2868.85, "Plan Rows": 3521, "Plan Width": 4, "Inner Unique": true, "Hash Cond": "(i.i_category = jj.i_category)", "Join Filter": "(i.i_current_price > jj.avg_price)", "Plans": [{"Node Type": "Seq Scan", "Parent Relationship": "Outer", "Parallel Aware": true, "Async Capable": false, "Relation Name": "item", "Alias": "i", "Startup Cost": 0.0, "Total Cost": 1335.88, "Plan Rows": 10588, "Plan Width": 61}, {"Node Type": "Hash", "Parent Relationship": "Inner", "Parallel Aware": false, "Async Capable": false, "Startup Cost": 1500.25, "Total Cost": 1500.25, "Plan Rows": 10, "Plan Width": 83, "Plans": [{"Node Type": "Subquery Scan", "Parent Relationship": "Outer", "Parallel Aware": false, "Async Capable": false, "Alias": "jj", "Startup Cost": 1500.0, "Total Cost": 1500.25, "Plan Rows": 10, "Plan Width": 83, "Plans": [{"Node Type": "Aggregate", "Strategy": "Hashed", "Partial Mode": "Simple", "Parent Relationship": "Subquery", "Parallel Aware": false, "Async Capable": false, "Startup Cost": 1500.0, "Total Cost": 1500.15, "Plan Rows": 10, "Plan Width": 83, "Group Key": ["j.i_category"], "Planned Partitions": 0, "Plans": [{"Node Type": "Seq Scan", "Parent Relationship": "Outer", "Parallel Aware": false, "Async Capable": false, "Relation Name": "item", "Alias": "j", "Startup Cost": 0.0, "Total Cost": 1410.0, "Plan Rows": 18000, "Plan Width": 57}]}]}]}]}, {"Node Type": "Hash", "Parent Relationship": "Inner", "Parallel Aware": true, "Async Capable": false, "Startup Cost": 68790.02, "Total Cost": 68790.02, "Plan Rows": 493, "Plan Width": 8, "Plans": [{"Node Type": "Hash Join", "Parent Relationship": "Outer", "Parallel Aware": true, "Async Capable": false, "Join Type": "Inner", "Startup Cost": 1942.35, "Total Cost": 68790.02, "Plan Rows": 493, "Plan Width": 8, "Inner Unique": true, "Hash Cond": "(s.ss_sold_date_sk = d.d_date_sk)", "Plans": [{"Node Type": "Seq Scan", "Parent Relationship": "Outer", "Parallel Aware": true, "Async Capable": false, "Relation Name": "store_sales", "Alias": "s", "Startup Cost": 0.0, "Total Cost": 63697.18, "Plan Rows": 1200118, "Plan Width": 12}, {"Node Type": "Hash", "Parent Relationship": "Inner", "Parallel Aware": true, "Async Capable": false, "Startup Cost": 1942.12, "Total Cost": 1942.12, "Plan Rows": 18, "Plan Width": 4, "Plans": [{"Node Type": "Seq Scan", "Parent Relationship": "Outer", "Parallel Aware": true, "Async Capable": false, "Relation Name": "date_dim", "Alias": "d", "Startup Cost": 0.0, "Total Cost": 1942.12, "Plan Rows": 18, "Plan Width": 4, "Filter": "(d_month_seq = $0)"}]}]}]}]}]}]}]}]}]}]}]}]}]}]}}]]], [[[{"Plan": {"Node Type": "Limit", "Parallel Aware": false, "Async Capable": false, "Startup Cost": 107142.37, "Total Cost": 107154.06, "Plan Rows": 100, "Plan Width": 145, "Plans": [{"Node Type": "Aggregate", "Strategy": "Sorted", "Partial Mode": "Finalize", "Parent Relationship": "Outer", "Parallel Aware": false, "Async Capable": false, "Startup Cost": 107142.37, "Total Cost": 107166.46, "Plan Rows": 206, "Plan Width": 145, "Group Key": ["item.i_item_id"], "Plans": [{"Node Type": "Gather Merge", "Parent Relationship": "Outer", "Parallel Aware": false, "Async Capable": false, "Startup Cost": 107142.37, "Total Cost": 107159.92, "Plan Rows": 121, "Plan Width": 145, "Workers Planned": 1, "Plans": [{"Node Type": "Aggregate", "Strategy": "Sorted", "Partial Mode": "Partial", "Parent Relationship": "Outer", "Parallel Aware": false, "Async Capable": false, "Startup Cost": 106142.36, "Total Cost": 106146.29, "Plan Rows": 121, "Plan Width": 145, "Group Key": ["item.i_item_id"], "Plans": [{"Node Type": "Sort", "Parent Relationship": "Outer", "Parallel Aware": false, "Async Capable": false, "Startup Cost": 106142.36, "Total Cost": 106142.66, "Plan Rows": 121, "Plan Width": 36, "Sort Key": ["item.i_item_id"], "Plans": [{"Node Type": "Hash Join", "Parent Relationship": "Outer", "Parallel Aware": true, "Async Capable": false, "Join Type": "Inner", "Startup Cost": 104762.08, "Total Cost": 106138.18, "Plan Rows": 121, "Plan Width": 36, "Inner Unique": false, "Hash Cond": "(item.i_item_sk = store_sales.ss_item_sk)", "Plans": [{"Node Type": "Seq Scan", "Parent Relationship": "Outer", "Parallel Aware": true, "Async Capable": false, "Relation Name": "item", "Alias": "item", "Startup Cost": 0.0, "Total Cost": 1335.88, "Plan Rows": 10588, "Plan Width": 21}, {"Node Type": "Hash", "Parent Relationship": "Inner", "Parallel Aware": true, "Async Capable": false, "Startup Cost": 104761.0, "Total Cost": 104761.0, "Plan Rows": 86, "Plan Width": 23, "Plans": [{"Node Type": "Hash Join", "Parent Relationship": "Outer", "Parallel Aware": false, "Async Capable": false, "Join Type": "Inner", "Startup Cost": 68883.47, "Total Cost": 104761.0, "Plan Rows": 86, "Plan Width": 23, "Inner Unique": true, "Hash Cond": "(store_sales.ss_promo_sk = promotion.p_promo_sk)", "Plans": [{"Node Type": "Hash Join", "Parent Relationship": "Outer", "Parallel Aware": true, "Async Capable": false, "Join Type": "Inner", "Startup Cost": 68867.22, "Total Cost": 104744.53, "Plan Rows": 86, "Plan Width": 27, "Inner Unique": false, "Hash Cond": "(customer_demographics.cd_demo_sk = store_sales.ss_cdemo_sk)", "Plans": [{"Node Type": "Seq Scan", "Parent Relationship": "Outer", "Parallel Aware": true, "Async Capable": false, "Relation Name": "customer_demographics", "Alias": "customer_demographics", "Startup Cost": 0.0, "Total Cost": 35833.83, "Plan Rows": 11502, "Plan Width": 4, "Filter": "((cd_gender = 'F'::bpchar) AND (cd_marital_status = 'W'::bpchar) AND (cd_education_status = 'Primary'::bpchar))"}, {"Node Type": "Hash", "Parent Relationship": "Inner", "Parallel Aware": true, "Async Capable": false, "Startup Cost": 68792.47, "Total Cost": 68792.47, "Plan Rows": 5980, "Plan Width": 31, "Plans": [{"Node Type": "Hash Join", "Parent Relationship": "Outer", "Parallel Aware": true, "Async Capable": false, "Join Type": "Inner", "Startup Cost": 1944.8, "Total Cost": 68792.47, "Plan Rows": 5980, "Plan Width": 31, "Inner Unique": true, "Hash Cond": "(store_sales.ss_sold_date_sk = date_dim.d_date_sk)", "Plans": [{"Node Type": "Seq Scan", "Parent Relationship": "Outer", "Parallel Aware": true, "Async Capable": false, "Relation Name": "store_sales", "Alias": "store_sales", "Startup Cost": 0.0, "Total Cost": 63697.18, "Plan Rows": 1200118, "Plan Width": 35}, {"Node Type": "Hash", "Parent Relationship": "Inner", "Parallel Aware": true, "Async Capable": false, "Startup Cost": 1942.12, "Total Cost": 1942.12, "Plan Rows": 214, "Plan Width": 4, "Plans": [{"Node Type": "Seq Scan", "Parent Relationship": "Outer", "Parallel Aware": true, "Async Capable": false, "Relation Name": "date_dim", "Alias": "date_dim", "Startup Cost": 0.0, "Total Cost": 1942.12, "Plan Rows": 214, "Plan Width": 4, "Filter": "(d_year = 1998)"}]}]}]}]}, {"Node Type": "Hash", "Parent Relationship": "Inner", "Parallel Aware": false, "Async Capable": false, "Startup Cost": 12.5, "Total Cost": 12.5, "Plan Rows": 300, "Plan Width": 4, "Plans": [{"Node Type": "Seq Scan", "Parent Relationship": "Outer", "Parallel Aware": false, "Async Capable": false, "Relation Name": "promotion", "Alias": "promotion", "Startup Cost": 0.0, "Total Cost": 12.5, "Plan Rows": 300, "Plan Width": 4, "Filter": "((p_channel_email = 'N'::bpchar) OR (p_channel_event = 'N'::bpchar))"}]}]}]}]}]}]}]}]}]}, "JIT": {"Functions": 49, "Options": {"Inlining": false, "Optimization": false, "Expressions": true, "Deforming": true}}}]]], [[[{"Plan": {"Node Type": "Limit", "Parallel Aware": false, "Async Capable": false, "Startup Cost": 80325.19, "Total Cost": 80351.96, "Plan Rows": 12, "Plan Width": 150, "Plans": [{"Node Type": "Aggregate", "Strategy": "Sorted", "Partial Mode": "Simple", "Parent Relationship": "Outer", "Parallel Aware": false, "Async Capable": false, "Startup Cost": 80325.19, "Total Cost": 80351.96, "Plan Rows": 12, "Plan Width": 150, "Group Key": ["store.s_store_name"], "Plans": [{"Node Type": "Sort", "Parent Relationship": "Outer", "Parallel Aware": false, "Async Capable": false, "Startup Cost": 80325.19, "Total Cost": 80334.07, "Plan Rows": 3549, "Plan Width": 124, "Sort Key": ["store.s_store_name"], "Plans": [{"Node Type": "Hash Join", "Parent Relationship": "Outer", "Parallel Aware": false, "Async Capable": false, "Join Type": "Inner", "Startup Cost": 12866.13, "Total Cost": 80115.92, "Plan Rows": 3549, "Plan Width": 124, "Inner Unique": false, "Hash Cond": "(store_sales.ss_store_sk = store.s_store_sk)", "Plans": [{"Node Type": "Gather", "Parent Relationship": "Outer", "Parallel Aware": false, "Async Capable": false, "Startup Cost": 3050.21, "Total Cost": 70252.78, "Plan Rows": 3549, "Plan Width": 10, "Workers Planned": 2, "Single Copy": false, "Plans": [{"Node Type": "Hash Join", "Parent Relationship": "Outer", "Parallel Aware": true, "Async Capable": false, "Join Type": "Inner", "Startup Cost": 2050.21, "Total Cost": 68897.88, "Plan Rows": 1479, "Plan Width": 10, "Inner Unique": true, "Hash Cond": "(store_sales.ss_sold_date_sk = date_dim.d_date_sk)", "Plans": [{"Node Type": "Seq Scan", "Parent Relationship": "Outer", "Parallel Aware": true, "Async Capable": false, "Relation Name": "store_sales", "Alias": "store_sales", "Startup Cost": 0.0, "Total Cost": 63697.18, "Plan Rows": 1200118, "Plan Width": 14}, {"Node Type": "Hash", "Parent Relationship": "Inner", "Parallel Aware": true, "Async Capable": false, "Startup Cost": 2049.55, "Total Cost": 2049.55, "Plan Rows": 53, "Plan Width": 4, "Plans": [{"Node Type": "Seq Scan", "Parent Relationship": "Outer", "Parallel Aware": true, "Async Capable": false, "Relation Name": "date_dim", "Alias": "date_dim", "Startup Cost": 0.0, "Total Cost": 2049.55, "Plan Rows": 53, "Plan Width": 4, "Filter": "((d_qoy = 1) AND (d_year = 2002))"}]}]}]}, {"Node Type": "Hash", "Parent Relationship": "Inner", "Parallel Aware": false, "Async Capable": false, "Startup Cost": 9815.77, "Total Cost": 9815.77, "Plan Rows": 12, "Plan Width": 122, "Plans": [{"Node Type": "Hash Join", "Parent Relationship": "Outer", "Parallel Aware": false, "Async Capable": false, "Join Type": "Inner", "Startup Cost": 6675.94, "Total Cost": 9815.77, "Plan Rows": 12, "Plan Width": 122, "Inner Unique": false, "Hash Cond": "(substr(a2.ca_zip, 1, 2) = substr((store.s_zip)::text, 1, 2))", "Plans": [{"Node Type": "Subquery Scan", "Parent Relationship": "Outer", "Parallel Aware": false, "Async Capable": false, "Alias": "a2", "Startup Cost": 6674.67, "Total Cost": 9812.88, "Plan Rows": 200, "Plan Width": 32, "Plans": [{"Node Type": "SetOp", "Strategy": "Hashed", "Parent Relationship": "Subquery", "Parallel Aware": false, "Async Capable": false, "Command": "Intersect", "Startup Cost": 6674.67, "Total Cost": 9810.88, "Plan Rows": 200, "Plan Width": 36, "Plans": [{"Node Type": "Append", "Parent Relationship": "Outer", "Parallel Aware": false, "Async Capable": false, "Startup Cost": 6674.67, "Total Cost": 9700.05, "Plan Rows": 44334, "Plan Width": 36, "Subplans Removed": 0, "Plans": [{"Node Type": "Subquery Scan", "Parent Relationship": "Member", "Parallel Aware": false, "Async Capable": false, "Alias": "*SELECT* 2", "Startup Cost": 6674.67, "Total Cost": 6741.37, "Plan Rows": 1067, "Plan Width": 36, "Plans": [{"Node Type": "Subquery Scan", "Parent Relationship": "Subquery", "Parallel Aware": false, "Async Capable": false, "Alias": "a1", "Startup Cost": 6674.67, "Total Cost": 6730.7, "Plan Rows": 1067, "Plan Width": 32, "Plans": [{"Node Type": "Aggregate", "Strategy": "Hashed", "Partial Mode": "Simple", "Parent Relationship": "Subquery", "Parallel Aware": false, "Async Capable": false, "Startup Cost": 6674.67, "Total Cost": 6720.03, "Plan Rows": 1067, "Plan Width": 51, "Group Key": ["customer_address.ca_zip"], "Filter": "(count(*) > 10)", "Planned Partitions": 0, "Plans": [{"Node Type": "Hash Join", "Parent Relationship": "Outer", "Parallel Aware": false, "Async Capable": false, "Join Type": "Inner", "Startup Cost": 2212.0, "Total Cost": 6436.21, "Plan Rows": 47693, "Plan Width": 11, "Inner Unique": true, "Hash Cond": "(customer.c_current_addr_sk = customer_address.ca_address_sk)", "Plans": [{"Node Type": "Seq Scan", "Parent Relationship": "Outer", "Parallel Aware": false, "Async Capable": false, "Relation Name": "customer", "Alias": "customer", "Startup Cost": 0.0, "Total Cost": 4099.0, "Plan Rows": 47693, "Plan Width": 4, "Filter": "(c_preferred_cust_flag = 'Y'::bpchar)"}, {"Node Type": "Hash", "Parent Relationship": "Inner", "Parallel Aware": false, "Async Capable": false, "Startup Cost": 1587.0, "Total Cost": 1587.0, "Plan Rows": 50000, "Plan Width": 15, "Plans": [{"Node Type": "Seq Scan", "Parent Relationship": "Outer", "Parallel Aware": false, "Async Capable": false, "Relation Name": "customer_address", "Alias": "customer_address", "Startup Cost": 0.0, "Total Cost": 1587.0, "Plan Rows": 50000, "Plan Width": 15}]}]}]}]}]}, {"Node Type": "Subquery Scan", "Parent Relationship": "Member", "Parallel Aware": false, "Async Capable": false, "Alias": "*SELECT* 1", "Startup Cost": 1.0, "Total Cost": 2737.01, "Plan Rows": 43267, "Plan Width": 36, "Plans": [{"Node Type": "Seq Scan", "Parent Relationship": "Subquery", "Parallel Aware": false, "Async Capable": false, "Relation Name": "customer_address", "Alias": "customer_address_1", "Startup Cost": 1.0, "Total Cost": 2304.34, "Plan Rows": 43267, "Plan Width": 32, "Filter": "(substr((ca_zip)::text, 1, 5) = ANY ('{89436,30868,65085,22977,83927,77557,58429,40697,80614,10502,32779,91137,61265,98294,17921,18427,21203,59362,87291,84093,21505,17184,10866,67898,25797,28055,18377,80332,74535,21757,29742,90885,29898,17819,40811,25990,47513,89531,91068,10391,18846,99223,82637,41368,83658,86199,81625,26696,89338,88425,32200,81427,19053,77471,36610,99823,43276,41249,48584,83550,82276,18842,78890,14090,38123,40936,34425,19850,43286,80072,79188,54191,11395,50497,84861,90733,21068,57666,37119,25004,57835,70067,62878,95806,19303,18840,19124,29785,16737,16022,49613,89977,68310,60069,98360,48649,39050,41793,25002,27413,39736,47208,16515,94808,57648,15009,80015,42961,63982,21744,71853,81087,67468,34175,64008,20261,11201,51799,48043,45645,61163,48375,36447,57042,21218,41100,89951,22745,35851,83326,61125,78298,80752,49858,52940,96976,63792,11376,53582,18717,90226,50530,94203,99447,27670,96577,57856,56372,16165,23427,54561,28806,44439,22926,30123,61451,92397,56979,92309,70873,13355,21801,46346,37562,56458,28286,47306,99555,69399,26234,47546,49661,88601,35943,39936,25632,24611,44166,56648,30379,59785,11110,14329,93815,52226,71381,13842,25612,63294,14664,21077,82626,18799,60915,81020,56447,76619,11433,13414,42548,92713,70467,30884,47484,16072,38936,13036,88376,45539,35901,19506,65690,73957,71850,49231,14276,20005,18384,76615,11635,38177,55607,41369,95447,58581,58149,91946,33790,76232,75692,95464,22246,51061,56692,53121,77209,15482,10688,14868,45907,73520,72666,25734,17959,24677,66446,94627,53535,15560,41967,69297,11929,59403,33283,52232,57350,43933,40921,36635,10827,71286,19736,80619,25251,95042,15526,36496,55854,49124,81980,35375,49157,63512,28944,14946,36503,54010,18767,23969,43905,66979,33113,21286,58471,59080,13395,79144,70373,67031,38360,26705,50906,52406,26066,73146,15884,31897,30045,61068,45550,92454,13376,14354,19770,22928,97790,50723,46081,30202,14410,20223,88500,67298,13261,14172,81410,93578,83583,46047,94167,82564,21156,15799,86709,37931,74703,83103,23054,70470,72008,49247,91911,69998,20961,70070,63197,54853,88191,91830,49521,19454,81450,89091,62378,25683,61869,51744,36580,85778,36871,48121,28810,83712,45486,67393,26935,42393,20132,55349,86057,21309,80218,10094,11357,48819,39734,40758,30432,21204,29467,30214,61024,55307,74621,11622,68908,33032,52868,99194,99900,84936,69036,99149,45013,32895,59004,32322,14933,32936,33562,72550,27385,58049,58200,16808,21360,32961,18586,79307,15492}'::text[]))"}]}]}]}]}, {"Node Type": "Hash", "Parent Relationship": "Inner", "Parallel Aware": false, "Async Capable": false, "Startup Cost": 1.12, "Total Cost": 1.12, "Plan Rows": 12, "Plan Width": 166, "Plans": [{"Node Type": "Seq Scan", "Parent Relationship": "Outer", "Parallel Aware": false, "Async Capable": false, "Relation Name": "store", "Alias": "store", "Startup Cost": 0.0, "Total Cost": 1.12, "Plan Rows": 12, "Plan Width": 166}]}]}]}]}]}]}]}}]]], [[[{"Plan": {"Node Type": "Seq Scan", "Parallel Aware": false, "Async Capable": false, "Relation Name": "reason", "Alias": "reason", "Startup Cost": 1069071.93, "Total Cost": 1069073.38, "Plan Rows": 1, "Plan Width": 160, "Filter": "(r_reason_sk = 1)", "Plans": [{"Node Type": "Aggregate", "Strategy": "Plain", "Partial Mode": "Finalize", "Parent Relationship": "InitPlan", "Subplan Name": "InitPlan 1 (returns $1)", "Parallel Aware": false, "Async Capable": false, "Startup Cost": 71274.35, "Total Cost": 71274.36, "Plan Rows": 1, "Plan Width": 8, "Plans": [{"Node Type": "Gather", "Parent Relationship": "Outer", "Parallel Aware": false, "Async Capable": false, "Startup Cost": 71274.13, "Total Cost": 71274.34, "Plan Rows": 2, "Plan Width": 8, "Workers Planned": 2, "Single Copy": false, "Plans": [{"Node Type": "Aggregate", "Strategy": "Plain", "Partial Mode": "Partial", "Parent Relationship": "Outer", "Parallel Aware": false, "Async Capable": false, "Startup Cost": 70274.13, "Total Cost": 70274.14, "Plan Rows": 1, "Plan Width": 8, "Plans": [{"Node Type": "Seq Scan", "Parent Relationship": "Outer", "Parallel Aware": true, "Async Capable": false, "Relation Name": "store_sales", "Alias": "store_sales", "Startup Cost": 0.0, "Total Cost": 69697.77, "Plan Rows": 230543, "Plan Width": 0, "Filter": "((ss_quantity >= 1) AND (ss_quantity <= 20))"}]}]}]}, {"Node Type": "Aggregate", "Strategy": "Plain", "Partial Mode": "Finalize", "Parent Relationship": "InitPlan", "Subplan Name": "InitPlan 2 (returns $3)", "Parallel Aware": false, "Async Capable": false, "Startup Cost": 71274.36, "Total Cost": 71274.37, "Plan Rows": 1, "Plan Width": 32, "Plans": [{"Node Type": "Gather", "Parent Relationship": "Outer", "Parallel Aware": false, "Async Capable": false, "Startup Cost": 71274.13, "Total Cost": 71274.34, "Plan Rows": 2, "Plan Width": 32, "Workers Planned": 2, "Single Copy": false, "Plans": [{"Node Type": "Aggregate", "Strategy": "Plain", "Partial Mode": "Partial", "Parent Relationship": "Outer", "Parallel Aware": false, "Async Capable": false, "Startup Cost": 70274.13, "Total Cost": 70274.14, "Plan Rows": 1, "Plan Width": 32, "Plans": [{"Node Type": "Seq Scan", "Parent Relationship": "Outer", "Parallel Aware": true, "Async Capable": false, "Relation Name": "store_sales", "Alias": "store_sales_1", "Startup Cost": 0.0, "Total Cost": 69697.77, "Plan Rows": 230543, "Plan Width": 3, "Filter": "((ss_quantity >= 1) AND (ss_quantity <= 20))"}]}]}]}, {"Node Type": "Aggregate", "Strategy": "Plain", "Partial Mode": "Finalize", "Parent Relationship": "InitPlan", "Subplan Name": "InitPlan 3 (returns $5)", "Parallel Aware": false, "Async Capable": false, "Startup Cost": 71274.36, "Total Cost": 71274.37, "Plan Rows": 1, "Plan Width": 32, "Plans": [{"Node Type": "Gather", "Parent Relationship": "Outer", "Parallel Aware": false, "Async Capable": false, "Startup Cost": 71274.13, "Total Cost": 71274.34, "Plan Rows": 2, "Plan Width": 32, "Workers Planned": 2, "Single Copy": false, "Plans": [{"Node Type": "Aggregate", "Strategy": "Plain", "Partial Mode": "Partial", "Parent Relationship": "Outer", "Parallel Aware": false, "Async Capable": false, "Startup Cost": 70274.13, "Total Cost": 70274.14, "Plan Rows": 1, "Plan Width": 32, "Plans": [{"Node Type": "Seq Scan", "Parent Relationship": "Outer", "Parallel Aware": true, "Async Capable": false, "Relation Name": "store_sales", "Alias": "store_sales_2", "Startup Cost": 0.0, "Total Cost": 69697.77, "Plan Rows": 230543, "Plan Width": 6, "Filter": "((ss_quantity >= 1) AND (ss_quantity <= 20))"}]}]}]}, {"Node Type": "Aggregate", "Strategy": "Plain", "Partial Mode": "Finalize", "Parent Relationship": "InitPlan", "Subplan Name": "InitPlan 4 (returns $7)", "Parallel Aware": false, "Async Capable": false, "Startup Cost": 71268.44, "Total Cost": 71268.45, "Plan Rows": 1, "Plan Width": 8, "Plans": [{"Node Type": "Gather", "Parent Relationship": "Outer", "Parallel Aware": false, "Async Capable": false, "Startup Cost": 71268.23, "Total Cost": 71268.44, "Plan Rows": 2, "Plan Width": 8, "Workers Planned": 2, "Single Copy": false, "Plans": [{"Node Type": "Aggregate", "Strategy": "Plain", "Partial Mode": "Partial", "Parent Relationship": "Outer", "Parallel Aware": false, "Async Capable": false, "Startup Cost": 70268.23, "Total Cost": 70268.24, "Plan Rows": 1, "Plan Width": 8, "Plans": [{"Node Type": "Seq Scan", "Parent Relationship": "Outer", "Parallel Aware": true, "Async Capable": false, "Relation Name": "store_sales", "Alias": "store_sales_3", "Startup Cost": 0.0, "Total Cost": 69697.77, "Plan Rows": 228182, "Plan Width": 0, "Filter": "((ss_quantity >= 21) AND (ss_quantity <= 40))"}]}]}]}, {"Node Type": "Aggregate", "Strategy": "Plain", "Partial Mode": "Finalize", "Parent Relationship": "InitPlan", "Subplan Name": "InitPlan 5 (returns $9)", "Parallel Aware": false, "Async Capable": false, "Startup Cost": 71268.45, "Total Cost": 71268.46, "Plan Rows": 1, "Plan Width": 32, "Plans": [{"Node Type": "Gather", "Parent Relationship": "Outer", "Parallel Aware": false, "Async Capable": false, "Startup Cost": 71268.23, "Total Cost": 71268.44, "Plan Rows": 2, "Plan Width": 32, "Workers Planned": 2, "Single Copy": false, "Plans": [{"Node Type": "Aggregate", "Strategy": "Plain", "Partial Mode": "Partial", "Parent Relationship": "Outer", "Parallel Aware": false, "Async Capable": false, "Startup Cost": 70268.23, "Total Cost": 70268.24, "Plan Rows": 1, "Plan Width": 32, "Plans": [{"Node Type": "Seq Scan", "Parent Relationship": "Outer", "Parallel Aware": true, "Async Capable": false, "Relation Name": "store_sales", "Alias": "store_sales_4", "Startup Cost": 0.0, "Total Cost": 69697.77, "Plan Rows": 228182, "Plan Width": 3, "Filter": "((ss_quantity >= 21) AND (ss_quantity <= 40))"}]}]}]}, {"Node Type": "Aggregate", "Strategy": "Plain", "Partial Mode": "Finalize", "Parent Relationship": "InitPlan", "Subplan Name": "InitPlan 6 (returns $11)", "Parallel Aware": false, "Async Capable": false, "Startup Cost": 71268.45, "Total Cost": 71268.46, "Plan Rows": 1, "Plan Width": 32, "Plans": [{"Node Type": "Gather", "Parent Relationship": "Outer", "Parallel Aware": false, "Async Capable": false, "Startup Cost": 71268.23, "Total Cost": 71268.44, "Plan Rows": 2, "Plan Width": 32, "Workers Planned": 2, "Single Copy": false, "Plans": [{"Node Type": "Aggregate", "Strategy": "Plain", "Partial Mode": "Partial", "Parent Relationship": "Outer", "Parallel Aware": false, "Async Capable": false, "Startup Cost": 70268.23, "Total Cost": 70268.24, "Plan Rows": 1, "Plan Width": 32, "Plans": [{"Node Type": "Seq Scan", "Parent Relationship": "Outer", "Parallel Aware": true, "Async Capable": false, "Relation Name": "store_sales", "Alias": "store_sales_5", "Startup Cost": 0.0, "Total Cost": 69697.77, "Plan Rows": 228182, "Plan Width": 6, "Filter": "((ss_quantity >= 21) AND (ss_quantity <= 40))"}]}]}]}, {"Node Type": "Aggregate", "Strategy": "Plain", "Partial Mode": "Finalize", "Parent Relationship": "InitPlan", "Subplan Name": "InitPlan 7 (returns $13)", "Parallel Aware": false, "Async Capable": false, "Startup Cost": 71271.94, "Total Cost": 71271.95, "Plan Rows": 1, "Plan Width": 8, "Plans": [{"Node Type": "Gather", "Parent Relationship": "Outer", "Parallel Aware": false, "Async Capable": false, "Startup Cost": 71271.73, "Total Cost": 71271.94, "Plan Rows": 2, "Plan Width": 8, "Workers Planned": 2, "Single Copy": false, "Plans": [{"Node Type": "Aggregate", "Strategy": "Plain", "Partial Mode": "Partial", "Parent Relationship": "Outer", "Parallel Aware": false, "Async Capable": false, "Startup Cost": 70271.73, "Total Cost": 70271.74, "Plan Rows": 1, "Plan Width": 8, "Plans": [{"Node Type": "Seq Scan", "Parent Relationship": "Outer", "Parallel Aware": true, "Async Capable": false, "Relation Name": "store_sales", "Alias": "store_sales_6", "Startup Cost": 0.0, "Total Cost": 69697.77, "Plan Rows": 229582, "Plan Width": 0, "Filter": "((ss_quantity >= 41) AND (ss_quantity <= 60))"}]}]}]}, {"Node Type": "Aggregate", "Strategy": "Plain", "Partial Mode": "Finalize", "Parent Relationship": "InitPlan", "Subplan Name": "InitPlan 8 (returns $15)", "Parallel Aware": false, "Async Capable": false, "Startup Cost": 71271.95, "Total Cost": 71271.96, "Plan Rows": 1, "Plan Width": 32, "Plans": [{"Node Type": "Gather", "Parent Relationship": "Outer", "Parallel Aware": false, "Async Capable": false, "Startup Cost": 71271.73, "Total Cost": 71271.94, "Plan Rows": 2, "Plan Width": 32, "Workers Planned": 2, "Single Copy": false, "Plans": [{"Node Type": "Aggregate", "Strategy": "Plain", "Partial Mode": "Partial", "Parent Relationship": "Outer", "Parallel Aware": false, "Async Capable": false, "Startup Cost": 70271.73, "Total Cost": 70271.74, "Plan Rows": 1, "Plan Width": 32, "Plans": [{"Node Type": "Seq Scan", "Parent Relationship": "Outer", "Parallel Aware": true, "Async Capable": false, "Relation Name": "store_sales", "Alias": "store_sales_7", "Startup Cost": 0.0, "Total Cost": 69697.77, "Plan Rows": 229582, "Plan Width": 3, "Filter": "((ss_quantity >= 41) AND (ss_quantity <= 60))"}]}]}]}, {"Node Type": "Aggregate", "Strategy": "Plain", "Partial Mode": "Finalize", "Parent Relationship": "InitPlan", "Subplan Name": "InitPlan 9 (returns $17)", "Parallel Aware": false, "Async Capable": false, "Startup Cost": 71271.95, "Total Cost": 71271.96, "Plan Rows": 1, "Plan Width": 32, "Plans": [{"Node Type": "Gather", "Parent Relationship": "Outer", "Parallel Aware": false, "Async Capable": false, "Startup Cost": 71271.73, "Total Cost": 71271.94, "Plan Rows": 2, "Plan Width": 32, "Workers Planned": 2, "Single Copy": false, "Plans": [{"Node Type": "Aggregate", "Strategy": "Plain", "Partial Mode": "Partial", "Parent Relationship": "Outer", "Parallel Aware": false, "Async Capable": false, "Startup Cost": 70271.73, "Total Cost": 70271.74, "Plan Rows": 1, "Plan Width": 32, "Plans": [{"Node Type": "Seq Scan", "Parent Relationship": "Outer", "Parallel Aware": true, "Async Capable": false, "Relation Name": "store_sales", "Alias": "store_sales_8", "Startup Cost": 0.0, "Total Cost": 69697.77, "Plan Rows": 229582, "Plan Width": 6, "Filter": "((ss_quantity >= 41) AND (ss_quantity <= 60))"}]}]}]}, {"Node Type": "Aggregate", "Strategy": "Plain", "Partial Mode": "Finalize", "Parent Relationship": "InitPlan", "Subplan Name": "InitPlan 10 (returns $19)", "Parallel Aware": false, "Async Capable": false, "Startup Cost": 71268.94, "Total Cost": 71268.95, "Plan Rows": 1, "Plan Width": 8, "Plans": [{"Node Type": "Gather", "Parent Relationship": "Outer", "Parallel Aware": false, "Async Capable": false, "Startup Cost": 71268.73, "Total Cost": 71268.94, "Plan Rows": 2, "Plan Width": 8, "Workers Planned": 2, "Single Copy": false, "Plans": [{"Node Type": "Aggregate", "Strategy": "Plain", "Partial Mode": "Partial", "Parent Relationship": "Outer", "Parallel Aware": false, "Async Capable": false, "Startup Cost": 70268.73, "Total Cost": 70268.74, "Plan Rows": 1, "Plan Width": 8, "Plans": [{"Node Type": "Seq Scan", "Parent Relationship": "Outer", "Parallel Aware": true, "Async Capable": false, "Relation Name": "store_sales", "Alias": "store_sales_9", "Startup Cost": 0.0, "Total Cost": 69697.77, "Plan Rows": 228382, "Plan Width": 0, "Filter": "((ss_quantity >= 61) AND (ss_quantity <= 80))"}]}]}]}, {"Node Type": "Aggregate", "Strategy": "Plain", "Partial Mode": "Finalize", "Parent Relationship": "InitPlan", "Subplan Name": "InitPlan 11 (returns $21)", "Parallel Aware": false, "Async Capable": false, "Startup Cost": 71268.95, "Total Cost": 71268.96, "Plan Rows": 1, "Plan Width": 32, "Plans": [{"Node Type": "Gather", "Parent Relationship": "Outer", "Parallel Aware": false, "Async Capable": false, "Startup Cost": 71268.73, "Total Cost": 71268.94, "Plan Rows": 2, "Plan Width": 32, "Workers Planned": 2, "Single Copy": false, "Plans": [{"Node Type": "Aggregate", "Strategy": "Plain", "Partial Mode": "Partial", "Parent Relationship": "Outer", "Parallel Aware": false, "Async Capable": false, "Startup Cost": 70268.73, "Total Cost": 70268.74, "Plan Rows": 1, "Plan Width": 32, "Plans": [{"Node Type": "Seq Scan", "Parent Relationship": "Outer", "Parallel Aware": true, "Async Capable": false, "Relation Name": "store_sales", "Alias": "store_sales_10", "Startup Cost": 0.0, "Total Cost": 69697.77, "Plan Rows": 228382, "Plan Width": 3, "Filter": "((ss_quantity >= 61) AND (ss_quantity <= 80))"}]}]}]}, {"Node Type": "Aggregate", "Strategy": "Plain", "Partial Mode": "Finalize", "Parent Relationship": "InitPlan", "Subplan Name": "InitPlan 12 (returns $23)", "Parallel Aware": false, "Async Capable": false, "Startup Cost": 71268.95, "Total Cost": 71268.96, "Plan Rows": 1, "Plan Width": 32, "Plans": [{"Node Type": "Gather", "Parent Relationship": "Outer", "Parallel Aware": false, "Async Capable": false, "Startup Cost": 71268.73, "Total Cost": 71268.94, "Plan Rows": 2, "Plan Width": 32, "Workers Planned": 2, "Single Copy": false, "Plans": [{"Node Type": "Aggregate", "Strategy": "Plain", "Partial Mode": "Partial", "Parent Relationship": "Outer", "Parallel Aware": false, "Async Capable": false, "Startup Cost": 70268.73, "Total Cost": 70268.74, "Plan Rows": 1, "Plan Width": 32, "Plans": [{"Node Type": "Seq Scan", "Parent Relationship": "Outer", "Parallel Aware": true, "Async Capable": false, "Relation Name": "store_sales", "Alias": "store_sales_11", "Startup Cost": 0.0, "Total Cost": 69697.77, "Plan Rows": 228382, "Plan Width": 6, "Filter": "((ss_quantity >= 61) AND (ss_quantity <= 80))"}]}]}]}, {"Node Type": "Aggregate", "Strategy": "Plain", "Partial Mode": "Finalize", "Parent Relationship": "InitPlan", "Subplan Name": "InitPlan 13 (returns $25)", "Parallel Aware": false, "Async Capable": false, "Startup Cost": 71273.54, "Total Cost": 71273.55, "Plan Rows": 1, "Plan Width": 8, "Plans": [{"Node Type": "Gather", "Parent Relationship": "Outer", "Parallel Aware": false, "Async Capable": false, "Startup Cost": 71273.33, "Total Cost": 71273.54, "Plan Rows": 2, "Plan Width": 8, "Workers Planned": 2, "Single Copy": false, "Plans": [{"Node Type": "Aggregate", "Strategy": "Plain", "Partial Mode": "Partial", "Parent Relationship": "Outer", "Parallel Aware": false, "Async Capable": false, "Startup Cost": 70273.33, "Total Cost": 70273.34, "Plan Rows": 1, "Plan Width": 8, "Plans": [{"Node Type": "Seq Scan", "Parent Relationship": "Outer", "Parallel Aware": true, "Async Capable": false, "Relation Name": "store_sales", "Alias": "store_sales_12", "Startup Cost": 0.0, "Total Cost": 69697.77, "Plan Rows": 230222, "Plan Width": 0, "Filter": "((ss_quantity >= 81) AND (ss_quantity <= 100))"}]}]}]}, {"Node Type": "Aggregate", "Strategy": "Plain", "Partial Mode": "Finalize", "Parent Relationship": "InitPlan", "Subplan Name": "InitPlan 14 (returns $27)", "Parallel Aware": false, "Async Capable": false, "Startup Cost": 71273.55, "Total Cost": 71273.56, "Plan Rows": 1, "Plan Width": 32, "Plans": [{"Node Type": "Gather", "Parent Relationship": "Outer", "Parallel Aware": false, "Async Capable": false, "Startup Cost": 71273.33, "Total Cost": 71273.54, "Plan Rows": 2, "Plan Width": 32, "Workers Planned": 2, "Single Copy": false, "Plans": [{"Node Type": "Aggregate", "Strategy": "Plain", "Partial Mode": "Partial", "Parent Relationship": "Outer", "Parallel Aware": false, "Async Capable": false, "Startup Cost": 70273.33, "Total Cost": 70273.34, "Plan Rows": 1, "Plan Width": 32, "Plans": [{"Node Type": "Seq Scan", "Parent Relationship": "Outer", "Parallel Aware": true, "Async Capable": false, "Relation Name": "store_sales", "Alias": "store_sales_13", "Startup Cost": 0.0, "Total Cost": 69697.77, "Plan Rows": 230222, "Plan Width": 3, "Filter": "((ss_quantity >= 81) AND (ss_quantity <= 100))"}]}]}]}, {"Node Type": "Aggregate", "Strategy": "Plain", "Partial Mode": "Finalize", "Parent Relationship": "InitPlan", "Subplan Name": "InitPlan 15 (returns $29)", "Parallel Aware": false, "Async Capable": false, "Startup Cost": 71273.55, "Total Cost": 71273.56, "Plan Rows": 1, "Plan Width": 32, "Plans": [{"Node Type": "Gather", "Parent Relationship": "Outer", "Parallel Aware": false, "Async Capable": false, "Startup Cost": 71273.33, "Total Cost": 71273.54, "Plan Rows": 2, "Plan Width": 32, "Workers Planned": 2, "Single Copy": false, "Plans": [{"Node Type": "Aggregate", "Strategy": "Plain", "Partial Mode": "Partial", "Parent Relationship": "Outer", "Parallel Aware": false, "Async Capable": false, "Startup Cost": 70273.33, "Total Cost": 70273.34, "Plan Rows": 1, "Plan Width": 32, "Plans": [{"Node Type": "Seq Scan", "Parent Relationship": "Outer", "Parallel Aware": true, "Async Capable": false, "Relation Name": "store_sales", "Alias": "store_sales_14", "Startup Cost": 0.0, "Total Cost": 69697.77, "Plan Rows": 230222, "Plan Width": 6, "Filter": "((ss_quantity >= 81) AND (ss_quantity <= 100))"}]}]}]}]}, "JIT": {"Functions": 103, "Options": {"Inlining": true, "Optimization": true, "Expressions": true, "Deforming": true}}}]]], [[[{"Plan": {"Node Type": "Limit", "Parallel Aware": false, "Async Capable": false, "Startup Cost": 8720587156.73, "Total Cost": 8720587157.57, "Plan Rows": 24, "Plan Width": 100, "Plans": [{"Node Type": "Aggregate", "Strategy": "Sorted", "Partial Mode": "Simple", "Parent Relationship": "Outer", "Parallel Aware": false, "Async Capable": false, "Startup Cost": 8720587156.73, "Total Cost": 8720587157.57, "Plan Rows": 24, "Plan Width": 100, "Group Key": ["customer_demographics.cd_gender", "customer_demographics.cd_marital_status", "customer_demographics.cd_education_status", "customer_demographics.cd_purchase_estimate", "customer_demographics.cd_credit_rating", "customer_demographics.cd_dep_count", "customer_demographics.cd_dep_employed_count", "customer_demographics.cd_dep_college_count"], "Plans": [{"Node Type": "Sort", "Parent Relationship": "Outer", "Parallel Aware": false, "Async Capable": false, "Startup Cost": 8720587156.73, "Total Cost": 8720587156.79, "Plan Rows": 24, "Plan Width": 52, "Sort Key": ["customer_demographics.cd_gender", "customer_demographics.cd_marital_status", "customer_demographics.cd_education_status", "customer_demographics.cd_purchase_estimate", "customer_demographics.cd_credit_rating", "customer_demographics.cd_dep_count", "customer_demographics.cd_dep_employed_count", "customer_demographics.cd_dep_college_count"], "Plans": [{"Node Type": "Hash Join", "Parent Relationship": "Outer", "Parallel Aware": false, "Async Capable": false, "Join Type": "Inner", "Startup Cost": 156250.15, "Total Cost": 8720587156.18, "Plan Rows": 24, "Plan Width": 52, "Inner Unique": true, "Hash Cond": "(c.c_current_cdemo_sk = customer_demographics.cd_demo_sk)", "Plans": [{"Node Type": "Hash Join", "Parent Relationship": "Outer", "Parallel Aware": false, "Async Capable": false, "Join Type": "Semi", "Startup Cost": 72446.15, "Total Cost": 8720484592.12, "Plan Rows": 24, "Plan Width": 4, "Inner Unique": false, "Hash Cond": "(c.c_customer_sk = store_sales.ss_customer_sk)", "Plans": [{"Node Type": "Hash Join", "Parent Relationship": "Outer", "Parallel Aware": false, "Async Capable": false, "Join Type": "Inner", "Startup Cost": 1903.88, "Total Cost": 8720414047.96, "Plan Rows": 525, "Plan Width": 8, "Inner Unique": true, "Hash Cond": "(c.c_current_addr_sk = ca.ca_address_sk)", "Plans": [{"Node Type": "Seq Scan", "Parent Relationship": "Outer", "Parallel Aware": false, "Async Capable": false, "Relation Name": "customer", "Alias": "c", "Startup Cost": 0.0, "Total Cost": 8720411947.19, "Plan Rows": 75000, "Plan Width": 12, "Filter": "((hashed SubPlan 2) OR (hashed SubPlan 4))", "Plans": [{"Node Type": "Gather", "Parent Relationship": "SubPlan", "Subplan Name": "SubPlan 2", "Parallel Aware": false, "Async Capable": false, "Startup Cost": 3157.86, "Total Cost": 25828.37, "Plan Rows": 1192, "Plan Width": 4, "Workers Planned": 2, "Single Copy": false, "Plans": [{"Node Type": "Hash Join", "Parent Relationship": "Outer", "Parallel Aware": true, "Async Capable": false, "Join Type": "Inner", "Startup Cost": 2157.86, "Total Cost": 24709.17, "Plan Rows": 497, "Plan Width": 4, "Inner Unique": true, "Hash Cond": "(web_sales.ws_sold_date_sk = date_dim_1.d_date_sk)", "Plans": [{"Node Type": "Seq Scan", "Parent Relationship": "Outer", "Parallel Aware": true, "Async Capable": false, "Relation Name": "web_sales", "Alias": "web_sales", "Startup Cost": 0.0, "Total Cost": 21764.43, "Plan Rows": 299743, "Plan Width": 8}, {"Node Type": "Hash", "Parent Relationship": "Inner", "Parallel Aware": true, "Async Capable": false, "Startup Cost": 2156.97, "Total Cost": 2156.97, "Plan Rows": 71, "Plan Width": 4, "Plans": [{"Node Type": "Seq Scan", "Parent Relationship": "Outer", "Parallel Aware": true, "Async Capable": false, "Relation Name": "date_dim", "Alias": "date_dim_1", "Startup Cost": 0.0, "Total Cost": 2156.97, "Plan Rows": 71, "Plan Width": 4, "Filter": "((d_moy >= 4) AND (d_moy <= 7) AND (d_year = 2002))"}]}]}]}, {"Node Type": "Gather", "Parent Relationship": "SubPlan", "Subplan Name": "SubPlan 4", "Parallel Aware": false, "Async Capable": false, "Startup Cost": 3157.86, "Total Cost": 48384.58, "Plan Rows": 2388, "Plan Width": 4, "Workers Planned": 2, "Single Copy": false, "Plans": [{"Node Type": "Hash Join", "Parent Relationship": "Outer", "Parallel Aware": true, "Async Capable": false, "Join Type": "Inner", "Startup Cost": 2157.86, "Total Cost": 47145.78, "Plan Rows": 995, "Plan Width": 4, "Inner Unique": true, "Hash Cond": "(catalog_sales.cs_sold_date_sk = date_dim_2.d_date_sk)", "Plans": [{"Node Type": "Seq Scan", "Parent Relationship": "Outer", "Parallel Aware": true, "Async Capable": false, "Relation Name": "catalog_sales", "Alias": "catalog_sales", "Startup Cost": 0.0, "Total Cost": 43411.2, "Plan Rows": 600620, "Plan Width": 8}, {"Node Type": "Hash", "Parent Relationship": "Inner", "Parallel Aware": true, "Async Capable": false, "Startup Cost": 2156.97, "Total Cost": 2156.97, "Plan Rows": 71, "Plan Width": 4, "Plans": [{"Node Type": "Seq Scan", "Parent Relationship": "Outer", "Parallel Aware": true, "Async Capable": false, "Relation Name": "date_dim", "Alias": "date_dim_2", "Startup Cost": 0.0, "Total Cost": 2156.97, "Plan Rows": 71, "Plan Width": 4, "Filter": "((d_moy >= 4) AND (d_moy <= 7) AND (d_year = 2002))"}]}]}]}]}, {"Node Type": "Hash", "Parent Relationship": "Inner", "Parallel Aware": false, "Async Capable": false, "Startup Cost": 1899.5, "Total Cost": 1899.5, "Plan Rows": 350, "Plan Width": 4, "Plans": [{"Node Type": "Seq Scan", "Parent Relationship": "Outer", "Parallel Aware": false, "Async Capable": false, "Relation Name": "customer_address", "Alias": "ca", "Startup Cost": 0.0, "Total Cost": 1899.5, "Plan Rows": 350, "Plan Width": 4, "Filter": "((ca_county)::text = ANY ('{\"Walker County\",\"Richland County\",\"Gaines County\",\"Douglas County\",\"Dona Ana County\"}'::text[]))"}]}]}, {"Node Type": "Hash", "Parent Relationship": "Inner", "Parallel Aware": false, "Async Capable": false, "Startup Cost": 70482.63, "Total Cost": 70482.63, "Plan Rows": 4771, "Plan Width": 4, "Plans": [{"Node Type": "Gather", "Parent Relationship": "Outer", "Parallel Aware": false, "Async Capable": false, "Startup Cost": 3157.86, "Total Cost": 70482.63, "Plan Rows": 4771, "Plan Width": 4, "Workers Planned": 2, "Single Copy": false, "Plans": [{"Node Type": "Hash Join", "Parent Relationship": "Outer", "Parallel Aware": true, "Async Capable": false, "Join Type": "Inner", "Startup Cost": 2157.86, "Total Cost": 69005.53, "Plan Rows": 1988, "Plan Width": 4, "Inner Unique": true, "Hash Cond": "(store_sales.ss_sold_date_sk = date_dim.d_date_sk)", "Plans": [{"Node Type": "Seq Scan", "Parent Relationship": "Outer", "Parallel Aware": true, "Async Capable": false, "Relation Name": "store_sales", "Alias": "store_sales", "Startup Cost": 0.0, "Total Cost": 63697.18, "Plan Rows": 1200118, "Plan Width": 8}, {"Node Type": "Hash", "Parent Relationship": "Inner", "Parallel Aware": true, "Async Capable": false, "Startup Cost": 2156.97, "Total Cost": 2156.97, "Plan Rows": 71, "Plan Width": 4, "Plans": [{"Node Type": "Seq Scan", "Parent Relationship": "Outer", "Parallel Aware": true, "Async Capable": false, "Relation Name": "date_dim", "Alias": "date_dim", "Startup Cost": 0.0, "Total Cost": 2156.97, "Plan Rows": 71, "Plan Width": 4, "Filter": "((d_moy >= 4) AND (d_moy <= 7) AND (d_year = 2002))"}]}]}]}]}]}, {"Node Type": "Hash", "Parent Relationship": "Inner", "Parallel Aware": false, "Async Capable": false, "Startup Cost": 41036.0, "Total Cost": 41036.0, "Plan Rows": 1920800, "Plan Width": 56, "Plans": [{"Node Type": "Seq Scan", "Parent Relationship": "Outer", "Parallel Aware": false, "Async Capable": false, "Relation Name": "customer_demographics", "Alias": "customer_demographics", "Startup Cost": 0.0, "Total Cost": 41036.0, "Plan Rows": 1920800, "Plan Width": 56}]}]}]}]}]}, "JIT": {"Functions": 82, "Options": {"Inlining": true, "Optimization": true, "Expressions": true, "Deforming": true}}}]]], [[[{"Plan": {"Node Type": "Limit", "Parallel Aware": false, "Async Capable": false, "Startup Cost": 1536185.93, "Total Cost": 1536185.93, "Plan Rows": 1, "Plan Width": 480, "Plans": [{"Node Type": "Append", "Parent Relationship": "InitPlan", "Subplan Name": "CTE year_total", "Parallel Aware": false, "Async Capable": false, "Startup Cost": 453806.87, "Total Cost": 1158217.8, "Plan Rows": 3599668, "Plan Width": 255, "Subplans Removed": 0, "Plans": [{"Node Type": "Aggregate", "Strategy": "Sorted", "Partial Mode": "Finalize", "Parent Relationship": "Member", "Parallel Aware": false, "Async Capable": false, "Startup Cost": 453806.87, "Total Cost": 874867.83, "Plan Rows": 2880284, "Plan Width": 255, "Group Key": ["customer.c_customer_id", "customer.c_first_name", "customer.c_last_name", "customer.c_preferred_cust_flag", "customer.c_birth_country", "customer.c_login", "customer.c_email_address", "date_dim.d_year"], "Plans": [{"Node Type": "Gather Merge", "Parent Relationship": "Outer", "Parallel Aware": false, "Async Capable": false, "Startup Cost": 453806.87, "Total Cost": 778858.38, "Plan Rows": 2400236, "Plan Width": 223, "Workers Planned": 2, "Plans": [{"Node Type": "Aggregate", "Strategy": "Sorted", "Partial Mode": "Partial", "Parent Relationship": "Outer", "Parallel Aware": false, "Async Capable": false, "Startup Cost": 452806.85, "Total Cost": 500811.57, "Plan Rows": 1200118, "Plan Width": 223, "Group Key": ["customer.c_customer_id", "customer.c_first_name", "customer.c_last_name", "customer.c_preferred_cust_flag", "customer.c_birth_country", "customer.c_login", "customer.c_email_address", "date_dim.d_year"], "Plans": [{"Node Type": "Sort", "Parent Relationship": "Outer", "Parallel Aware": false, "Async Capable": false, "Startup Cost": 452806.85, "Total Cost": 455807.14, "Plan Rows": 1200118, "Plan Width": 201, "Sort Key": ["customer.c_customer_id", "customer.c_first_name", "customer.c_last_name", "customer.c_preferred_cust_flag", "customer.c_birth_country", "customer.c_login", "customer.c_email_address", "date_dim.d_year"], "Plans": [{"Node Type": "Hash Join", "Parent Relationship": "Outer", "Parallel Aware": true, "Async Capable": false, "Join Type": "Inner", "Startup Cost": 8096.36, "Total Cost": 93710.46, "Plan Rows": 1200118, "Plan Width": 201, "Inner Unique": true, "Hash Cond": "(store_sales.ss_sold_date_sk = date_dim.d_date_sk)", "Plans": [{"Node Type": "Hash Join", "Parent Relationship": "Outer", "Parallel Aware": true, "Async Capable": false, "Join Type": "Inner", "Startup Cost": 5724.54, "Total Cost": 88188.15, "Plan Rows": 1200118, "Plan Width": 201, "Inner Unique": true, "Hash Cond": "(store_sales.ss_customer_sk = customer.c_customer_sk)", "Plans": [{"Node Type": "Seq Scan", "Parent Relationship": "Outer", "Parallel Aware": true, "Async Capable": false, "Relation Name": "store_sales", "Alias": "store_sales", "Startup Cost": 0.0, "Total Cost": 63697.18, "Plan Rows": 1200118, "Plan Width": 18}, {"Node Type": "Hash", "Parent Relationship": "Inner", "Parallel Aware": true, "Async Capable": false, "Startup Cost": 3437.24, "Total Cost": 3437.24, "Plan Rows": 58824, "Plan Width": 191, "Plans": [{"Node Type": "Seq Scan", "Parent Relationship": "Outer", "Parallel Aware": true, "Async Capable": false, "Relation Name": "customer", "Alias": "customer", "Startup Cost": 0.0, "Total Cost": 3437.24, "Plan Rows": 58824, "Plan Width": 191}]}]}, {"Node Type": "Hash", "Parent Relationship": "Inner", "Parallel Aware": true, "Async Capable": false, "Startup Cost": 1834.7, "Total Cost": 1834.7, "Plan Rows": 42970, "Plan Width": 8, "Plans": [{"Node Type": "Seq Scan", "Parent Relationship": "Outer", "Parallel Aware": true, "Async Capable": false, "Relation Name": "date_dim", "Alias": "date_dim", "Startup Cost": 0.0, "Total Cost": 1834.7, "Plan Rows": 42970, "Plan Width": 8}]}]}]}]}]}]}, {"Node Type": "Aggregate", "Strategy": "Sorted", "Partial Mode": "Finalize", "Parent Relationship": "Member", "Parallel Aware": false, "Async Capable": false, "Startup Cost": 124190.22, "Total Cost": 229354.95, "Plan Rows": 719384, "Plan Width": 255, "Group Key": ["customer_1.c_customer_id", "customer_1.c_first_name", "customer_1.c_last_name", "customer_1.c_preferred_cust_flag", "customer_1.c_birth_country", "customer_1.c_login", "customer_1.c_email_address", "date_dim_1.d_year"], "Plans": [{"Node Type": "Gather Merge", "Parent Relationship": "Outer", "Parallel Aware": false, "Async Capable": false, "Startup Cost": 124190.22, "Total Cost": 205375.5, "Plan Rows": 599486, "Plan Width": 223, "Workers Planned": 2, "Plans": [{"Node Type": "Aggregate", "Strategy": "Sorted", "Partial Mode": "Partial", "Parent Relationship": "Outer", "Parallel Aware": false, "Async Capable": false, "Startup Cost": 123190.19, "Total Cost": 135179.91, "Plan Rows": 299743, "Plan Width": 223, "Group Key": ["customer_1.c_customer_id", "customer_1.c_first_name", "customer_1.c_last_name", "customer_1.c_preferred_cust_flag", "customer_1.c_birth_country", "customer_1.c_login", "customer_1.c_email_address", "date_dim_1.d_year"], "Plans": [{"Node Type": "Sort", "Parent Relationship": "Outer", "Parallel Aware": false, "Async Capable": false, "Startup Cost": 123190.19, "Total Cost": 123939.55, "Plan Rows": 299743, "Plan Width": 204, "Sort Key": ["customer_1.c_customer_id", "customer_1.c_first_name", "customer_1.c_last_name", "customer_1.c_preferred_cust_flag", "customer_1.c_birth_country", "customer_1.c_login", "customer_1.c_email_address", "date_dim_1.d_year"], "Plans": [{"Node Type": "Hash Join", "Parent Relationship": "Outer", "Parallel Aware": true, "Async Capable": false, "Join Type": "Inner", "Startup Cost": 8096.36, "Total Cost": 36500.52, "Plan Rows": 299743, "Plan Width": 204, "Inner Unique": true, "Hash Cond": "(web_sales.ws_sold_date_sk = date_dim_1.d_date_sk)", "Plans": [{"Node Type": "Hash Join", "Parent Relationship": "Outer", "Parallel Aware": true, "Async Capable": false, "Join Type": "Inner", "Startup Cost": 5724.54, "Total Cost": 33341.83, "Plan Rows": 299743, "Plan Width": 204, "Inner Unique": true, "Hash Cond": "(web_sales.ws_bill_customer_sk = customer_1.c_customer_sk)", "Plans": [{"Node Type": "Seq Scan", "Parent Relationship": "Outer", "Parallel Aware": true, "Async Capable": false, "Relation Name": "web_sales", "Alias": "web_sales", "Startup Cost": 0.0, "Total Cost": 21764.43, "Plan Rows": 299743, "Plan Width": 21}, {"Node Type": "Hash", "Parent Relationship": "Inner", "Parallel Aware": true, "Async Capable": false, "Startup Cost": 3437.24, "Total Cost": 3437.24, "Plan Rows": 58824, "Plan Width": 191, "Plans": [{"Node Type": "Seq Scan", "Parent Relationship": "Outer", "Parallel Aware": true, "Async Capable": false, "Relation Name": "customer", "Alias": "customer_1", "Startup Cost": 0.0, "Total Cost": 3437.24, "Plan Rows": 58824, "Plan Width": 191}]}]}, {"Node Type": "Hash", "Parent Relationship": "Inner", "Parallel Aware": true, "Async Capable": false, "Startup Cost": 1834.7, "Total Cost": 1834.7, "Plan Rows": 42970, "Plan Width": 8, "Plans": [{"Node Type": "Seq Scan", "Parent Relationship": "Outer", "Parallel Aware": true, "Async Capable": false, "Relation Name": "date_dim", "Alias": "date_dim_1", "Startup Cost": 0.0, "Total Cost": 1834.7, "Plan Rows": 42970, "Plan Width": 8}]}]}]}]}]}]}]}, {"Node Type": "Sort", "Parent Relationship": "Outer", "Parallel Aware": false, "Async Capable": false, "Startup Cost": 377968.13, "Total Cost": 377968.13, "Plan Rows": 1, "Plan Width": 480, "Sort Key": ["t_s_secyear.customer_id", "t_s_secyear.customer_first_name", "t_s_secyear.customer_last_name", "t_s_secyear.customer_email_address"], "Plans": [{"Node Type": "Hash Join", "Parent Relationship": "Outer", "Parallel Aware": false, "Async Capable": false, "Join Type": "Inner", "Startup Cost": 278976.9, "Total Cost": 377968.12, "Plan Rows": 1, "Plan Width": 480, "Inner Unique": false, "Hash Cond": "(t_s_secyear.customer_id = t_w_secyear.customer_id)", "Join Filter": "(CASE WHEN (t_w_firstyear.year_total > '0'::numeric) THEN (t_w_secyear.year_total / t_w_firstyear.year_total) ELSE 0.0 END > CASE WHEN (t_s_firstyear.year_total > '0'::numeric) THEN (t_s_secyear.year_total / t_s_firstyear.year_total) ELSE 0.0 END)", "Plans": [{"Node Type": "Hash Join", "Parent Relationship": "Outer", "Parallel Aware": false, "Async Capable": false, "Join Type": "Inner", "Startup Cost": 188984.07, "Total Cost": 287975.24, "Plan Rows": 2, "Plan Width": 712, "Inner Unique": false, "Hash Cond": "(t_s_firstyear.customer_id = t_s_secyear.customer_id)", "Plans": [{"Node Type": "Hash Join", "Parent Relationship": "Outer", "Parallel Aware": false, "Async Capable": false, "Join Type": "Inner", "Startup Cost": 98991.25, "Total Cost": 197982.34, "Plan Rows": 4, "Plan Width": 200, "Inner Unique": false, "Hash Cond": "(t_s_firstyear.customer_id = t_w_firstyear.customer_id)", "Plans": [{"Node Type": "CTE Scan", "Parent Relationship": "Outer", "Parallel Aware": false, "Async Capable": false, "CTE Name": "year_total", "Alias": "t_s_firstyear", "Startup Cost": 0.0, "Total Cost": 98990.87, "Plan Rows": 30, "Plan Width": 100, "Filter": "((year_total > '0'::numeric) AND (sale_type = 's'::text) AND (dyear = 2001))"}, {"Node Type": "Hash", "Parent Relationship": "Inner", "Parallel Aware": false, "Async Capable": false, "Startup Cost": 98990.87, "Total Cost": 98990.87, "Plan Rows": 30, "Plan Width": 100, "Plans": [{"Node Type": "CTE Scan", "Parent Relationship": "Outer", "Parallel Aware": false, "Async Capable": false, "CTE Name": "year_total", "Alias": "t_w_firstyear", "Startup Cost": 0.0, "Total Cost": 98990.87, "Plan Rows": 30, "Plan Width": 100, "Filter": "((year_total > '0'::numeric) AND (sale_type = 'w'::text) AND (dyear = 2001))"}]}]}, {"Node Type": "Hash", "Parent Relationship": "Inner", "Parallel Aware": false, "Async Capable": false, "Startup Cost": 89991.7, "Total Cost": 89991.7, "Plan Rows": 90, "Plan Width": 512, "Plans": [{"Node Type": "CTE Scan", "Parent Relationship": "Outer", "Parallel Aware": false, "Async Capable": false, "CTE Name": "year_total", "Alias": "t_s_secyear", "Startup Cost": 0.0, "Total Cost": 89991.7, "Plan Rows": 90, "Plan Width": 512, "Filter": "((sale_type = 's'::text) AND (dyear = 2002))"}]}]}, {"Node Type": "Hash", "Parent Relationship": "Inner", "Parallel Aware": false, "Async Capable": false, "Startup Cost": 89991.7, "Total Cost": 89991.7, "Plan Rows": 90, "Plan Width": 100, "Plans": [{"Node Type": "CTE Scan", "Parent Relationship": "Outer", "Parallel Aware": false, "Async Capable": false, "CTE Name": "year_total", "Alias": "t_w_secyear", "Startup Cost": 0.0, "Total Cost": 89991.7, "Plan Rows": 90, "Plan Width": 100, "Filter": "((sale_type = 'w'::text) AND (dyear = 2002))"}]}]}]}]}, "JIT": {"Functions": 89, "Options": {"Inlining": true, "Optimization": true, "Expressions": true, "Deforming": true}}}]]], [[[{"Plan": {"Node Type": "Limit", "Parallel Aware": false, "Async Capable": false, "Startup Cost": 27011.18, "Total Cost": 27011.42, "Plan Rows": 98, "Plan Width": 291, "Plans": [{"Node Type": "Sort", "Parent Relationship": "Outer", "Parallel Aware": false, "Async Capable": false, "Startup Cost": 27011.18, "Total Cost": 27011.42, "Plan Rows": 98, "Plan Width": 291, "Sort Key": ["item.i_category", "item.i_class", "item.i_item_id", "item.i_item_desc", "((((sum(web_sales.ws_ext_sales_price)) * '100'::numeric) / sum((sum(web_sales.ws_ext_sales_price))) OVER (?)))"], "Plans": [{"Node Type": "WindowAgg", "Parent Relationship": "Outer", "Parallel Aware": false, "Async Capable": false, "Startup Cost": 27005.73, "Total Cost": 27007.94, "Plan Rows": 98, "Plan Width": 291, "Plans": [{"Node Type": "Sort", "Parent Relationship": "Outer", "Parallel Aware": false, "Async Capable": false, "Startup Cost": 27005.73, "Total Cost": 27005.98, "Plan Rows": 98, "Plan Width": 259, "Sort Key": ["item.i_class"], "Plans": [{"Node Type": "Aggregate", "Strategy": "Sorted", "Partial Mode": "Finalize", "Parent Relationship": "Outer", "Parallel Aware": false, "Async Capable": false, "Startup Cost": 26991.99, "Total Cost": 27002.49, "Plan Rows": 98, "Plan Width": 259, "Group Key": ["item.i_item_id", "item.i_item_desc", "item.i_category", "item.i_class", "item.i_current_price"], "Plans": [{"Node Type": "Gather Merge", "Parent Relationship": "Outer", "Parallel Aware": false, "Async Capable": false, "Startup Cost": 26991.99, "Total Cost": 27000.25, "Plan Rows": 58, "Plan Width": 259, "Workers Planned": 1, "Plans": [{"Node Type": "Aggregate", "Strategy": "Sorted", "Partial Mode": "Partial", "Parent Relationship": "Outer", "Parallel Aware": false, "Async Capable": false, "Startup Cost": 25991.98, "Total Cost": 25993.72, "Plan Rows": 58, "Plan Width": 259, "Group Key": ["item.i_item_id", "item.i_item_desc", "item.i_category", "item.i_class", "item.i_current_price"], "Plans": [{"Node Type": "Sort", "Parent Relationship": "Outer", "Parallel Aware": false, "Async Capable": false, "Startup Cost": 25991.98, "Total Cost": 25992.12, "Plan Rows": 58, "Plan Width": 233, "Sort Key": ["item.i_item_id", "item.i_item_desc", "item.i_category", "item.i_class", "item.i_current_price"], "Plans": [{"Node Type": "Hash Join", "Parent Relationship": "Outer", "Parallel Aware": true, "Async Capable": false, "Join Type": "Inner", "Startup Cost": 24602.85, "Total Cost": 25990.28, "Plan Rows": 58, "Plan Width": 233, "Inner Unique": false, "Hash Cond": "(item.i_item_sk = web_sales.ws_item_sk)", "Plans": [{"Node Type": "Seq Scan", "Parent Relationship": "Outer", "Parallel Aware": true, "Async Capable": false, "Relation Name": "item", "Alias": "item", "Startup Cost": 0.0, "Total Cost": 1375.59, "Plan Rows": 3092, "Plan Width": 231, "Filter": "(i_category = ANY ('{Jewelry,Sports,Books}'::bpchar[]))"}, {"Node Type": "Hash", "Parent Relationship": "Inner", "Parallel Aware": true, "Async Capable": false, "Startup Cost": 24601.1, "Total Cost": 24601.1, "Plan Rows": 140, "Plan Width": 10, "Plans": [{"Node Type": "Hash Join", "Parent Relationship": "Outer", "Parallel Aware": true, "Async Capable": false, "Join Type": "Inner", "Startup Cost": 2049.8, "Total Cost": 24601.1, "Plan Rows": 140, "Plan Width": 10, "Inner Unique": true, "Hash Cond": "(web_sales.ws_sold_date_sk = date_dim.d_date_sk)", "Plans": [{"Node Type": "Seq Scan", "Parent Relationship": "Outer", "Parallel Aware": true, "Async Capable": false, "Relation Name": "web_sales", "Alias": "web_sales", "Startup Cost": 0.0, "Total Cost": 21764.43, "Plan Rows": 299743, "Plan Width": 14}, {"Node Type": "Hash", "Parent Relationship": "Inner", "Parallel Aware": true, "Async Capable": false, "Startup Cost": 2049.55, "Total Cost": 2049.55, "Plan Rows": 20, "Plan Width": 4, "Plans": [{"Node Type": "Seq Scan", "Parent Relationship": "Outer", "Parallel Aware": true, "Async Capable": false, "Relation Name": "date_dim", "Alias": "date_dim", "Startup Cost": 0.0, "Total Cost": 2049.55, "Plan Rows": 20, "Plan Width": 4, "Filter": "((d_date >= '2001-01-12'::date) AND (d_date <= '2001-02-11 00:00:00'::timestamp without time zone))"}]}]}]}]}]}]}]}]}]}]}]}]}}]]], [[[{"Plan": {"Node Type": "Aggregate", "Strategy": "Plain", "Partial Mode": "Finalize", "Parallel Aware": false, "Async Capable": false, "Startup Cost": 146859.41, "Total Cost": 146859.42, "Plan Rows": 1, "Plan Width": 128, "Plans": [{"Node Type": "Gather", "Parent Relationship": "Outer", "Parallel Aware": false, "Async Capable": false, "Startup Cost": 146859.28, "Total Cost": 146859.39, "Plan Rows": 1, "Plan Width": 128, "Workers Planned": 1, "Single Copy": false, "Plans": [{"Node Type": "Aggregate", "Strategy": "Plain", "Partial Mode": "Partial", "Parent Relationship": "Outer", "Parallel Aware": false, "Async Capable": false, "Startup Cost": 145859.28, "Total Cost": 145859.29, "Plan Rows": 1, "Plan Width": 128, "Plans": [{"Node Type": "Hash Join", "Parent Relationship": "Outer", "Parallel Aware": true, "Async Capable": false, "Join Type": "Inner", "Startup Cost": 144047.1, "Total Cost": 145859.26, "Plan Rows": 1, "Plan Width": 16, "Inner Unique": false, "Hash Cond": "(customer_address.ca_address_sk = store_sales.ss_addr_sk)", "Join Filter": "(((customer_address.ca_state = ANY ('{CO,IL,MN}'::bpchar[])) AND (store_sales.ss_net_profit >= '100'::numeric) AND (store_sales.ss_net_profit <= '200'::numeric)) OR ((customer_address.ca_state = ANY ('{OH,MT,NM}'::bpchar[])) AND (store_sales.ss_net_profit >= '150'::numeric) AND (store_sales.ss_net_profit <= '300'::numeric)) OR ((customer_address.ca_state = ANY ('{TX,MO,MI}'::bpchar[])) AND (store_sales.ss_net_profit >= '50'::numeric) AND (store_sales.ss_net_profit <= '250'::numeric)))", "Plans": [{"Node Type": "Seq Scan", "Parent Relationship": "Outer", "Parallel Aware": true, "Async Capable": false, "Relation Name": "customer_address", "Alias": "customer_address", "Startup Cost": 0.0, "Total Cost": 1785.53, "Plan Rows": 7094, "Plan Width": 7, "Filter": "(((ca_country)::text = 'United States'::text) AND ((ca_state = ANY ('{CO,IL,MN}'::bpchar[])) OR (ca_state = ANY ('{OH,MT,NM}'::bpchar[])) OR (ca_state = ANY ('{TX,MO,MI}'::bpchar[]))))"}, {"Node Type": "Hash", "Parent Relationship": "Inner", "Parallel Aware": true, "Async Capable": false, "Startup Cost": 144047.08, "Total Cost": 144047.08, "Plan Rows": 1, "Plan Width": 26, "Plans": [{"Node Type": "Hash Join", "Parent Relationship": "Outer", "Parallel Aware": false, "Async Capable": false, "Join Type": "Inner", "Startup Cost": 101957.44, "Total Cost": 144047.08, "Plan Rows": 1, "Plan Width": 26, "Inner Unique": true, "Hash Cond": "(store_sales.ss_store_sk = store.s_store_sk)", "Plans": [{"Node Type": "Hash Join", "Parent Relationship": "Outer", "Parallel Aware": true, "Async Capable": false, "Join Type": "Inner", "Startup Cost": 101956.17, "Total Cost": 144045.81, "Plan Rows": 1, "Plan Width": 30, "Inner Unique": false, "Hash Cond": "(customer_demographics.cd_demo_sk = store_sales.ss_cdemo_sk)", "Join Filter": "(((customer_demographics.cd_marital_status = 'D'::bpchar) AND (customer_demographics.cd_education_status = '2 yr Degree'::bpchar) AND (store_sales.ss_sales_price >= 100.00) AND (store_sales.ss_sales_price <= 150.00) AND (household_demographics.hd_dep_count = 3)) OR ((customer_demographics.cd_marital_status = 'S'::bpchar) AND (customer_demographics.cd_education_status = 'Secondary'::bpchar) AND (store_sales.ss_sales_price >= 50.00) AND (store_sales.ss_sales_price <= 100.00) AND (household_demographics.hd_dep_count = 1)) OR ((customer_demographics.cd_marital_status = 'W'::bpchar) AND (customer_demographics.cd_education_status = 'Advanced Degree'::bpchar) AND (store_sales.ss_sales_price >= 150.00) AND (store_sales.ss_sales_price <= 200.00) AND (household_demographics.hd_dep_count = 1)))", "Plans": [{"Node Type": "Seq Scan", "Parent Relationship": "Outer", "Parallel Aware": true, "Async Capable": false, "Relation Name": "customer_demographics", "Alias": "customer_demographics", "Startup Cost": 0.0, "Total Cost": 41836.33, "Plan Rows": 67523, "Plan Width": 27, "Filter": "(((cd_marital_status = 'D'::bpchar) AND (cd_education_status = '2 yr Degree'::bpchar)) OR ((cd_marital_status = 'S'::bpchar) AND (cd_education_status = 'Secondary'::bpchar)) OR ((cd_marital_status = 'W'::bpchar) AND (cd_education_status = 'Advanced Degree'::bpchar)))"}, {"Node Type": "Hash", "Parent Relationship": "Inner", "Parallel Aware": true, "Async Capable": false, "Startup Cost": 101955.48, "Total Cost": 101955.48, "Plan Rows": 55, "Plan Width": 44, "Plans": [{"Node Type": "Hash Join", "Parent Relationship": "Outer", "Parallel Aware": false, "Async Capable": false, "Join Type": "Inner", "Startup Cost": 2148.19, "Total Cost": 101955.48, "Plan Rows": 55, "Plan Width": 44, "Inner Unique": true, "Hash Cond": "(store_sales.ss_hdemo_sk = household_demographics.hd_demo_sk)", "Plans": [{"Node Type": "Hash Join", "Parent Relationship": "Outer", "Parallel Aware": true, "Async Capable": false, "Join Type": "Inner", "Startup Cost": 1944.8, "Total Cost": 101751.57, "Plan Rows": 201, "Plan Width": 44, "Inner Unique": true, "Hash Cond": "(store_sales.ss_sold_date_sk = date_dim.d_date_sk)", "Plans": [{"Node Type": "Seq Scan", "Parent Relationship": "Outer", "Parallel Aware": true, "Async Capable": false, "Relation Name": "store_sales", "Alias": "store_sales", "Startup Cost": 0.0, "Total Cost": 99700.73, "Plan Rows": 40390, "Plan Width": 48, "Filter": "((((ss_sales_price >= 100.00) AND (ss_sales_price <= 150.00)) OR ((ss_sales_price >= 50.00) AND (ss_sales_price <= 100.00)) OR ((ss_sales_price >= 150.00) AND (ss_sales_price <= 200.00))) AND (((ss_net_profit >= '100'::numeric) AND (ss_net_profit <= '200'::numeric)) OR ((ss_net_profit >= '150'::numeric) AND (ss_net_profit <= '300'::numeric)) OR ((ss_net_profit >= '50'::numeric) AND (ss_net_profit <= '250'::numeric))))"}, {"Node Type": "Hash", "Parent Relationship": "Inner", "Parallel Aware": true, "Async Capable": false, "Startup Cost": 1942.12, "Total Cost": 1942.12, "Plan Rows": 214, "Plan Width": 4, "Plans": [{"Node Type": "Seq Scan", "Parent Relationship": "Outer", "Parallel Aware": true, "Async Capable": false, "Relation Name": "date_dim", "Alias": "date_dim", "Startup Cost": 0.0, "Total Cost": 1942.12, "Plan Rows": 214, "Plan Width": 4, "Filter": "(d_year = 2001)"}]}]}, {"Node Type": "Hash", "Parent Relationship": "Inner", "Parallel Aware": false, "Async Capable": false, "Startup Cost": 179.0, "Total Cost": 179.0, "Plan Rows": 1951, "Plan Width": 8, "Plans": [{"Node Type": "Seq Scan", "Parent Relationship": "Outer", "Parallel Aware": false, "Async Capable": false, "Relation Name": "household_demographics", "Alias": "household_demographics", "Startup Cost": 0.0, "Total Cost": 179.0, "Plan Rows": 1951, "Plan Width": 8, "Filter": "((hd_dep_count = 3) OR (hd_dep_count = 1) OR (hd_dep_count = 1))"}]}]}]}]}, {"Node Type": "Hash", "Parent Relationship": "Inner", "Parallel Aware": false, "Async Capable": false, "Startup Cost": 1.12, "Total Cost": 1.12, "Plan Rows": 12, "Plan Width": 4, "Plans": [{"Node Type": "Seq Scan", "Parent Relationship": "Outer", "Parallel Aware": false, "Async Capable": false, "Relation Name": "store", "Alias": "store", "Startup Cost": 0.0, "Total Cost": 1.12, "Plan Rows": 12, "Plan Width": 4}]}]}]}]}]}]}]}, "JIT": {"Functions": 61, "Options": {"Inlining": false, "Optimization": false, "Expressions": true, "Deforming": true}}}]]], [[[{"Plan": {"Node Type": "Limit", "Parallel Aware": false, "Async Capable": false, "Startup Cost": 450400.69, "Total Cost": 450400.94, "Plan Rows": 13, "Plan Width": 108, "Plans": [{"Node Type": "Hash Join", "Parent Relationship": "InitPlan", "Subplan Name": "CTE cross_items", "Parallel Aware": false, "Async Capable": false, "Join Type": "Inner", "Startup Cost": 157431.57, "Total Cost": 158983.32, "Plan Rows": 1, "Plan Width": 4, "Inner Unique": true, "Hash Cond": "((item_3.i_brand_id = tmp.brand_id) AND (item_3.i_class_id = tmp.class_id) AND (item_3.i_category_id = tmp.category_id))", "Plans": [{"Node Type": "Seq Scan", "Parent Relationship": "Outer", "Parallel Aware": false, "Async Capable": false, "Relation Name": "item", "Alias": "item_3", "Startup Cost": 0.0, "Total Cost": 1410.0, "Plan Rows": 18000, "Plan Width": 16}, {"Node Type": "Hash", "Parent Relationship": "Inner", "Parallel Aware": false, "Async Capable": false, "Startup Cost": 157400.07, "Total Cost": 157400.07, "Plan Rows": 1800, "Plan Width": 12, "Plans": [{"Node Type": "Subquery Scan", "Parent Relationship": "Outer", "Parallel Aware": false, "Async Capable": false, "Alias": "tmp", "Startup Cost": 4525.71, "Total Cost": 157400.07, "Plan Rows": 1800, "Plan Width": 12, "Plans": [{"Node Type": "SetOp", "Strategy": "Hashed", "Parent Relationship": "Subquery", "Parallel Aware": false, "Async Capable": false, "Command": "Intersect", "Startup Cost": 4525.71, "Total Cost": 157382.07, "Plan Rows": 1800, "Plan Width": 16, "Plans": [{"Node Type": "Append", "Parent Relationship": "Outer", "Parallel Aware": false, "Async Capable": false, "Startup Cost": 4525.71, "Total Cost": 157288.95, "Plan Rows": 12416, "Plan Width": 16, "Subplans Removed": 0, "Plans": [{"Node Type": "Result", "Parent Relationship": "Member", "Parallel Aware": false, "Async Capable": false, "Startup Cost": 4525.71, "Total Cost": 128787.45, "Plan Rows": 1800, "Plan Width": 16, "Plans": [{"Node Type": "SetOp", "Strategy": "Hashed", "Parent Relationship": "Outer", "Parallel Aware": false, "Async Capable": false, "Command": "Intersect", "Startup Cost": 4525.71, "Total Cost": 128769.45, "Plan Rows": 1800, "Plan Width": 16, "Plans": [{"Node Type": "Append", "Parent Relationship": "Outer", "Parallel Aware": false, "Async Capable": false, "Startup Cost": 4525.71, "Total Cost": 128291.12, "Plan Rows": 63777, "Plan Width": 16, "Subplans Removed": 0, "Plans": [{"Node Type": "Subquery Scan", "Parent Relationship": "Member", "Parallel Aware": false, "Async Capable": false, "Alias": "*SELECT* 1", "Startup Cost": 4525.71, "Total Cost": 76095.43, "Plan Rows": 42505, "Plan Width": 16, "Plans": [{"Node Type": "Gather", "Parent Relationship": "Subquery", "Parallel Aware": false, "Async Capable": false, "Startup Cost": 4525.71, "Total Cost": 75670.38, "Plan Rows": 42505, "Plan Width": 12, "Workers Planned": 2, "Single Copy": false, "Plans": [{"Node Type": "Hash Join", "Parent Relationship": "Outer", "Parallel Aware": true, "Async Capable": false, "Join Type": "Inner", "Startup Cost": 3525.71, "Total Cost": 70419.88, "Plan Rows": 17710, "Plan Width": 12, "Inner Unique": true, "Hash Cond": "(store_sales_1.ss_item_sk = iss.i_item_sk)", "Plans": [{"Node Type": "Hash Join", "Parent Relationship": "Outer", "Parallel Aware": true, "Async Capable": false, "Join Type": "Inner", "Startup Cost": 2057.48, "Total Cost": 68905.15, "Plan Rows": 17710, "Plan Width": 4, "Inner Unique": true, "Hash Cond": "(store_sales_1.ss_sold_date_sk = d1.d_date_sk)", "Plans": [{"Node Type": "Seq Scan", "Parent Relationship": "Outer", "Parallel Aware": true, "Async Capable": false, "Relation Name": "store_sales", "Alias": "store_sales_1", "Startup Cost": 0.0, "Total Cost": 63697.18, "Plan Rows": 1200118, "Plan Width": 8}, {"Node Type": "Hash", "Parent Relationship": "Inner", "Parallel Aware": true, "Async Capable": false, "Startup Cost": 2049.55, "Total Cost": 2049.55, "Plan Rows": 634, "Plan Width": 4, "Plans": [{"Node Type": "Seq Scan", "Parent Relationship": "Outer", "Parallel Aware": true, "Async Capable": false, "Relation Name": "date_dim", "Alias": "d1", "Startup Cost": 0.0, "Total Cost": 2049.55, "Plan Rows": 634, "Plan Width": 4, "Filter": "((d_year >= 1998) AND (d_year <= 2000))"}]}]}, {"Node Type": "Hash", "Parent Relationship": "Inner", "Parallel Aware": true, "Async Capable": false, "Startup Cost": 1335.88, "Total Cost": 1335.88, "Plan Rows": 10588, "Plan Width": 16, "Plans": [{"Node Type": "Seq Scan", "Parent Relationship": "Outer", "Parallel Aware": true, "Async Capable": false, "Relation Name": "item", "Alias": "iss", "Startup Cost": 0.0, "Total Cost": 1335.88, "Plan Rows": 10588, "Plan Width": 16}]}]}]}]}, {"Node Type": "Subquery Scan", "Parent Relationship": "Member", "Parallel Aware": false, "Async Capable": false, "Alias": "*SELECT* 2", "Startup Cost": 4525.71, "Total Cost": 51876.81, "Plan Rows": 21272, "Plan Width": 16, "Plans": [{"Node Type": "Gather", "Parent Relationship": "Subquery", "Parallel Aware": false, "Async Capable": false, "Startup Cost": 4525.71, "Total Cost": 51664.09, "Plan Rows": 21272, "Plan Width": 12, "Workers Planned": 2, "Single Copy": false, "Plans": [{"Node Type": "Hash Join", "Parent Relationship": "Outer", "Parallel Aware": true, "Async Capable": false, "Join Type": "Inner", "Startup Cost": 3525.71, "Total Cost": 48536.89, "Plan Rows": 8863, "Plan Width": 12, "Inner Unique": true, "Hash Cond": "(catalog_sales_1.cs_item_sk = ics.i_item_sk)", "Plans": [{"Node Type": "Hash Join", "Parent Relationship": "Outer", "Parallel Aware": true, "Async Capable": false, "Join Type": "Inner", "Startup Cost": 2057.48, "Total Cost": 47045.39, "Plan Rows": 8863, "Plan Width": 4, "Inner Unique": true, "Hash Cond": "(catalog_sales_1.cs_sold_date_sk = d2.d_date_sk)", "Plans": [{"Node Type": "Seq Scan", "Parent Relationship": "Outer", "Parallel Aware": true, "Async Capable": false, "Relation Name": "catalog_sales", "Alias": "catalog_sales_1", "Startup Cost": 0.0, "Total Cost": 43411.2, "Plan Rows": 600620, "Plan Width": 8}, {"Node Type": "Hash", "Parent Relationship": "Inner", "Parallel Aware": true, "Async Capable": false, "Startup Cost": 2049.55, "Total Cost": 2049.55, "Plan Rows": 634, "Plan Width": 4, "Plans": [{"Node Type": "Seq Scan", "Parent Relationship": "Outer", "Parallel Aware": true, "Async Capable": false, "Relation Name": "date_dim", "Alias": "d2", "Startup Cost": 0.0, "Total Cost": 2049.55, "Plan Rows": 634, "Plan Width": 4, "Filter": "((d_year >= 1998) AND (d_year <= 2000))"}]}]}, {"Node Type": "Hash", "Parent Relationship": "Inner", "Parallel Aware": true, "Async Capable": false, "Startup Cost": 1335.88, "Total Cost": 1335.88, "Plan Rows": 10588, "Plan Width": 16, "Plans": [{"Node Type": "Seq Scan", "Parent Relationship": "Outer", "Parallel Aware": true, "Async Capable": false, "Relation Name": "item", "Alias": "ics", "Startup Cost": 0.0, "Total Cost": 1335.88, "Plan Rows": 10588, "Plan Width": 16}]}]}]}]}]}]}]}, {"Node Type": "Subquery Scan", "Parent Relationship": "Member", "Parallel Aware": false, "Async Capable": false, "Alias": "*SELECT* 3", "Startup Cost": 4692.48, "Total Cost": 28439.42, "Plan Rows": 10616, "Plan Width": 16, "Plans": [{"Node Type": "Hash Join", "Parent Relationship": "Subquery", "Parallel Aware": false, "Async Capable": false, "Join Type": "Inner", "Startup Cost": 4692.48, "Total Cost": 28333.26, "Plan Rows": 10616, "Plan Width": 12, "Inner Unique": true, "Hash Cond": "(web_sales_1.ws_item_sk = iws.i_item_sk)", "Plans": [{"Node Type": "Gather", "Parent Relationship": "Outer", "Parallel Aware": false, "Async Capable": false, "Startup Cost": 3057.48, "Total Cost": 26670.38, "Plan Rows": 10616, "Plan Width": 4, "Workers Planned": 2, "Single Copy": false, "Plans": [{"Node Type": "Hash Join", "Parent Relationship": "Outer", "Parallel Aware": true, "Async Capable": false, "Join Type": "Inner", "Startup Cost": 2057.48, "Total Cost": 24608.78, "Plan Rows": 4423, "Plan Width": 4, "Inner Unique": true, "Hash Cond": "(web_sales_1.ws_sold_date_sk = d3.d_date_sk)", "Plans": [{"Node Type": "Seq Scan", "Parent Relationship": "Outer", "Parallel Aware": true, "Async Capable": false, "Relation Name": "web_sales", "Alias": "web_sales_1", "Startup Cost": 0.0, "Total Cost": 21764.43, "Plan Rows": 299743, "Plan Width": 8}, {"Node Type": "Hash", "Parent Relationship": "Inner", "Parallel Aware": true, "Async Capable": false, "Startup Cost": 2049.55, "Total Cost": 2049.55, "Plan Rows": 634, "Plan Width": 4, "Plans": [{"Node Type": "Seq Scan", "Parent Relationship": "Outer", "Parallel Aware": true, "Async Capable": false, "Relation Name": "date_dim", "Alias": "d3", "Startup Cost": 0.0, "Total Cost": 2049.55, "Plan Rows": 634, "Plan Width": 4, "Filter": "((d_year >= 1998) AND (d_year <= 2000))"}]}]}]}, {"Node Type": "Hash", "Parent Relationship": "Inner", "Parallel Aware": false, "Async Capable": false, "Startup Cost": 1410.0, "Total Cost": 1410.0, "Plan Rows": 18000, "Plan Width": 16, "Plans": [{"Node Type": "Seq Scan", "Parent Relationship": "Outer", "Parallel Aware": false, "Async Capable": false, "Relation Name": "item", "Alias": "iws", "Startup Cost": 0.0, "Total Cost": 1410.0, "Plan Rows": 18000, "Plan Width": 16}]}]}]}]}]}]}]}]}, {"Node Type": "Aggregate", "Strategy": "Plain", "Partial Mode": "Finalize", "Parent Relationship": "InitPlan", "Subplan Name": "CTE avg_sales", "Parallel Aware": false, "Async Capable": false, "Startup Cost": 143233.38, "Total Cost": 143233.39, "Plan Rows": 1, "Plan Width": 32, "Plans": [{"Node Type": "Gather", "Parent Relationship": "Outer", "Parallel Aware": false, "Async Capable": false, "Startup Cost": 143233.16, "Total Cost": 143233.37, "Plan Rows": 2, "Plan Width": 32, "Workers Planned": 2, "Single Copy": false, "Plans": [{"Node Type": "Aggregate", "Strategy": "Plain", "Partial Mode": "Partial", "Parent Relationship": "Outer", "Parallel Aware": false, "Async Capable": false, "Startup Cost": 142233.16, "Total Cost": 142233.17, "Plan Rows": 1, "Plan Width": 32, "Plans": [{"Node Type": "Append", "Parent Relationship": "Outer", "Parallel Aware": true, "Async Capable": false, "Startup Cost": 2057.48, "Total Cost": 141675.21, "Plan Rows": 74393, "Plan Width": 10, "Subplans Removed": 0, "Plans": [{"Node Type": "Hash Join", "Parent Relationship": "Member", "Parallel Aware": true, "Async Capable": false, "Join Type": "Inner", "Startup Cost": 2057.48, "Total Cost": 68905.15, "Plan Rows": 17710, "Plan Width": 10, "Inner Unique": true, "Hash Cond": "(store_sales_2.ss_sold_date_sk = date_dim_3.d_date_sk)", "Plans": [{"Node Type": "Seq Scan", "Parent Relationship": "Outer", "Parallel Aware": true, "Async Capable": false, "Relation Name": "store_sales", "Alias": "store_sales_2", "Startup Cost": 0.0, "Total Cost": 63697.18, "Plan Rows": 1200118, "Plan Width": 14}, {"Node Type": "Hash", "Parent Relationship": "Inner", "Parallel Aware": true, "Async Capable": false, "Startup Cost": 2049.55, "Total Cost": 2049.55, "Plan Rows": 634, "Plan Width": 4, "Plans": [{"Node Type": "Seq Scan", "Parent Relationship": "Outer", "Parallel Aware": true, "Async Capable": false, "Relation Name": "date_dim", "Alias": "date_dim_3", "Startup Cost": 0.0, "Total Cost": 2049.55, "Plan Rows": 634, "Plan Width": 4, "Filter": "((d_year >= 1998) AND (d_year <= 2000))"}]}]}, {"Node Type": "Hash Join", "Parent Relationship": "Member", "Parallel Aware": true, "Async Capable": false, "Join Type": "Inner", "Startup Cost": 2057.48, "Total Cost": 47045.39, "Plan Rows": 8863, "Plan Width": 10, "Inner Unique": true, "Hash Cond": "(catalog_sales_2.cs_sold_date_sk = date_dim_4.d_date_sk)", "Plans": [{"Node Type": "Seq Scan", "Parent Relationship": "Outer", "Parallel Aware": true, "Async Capable": false, "Relation Name": "catalog_sales", "Alias": "catalog_sales_2", "Startup Cost": 0.0, "Total Cost": 43411.2, "Plan Rows": 600620, "Plan Width": 14}, {"Node Type": "Hash", "Parent Relationship": "Inner", "Parallel Aware": true, "Async Capable": false, "Startup Cost": 2049.55, "Total Cost": 2049.55, "Plan Rows": 634, "Plan Width": 4, "Plans": [{"Node Type": "Seq Scan", "Parent Relationship": "Outer", "Parallel Aware": true, "Async Capable": false, "Relation Name": "date_dim", "Alias": "date_dim_4", "Startup Cost": 0.0, "Total Cost": 2049.55, "Plan Rows": 634, "Plan Width": 4, "Filter": "((d_year >= 1998) AND (d_year <= 2000))"}]}]}, {"Node Type": "Hash Join", "Parent Relationship": "Member", "Parallel Aware": true, "Async Capable": false, "Join Type": "Inner", "Startup Cost": 2057.48, "Total Cost": 24608.78, "Plan Rows": 4423, "Plan Width": 10, "Inner Unique": true, "Hash Cond": "(web_sales_2.ws_sold_date_sk = date_dim_5.d_date_sk)", "Plans": [{"Node Type": "Seq Scan", "Parent Relationship": "Outer", "Parallel Aware": true, "Async Capable": false, "Relation Name": "web_sales", "Alias": "web_sales_2", "Startup Cost": 0.0, "Total Cost": 21764.43, "Plan Rows": 299743, "Plan Width": 14}, {"Node Type": "Hash", "Parent Relationship": "Inner", "Parallel Aware": true, "Async Capable": false, "Startup Cost": 2049.55, "Total Cost": 2049.55, "Plan Rows": 634, "Plan Width": 4, "Plans": [{"Node Type": "Seq Scan", "Parent Relationship": "Outer", "Parallel Aware": true, "Async Capable": false, "Relation Name": "date_dim", "Alias": "date_dim_5", "Startup Cost": 0.0, "Total Cost": 2049.55, "Plan Rows": 634, "Plan Width": 4, "Filter": "((d_year >= 1998) AND (d_year <= 2000))"}]}]}]}]}]}]}, {"Node Type": "Aggregate", "Strategy": "Sorted", "Partial Mode": "Simple", "Parent Relationship": "Outer", "Parallel Aware": false, "Async Capable": false, "Startup Cost": 148183.98, "Total Cost": 148184.23, "Plan Rows": 13, "Plan Width": 108, "Grouping Sets": [{"Group Keys": [["('store'::text)", "item.i_brand_id", "item.i_class_id", "item.i_category_id"], ["('store'::text)", "item.i_brand_id", "item.i_class_id"], ["('store'::text)", "item.i_brand_id"], ["('store'::text)"], []]}], "Plans": [{"Node Type": "Sort", "Parent Relationship": "Outer", "Parallel Aware": false, "Async Capable": false, "Startup Cost": 148183.98, "Total Cost": 148183.99, "Plan Rows": 3, "Plan Width": 84, "Sort Key": ["('store'::text)", "item.i_brand_id", "item.i_class_id", "item.i_category_id"], "Plans": [{"Node Type": "Append", "Parent Relationship": "Outer", "Parallel Aware": false, "Async Capable": false, "Startup Cost": 71497.79, "Total Cost": 148183.96, "Plan Rows": 3, "Plan Width": 84, "Subplans Removed": 0, "Plans": [{"Node Type": "Aggregate", "Strategy": "Sorted", "Partial Mode": "Simple", "Parent Relationship": "Member", "Parallel Aware": false, "Async Capable": false, "Startup Cost": 71497.79, "Total Cost": 71497.83, "Plan Rows": 1, "Plan Width": 84, "Group Key": ["item.i_brand_id", "item.i_class_id", "item.i_category_id"], "Filter": "(sum(((store_sales.ss_quantity)::numeric * store_sales.ss_list_price)) > $6)", "Plans": [{"Node Type": "CTE Scan", "Parent Relationship": "InitPlan", "Subplan Name": "InitPlan 3 (returns $6)", "Parallel Aware": false, "Async Capable": false, "CTE Name": "avg_sales", "Alias": "avg_sales", "Startup Cost": 0.0, "Total Cost": 0.02, "Plan Rows": 1, "Plan Width": 32}, {"Node Type": "Sort", "Parent Relationship": "Outer", "Parallel Aware": false, "Async Capable": false, "Startup Cost": 71497.77, "Total Cost": 71497.77, "Plan Rows": 1, "Plan Width": 22, "Sort Key": ["item.i_brand_id", "item.i_class_id", "item.i_category_id"], "Plans": [{"Node Type": "Hash Join", "Parent Relationship": "Outer", "Parallel Aware": false, "Async Capable": false, "Join Type": "Inner", "Startup Cost": 4527.34, "Total Cost": 71497.76, "Plan Rows": 1, "Plan Width": 22, "Inner Unique": false, "Hash Cond": "(store_sales.ss_item_sk = item.i_item_sk)", "Plans": [{"Node Type": "Gather", "Parent Relationship": "Outer", "Parallel Aware": false, "Async Capable": false, "Startup Cost": 3049.78, "Total Cost": 70015.75, "Plan Rows": 1183, "Plan Width": 14, "Workers Planned": 2, "Single Copy": false, "Plans": [{"Node Type": "Hash Join", "Parent Relationship": "Outer", "Parallel Aware": true, "Async Capable": false, "Join Type": "Inner", "Startup Cost": 2049.78, "Total Cost": 68897.45, "Plan Rows": 493, "Plan Width": 14, "Inner Unique": true, "Hash Cond": "(store_sales.ss_sold_date_sk = date_dim.d_date_sk)", "Plans": [{"Node Type": "Seq Scan", "Parent Relationship": "Outer", "Parallel Aware": true, "Async Capable": false, "Relation Name": "store_sales", "Alias": "store_sales", "Startup Cost": 0.0, "Total Cost": 63697.18, "Plan Rows": 1200118, "Plan Width": 18}, {"Node Type": "Hash", "Parent Relationship": "Inner", "Parallel Aware": true, "Async Capable": false, "Startup Cost": 2049.55, "Total Cost": 2049.55, "Plan Rows": 18, "Plan Width": 4, "Plans": [{"Node Type": "Seq Scan", "Parent Relationship": "Outer", "Parallel Aware": true, "Async Capable": false, "Relation Name": "date_dim", "Alias": "date_dim", "Startup Cost": 0.0, "Total Cost": 2049.55, "Plan Rows": 18, "Plan Width": 4, "Filter": "((d_year = 2000) AND (d_moy = 11))"}]}]}]}, {"Node Type": "Hash", "Parent Relationship": "Inner", "Parallel Aware": false, "Async Capable": false, "Startup Cost": 1477.56, "Total Cost": 1477.56, "Plan Rows": 1, "Plan Width": 20, "Plans": [{"Node Type": "Hash Join", "Parent Relationship": "Outer", "Parallel Aware": false, "Async Capable": false, "Join Type": "Inner", "Startup Cost": 0.04, "Total Cost": 1477.56, "Plan Rows": 1, "Plan Width": 20, "Inner Unique": false, "Hash Cond": "(item.i_item_sk = cross_items.ss_item_sk)", "Plans": [{"Node Type": "Seq Scan", "Parent Relationship": "Outer", "Parallel Aware": false, "Async Capable": false, "Relation Name": "item", "Alias": "item", "Startup Cost": 0.0, "Total Cost": 1410.0, "Plan Rows": 18000, "Plan Width": 16}, {"Node Type": "Hash", "Parent Relationship": "Inner", "Parallel Aware": false, "Async Capable": false, "Startup Cost": 0.03, "Total Cost": 0.03, "Plan Rows": 1, "Plan Width": 4, "Plans": [{"Node Type": "Aggregate", "Strategy": "Hashed", "Partial Mode": "Simple", "Parent Relationship": "Outer", "Parallel Aware": false, "Async Capable": false, "Startup Cost": 0.02, "Total Cost": 0.03, "Plan Rows": 1, "Plan Width": 4, "Group Key": ["cross_items.ss_item_sk"], "Planned Partitions": 0, "Plans": [{"Node Type": "CTE Scan", "Parent Relationship": "Outer", "Parallel Aware": false, "Async Capable": false, "CTE Name": "cross_items", "Alias": "cross_items", "Startup Cost": 0.0, "Total Cost": 0.02, "Plan Rows": 1, "Plan Width": 4}]}]}]}]}]}]}]}, {"Node Type": "Aggregate", "Strategy": "Sorted", "Partial Mode": "Simple", "Parent Relationship": "Member", "Parallel Aware": false, "Async Capable": false, "Startup Cost": 49576.72, "Total Cost": 49576.76, "Plan Rows": 1, "Plan Width": 84, "Group Key": ["item_1.i_brand_id", "item_1.i_class_id", "item_1.i_category_id"], "Filter": "(sum(((catalog_sales.cs_quantity)::numeric * catalog_sales.cs_list_price)) > $7)", "Plans": [{"Node Type": "CTE Scan", "Parent Relationship": "InitPlan", "Subplan Name": "InitPlan 4 (returns $7)", "Parallel Aware": false, "Async Capable": false, "CTE Name": "avg_sales", "Alias": "avg_sales_1", "Startup Cost": 0.0, "Total Cost": 0.02, "Plan Rows": 1, "Plan Width": 32}, {"Node Type": "Sort", "Parent Relationship": "Outer", "Parallel Aware": false, "Async Capable": false, "Startup Cost": 49576.7, "Total Cost": 49576.7, "Plan Rows": 1, "Plan Width": 22, "Sort Key": ["item_1.i_brand_id", "item_1.i_class_id", "item_1.i_category_id"], "Plans": [{"Node Type": "Hash Join", "Parent Relationship": "Outer", "Parallel Aware": false, "Async Capable": false, "Join Type": "Inner", "Startup Cost": 4527.34, "Total Cost": 49576.69, "Plan Rows": 1, "Plan Width": 22, "Inner Unique": false, "Hash Cond": "(catalog_sales.cs_item_sk = item_1.i_item_sk)", "Plans": [{"Node Type": "Gather", "Parent Relationship": "Outer", "Parallel Aware": false, "Async Capable": false, "Startup Cost": 3049.78, "Total Cost": 48096.89, "Plan Rows": 592, "Plan Width": 14, "Workers Planned": 2, "Single Copy": false, "Plans": [{"Node Type": "Hash Join", "Parent Relationship": "Outer", "Parallel Aware": true, "Async Capable": false, "Join Type": "Inner", "Startup Cost": 2049.78, "Total Cost": 47037.69, "Plan Rows": 247, "Plan Width": 14, "Inner Unique": true, "Hash Cond": "(catalog_sales.cs_sold_date_sk = date_dim_1.d_date_sk)", "Plans": [{"Node Type": "Seq Scan", "Parent Relationship": "Outer", "Parallel Aware": true, "Async Capable": false, "Relation Name": "catalog_sales", "Alias": "catalog_sales", "Startup Cost": 0.0, "Total Cost": 43411.2, "Plan Rows": 600620, "Plan Width": 18}, {"Node Type": "Hash", "Parent Relationship": "Inner", "Parallel Aware": true, "Async Capable": false, "Startup Cost": 2049.55, "Total Cost": 2049.55, "Plan Rows": 18, "Plan Width": 4, "Plans": [{"Node Type": "Seq Scan", "Parent Relationship": "Outer", "Parallel Aware": true, "Async Capable": false, "Relation Name": "date_dim", "Alias": "date_dim_1", "Startup Cost": 0.0, "Total Cost": 2049.55, "Plan Rows": 18, "Plan Width": 4, "Filter": "((d_year = 2000) AND (d_moy = 11))"}]}]}]}, {"Node Type": "Hash", "Parent Relationship": "Inner", "Parallel Aware": false, "Async Capable": false, "Startup Cost": 1477.56, "Total Cost": 1477.56, "Plan Rows": 1, "Plan Width": 20, "Plans": [{"Node Type": "Hash Join", "Parent Relationship": "Outer", "Parallel Aware": false, "Async Capable": false, "Join Type": "Inner", "Startup Cost": 0.04, "Total Cost": 1477.56, "Plan Rows": 1, "Plan Width": 20, "Inner Unique": false, "Hash Cond": "(item_1.i_item_sk = cross_items_1.ss_item_sk)", "Plans": [{"Node Type": "Seq Scan", "Parent Relationship": "Outer", "Parallel Aware": false, "Async Capable": false, "Relation Name": "item", "Alias": "item_1", "Startup Cost": 0.0, "Total Cost": 1410.0, "Plan Rows": 18000, "Plan Width": 16}, {"Node Type": "Hash", "Parent Relationship": "Inner", "Parallel Aware": false, "Async Capable": false, "Startup Cost": 0.03, "Total Cost": 0.03, "Plan Rows": 1, "Plan Width": 4, "Plans": [{"Node Type": "Aggregate", "Strategy": "Hashed", "Partial Mode": "Simple", "Parent Relationship": "Outer", "Parallel Aware": false, "Async Capable": false, "Startup Cost": 0.02, "Total Cost": 0.03, "Plan Rows": 1, "Plan Width": 4, "Group Key": ["cross_items_1.ss_item_sk"], "Planned Partitions": 0, "Plans": [{"Node Type": "CTE Scan", "Parent Relationship": "Outer", "Parallel Aware": false, "Async Capable": false, "CTE Name": "cross_items", "Alias": "cross_items_1", "Startup Cost": 0.0, "Total Cost": 0.02, "Plan Rows": 1, "Plan Width": 4}]}]}]}]}]}]}]}, {"Node Type": "Aggregate", "Strategy": "Sorted", "Partial Mode": "Simple", "Parent Relationship": "Member", "Parallel Aware": false, "Async Capable": false, "Startup Cost": 27109.29, "Total Cost": 27109.33, "Plan Rows": 1, "Plan Width": 84, "Group Key": ["item_2.i_brand_id", "item_2.i_class_id", "item_2.i_category_id"], "Filter": "(sum(((web_sales.ws_quantity)::numeric * web_sales.ws_list_price)) > $8)", "Plans": [{"Node Type": "CTE Scan", "Parent Relationship": "InitPlan", "Subplan Name": "InitPlan 5 (returns $8)", "Parallel Aware": false, "Async Capable": false, "CTE Name": "avg_sales", "Alias": "avg_sales_2", "Startup Cost": 0.0, "Total Cost": 0.02, "Plan Rows": 1, "Plan Width": 32}, {"Node Type": "Sort", "Parent Relationship": "Outer", "Parallel Aware": false, "Async Capable": false, "Startup Cost": 27109.27, "Total Cost": 27109.28, "Plan Rows": 1, "Plan Width": 22, "Sort Key": ["item_2.i_brand_id", "item_2.i_class_id", "item_2.i_category_id"], "Plans": [{"Node Type": "Hash Join", "Parent Relationship": "Outer", "Parallel Aware": false, "Async Capable": false, "Join Type": "Inner", "Startup Cost": 4527.34, "Total Cost": 27109.26, "Plan Rows": 1, "Plan Width": 22, "Inner Unique": false, "Hash Cond": "(web_sales.ws_item_sk = item_2.i_item_sk)", "Plans": [{"Node Type": "Gather", "Parent Relationship": "Outer", "Parallel Aware": false, "Async Capable": false, "Startup Cost": 3049.78, "Total Cost": 25630.58, "Plan Rows": 295, "Plan Width": 14, "Workers Planned": 2, "Single Copy": false, "Plans": [{"Node Type": "Hash Join", "Parent Relationship": "Outer", "Parallel Aware": true, "Async Capable": false, "Join Type": "Inner", "Startup Cost": 2049.78, "Total Cost": 24601.08, "Plan Rows": 123, "Plan Width": 14, "Inner Unique": true, "Hash Cond": "(web_sales.ws_sold_date_sk = date_dim_2.d_date_sk)", "Plans": [{"Node Type": "Seq Scan", "Parent Relationship": "Outer", "Parallel Aware": true, "Async Capable": false, "Relation Name": "web_sales", "Alias": "web_sales", "Startup Cost": 0.0, "Total Cost": 21764.43, "Plan Rows": 299743, "Plan Width": 18}, {"Node Type": "Hash", "Parent Relationship": "Inner", "Parallel Aware": true, "Async Capable": false, "Startup Cost": 2049.55, "Total Cost": 2049.55, "Plan Rows": 18, "Plan Width": 4, "Plans": [{"Node Type": "Seq Scan", "Parent Relationship": "Outer", "Parallel Aware": true, "Async Capable": false, "Relation Name": "date_dim", "Alias": "date_dim_2", "Startup Cost": 0.0, "Total Cost": 2049.55, "Plan Rows": 18, "Plan Width": 4, "Filter": "((d_year = 2000) AND (d_moy = 11))"}]}]}]}, {"Node Type": "Hash", "Parent Relationship": "Inner", "Parallel Aware": false, "Async Capable": false, "Startup Cost": 1477.56, "Total Cost": 1477.56, "Plan Rows": 1, "Plan Width": 20, "Plans": [{"Node Type": "Hash Join", "Parent Relationship": "Outer", "Parallel Aware": false, "Async Capable": false, "Join Type": "Inner", "Startup Cost": 0.04, "Total Cost": 1477.56, "Plan Rows": 1, "Plan Width": 20, "Inner Unique": false, "Hash Cond": "(item_2.i_item_sk = cross_items_2.ss_item_sk)", "Plans": [{"Node Type": "Seq Scan", "Parent Relationship": "Outer", "Parallel Aware": false, "Async Capable": false, "Relation Name": "item", "Alias": "item_2", "Startup Cost": 0.0, "Total Cost": 1410.0, "Plan Rows": 18000, "Plan Width": 16}, {"Node Type": "Hash", "Parent Relationship": "Inner", "Parallel Aware": false, "Async Capable": false, "Startup Cost": 0.03, "Total Cost": 0.03, "Plan Rows": 1, "Plan Width": 4, "Plans": [{"Node Type": "Aggregate", "Strategy": "Hashed", "Partial Mode": "Simple", "Parent Relationship": "Outer", "Parallel Aware": false, "Async Capable": false, "Startup Cost": 0.02, "Total Cost": 0.03, "Plan Rows": 1, "Plan Width": 4, "Group Key": ["cross_items_2.ss_item_sk"], "Planned Partitions": 0, "Plans": [{"Node Type": "CTE Scan", "Parent Relationship": "Outer", "Parallel Aware": false, "Async Capable": false, "CTE Name": "cross_items", "Alias": "cross_items_2", "Startup Cost": 0.0, "Total Cost": 0.02, "Plan Rows": 1, "Plan Width": 4}]}]}]}]}]}]}]}]}]}]}]}, "JIT": {"Functions": 244, "Options": {"Inlining": false, "Optimization": false, "Expressions": true, "Deforming": true}}}]], [[{"Plan": {"Node Type": "Limit", "Parallel Aware": false, "Async Capable": false, "Startup Cost": 450175.73, "Total Cost": 450175.74, "Plan Rows": 1, "Plan Width": 168, "Plans": [{"Node Type": "Hash Join", "Parent Relationship": "InitPlan", "Subplan Name": "CTE cross_items", "Parallel Aware": false, "Async Capable": false, "Join Type": "Inner", "Startup Cost": 157431.57, "Total Cost": 158983.32, "Plan Rows": 1, "Plan Width": 4, "Inner Unique": true, "Hash Cond": "((item_2.i_brand_id = x.brand_id) AND (item_2.i_class_id = x.class_id) AND (item_2.i_category_id = x.category_id))", "Plans": [{"Node Type": "Seq Scan", "Parent Relationship": "Outer", "Parallel Aware": false, "Async Capable": false, "Relation Name": "item", "Alias": "item_2", "Startup Cost": 0.0, "Total Cost": 1410.0, "Plan Rows": 18000, "Plan Width": 16}, {"Node Type": "Hash", "Parent Relationship": "Inner", "Parallel Aware": false, "Async Capable": false, "Startup Cost": 157400.07, "Total Cost": 157400.07, "Plan Rows": 1800, "Plan Width": 12, "Plans": [{"Node Type": "Subquery Scan", "Parent Relationship": "Outer", "Parallel Aware": false, "Async Capable": false, "Alias": "x", "Startup Cost": 4525.71, "Total Cost": 157400.07, "Plan Rows": 1800, "Plan Width": 12, "Plans": [{"Node Type": "SetOp", "Strategy": "Hashed", "Parent Relationship": "Subquery", "Parallel Aware": false, "Async Capable": false, "Command": "Intersect", "Startup Cost": 4525.71, "Total Cost": 157382.07, "Plan Rows": 1800, "Plan Width": 16, "Plans": [{"Node Type": "Append", "Parent Relationship": "Outer", "Parallel Aware": false, "Async Capable": false, "Startup Cost": 4525.71, "Total Cost": 157288.95, "Plan Rows": 12416, "Plan Width": 16, "Subplans Removed": 0, "Plans": [{"Node Type": "Result", "Parent Relationship": "Member", "Parallel Aware": false, "Async Capable": false, "Startup Cost": 4525.71, "Total Cost": 128787.45, "Plan Rows": 1800, "Plan Width": 16, "Plans": [{"Node Type": "SetOp", "Strategy": "Hashed", "Parent Relationship": "Outer", "Parallel Aware": false, "Async Capable": false, "Command": "Intersect", "Startup Cost": 4525.71, "Total Cost": 128769.45, "Plan Rows": 1800, "Plan Width": 16, "Plans": [{"Node Type": "Append", "Parent Relationship": "Outer", "Parallel Aware": false, "Async Capable": false, "Startup Cost": 4525.71, "Total Cost": 128291.12, "Plan Rows": 63777, "Plan Width": 16, "Subplans Removed": 0, "Plans": [{"Node Type": "Subquery Scan", "Parent Relationship": "Member", "Parallel Aware": false, "Async Capable": false, "Alias": "*SELECT* 1", "Startup Cost": 4525.71, "Total Cost": 76095.43, "Plan Rows": 42505, "Plan Width": 16, "Plans": [{"Node Type": "Gather", "Parent Relationship": "Subquery", "Parallel Aware": false, "Async Capable": false, "Startup Cost": 4525.71, "Total Cost": 75670.38, "Plan Rows": 42505, "Plan Width": 12, "Workers Planned": 2, "Single Copy": false, "Plans": [{"Node Type": "Hash Join", "Parent Relationship": "Outer", "Parallel Aware": true, "Async Capable": false, "Join Type": "Inner", "Startup Cost": 3525.71, "Total Cost": 70419.88, "Plan Rows": 17710, "Plan Width": 12, "Inner Unique": true, "Hash Cond": "(store_sales_2.ss_item_sk = iss.i_item_sk)", "Plans": [{"Node Type": "Hash Join", "Parent Relationship": "Outer", "Parallel Aware": true, "Async Capable": false, "Join Type": "Inner", "Startup Cost": 2057.48, "Total Cost": 68905.15, "Plan Rows": 17710, "Plan Width": 4, "Inner Unique": true, "Hash Cond": "(store_sales_2.ss_sold_date_sk = d1.d_date_sk)", "Plans": [{"Node Type": "Seq Scan", "Parent Relationship": "Outer", "Parallel Aware": true, "Async Capable": false, "Relation Name": "store_sales", "Alias": "store_sales_2", "Startup Cost": 0.0, "Total Cost": 63697.18, "Plan Rows": 1200118, "Plan Width": 8}, {"Node Type": "Hash", "Parent Relationship": "Inner", "Parallel Aware": true, "Async Capable": false, "Startup Cost": 2049.55, "Total Cost": 2049.55, "Plan Rows": 634, "Plan Width": 4, "Plans": [{"Node Type": "Seq Scan", "Parent Relationship": "Outer", "Parallel Aware": true, "Async Capable": false, "Relation Name": "date_dim", "Alias": "d1", "Startup Cost": 0.0, "Total Cost": 2049.55, "Plan Rows": 634, "Plan Width": 4, "Filter": "((d_year >= 1998) AND (d_year <= 2000))"}]}]}, {"Node Type": "Hash", "Parent Relationship": "Inner", "Parallel Aware": true, "Async Capable": false, "Startup Cost": 1335.88, "Total Cost": 1335.88, "Plan Rows": 10588, "Plan Width": 16, "Plans": [{"Node Type": "Seq Scan", "Parent Relationship": "Outer", "Parallel Aware": true, "Async Capable": false, "Relation Name": "item", "Alias": "iss", "Startup Cost": 0.0, "Total Cost": 1335.88, "Plan Rows": 10588, "Plan Width": 16}]}]}]}]}, {"Node Type": "Subquery Scan", "Parent Relationship": "Member", "Parallel Aware": false, "Async Capable": false, "Alias": "*SELECT* 2", "Startup Cost": 4525.71, "Total Cost": 51876.81, "Plan Rows": 21272, "Plan Width": 16, "Plans": [{"Node Type": "Gather", "Parent Relationship": "Subquery", "Parallel Aware": false, "Async Capable": false, "Startup Cost": 4525.71, "Total Cost": 51664.09, "Plan Rows": 21272, "Plan Width": 12, "Workers Planned": 2, "Single Copy": false, "Plans": [{"Node Type": "Hash Join", "Parent Relationship": "Outer", "Parallel Aware": true, "Async Capable": false, "Join Type": "Inner", "Startup Cost": 3525.71, "Total Cost": 48536.89, "Plan Rows": 8863, "Plan Width": 12, "Inner Unique": true, "Hash Cond": "(catalog_sales.cs_item_sk = ics.i_item_sk)", "Plans": [{"Node Type": "Hash Join", "Parent Relationship": "Outer", "Parallel Aware": true, "Async Capable": false, "Join Type": "Inner", "Startup Cost": 2057.48, "Total Cost": 47045.39, "Plan Rows": 8863, "Plan Width": 4, "Inner Unique": true, "Hash Cond": "(catalog_sales.cs_sold_date_sk = d2.d_date_sk)", "Plans": [{"Node Type": "Seq Scan", "Parent Relationship": "Outer", "Parallel Aware": true, "Async Capable": false, "Relation Name": "catalog_sales", "Alias": "catalog_sales", "Startup Cost": 0.0, "Total Cost": 43411.2, "Plan Rows": 600620, "Plan Width": 8}, {"Node Type": "Hash", "Parent Relationship": "Inner", "Parallel Aware": true, "Async Capable": false, "Startup Cost": 2049.55, "Total Cost": 2049.55, "Plan Rows": 634, "Plan Width": 4, "Plans": [{"Node Type": "Seq Scan", "Parent Relationship": "Outer", "Parallel Aware": true, "Async Capable": false, "Relation Name": "date_dim", "Alias": "d2", "Startup Cost": 0.0, "Total Cost": 2049.55, "Plan Rows": 634, "Plan Width": 4, "Filter": "((d_year >= 1998) AND (d_year <= 2000))"}]}]}, {"Node Type": "Hash", "Parent Relationship": "Inner", "Parallel Aware": true, "Async Capable": false, "Startup Cost": 1335.88, "Total Cost": 1335.88, "Plan Rows": 10588, "Plan Width": 16, "Plans": [{"Node Type": "Seq Scan", "Parent Relationship": "Outer", "Parallel Aware": true, "Async Capable": false, "Relation Name": "item", "Alias": "ics", "Startup Cost": 0.0, "Total Cost": 1335.88, "Plan Rows": 10588, "Plan Width": 16}]}]}]}]}]}]}]}, {"Node Type": "Subquery Scan", "Parent Relationship": "Member", "Parallel Aware": false, "Async Capable": false, "Alias": "*SELECT* 3", "Startup Cost": 4692.48, "Total Cost": 28439.42, "Plan Rows": 10616, "Plan Width": 16, "Plans": [{"Node Type": "Hash Join", "Parent Relationship": "Subquery", "Parallel Aware": false, "Async Capable": false, "Join Type": "Inner", "Startup Cost": 4692.48, "Total Cost": 28333.26, "Plan Rows": 10616, "Plan Width": 12, "Inner Unique": true, "Hash Cond": "(web_sales.ws_item_sk = iws.i_item_sk)", "Plans": [{"Node Type": "Gather", "Parent Relationship": "Outer", "Parallel Aware": false, "Async Capable": false, "Startup Cost": 3057.48, "Total Cost": 26670.38, "Plan Rows": 10616, "Plan Width": 4, "Workers Planned": 2, "Single Copy": false, "Plans": [{"Node Type": "Hash Join", "Parent Relationship": "Outer", "Parallel Aware": true, "Async Capable": false, "Join Type": "Inner", "Startup Cost": 2057.48, "Total Cost": 24608.78, "Plan Rows": 4423, "Plan Width": 4, "Inner Unique": true, "Hash Cond": "(web_sales.ws_sold_date_sk = d3.d_date_sk)", "Plans": [{"Node Type": "Seq Scan", "Parent Relationship": "Outer", "Parallel Aware": true, "Async Capable": false, "Relation Name": "web_sales", "Alias": "web_sales", "Startup Cost": 0.0, "Total Cost": 21764.43, "Plan Rows": 299743, "Plan Width": 8}, {"Node Type": "Hash", "Parent Relationship": "Inner", "Parallel Aware": true, "Async Capable": false, "Startup Cost": 2049.55, "Total Cost": 2049.55, "Plan Rows": 634, "Plan Width": 4, "Plans": [{"Node Type": "Seq Scan", "Parent Relationship": "Outer", "Parallel Aware": true, "Async Capable": false, "Relation Name": "date_dim", "Alias": "d3", "Startup Cost": 0.0, "Total Cost": 2049.55, "Plan Rows": 634, "Plan Width": 4, "Filter": "((d_year >= 1998) AND (d_year <= 2000))"}]}]}]}, {"Node Type": "Hash", "Parent Relationship": "Inner", "Parallel Aware": false, "Async Capable": false, "Startup Cost": 1410.0, "Total Cost": 1410.0, "Plan Rows": 18000, "Plan Width": 16, "Plans": [{"Node Type": "Seq Scan", "Parent Relationship": "Outer", "Parallel Aware": false, "Async Capable": false, "Relation Name": "item", "Alias": "iws", "Startup Cost": 0.0, "Total Cost": 1410.0, "Plan Rows": 18000, "Plan Width": 16}]}]}]}]}]}]}]}]}, {"Node Type": "Aggregate", "Strategy": "Plain", "Partial Mode": "Finalize", "Parent Relationship": "InitPlan", "Subplan Name": "CTE avg_sales", "Parallel Aware": false, "Async Capable": false, "Startup Cost": 143233.38, "Total Cost": 143233.39, "Plan Rows": 1, "Plan Width": 32, "Plans": [{"Node Type": "Gather", "Parent Relationship": "Outer", "Parallel Aware": false, "Async Capable": false, "Startup Cost": 143233.16, "Total Cost": 143233.37, "Plan Rows": 2, "Plan Width": 32, "Workers Planned": 2, "Single Copy": false, "Plans": [{"Node Type": "Aggregate", "Strategy": "Plain", "Partial Mode": "Partial", "Parent Relationship": "Outer", "Parallel Aware": false, "Async Capable": false, "Startup Cost": 142233.16, "Total Cost": 142233.17, "Plan Rows": 1, "Plan Width": 32, "Plans": [{"Node Type": "Append", "Parent Relationship": "Outer", "Parallel Aware": true, "Async Capable": false, "Startup Cost": 2057.48, "Total Cost": 141675.21, "Plan Rows": 74393, "Plan Width": 10, "Subplans Removed": 0, "Plans": [{"Node Type": "Hash Join", "Parent Relationship": "Member", "Parallel Aware": true, "Async Capable": false, "Join Type": "Inner", "Startup Cost": 2057.48, "Total Cost": 68905.15, "Plan Rows": 17710, "Plan Width": 10, "Inner Unique": true, "Hash Cond": "(store_sales_3.ss_sold_date_sk = date_dim_2.d_date_sk)", "Plans": [{"Node Type": "Seq Scan", "Parent Relationship": "Outer", "Parallel Aware": true, "Async Capable": false, "Relation Name": "store_sales", "Alias": "store_sales_3", "Startup Cost": 0.0, "Total Cost": 63697.18, "Plan Rows": 1200118, "Plan Width": 14}, {"Node Type": "Hash", "Parent Relationship": "Inner", "Parallel Aware": true, "Async Capable": false, "Startup Cost": 2049.55, "Total Cost": 2049.55, "Plan Rows": 634, "Plan Width": 4, "Plans": [{"Node Type": "Seq Scan", "Parent Relationship": "Outer", "Parallel Aware": true, "Async Capable": false, "Relation Name": "date_dim", "Alias": "date_dim_2", "Startup Cost": 0.0, "Total Cost": 2049.55, "Plan Rows": 634, "Plan Width": 4, "Filter": "((d_year >= 1998) AND (d_year <= 2000))"}]}]}, {"Node Type": "Hash Join", "Parent Relationship": "Member", "Parallel Aware": true, "Async Capable": false, "Join Type": "Inner", "Startup Cost": 2057.48, "Total Cost": 47045.39, "Plan Rows": 8863, "Plan Width": 10, "Inner Unique": true, "Hash Cond": "(catalog_sales_1.cs_sold_date_sk = date_dim_3.d_date_sk)", "Plans": [{"Node Type": "Seq Scan", "Parent Relationship": "Outer", "Parallel Aware": true, "Async Capable": false, "Relation Name": "catalog_sales", "Alias": "catalog_sales_1", "Startup Cost": 0.0, "Total Cost": 43411.2, "Plan Rows": 600620, "Plan Width": 14}, {"Node Type": "Hash", "Parent Relationship": "Inner", "Parallel Aware": true, "Async Capable": false, "Startup Cost": 2049.55, "Total Cost": 2049.55, "Plan Rows": 634, "Plan Width": 4, "Plans": [{"Node Type": "Seq Scan", "Parent Relationship": "Outer", "Parallel Aware": true, "Async Capable": false, "Relation Name": "date_dim", "Alias": "date_dim_3", "Startup Cost": 0.0, "Total Cost": 2049.55, "Plan Rows": 634, "Plan Width": 4, "Filter": "((d_year >= 1998) AND (d_year <= 2000))"}]}]}, {"Node Type": "Hash Join", "Parent Relationship": "Member", "Parallel Aware": true, "Async Capable": false, "Join Type": "Inner", "Startup Cost": 2057.48, "Total Cost": 24608.78, "Plan Rows": 4423, "Plan Width": 10, "Inner Unique": true, "Hash Cond": "(web_sales_1.ws_sold_date_sk = date_dim_4.d_date_sk)", "Plans": [{"Node Type": "Seq Scan", "Parent Relationship": "Outer", "Parallel Aware": true, "Async Capable": false, "Relation Name": "web_sales", "Alias": "web_sales_1", "Startup Cost": 0.0, "Total Cost": 21764.43, "Plan Rows": 299743, "Plan Width": 14}, {"Node Type": "Hash", "Parent Relationship": "Inner", "Parallel Aware": true, "Async Capable": false, "Startup Cost": 2049.55, "Total Cost": 2049.55, "Plan Rows": 634, "Plan Width": 4, "Plans": [{"Node Type": "Seq Scan", "Parent Relationship": "Outer", "Parallel Aware": true, "Async Capable": false, "Relation Name": "date_dim", "Alias": "date_dim_4", "Startup Cost": 0.0, "Total Cost": 2049.55, "Plan Rows": 634, "Plan Width": 4, "Filter": "((d_year >= 1998) AND (d_year <= 2000))"}]}]}]}]}]}]}, {"Node Type": "Sort", "Parent Relationship": "Outer", "Parallel Aware": false, "Async Capable": false, "Startup Cost": 147959.02, "Total Cost": 147959.03, "Plan Rows": 1, "Plan Width": 168, "Sort Key": ["('store'::text)", "item.i_brand_id", "item.i_class_id", "item.i_category_id"], "Plans": [{"Node Type": "Merge Join", "Parent Relationship": "Outer", "Parallel Aware": false, "Async Capable": false, "Join Type": "Inner", "Startup Cost": 147958.89, "Total Cost": 147959.01, "Plan Rows": 1, "Plan Width": 168, "Inner Unique": true, "Merge Cond": "((item.i_brand_id = item_1.i_brand_id) AND (item.i_class_id = item_1.i_class_id) AND (item.i_category_id = item_1.i_category_id))", "Plans": [{"Node Type": "Aggregate", "Strategy": "Sorted", "Partial Mode": "Simple", "Parent Relationship": "Outer", "Parallel Aware": false, "Async Capable": false, "Startup Cost": 73979.45, "Total Cost": 73979.48, "Plan Rows": 1, "Plan Width": 84, "Group Key": ["item.i_brand_id", "item.i_class_id", "item.i_category_id"], "Filter": "(sum(((store_sales.ss_quantity)::numeric * store_sales.ss_list_price)) > $7)", "Plans": [{"Node Type": "Seq Scan", "Parent Relationship": "InitPlan", "Subplan Name": "InitPlan 3 (returns $6)", "Parallel Aware": false, "Async Capable": false, "Relation Name": "date_dim", "Alias": "date_dim_5", "Startup Cost": 0.0, "Total Cost": 2683.36, "Plan Rows": 1, "Plan Width": 4, "Filter": "((d_year = 1999) AND (d_moy = 12) AND (d_dom = 16))"}, {"Node Type": "CTE Scan", "Parent Relationship": "InitPlan", "Subplan Name": "InitPlan 4 (returns $7)", "Parallel Aware": false, "Async Capable": false, "CTE Name": "avg_sales", "Alias": "avg_sales", "Startup Cost": 0.0, "Total Cost": 0.02, "Plan Rows": 1, "Plan Width": 32}, {"Node Type": "Sort", "Parent Relationship": "Outer", "Parallel Aware": false, "Async Capable": false, "Startup Cost": 71296.07, "Total Cost": 71296.07, "Plan Rows": 1, "Plan Width": 22, "Sort Key": ["item.i_brand_id", "item.i_class_id", "item.i_category_id"], "Plans": [{"Node Type": "Hash Join", "Parent Relationship": "Outer", "Parallel Aware": false, "Async Capable": false, "Join Type": "Inner", "Startup Cost": 4419.74, "Total Cost": 71296.06, "Plan Rows": 1, "Plan Width": 22, "Inner Unique": false, "Hash Cond": "(store_sales.ss_item_sk = item.i_item_sk)", "Plans": [{"Node Type": "Gather", "Parent Relationship": "Outer", "Parallel Aware": false, "Async Capable": false, "Startup Cost": 2942.18, "Total Cost": 69817.45, "Plan Rows": 276, "Plan Width": 14, "Workers Planned": 2, "Params Evaluated": ["$6"], "Single Copy": false, "Plans": [{"Node Type": "Hash Join", "Parent Relationship": "Outer", "Parallel Aware": true, "Async Capable": false, "Join Type": "Inner", "Startup Cost": 1942.17, "Total Cost": 68789.85, "Plan Rows": 115, "Plan Width": 14, "Inner Unique": true, "Hash Cond": "(store_sales.ss_sold_date_sk = date_dim.d_date_sk)", "Plans": [{"Node Type": "Seq Scan", "Parent Relationship": "Outer", "Parallel Aware": true, "Async Capable": false, "Relation Name": "store_sales", "Alias": "store_sales", "Startup Cost": 0.0, "Total Cost": 63697.18, "Plan Rows": 1200118, "Plan Width": 18}, {"Node Type": "Hash", "Parent Relationship": "Inner", "Parallel Aware": true, "Async Capable": false, "Startup Cost": 1942.12, "Total Cost": 1942.12, "Plan Rows": 4, "Plan Width": 4, "Plans": [{"Node Type": "Seq Scan", "Parent Relationship": "Outer", "Parallel Aware": true, "Async Capable": false, "Relation Name": "date_dim", "Alias": "date_dim", "Startup Cost": 0.0, "Total Cost": 1942.12, "Plan Rows": 4, "Plan Width": 4, "Filter": "(d_week_seq = $6)"}]}]}]}, {"Node Type": "Hash", "Parent Relationship": "Inner", "Parallel Aware": false, "Async Capable": false, "Startup Cost": 1477.56, "Total Cost": 1477.56, "Plan Rows": 1, "Plan Width": 20, "Plans": [{"Node Type": "Hash Join", "Parent Relationship": "Outer", "Parallel Aware": false, "Async Capable": false, "Join Type": "Inner", "Startup Cost": 0.04, "Total Cost": 1477.56, "Plan Rows": 1, "Plan Width": 20, "Inner Unique": false, "Hash Cond": "(item.i_item_sk = cross_items.ss_item_sk)", "Plans": [{"Node Type": "Seq Scan", "Parent Relationship": "Outer", "Parallel Aware": false, "Async Capable": false, "Relation Name": "item", "Alias": "item", "Startup Cost": 0.0, "Total Cost": 1410.0, "Plan Rows": 18000, "Plan Width": 16}, {"Node Type": "Hash", "Parent Relationship": "Inner", "Parallel Aware": false, "Async Capable": false, "Startup Cost": 0.03, "Total Cost": 0.03, "Plan Rows": 1, "Plan Width": 4, "Plans": [{"Node Type": "Aggregate", "Strategy": "Hashed", "Partial Mode": "Simple", "Parent Relationship": "Outer", "Parallel Aware": false, "Async Capable": false, "Startup Cost": 0.02, "Total Cost": 0.03, "Plan Rows": 1, "Plan Width": 4, "Group Key": ["cross_items.ss_item_sk"], "Planned Partitions": 0, "Plans": [{"Node Type": "CTE Scan", "Parent Relationship": "Outer", "Parallel Aware": false, "Async Capable": false, "CTE Name": "cross_items", "Alias": "cross_items", "Startup Cost": 0.0, "Total Cost": 0.02, "Plan Rows": 1, "Plan Width": 4}]}]}]}]}]}]}]}, {"Node Type": "Aggregate", "Strategy": "Sorted", "Partial Mode": "Simple", "Parent Relationship": "Inner", "Parallel Aware": false, "Async Capable": false, "Startup Cost": 73979.45, "Total Cost": 73979.48, "Plan Rows": 1, "Plan Width": 84, "Group Key": ["item_1.i_brand_id", "item_1.i_class_id", "item_1.i_category_id"], "Filter": "(sum(((store_sales_1.ss_quantity)::numeric * store_sales_1.ss_list_price)) > $9)", "Plans": [{"Node Type": "Seq Scan", "Parent Relationship": "InitPlan", "Subplan Name": "InitPlan 5 (returns $8)", "Parallel Aware": false, "Async Capable": false, "Relation Name": "date_dim", "Alias": "date_dim_6", "Startup Cost": 0.0, "Total Cost": 2683.36, "Plan Rows": 1, "Plan Width": 4, "Filter": "((d_year = 1998) AND (d_moy = 12) AND (d_dom = 16))"}, {"Node Type": "CTE Scan", "Parent Relationship": "InitPlan", "Subplan Name": "InitPlan 6 (returns $9)", "Parallel Aware": false, "Async Capable": false, "CTE Name": "avg_sales", "Alias": "avg_sales_1", "Startup Cost": 0.0, "Total Cost": 0.02, "Plan Rows": 1, "Plan Width": 32}, {"Node Type": "Sort", "Parent Relationship": "Outer", "Parallel Aware": false, "Async Capable": false, "Startup Cost": 71296.07, "Total Cost": 71296.07, "Plan Rows": 1, "Plan Width": 22, "Sort Key": ["item_1.i_brand_id", "item_1.i_class_id", "item_1.i_category_id"], "Plans": [{"Node Type": "Hash Join", "Parent Relationship": "Outer", "Parallel Aware": false, "Async Capable": false, "Join Type": "Inner", "Startup Cost": 4419.74, "Total Cost": 71296.06, "Plan Rows": 1, "Plan Width": 22, "Inner Unique": false, "Hash Cond": "(store_sales_1.ss_item_sk = item_1.i_item_sk)", "Plans": [{"Node Type": "Gather", "Parent Relationship": "Outer", "Parallel Aware": false, "Async Capable": false, "Startup Cost": 2942.18, "Total Cost": 69817.45, "Plan Rows": 276, "Plan Width": 14, "Workers Planned": 2, "Params Evaluated": ["$8"], "Single Copy": false, "Plans": [{"Node Type": "Hash Join", "Parent Relationship": "Outer", "Parallel Aware": true, "Async Capable": false, "Join Type": "Inner", "Startup Cost": 1942.17, "Total Cost": 68789.85, "Plan Rows": 115, "Plan Width": 14, "Inner Unique": true, "Hash Cond": "(store_sales_1.ss_sold_date_sk = date_dim_1.d_date_sk)", "Plans": [{"Node Type": "Seq Scan", "Parent Relationship": "Outer", "Parallel Aware": true, "Async Capable": false, "Relation Name": "store_sales", "Alias": "store_sales_1", "Startup Cost": 0.0, "Total Cost": 63697.18, "Plan Rows": 1200118, "Plan Width": 18}, {"Node Type": "Hash", "Parent Relationship": "Inner", "Parallel Aware": true, "Async Capable": false, "Startup Cost": 1942.12, "Total Cost": 1942.12, "Plan Rows": 4, "Plan Width": 4, "Plans": [{"Node Type": "Seq Scan", "Parent Relationship": "Outer", "Parallel Aware": true, "Async Capable": false, "Relation Name": "date_dim", "Alias": "date_dim_1", "Startup Cost": 0.0, "Total Cost": 1942.12, "Plan Rows": 4, "Plan Width": 4, "Filter": "(d_week_seq = $8)"}]}]}]}, {"Node Type": "Hash", "Parent Relationship": "Inner", "Parallel Aware": false, "Async Capable": false, "Startup Cost": 1477.56, "Total Cost": 1477.56, "Plan Rows": 1, "Plan Width": 20, "Plans": [{"Node Type": "Hash Join", "Parent Relationship": "Outer", "Parallel Aware": false, "Async Capable": false, "Join Type": "Inner", "Startup Cost": 0.04, "Total Cost": 1477.56, "Plan Rows": 1, "Plan Width": 20, "Inner Unique": false, "Hash Cond": "(item_1.i_item_sk = cross_items_1.ss_item_sk)", "Plans": [{"Node Type": "Seq Scan", "Parent Relationship": "Outer", "Parallel Aware": false, "Async Capable": false, "Relation Name": "item", "Alias": "item_1", "Startup Cost": 0.0, "Total Cost": 1410.0, "Plan Rows": 18000, "Plan Width": 16}, {"Node Type": "Hash", "Parent Relationship": "Inner", "Parallel Aware": false, "Async Capable": false, "Startup Cost": 0.03, "Total Cost": 0.03, "Plan Rows": 1, "Plan Width": 4, "Plans": [{"Node Type": "Aggregate", "Strategy": "Hashed", "Partial Mode": "Simple", "Parent Relationship": "Outer", "Parallel Aware": false, "Async Capable": false, "Startup Cost": 0.02, "Total Cost": 0.03, "Plan Rows": 1, "Plan Width": 4, "Group Key": ["cross_items_1.ss_item_sk"], "Planned Partitions": 0, "Plans": [{"Node Type": "CTE Scan", "Parent Relationship": "Outer", "Parallel Aware": false, "Async Capable": false, "CTE Name": "cross_items", "Alias": "cross_items_1", "Startup Cost": 0.0, "Total Cost": 0.02, "Plan Rows": 1, "Plan Width": 4}]}]}]}]}]}]}]}]}]}]}, "JIT": {"Functions": 215, "Options": {"Inlining": false, "Optimization": false, "Expressions": true, "Deforming": true}}}]]], [[[{"Plan": {"Node Type": "Limit", "Parallel Aware": false, "Async Capable": false, "Startup Cost": 53344.38, "Total Cost": 53353.87, "Plan Rows": 100, "Plan Width": 43, "Plans": [{"Node Type": "Aggregate", "Strategy": "Sorted", "Partial Mode": "Finalize", "Parent Relationship": "Outer", "Parallel Aware": false, "Async Capable": false, "Startup Cost": 53344.38, "Total Cost": 53364.7, "Plan Rows": 214, "Plan Width": 43, "Group Key": ["customer_address.ca_zip"], "Plans": [{"Node Type": "Gather Merge", "Parent Relationship": "Outer", "Parallel Aware": false, "Async Capable": false, "Startup Cost": 53344.38, "Total Cost": 53361.08, "Plan Rows": 126, "Plan Width": 43, "Workers Planned": 1, "Plans": [{"Node Type": "Aggregate", "Strategy": "Sorted", "Partial Mode": "Partial", "Parent Relationship": "Outer", "Parallel Aware": false, "Async Capable": false, "Startup Cost": 52344.37, "Total Cost": 52346.89, "Plan Rows": 126, "Plan Width": 43, "Group Key": ["customer_address.ca_zip"], "Plans": [{"Node Type": "Sort", "Parent Relationship": "Outer", "Parallel Aware": false, "Async Capable": false, "Startup Cost": 52344.37, "Total Cost": 52344.69, "Plan Rows": 126, "Plan Width": 17, "Sort Key": ["customer_address.ca_zip"], "Plans": [{"Node Type": "Hash Join", "Parent Relationship": "Outer", "Parallel Aware": true, "Async Capable": false, "Join Type": "Inner", "Startup Cost": 50722.31, "Total Cost": 52339.97, "Plan Rows": 126, "Plan Width": 17, "Inner Unique": false, "Hash Cond": "(customer_address.ca_address_sk = customer.c_current_addr_sk)", "Join Filter": "((substr((customer_address.ca_zip)::text, 1, 5) = ANY ('{85669,86197,88274,83405,86475,85392,85460,80348,81792}'::text[])) OR (customer_address.ca_state = ANY ('{CA,WA,GA}'::bpchar[])) OR (catalog_sales.cs_sales_price > '500'::numeric))", "Plans": [{"Node Type": "Seq Scan", "Parent Relationship": "Outer", "Parallel Aware": true, "Async Capable": false, "Relation Name": "customer_address", "Alias": "customer_address", "Startup Cost": 0.0, "Total Cost": 1381.12, "Plan Rows": 29412, "Plan Width": 18}, {"Node Type": "Hash", "Parent Relationship": "Inner", "Parallel Aware": true, "Async Capable": false, "Startup Cost": 50709.37, "Total Cost": 50709.37, "Plan Rows": 1033, "Plan Width": 10, "Plans": [{"Node Type": "Hash Join", "Parent Relationship": "Outer", "Parallel Aware": true, "Async Capable": false, "Join Type": "Inner", "Startup Cost": 47047.27, "Total Cost": 50709.37, "Plan Rows": 1033, "Plan Width": 10, "Inner Unique": false, "Hash Cond": "(customer.c_customer_sk = catalog_sales.cs_bill_customer_sk)", "Plans": [{"Node Type": "Seq Scan", "Parent Relationship": "Outer", "Parallel Aware": true, "Async Capable": false, "Relation Name": "customer", "Alias": "customer", "Startup Cost": 0.0, "Total Cost": 3437.24, "Plan Rows": 58824, "Plan Width": 8}, {"Node Type": "Hash", "Parent Relationship": "Inner", "Parallel Aware": true, "Async Capable": false, "Startup Cost": 47038.12, "Total Cost": 47038.12, "Plan Rows": 732, "Plan Width": 10, "Plans": [{"Node Type": "Hash Join", "Parent Relationship": "Outer", "Parallel Aware": true, "Async Capable": false, "Join Type": "Inner", "Startup Cost": 2050.2, "Total Cost": 47038.12, "Plan Rows": 732, "Plan Width": 10, "Inner Unique": true, "Hash Cond": "(catalog_sales.cs_sold_date_sk = date_dim.d_date_sk)", "Plans": [{"Node Type": "Seq Scan", "Parent Relationship": "Outer", "Parallel Aware": true, "Async Capable": false, "Relation Name": "catalog_sales", "Alias": "catalog_sales", "Startup Cost": 0.0, "Total Cost": 43411.2, "Plan Rows": 600620, "Plan Width": 14}, {"Node Type": "Hash", "Parent Relationship": "Inner", "Parallel Aware": true, "Async Capable": false, "Startup Cost": 2049.55, "Total Cost": 2049.55, "Plan Rows": 52, "Plan Width": 4, "Plans": [{"Node Type": "Seq Scan", "Parent Relationship": "Outer", "Parallel Aware": true, "Async Capable": false, "Relation Name": "date_dim", "Alias": "date_dim", "Startup Cost": 0.0, "Total Cost": 2049.55, "Plan Rows": 52, "Plan Width": 4, "Filter": "((d_qoy = 2) AND (d_year = 2000))"}]}]}]}]}]}]}]}]}]}]}]}}]]], [[[{"Plan": {"Node Type": "Limit", "Parallel Aware": false, "Async Capable": false, "Startup Cost": 109092.46, "Total Cost": 109092.46, "Plan Rows": 1, "Plan Width": 72, "Plans": [{"Node Type": "Sort", "Parent Relationship": "Outer", "Parallel Aware": false, "Async Capable": false, "Startup Cost": 109092.46, "Total Cost": 109092.46, "Plan Rows": 1, "Plan Width": 72, "Sort Key": ["(count(DISTINCT cs1.cs_order_number))"], "Plans": [{"Node Type": "Aggregate", "Strategy": "Plain", "Partial Mode": "Simple", "Parent Relationship": "Outer", "Parallel Aware": false, "Async Capable": false, "Startup Cost": 109092.44, "Total Cost": 109092.45, "Plan Rows": 1, "Plan Width": 72, "Plans": [{"Node Type": "Hash Join", "Parent Relationship": "Outer", "Parallel Aware": false, "Async Capable": false, "Join Type": "Inner", "Startup Cost": 61713.03, "Total Cost": 109092.34, "Plan Rows": 12, "Plan Width": 16, "Inner Unique": true, "Hash Cond": "(cs1.cs_ship_addr_sk = customer_address.ca_address_sk)", "Plans": [{"Node Type": "Gather", "Parent Relationship": "Outer", "Parallel Aware": false, "Async Capable": false, "Startup Cost": 59980.49, "Total Cost": 107358.89, "Plan Rows": 349, "Plan Width": 20, "Workers Planned": 2, "Single Copy": false, "Plans": [{"Node Type": "Hash Join", "Parent Relationship": "Outer", "Parallel Aware": true, "Async Capable": false, "Join Type": "Semi", "Startup Cost": 58980.49, "Total Cost": 106323.99, "Plan Rows": 145, "Plan Width": 20, "Inner Unique": false, "Hash Cond": "(cs1.cs_order_number = cs2.cs_order_number)", "Join Filter": "(cs1.cs_warehouse_sk <> cs2.cs_warehouse_sk)", "Plans": [{"Node Type": "Hash Join", "Parent Relationship": "Outer", "Parallel Aware": false, "Async Capable": false, "Join Type": "Inner", "Startup Cost": 5714.54, "Total Cost": 50706.68, "Plan Rows": 146, "Plan Width": 24, "Inner Unique": true, "Hash Cond": "(cs1.cs_call_center_sk = call_center.cc_call_center_sk)", "Plans": [{"Node Type": "Hash Join", "Parent Relationship": "Outer", "Parallel Aware": true, "Async Capable": false, "Join Type": "Anti", "Startup Cost": 5713.38, "Total Cost": 50704.74, "Plan Rows": 175, "Plan Width": 28, "Inner Unique": false, "Hash Cond": "(cs1.cs_order_number = cr1.cr_order_number)", "Plans": [{"Node Type": "Hash Join", "Parent Relationship": "Outer", "Parallel Aware": true, "Async Capable": false, "Join Type": "Inner", "Startup Cost": 2050.0, "Total Cost": 47037.92, "Plan Rows": 502, "Plan Width": 28, "Inner Unique": true, "Hash Cond": "(cs1.cs_ship_date_sk = date_dim.d_date_sk)", "Plans": [{"Node Type": "Seq Scan", "Parent Relationship": "Outer", "Parallel Aware": true, "Async Capable": false, "Relation Name": "catalog_sales", "Alias": "cs1", "Startup Cost": 0.0, "Total Cost": 43411.2, "Plan Rows": 600620, "Plan Width": 32}, {"Node Type": "Hash", "Parent Relationship": "Inner", "Parallel Aware": true, "Async Capable": false, "Startup Cost": 2049.55, "Total Cost": 2049.55, "Plan Rows": 36, "Plan Width": 4, "Plans": [{"Node Type": "Seq Scan", "Parent Relationship": "Outer", "Parallel Aware": true, "Async Capable": false, "Relation Name": "date_dim", "Alias": "date_dim", "Startup Cost": 0.0, "Total Cost": 2049.55, "Plan Rows": 36, "Plan Width": 4, "Filter": "((d_date >= '1999-02-01'::date) AND (d_date <= '1999-04-02 00:00:00'::timestamp without time zone))"}]}]}, {"Node Type": "Hash", "Parent Relationship": "Inner", "Parallel Aware": true, "Async Capable": false, "Startup Cost": 2913.03, "Total Cost": 2913.03, "Plan Rows": 60028, "Plan Width": 4, "Plans": [{"Node Type": "Index Only Scan", "Parent Relationship": "Outer", "Parallel Aware": true, "Async Capable": false, "Scan Direction": "Forward", "Index Name": "catalog_returns_pkey", "Relation Name": "catalog_returns", "Alias": "cr1", "Startup Cost": 0.42, "Total Cost": 2913.03, "Plan Rows": 60028, "Plan Width": 4}]}]}, {"Node Type": "Hash", "Parent Relationship": "Inner", "Parallel Aware": false, "Async Capable": false, "Startup Cost": 1.1, "Total Cost": 1.1, "Plan Rows": 5, "Plan Width": 4, "Plans": [{"Node Type": "Seq Scan", "Parent Relationship": "Outer", "Parallel Aware": false, "Async Capable": false, "Relation Name": "call_center", "Alias": "call_center", "Startup Cost": 0.0, "Total Cost": 1.1, "Plan Rows": 5, "Plan Width": 4, "Filter": "((cc_county)::text = ANY ('{\"Williamson County\",\"Williamson County\",\"Williamson County\",\"Williamson County\",\"Williamson County\"}'::text[]))"}]}]}, {"Node Type": "Hash", "Parent Relationship": "Inner", "Parallel Aware": true, "Async Capable": false, "Startup Cost": 43411.2, "Total Cost": 43411.2, "Plan Rows": 600620, "Plan Width": 8, "Plans": [{"Node Type": "Seq Scan", "Parent Relationship": "Outer", "Parallel Aware": true, "Async Capable": false, "Relation Name": "catalog_sales", "Alias": "cs2", "Startup Cost": 0.0, "Total Cost": 43411.2, "Plan Rows": 600620, "Plan Width": 8}]}]}]}, {"Node Type": "Hash", "Parent Relationship": "Inner", "Parallel Aware": false, "Async Capable": false, "Startup Cost": 1712.0, "Total Cost": 1712.0, "Plan Rows": 1643, "Plan Width": 4, "Plans": [{"Node Type": "Seq Scan", "Parent Relationship": "Outer", "Parallel Aware": false, "Async Capable": false, "Relation Name": "customer_address", "Alias": "customer_address", "Startup Cost": 0.0, "Total Cost": 1712.0, "Plan Rows": 1643, "Plan Width": 4, "Filter": "(ca_state = 'IL'::bpchar)"}]}]}]}]}]}, "JIT": {"Functions": 48, "Options": {"Inlining": false, "Optimization": false, "Expressions": true, "Deforming": true}}}]]], [[[{"Plan": {"Node Type": "Limit", "Parallel Aware": false, "Async Capable": false, "Startup Cost": 126494.87, "Total Cost": 126495.05, "Plan Rows": 1, "Plan Width": 443, "Plans": [{"Node Type": "Aggregate", "Strategy": "Sorted", "Partial Mode": "Simple", "Parent Relationship": "Outer", "Parallel Aware": false, "Async Capable": false, "Startup Cost": 126494.87, "Total Cost": 126495.05, "Plan Rows": 1, "Plan Width": 443, "Group Key": ["item.i_item_id", "item.i_item_desc", "store.s_state"], "Plans": [{"Node Type": "Gather Merge", "Parent Relationship": "Outer", "Parallel Aware": false, "Async Capable": false, "Startup Cost": 126494.87, "Total Cost": 126494.99, "Plan Rows": 1, "Plan Width": 143, "Workers Planned": 1, "Plans": [{"Node Type": "Sort", "Parent Relationship": "Outer", "Parallel Aware": false, "Async Capable": false, "Startup Cost": 125494.86, "Total Cost": 125494.87, "Plan Rows": 1, "Plan Width": 143, "Sort Key": ["item.i_item_id", "item.i_item_desc", "store.s_state"], "Plans": [{"Node Type": "Hash Join", "Parent Relationship": "Outer", "Parallel Aware": true, "Async Capable": false, "Join Type": "Inner", "Startup Cost": 124119.25, "Total Cost": 125494.85, "Plan Rows": 1, "Plan Width": 143, "Inner Unique": false, "Hash Cond": "(item.i_item_sk = store_sales.ss_item_sk)", "Plans": [{"Node Type": "Seq Scan", "Parent Relationship": "Outer", "Parallel Aware": true, "Async Capable": false, "Relation Name": "item", "Alias": "item", "Startup Cost": 0.0, "Total Cost": 1335.88, "Plan Rows": 10588, "Plan Width": 123}, {"Node Type": "Hash", "Parent Relationship": "Inner", "Parallel Aware": true, "Async Capable": false, "Startup Cost": 124119.24, "Total Cost": 124119.24, "Plan Rows": 1, "Plan Width": 36, "Plans": [{"Node Type": "Hash Join", "Parent Relationship": "Outer", "Parallel Aware": false, "Async Capable": false, "Join Type": "Inner", "Startup Cost": 57254.74, "Total Cost": 124119.24, "Plan Rows": 1, "Plan Width": 36, "Inner Unique": true, "Hash Cond": "(store_sales.ss_store_sk = store.s_store_sk)", "Plans": [{"Node Type": "Hash Join", "Parent Relationship": "Outer", "Parallel Aware": true, "Async Capable": false, "Join Type": "Inner", "Startup Cost": 57253.47, "Total Cost": 124117.97, "Plan Rows": 1, "Plan Width": 28, "Inner Unique": false, "Hash Cond": "((store_sales.ss_item_sk = store_returns.sr_item_sk) AND (store_sales.ss_customer_sk = store_returns.sr_customer_sk) AND (store_sales.ss_ticket_number = store_returns.sr_ticket_number))", "Plans": [{"Node Type": "Hash Join", "Parent Relationship": "Outer", "Parallel Aware": true, "Async Capable": false, "Join Type": "Inner", "Startup Cost": 1942.8, "Total Cost": 68790.47, "Plan Rows": 1495, "Plan Width": 20, "Inner Unique": true, "Hash Cond": "(store_sales.ss_sold_date_sk = d1.d_date_sk)", "Plans": [{"Node Type": "Seq Scan", "Parent Relationship": "Outer", "Parallel Aware": true, "Async Capable": false, "Relation Name": "store_sales", "Alias": "store_sales", "Startup Cost": 0.0, "Total Cost": 63697.18, "Plan Rows": 1200118, "Plan Width": 24}, {"Node Type": "Hash", "Parent Relationship": "Inner", "Parallel Aware": true, "Async Capable": false, "Startup Cost": 1942.12, "Total Cost": 1942.12, "Plan Rows": 54, "Plan Width": 4, "Plans": [{"Node Type": "Seq Scan", "Parent Relationship": "Outer", "Parallel Aware": true, "Async Capable": false, "Relation Name": "date_dim", "Alias": "d1", "Startup Cost": 0.0, "Total Cost": 1942.12, "Plan Rows": 54, "Plan Width": 4, "Filter": "(d_quarter_name = '1998Q1'::bpchar)"}]}]}, {"Node Type": "Hash", "Parent Relationship": "Inner", "Parallel Aware": true, "Async Capable": false, "Startup Cost": 55310.65, "Total Cost": 55310.65, "Plan Rows": 1, "Plan Width": 28, "Plans": [{"Node Type": "Hash Join", "Parent Relationship": "Outer", "Parallel Aware": true, "Async Capable": false, "Join Type": "Inner", "Startup Cost": 10305.89, "Total Cost": 55310.65, "Plan Rows": 1, "Plan Width": 28, "Inner Unique": false, "Hash Cond": "((catalog_sales.cs_item_sk = store_returns.sr_item_sk) AND (catalog_sales.cs_bill_customer_sk = store_returns.sr_customer_sk))", "Plans": [{"Node Type": "Hash Join", "Parent Relationship": "Outer", "Parallel Aware": true, "Async Capable": false, "Join Type": "Inner", "Startup Cost": 1997.85, "Total Cost": 46985.77, "Plan Rows": 2245, "Plan Width": 12, "Inner Unique": true, "Hash Cond": "(catalog_sales.cs_sold_date_sk = d3.d_date_sk)", "Plans": [{"Node Type": "Seq Scan", "Parent Relationship": "Outer", "Parallel Aware": true, "Async Capable": false, "Relation Name": "catalog_sales", "Alias": "catalog_sales", "Startup Cost": 0.0, "Total Cost": 43411.2, "Plan Rows": 600620, "Plan Width": 16}, {"Node Type": "Hash", "Parent Relationship": "Inner", "Parallel Aware": true, "Async Capable": false, "Startup Cost": 1995.84, "Total Cost": 1995.84, "Plan Rows": 161, "Plan Width": 4, "Plans": [{"Node Type": "Seq Scan", "Parent Relationship": "Outer", "Parallel Aware": true, "Async Capable": false, "Relation Name": "date_dim", "Alias": "d3", "Startup Cost": 0.0, "Total Cost": 1995.84, "Plan Rows": 161, "Plan Width": 4, "Filter": "(d_quarter_name = ANY ('{1998Q1,1998Q2,1998Q3}'::bpchar[]))"}]}]}, {"Node Type": "Hash", "Parent Relationship": "Inner", "Parallel Aware": true, "Async Capable": false, "Startup Cost": 8301.32, "Total Cost": 8301.32, "Plan Rows": 448, "Plan Width": 16, "Plans": [{"Node Type": "Hash Join", "Parent Relationship": "Outer", "Parallel Aware": true, "Async Capable": false, "Join Type": "Inner", "Startup Cost": 1997.85, "Total Cost": 8301.32, "Plan Rows": 448, "Plan Width": 16, "Inner Unique": true, "Hash Cond": "(store_returns.sr_returned_date_sk = d2.d_date_sk)", "Plans": [{"Node Type": "Seq Scan", "Parent Relationship": "Outer", "Parallel Aware": true, "Async Capable": false, "Relation Name": "store_returns", "Alias": "store_returns", "Startup Cost": 0.0, "Total Cost": 5988.98, "Plan Rows": 119798, "Plan Width": 20}, {"Node Type": "Hash", "Parent Relationship": "Inner", "Parallel Aware": true, "Async Capable": false, "Startup Cost": 1995.84, "Total Cost": 1995.84, "Plan Rows": 161, "Plan Width": 4, "Plans": [{"Node Type": "Seq Scan", "Parent Relationship": "Outer", "Parallel Aware": true, "Async Capable": false, "Relation Name": "date_dim", "Alias": "d2", "Startup Cost": 0.0, "Total Cost": 1995.84, "Plan Rows": 161, "Plan Width": 4, "Filter": "(d_quarter_name = ANY ('{1998Q1,1998Q2,1998Q3}'::bpchar[]))"}]}]}]}]}]}]}, {"Node Type": "Hash", "Parent Relationship": "Inner", "Parallel Aware": false, "Async Capable": false, "Startup Cost": 1.12, "Total Cost": 1.12, "Plan Rows": 12, "Plan Width": 16, "Plans": [{"Node Type": "Seq Scan", "Parent Relationship": "Outer", "Parallel Aware": false, "Async Capable": false, "Relation Name": "store", "Alias": "store", "Startup Cost": 0.0, "Total Cost": 1.12, "Plan Rows": 12, "Plan Width": 16}]}]}]}]}]}]}]}]}, "JIT": {"Functions": 75, "Options": {"Inlining": false, "Optimization": false, "Expressions": true, "Deforming": true}}}]]], [[[{"Plan": {"Node Type": "Limit", "Parallel Aware": false, "Async Capable": false, "Startup Cost": 121894.03, "Total Cost": 121894.28, "Plan Rows": 100, "Plan Width": 272, "Plans": [{"Node Type": "Sort", "Parent Relationship": "Outer", "Parallel Aware": false, "Async Capable": false, "Startup Cost": 121894.03, "Total Cost": 121894.45, "Plan Rows": 169, "Plan Width": 272, "Sort Key": ["customer_address.ca_country", "customer_address.ca_state", "customer_address.ca_county", "item.i_item_id"], "Plans": [{"Node Type": "Aggregate", "Strategy": "Sorted", "Partial Mode": "Simple", "Parent Relationship": "Outer", "Parallel Aware": false, "Async Capable": false, "Startup Cost": 121876.56, "Total Cost": 121887.78, "Plan Rows": 169, "Plan Width": 272, "Grouping Sets": [{"Group Keys": [["item.i_item_id", "customer_address.ca_country", "customer_address.ca_state", "customer_address.ca_county"], ["item.i_item_id", "customer_address.ca_country", "customer_address.ca_state"], ["item.i_item_id", "customer_address.ca_country"], ["item.i_item_id"], []]}], "Plans": [{"Node Type": "Gather Merge", "Parent Relationship": "Outer", "Parallel Aware": false, "Async Capable": false, "Startup Cost": 121876.56, "Total Cost": 121881.34, "Plan Rows": 42, "Plan Width": 81, "Workers Planned": 1, "Plans": [{"Node Type": "Sort", "Parent Relationship": "Outer", "Parallel Aware": false, "Async Capable": false, "Startup Cost": 120876.55, "Total Cost": 120876.61, "Plan Rows": 25, "Plan Width": 81, "Sort Key": ["item.i_item_id", "customer_address.ca_country", "customer_address.ca_state", "customer_address.ca_county"], "Plans": [{"Node Type": "Hash Join", "Parent Relationship": "Outer", "Parallel Aware": true, "Async Capable": false, "Join Type": "Inner", "Startup Cost": 119500.27, "Total Cost": 120875.96, "Plan Rows": 25, "Plan Width": 81, "Inner Unique": false, "Hash Cond": "(item.i_item_sk = catalog_sales.cs_item_sk)", "Plans": [{"Node Type": "Seq Scan", "Parent Relationship": "Outer", "Parallel Aware": true, "Async Capable": false, "Relation Name": "item", "Alias": "item", "Startup Cost": 0.0, "Total Cost": 1335.88, "Plan Rows": 10588, "Plan Width": 21}, {"Node Type": "Hash", "Parent Relationship": "Inner", "Parallel Aware": true, "Async Capable": false, "Startup Cost": 119500.04, "Total Cost": 119500.04, "Plan Rows": 18, "Plan Width": 68, "Plans": [{"Node Type": "Hash Join", "Parent Relationship": "Outer", "Parallel Aware": true, "Async Capable": false, "Join Type": "Inner", "Startup Cost": 86667.36, "Total Cost": 119500.04, "Plan Rows": 18, "Plan Width": 68, "Inner Unique": false, "Hash Cond": "(cd2.cd_demo_sk = customer.c_current_cdemo_sk)", "Plans": [{"Node Type": "Seq Scan", "Parent Relationship": "Outer", "Parallel Aware": true, "Async Capable": false, "Relation Name": "customer_demographics", "Alias": "cd2", "Startup Cost": 0.0, "Total Cost": 29831.33, "Plan Rows": 800333, "Plan Width": 4}, {"Node Type": "Hash", "Parent Relationship": "Inner", "Parallel Aware": true, "Async Capable": false, "Startup Cost": 86667.05, "Total Cost": 86667.05, "Plan Rows": 25, "Plan Width": 72, "Plans": [{"Node Type": "Hash Join", "Parent Relationship": "Outer", "Parallel Aware": true, "Async Capable": false, "Join Type": "Inner", "Startup Cost": 85010.02, "Total Cost": 86667.05, "Plan Rows": 25, "Plan Width": 72, "Inner Unique": false, "Hash Cond": "(customer_address.ca_address_sk = customer.c_current_addr_sk)", "Plans": [{"Node Type": "Seq Scan", "Parent Relationship": "Outer", "Parallel Aware": true, "Async Capable": false, "Relation Name": "customer_address", "Alias": "customer_address", "Startup Cost": 0.0, "Total Cost": 1638.47, "Plan Rows": 4912, "Plan Width": 35, "Filter": "(ca_state = ANY ('{ND,WI,AL,NC,OK,MS,TN}'::bpchar[]))"}, {"Node Type": "Hash", "Parent Relationship": "Inner", "Parallel Aware": true, "Async Capable": false, "Startup Cost": 85008.18, "Total Cost": 85008.18, "Plan Rows": 147, "Plan Width": 45, "Plans": [{"Node Type": "Hash Join", "Parent Relationship": "Outer", "Parallel Aware": true, "Async Capable": false, "Join Type": "Inner", "Startup Cost": 81021.88, "Total Cost": 85008.18, "Plan Rows": 147, "Plan Width": 45, "Inner Unique": false, "Hash Cond": "(customer.c_customer_sk = catalog_sales.cs_bill_customer_sk)", "Plans": [{"Node Type": "Seq Scan", "Parent Relationship": "Outer", "Parallel Aware": true, "Async Capable": false, "Relation Name": "customer", "Alias": "customer", "Startup Cost": 0.0, "Total Cost": 3878.41, "Plan Rows": 28608, "Plan Width": 16, "Filter": "(c_birth_month = ANY ('{9,5,12,4,1,10}'::integer[]))"}, {"Node Type": "Hash", "Parent Relationship": "Inner", "Parallel Aware": true, "Async Capable": false, "Startup Cost": 81019.19, "Total Cost": 81019.19, "Plan Rows": 215, "Plan Width": 37, "Plans": [{"Node Type": "Hash Join", "Parent Relationship": "Outer", "Parallel Aware": true, "Async Capable": false, "Join Type": "Inner", "Startup Cost": 46970.13, "Total Cost": 81019.19, "Plan Rows": 215, "Plan Width": 37, "Inner Unique": false, "Hash Cond": "(cd1.cd_demo_sk = catalog_sales.cs_bill_cdemo_sk)", "Plans": [{"Node Type": "Seq Scan", "Parent Relationship": "Outer", "Parallel Aware": true, "Async Capable": false, "Relation Name": "customer_demographics", "Alias": "cd1", "Startup Cost": 0.0, "Total Cost": 33833.0, "Plan Rows": 57379, "Plan Width": 8, "Filter": "((cd_gender = 'M'::bpchar) AND (cd_education_status = 'College'::bpchar))"}, {"Node Type": "Hash", "Parent Relationship": "Inner", "Parallel Aware": true, "Async Capable": false, "Startup Cost": 46932.72, "Total Cost": 46932.72, "Plan Rows": 2993, "Plan Width": 37, "Plans": [{"Node Type": "Hash Join", "Parent Relationship": "Outer", "Parallel Aware": true, "Async Capable": false, "Join Type": "Inner", "Startup Cost": 1944.8, "Total Cost": 46932.72, "Plan Rows": 2993, "Plan Width": 37, "Inner Unique": true, "Hash Cond": "(catalog_sales.cs_sold_date_sk = date_dim.d_date_sk)", "Plans": [{"Node Type": "Seq Scan", "Parent Relationship": "Outer", "Parallel Aware": true, "Async Capable": false, "Relation Name": "catalog_sales", "Alias": "catalog_sales", "Startup Cost": 0.0, "Total Cost": 43411.2, "Plan Rows": 600620, "Plan Width": 41}, {"Node Type": "Hash", "Parent Relationship": "Inner", "Parallel Aware": true, "Async Capable": false, "Startup Cost": 1942.12, "Total Cost": 1942.12, "Plan Rows": 214, "Plan Width": 4, "Plans": [{"Node Type": "Seq Scan", "Parent Relationship": "Outer", "Parallel Aware": true, "Async Capable": false, "Relation Name": "date_dim", "Alias": "date_dim", "Startup Cost": 0.0, "Total Cost": 1942.12, "Plan Rows": 214, "Plan Width": 4, "Filter": "(d_year = 2001)"}]}]}]}]}]}]}]}]}]}]}]}]}]}]}]}]}]}, "JIT": {"Functions": 69, "Options": {"Inlining": false, "Optimization": false, "Expressions": true, "Deforming": true}}}]]], [[[{"Plan": {"Node Type": "Limit", "Parallel Aware": false, "Async Capable": false, "Startup Cost": 76417.25, "Total Cost": 76417.3, "Plan Rows": 21, "Plan Width": 142, "Plans": [{"Node Type": "Sort", "Parent Relationship": "Outer", "Parallel Aware": false, "Async Capable": false, "Startup Cost": 76417.25, "Total Cost": 76417.3, "Plan Rows": 21, "Plan Width": 142, "Sort Key": ["(sum(store_sales.ss_ext_sales_price)) DESC", "item.i_brand", "item.i_brand_id", "item.i_manufact_id", "item.i_manufact"], "Plans": [{"Node Type": "Aggregate", "Strategy": "Sorted", "Partial Mode": "Finalize", "Parent Relationship": "Outer", "Parallel Aware": false, "Async Capable": false, "Startup Cost": 76414.66, "Total Cost": 76416.79, "Plan Rows": 21, "Plan Width": 142, "Group Key": ["item.i_brand", "item.i_brand_id", "item.i_manufact_id", "item.i_manufact"], "Plans": [{"Node Type": "Gather Merge", "Parent Relationship": "Outer", "Parallel Aware": false, "Async Capable": false, "Startup Cost": 76414.66, "Total Cost": 76416.34, "Plan Rows": 12, "Plan Width": 142, "Workers Planned": 1, "Plans": [{"Node Type": "Aggregate", "Strategy": "Sorted", "Partial Mode": "Partial", "Parent Relationship": "Outer", "Parallel Aware": false, "Async Capable": false, "Startup Cost": 75414.65, "Total Cost": 75414.98, "Plan Rows": 12, "Plan Width": 142, "Group Key": ["item.i_brand", "item.i_brand_id", "item.i_manufact_id", "item.i_manufact"], "Plans": [{"Node Type": "Sort", "Parent Relationship": "Outer", "Parallel Aware": false, "Async Capable": false, "Startup Cost": 75414.65, "Total Cost": 75414.68, "Plan Rows": 12, "Plan Width": 116, "Sort Key": ["item.i_brand", "item.i_brand_id", "item.i_manufact_id", "item.i_manufact"], "Plans": [{"Node Type": "Hash Join", "Parent Relationship": "Outer", "Parallel Aware": false, "Async Capable": false, "Join Type": "Inner", "Startup Cost": 73922.9, "Total Cost": 75414.44, "Plan Rows": 12, "Plan Width": 116, "Inner Unique": true, "Hash Cond": "(store_sales.ss_store_sk = store.s_store_sk)", "Join Filter": "(substr((customer_address.ca_zip)::text, 1, 5) <> substr((store.s_zip)::text, 1, 5))", "Plans": [{"Node Type": "Hash Join", "Parent Relationship": "Outer", "Parallel Aware": true, "Async Capable": false, "Join Type": "Inner", "Startup Cost": 73921.63, "Total Cost": 75413.11, "Plan Rows": 12, "Plan Width": 131, "Inner Unique": false, "Hash Cond": "(customer_address.ca_address_sk = customer.c_current_addr_sk)", "Plans": [{"Node Type": "Seq Scan", "Parent Relationship": "Outer", "Parallel Aware": true, "Async Capable": false, "Relation Name": "customer_address", "Alias": "customer_address", "Startup Cost": 0.0, "Total Cost": 1381.12, "Plan Rows": 29412, "Plan Width": 15}, {"Node Type": "Hash", "Parent Relationship": "Inner", "Parallel Aware": true, "Async Capable": false, "Startup Cost": 73921.48, "Total Cost": 73921.48, "Plan Rows": 12, "Plan Width": 124, "Plans": [{"Node Type": "Hash Join", "Parent Relationship": "Outer", "Parallel Aware": true, "Async Capable": false, "Join Type": "Inner", "Startup Cost": 70263.61, "Total Cost": 73921.48, "Plan Rows": 12, "Plan Width": 124, "Inner Unique": false, "Hash Cond": "(customer.c_customer_sk = store_sales.ss_customer_sk)", "Plans": [{"Node Type": "Seq Scan", "Parent Relationship": "Outer", "Parallel Aware": true, "Async Capable": false, "Relation Name": "customer", "Alias": "customer", "Startup Cost": 0.0, "Total Cost": 3437.24, "Plan Rows": 58824, "Plan Width": 8}, {"Node Type": "Hash", "Parent Relationship": "Inner", "Parallel Aware": true, "Async Capable": false, "Startup Cost": 70263.49, "Total Cost": 70263.49, "Plan Rows": 9, "Plan Width": 124, "Plans": [{"Node Type": "Hash Join", "Parent Relationship": "Outer", "Parallel Aware": true, "Async Capable": false, "Join Type": "Inner", "Startup Cost": 3414.53, "Total Cost": 70263.49, "Plan Rows": 9, "Plan Width": 124, "Inner Unique": true, "Hash Cond": "(store_sales.ss_item_sk = item.i_item_sk)", "Plans": [{"Node Type": "Hash Join", "Parent Relationship": "Outer", "Parallel Aware": true, "Async Capable": false, "Join Type": "Inner", "Startup Cost": 2049.78, "Total Cost": 68897.45, "Plan Rows": 493, "Plan Width": 18, "Inner Unique": true, "Hash Cond": "(store_sales.ss_sold_date_sk = date_dim.d_date_sk)", "Plans": [{"Node Type": "Seq Scan", "Parent Relationship": "Outer", "Parallel Aware": true, "Async Capable": false, "Relation Name": "store_sales", "Alias": "store_sales", "Startup Cost": 0.0, "Total Cost": 63697.18, "Plan Rows": 1200118, "Plan Width": 22}, {"Node Type": "Hash", "Parent Relationship": "Inner", "Parallel Aware": true, "Async Capable": false, "Startup Cost": 2049.55, "Total Cost": 2049.55, "Plan Rows": 18, "Plan Width": 4, "Plans": [{"Node Type": "Seq Scan", "Parent Relationship": "Outer", "Parallel Aware": true, "Async Capable": false, "Relation Name": "date_dim", "Alias": "date_dim", "Startup Cost": 0.0, "Total Cost": 2049.55, "Plan Rows": 18, "Plan Width": 4, "Filter": "((d_moy = 11) AND (d_year = 1999))"}]}]}, {"Node Type": "Hash", "Parent Relationship": "Inner", "Parallel Aware": true, "Async Capable": false, "Startup Cost": 1362.35, "Total Cost": 1362.35, "Plan Rows": 192, "Plan Width": 114, "Plans": [{"Node Type": "Seq Scan", "Parent Relationship": "Outer", "Parallel Aware": true, "Async Capable": false, "Relation Name": "item", "Alias": "item", "Startup Cost": 0.0, "Total Cost": 1362.35, "Plan Rows": 192, "Plan Width": 114, "Filter": "(i_manager_id = 7)"}]}]}]}]}]}]}, {"Node Type": "Hash", "Parent Relationship": "Inner", "Parallel Aware": false, "Async Capable": false, "Startup Cost": 1.12, "Total Cost": 1.12, "Plan Rows": 12, "Plan Width": 48, "Plans": [{"Node Type": "Seq Scan", "Parent Relationship": "Outer", "Parallel Aware": false, "Async Capable": false, "Relation Name": "store", "Alias": "store", "Startup Cost": 0.0, "Total Cost": 1.12, "Plan Rows": 12, "Plan Width": 48}]}]}]}]}]}]}]}]}}]]], [[[{"Plan": {"Node Type": "Limit", "Parallel Aware": false, "Async Capable": false, "Startup Cost": 49476.88, "Total Cost": 49477.13, "Plan Rows": 100, "Plan Width": 291, "Plans": [{"Node Type": "Sort", "Parent Relationship": "Outer", "Parallel Aware": false, "Async Capable": false, "Startup Cost": 49476.88, "Total Cost": 49477.37, "Plan Rows": 196, "Plan Width": 291, "Sort Key": ["item.i_category", "item.i_class", "item.i_item_id", "item.i_item_desc", "((((sum(catalog_sales.cs_ext_sales_price)) * '100'::numeric) / sum((sum(catalog_sales.cs_ext_sales_price))) OVER (?)))"], "Plans": [{"Node Type": "WindowAgg", "Parent Relationship": "Outer", "Parallel Aware": false, "Async Capable": false, "Startup Cost": 49465.0, "Total Cost": 49469.41, "Plan Rows": 196, "Plan Width": 291, "Plans": [{"Node Type": "Sort", "Parent Relationship": "Outer", "Parallel Aware": false, "Async Capable": false, "Startup Cost": 49465.0, "Total Cost": 49465.49, "Plan Rows": 196, "Plan Width": 259, "Sort Key": ["item.i_class"], "Plans": [{"Node Type": "Aggregate", "Strategy": "Sorted", "Partial Mode": "Finalize", "Parent Relationship": "Outer", "Parallel Aware": false, "Async Capable": false, "Startup Cost": 49436.69, "Total Cost": 49457.54, "Plan Rows": 196, "Plan Width": 259, "Group Key": ["item.i_item_id", "item.i_item_desc", "item.i_category", "item.i_class", "item.i_current_price"], "Plans": [{"Node Type": "Gather Merge", "Parent Relationship": "Outer", "Parallel Aware": false, "Async Capable": false, "Startup Cost": 49436.69, "Total Cost": 49453.08, "Plan Rows": 115, "Plan Width": 259, "Workers Planned": 1, "Plans": [{"Node Type": "Aggregate", "Strategy": "Sorted", "Partial Mode": "Partial", "Parent Relationship": "Outer", "Parallel Aware": false, "Async Capable": false, "Startup Cost": 48436.68, "Total Cost": 48440.13, "Plan Rows": 115, "Plan Width": 259, "Group Key": ["item.i_item_id", "item.i_item_desc", "item.i_category", "item.i_class", "item.i_current_price"], "Plans": [{"Node Type": "Sort", "Parent Relationship": "Outer", "Parallel Aware": false, "Async Capable": false, "Startup Cost": 48436.68, "Total Cost": 48436.97, "Plan Rows": 115, "Plan Width": 233, "Sort Key": ["item.i_item_id", "item.i_item_desc", "item.i_category", "item.i_class", "item.i_current_price"], "Plans": [{"Node Type": "Hash Join", "Parent Relationship": "Outer", "Parallel Aware": true, "Async Capable": false, "Join Type": "Inner", "Startup Cost": 47041.22, "Total Cost": 48432.74, "Plan Rows": 115, "Plan Width": 233, "Inner Unique": false, "Hash Cond": "(item.i_item_sk = catalog_sales.cs_item_sk)", "Plans": [{"Node Type": "Seq Scan", "Parent Relationship": "Outer", "Parallel Aware": true, "Async Capable": false, "Relation Name": "item", "Alias": "item", "Startup Cost": 0.0, "Total Cost": 1375.59, "Plan Rows": 3092, "Plan Width": 231, "Filter": "(i_category = ANY ('{Jewelry,Sports,Books}'::bpchar[]))"}, {"Node Type": "Hash", "Parent Relationship": "Inner", "Parallel Aware": true, "Async Capable": false, "Startup Cost": 47037.72, "Total Cost": 47037.72, "Plan Rows": 280, "Plan Width": 10, "Plans": [{"Node Type": "Hash Join", "Parent Relationship": "Outer", "Parallel Aware": true, "Async Capable": false, "Join Type": "Inner", "Startup Cost": 2049.8, "Total Cost": 47037.72, "Plan Rows": 280, "Plan Width": 10, "Inner Unique": true, "Hash Cond": "(catalog_sales.cs_sold_date_sk = date_dim.d_date_sk)", "Plans": [{"Node Type": "Seq Scan", "Parent Relationship": "Outer", "Parallel Aware": true, "Async Capable": false, "Relation Name": "catalog_sales", "Alias": "catalog_sales", "Startup Cost": 0.0, "Total Cost": 43411.2, "Plan Rows": 600620, "Plan Width": 14}, {"Node Type": "Hash", "Parent Relationship": "Inner", "Parallel Aware": true, "Async Capable": false, "Startup Cost": 2049.55, "Total Cost": 2049.55, "Plan Rows": 20, "Plan Width": 4, "Plans": [{"Node Type": "Seq Scan", "Parent Relationship": "Outer", "Parallel Aware": true, "Async Capable": false, "Relation Name": "date_dim", "Alias": "date_dim", "Startup Cost": 0.0, "Total Cost": 2049.55, "Plan Rows": 20, "Plan Width": 4, "Filter": "((d_date >= '2001-01-12'::date) AND (d_date <= '2001-02-11 00:00:00'::timestamp without time zone))"}]}]}]}]}]}]}]}]}]}]}]}]}}]]], [[[{"Plan": {"Node Type": "Limit", "Parallel Aware": false, "Async Capable": false, "Startup Cost": 129740.59, "Total Cost": 129828.16, "Plan Rows": 66, "Plan Width": 91, "Plans": [{"Node Type": "Aggregate", "Strategy": "Sorted", "Partial Mode": "Finalize", "Parent Relationship": "Outer", "Parallel Aware": false, "Async Capable": false, "Startup Cost": 129740.59, "Total Cost": 129827.5, "Plan Rows": 66, "Plan Width": 91, "Group Key": ["warehouse.w_warehouse_name", "item.i_item_id"], "Filter": "(((CASE WHEN (sum(CASE WHEN (date_dim.d_date < '1998-04-08'::date) THEN inventory.inv_quantity_on_hand ELSE 0 END) > 0) THEN (sum(CASE WHEN (date_dim.d_date >= '1998-04-08'::date) THEN inventory.inv_quantity_on_hand ELSE 0 END) / sum(CASE WHEN (date_dim.d_date < '1998-04-08'::date) THEN inventory.inv_quantity_on_hand ELSE 0 END)) ELSE NULL::bigint END)::numeric >= 0.66666666666666666667) AND ((CASE WHEN (sum(CASE WHEN (date_dim.d_date < '1998-04-08'::date) THEN inventory.inv_quantity_on_hand ELSE 0 END) > 0) THEN (sum(CASE WHEN (date_dim.d_date >= '1998-04-08'::date) THEN inventory.inv_quantity_on_hand ELSE 0 END) / sum(CASE WHEN (date_dim.d_date < '1998-04-08'::date) THEN inventory.inv_quantity_on_hand ELSE 0 END)) ELSE NULL::bigint END)::numeric <= 1.5000000000000000))", "Plans": [{"Node Type": "Gather Merge", "Parent Relationship": "Outer", "Parallel Aware": false, "Async Capable": false, "Startup Cost": 129740.59, "Total Cost": 129804.66, "Plan Rows": 496, "Plan Width": 91, "Workers Planned": 2, "Plans": [{"Node Type": "Aggregate", "Strategy": "Sorted", "Partial Mode": "Partial", "Parent Relationship": "Outer", "Parallel Aware": false, "Async Capable": false, "Startup Cost": 128740.57, "Total Cost": 128747.39, "Plan Rows": 248, "Plan Width": 91, "Group Key": ["warehouse.w_warehouse_name", "item.i_item_id"], "Plans": [{"Node Type": "Sort", "Parent Relationship": "Outer", "Parallel Aware": false, "Async Capable": false, "Startup Cost": 128740.57, "Total Cost": 128741.19, "Plan Rows": 248, "Plan Width": 83, "Sort Key": ["warehouse.w_warehouse_name", "item.i_item_id"], "Plans": [{"Node Type": "Hash Join", "Parent Relationship": "Outer", "Parallel Aware": false, "Async Capable": false, "Join Type": "Inner", "Startup Cost": 3447.99, "Total Cost": 128730.7, "Plan Rows": 248, "Plan Width": 83, "Inner Unique": true, "Hash Cond": "(inventory.inv_warehouse_sk = warehouse.w_warehouse_sk)", "Plans": [{"Node Type": "Hash Join", "Parent Relationship": "Outer", "Parallel Aware": true, "Async Capable": false, "Join Type": "Inner", "Startup Cost": 3446.87, "Total Cost": 128728.38, "Plan Rows": 248, "Plan Width": 29, "Inner Unique": true, "Hash Cond": "(inventory.inv_item_sk = item.i_item_sk)", "Plans": [{"Node Type": "Hash Join", "Parent Relationship": "Outer", "Parallel Aware": true, "Async Capable": false, "Join Type": "Inner", "Startup Cost": 2050.0, "Total Cost": 127320.78, "Plan Rows": 4087, "Plan Width": 16, "Inner Unique": true, "Hash Cond": "(inventory.inv_date_sk = date_dim.d_date_sk)", "Plans": [{"Node Type": "Seq Scan", "Parent Relationship": "Outer", "Parallel Aware": true, "Async Capable": false, "Relation Name": "inventory", "Alias": "inventory", "Startup Cost": 0.0, "Total Cost": 112424.06, "Plan Rows": 4893706, "Plan Width": 16}, {"Node Type": "Hash", "Parent Relationship": "Inner", "Parallel Aware": true, "Async Capable": false, "Startup Cost": 2049.55, "Total Cost": 2049.55, "Plan Rows": 36, "Plan Width": 8, "Plans": [{"Node Type": "Seq Scan", "Parent Relationship": "Outer", "Parallel Aware": true, "Async Capable": false, "Relation Name": "date_dim", "Alias": "date_dim", "Startup Cost": 0.0, "Total Cost": 2049.55, "Plan Rows": 36, "Plan Width": 8, "Filter": "((d_date >= '1998-03-09 00:00:00'::timestamp without time zone) AND (d_date <= '1998-05-08 00:00:00'::timestamp without time zone))"}]}]}, {"Node Type": "Hash", "Parent Relationship": "Inner", "Parallel Aware": true, "Async Capable": false, "Startup Cost": 1388.82, "Total Cost": 1388.82, "Plan Rows": 644, "Plan Width": 21, "Plans": [{"Node Type": "Seq Scan", "Parent Relationship": "Outer", "Parallel Aware": true, "Async Capable": false, "Relation Name": "item", "Alias": "item", "Startup Cost": 0.0, "Total Cost": 1388.82, "Plan Rows": 644, "Plan Width": 21, "Filter": "((i_current_price >= 0.99) AND (i_current_price <= 1.49))"}]}]}, {"Node Type": "Hash", "Parent Relationship": "Inner", "Parallel Aware": false, "Async Capable": false, "Startup Cost": 1.05, "Total Cost": 1.05, "Plan Rows": 5, "Plan Width": 62, "Plans": [{"Node Type": "Seq Scan", "Parent Relationship": "Outer", "Parallel Aware": false, "Async Capable": false, "Relation Name": "warehouse", "Alias": "warehouse", "Startup Cost": 0.0, "Total Cost": 1.05, "Plan Rows": 5, "Plan Width": 62}]}]}]}]}]}]}]}, "JIT": {"Functions": 41, "Options": {"Inlining": false, "Optimization": false, "Expressions": true, "Deforming": true}}}]]], [[[{"Plan": {"Node Type": "Limit", "Parallel Aware": false, "Async Capable": false, "Startup Cost": 145672.14, "Total Cost": 145672.39, "Plan Rows": 100, "Plan Width": 236, "Plans": [{"Node Type": "Sort", "Parent Relationship": "Outer", "Parallel Aware": false, "Async Capable": false, "Startup Cost": 145672.14, "Total Cost": 145851.79, "Plan Rows": 71857, "Plan Width": 236, "Sort Key": ["(avg(inventory.inv_quantity_on_hand))", "item.i_product_name", "item.i_brand", "item.i_class", "item.i_category"], "Plans": [{"Node Type": "Aggregate", "Strategy": "Sorted", "Partial Mode": "Simple", "Parent Relationship": "Outer", "Parallel Aware": false, "Async Capable": false, "Startup Cost": 134210.43, "Total Cost": 142925.82, "Plan Rows": 71857, "Plan Width": 236, "Grouping Sets": [{"Group Keys": [["item.i_product_name", "item.i_brand", "item.i_class", "item.i_category"], ["item.i_product_name", "item.i_brand", "item.i_class"], ["item.i_product_name", "item.i_brand"], ["item.i_product_name"], []]}], "Plans": [{"Node Type": "Gather Merge", "Parent Relationship": "Outer", "Parallel Aware": false, "Async Capable": false, "Startup Cost": 134210.43, "Total Cost": 141269.93, "Plan Rows": 60614, "Plan Width": 208, "Workers Planned": 2, "Plans": [{"Node Type": "Sort", "Parent Relationship": "Outer", "Parallel Aware": false, "Async Capable": false, "Startup Cost": 133210.41, "Total Cost": 133273.55, "Plan Rows": 25256, "Plan Width": 208, "Sort Key": ["item.i_product_name", "item.i_brand", "item.i_class", "item.i_category"], "Plans": [{"Node Type": "Hash Join", "Parent Relationship": "Outer", "Parallel Aware": true, "Async Capable": false, "Join Type": "Inner", "Startup Cost": 3520.56, "Total Cost": 128857.65, "Plan Rows": 25256, "Plan Width": 208, "Inner Unique": true, "Hash Cond": "(inventory.inv_item_sk = item.i_item_sk)", "Plans": [{"Node Type": "Hash Join", "Parent Relationship": "Outer", "Parallel Aware": true, "Async Capable": false, "Join Type": "Inner", "Startup Cost": 2052.33, "Total Cost": 127323.11, "Plan Rows": 25256, "Plan Width": 8, "Inner Unique": true, "Hash Cond": "(inventory.inv_date_sk = date_dim.d_date_sk)", "Plans": [{"Node Type": "Seq Scan", "Parent Relationship": "Outer", "Parallel Aware": true, "Async Capable": false, "Relation Name": "inventory", "Alias": "inventory", "Startup Cost": 0.0, "Total Cost": 112424.06, "Plan Rows": 4893706, "Plan Width": 12}, {"Node Type": "Hash", "Parent Relationship": "Inner", "Parallel Aware": true, "Async Capable": false, "Startup Cost": 2049.55, "Total Cost": 2049.55, "Plan Rows": 222, "Plan Width": 4, "Plans": [{"Node Type": "Seq Scan", "Parent Relationship": "Outer", "Parallel Aware": true, "Async Capable": false, "Relation Name": "date_dim", "Alias": "date_dim", "Startup Cost": 0.0, "Total Cost": 2049.55, "Plan Rows": 222, "Plan Width": 4, "Filter": "((d_month_seq >= 1212) AND (d_month_seq <= 1223))"}]}]}, {"Node Type": "Hash", "Parent Relationship": "Inner", "Parallel Aware": true, "Async Capable": false, "Startup Cost": 1335.88, "Total Cost": 1335.88, "Plan Rows": 10588, "Plan Width": 208, "Plans": [{"Node Type": "Seq Scan", "Parent Relationship": "Outer", "Parallel Aware": true, "Async Capable": false, "Relation Name": "item", "Alias": "item", "Startup Cost": 0.0, "Total Cost": 1335.88, "Plan Rows": 10588, "Plan Width": 208}]}]}]}]}]}]}]}, "JIT": {"Functions": 27, "Options": {"Inlining": false, "Optimization": false, "Expressions": true, "Deforming": true}}}]]], [[[{"Plan": {"Node Type": "Limit", "Parallel Aware": false, "Async Capable": false, "Startup Cost": 442774.44, "Total Cost": 442774.45, "Plan Rows": 1, "Plan Width": 32, "Plans": [{"Node Type": "Aggregate", "Strategy": "Sorted", "Partial Mode": "Finalize", "Parent Relationship": "InitPlan", "Subplan Name": "CTE frequent_ss_items", "Parallel Aware": false, "Async Capable": false, "Startup Cost": 73239.93, "Total Cost": 80608.93, "Plan Rows": 19150, "Plan Width": 48, "Group Key": ["(substr((item.i_item_desc)::text, 1, 30))", "item.i_item_sk", "date_dim_2.d_date"], "Filter": "(count(*) > 4)", "Plans": [{"Node Type": "Gather Merge", "Parent Relationship": "Outer", "Parallel Aware": false, "Async Capable": false, "Startup Cost": 73239.93, "Total Cost": 79364.2, "Plan Rows": 47874, "Plan Width": 48, "Workers Planned": 2, "Plans": [{"Node Type": "Aggregate", "Strategy": "Sorted", "Partial Mode": "Partial", "Parent Relationship": "Outer", "Parallel Aware": false, "Async Capable": false, "Startup Cost": 72239.91, "Total Cost": 72838.33, "Plan Rows": 23937, "Plan Width": 48, "Group Key": ["(substr((item.i_item_desc)::text, 1, 30))", "item.i_item_sk", "date_dim_2.d_date"], "Plans": [{"Node Type": "Sort", "Parent Relationship": "Outer", "Parallel Aware": false, "Async Capable": false, "Startup Cost": 72239.91, "Total Cost": 72299.75, "Plan Rows": 23937, "Plan Width": 40, "Sort Key": ["(substr((item.i_item_desc)::text, 1, 30))", "item.i_item_sk", "date_dim_2.d_date"], "Plans": [{"Node Type": "Hash Join", "Parent Relationship": "Outer", "Parallel Aware": true, "Async Capable": false, "Join Type": "Inner", "Startup Cost": 3528.49, "Total Cost": 70498.85, "Plan Rows": 23937, "Plan Width": 40, "Inner Unique": true, "Hash Cond": "(store_sales.ss_item_sk = item.i_item_sk)", "Plans": [{"Node Type": "Hash Join", "Parent Relationship": "Outer", "Parallel Aware": true, "Async Capable": false, "Join Type": "Inner", "Startup Cost": 2060.26, "Total Cost": 68907.93, "Plan Rows": 23937, "Plan Width": 8, "Inner Unique": true, "Hash Cond": "(store_sales.ss_sold_date_sk = date_dim_2.d_date_sk)", "Plans": [{"Node Type": "Seq Scan", "Parent Relationship": "Outer", "Parallel Aware": true, "Async Capable": false, "Relation Name": "store_sales", "Alias": "store_sales", "Startup Cost": 0.0, "Total Cost": 63697.18, "Plan Rows": 1200118, "Plan Width": 8}, {"Node Type": "Hash", "Parent Relationship": "Inner", "Parallel Aware": true, "Async Capable": false, "Startup Cost": 2049.55, "Total Cost": 2049.55, "Plan Rows": 857, "Plan Width": 8, "Plans": [{"Node Type": "Seq Scan", "Parent Relationship": "Outer", "Parallel Aware": true, "Async Capable": false, "Relation Name": "date_dim", "Alias": "date_dim_2", "Startup Cost": 0.0, "Total Cost": 2049.55, "Plan Rows": 857, "Plan Width": 8, "Filter": "(d_year = ANY ('{1999,2000,2001,2002}'::integer[]))"}]}]}, {"Node Type": "Hash", "Parent Relationship": "Inner", "Parallel Aware": true, "Async Capable": false, "Startup Cost": 1335.88, "Total Cost": 1335.88, "Plan Rows": 10588, "Plan Width": 106, "Plans": [{"Node Type": "Seq Scan", "Parent Relationship": "Outer", "Parallel Aware": true, "Async Capable": false, "Relation Name": "item", "Alias": "item", "Startup Cost": 0.0, "Total Cost": 1335.88, "Plan Rows": 10588, "Plan Width": 106}]}]}]}]}]}]}, {"Node Type": "Aggregate", "Strategy": "Sorted", "Partial Mode": "Finalize", "Parent Relationship": "InitPlan", "Subplan Name": "CTE best_ss_customer", "Parallel Aware": false, "Async Capable": false, "Startup Cost": 259457.52, "Total Cost": 286042.48, "Plan Rows": 33333, "Plan Width": 36, "Group Key": ["customer_1.c_customer_sk"], "Filter": "(sum(((store_sales_2.ss_quantity)::numeric * store_sales_2.ss_sales_price)) > (0.95000000000000000000 * $3))", "Plans": [{"Node Type": "Aggregate", "Strategy": "Plain", "Partial Mode": "Simple", "Parent Relationship": "InitPlan", "Subplan Name": "InitPlan 2 (returns $3)", "Parallel Aware": false, "Async Capable": false, "Startup Cost": 82173.19, "Total Cost": 82173.2, "Plan Rows": 1, "Plan Width": 32, "Plans": [{"Node Type": "Aggregate", "Strategy": "Sorted", "Partial Mode": "Finalize", "Parent Relationship": "Outer", "Parallel Aware": false, "Async Capable": false, "Startup Cost": 74253.64, "Total Cost": 81455.08, "Plan Rows": 57449, "Plan Width": 36, "Group Key": ["customer.c_customer_sk"], "Plans": [{"Node Type": "Gather Merge", "Parent Relationship": "Outer", "Parallel Aware": false, "Async Capable": false, "Startup Cost": 74253.64, "Total Cost": 80377.91, "Plan Rows": 47874, "Plan Width": 36, "Workers Planned": 2, "Plans": [{"Node Type": "Aggregate", "Strategy": "Sorted", "Partial Mode": "Partial", "Parent Relationship": "Outer", "Parallel Aware": false, "Async Capable": false, "Startup Cost": 73253.62, "Total Cost": 73852.04, "Plan Rows": 23937, "Plan Width": 36, "Group Key": ["customer.c_customer_sk"], "Plans": [{"Node Type": "Sort", "Parent Relationship": "Outer", "Parallel Aware": false, "Async Capable": false, "Startup Cost": 73253.62, "Total Cost": 73313.46, "Plan Rows": 23937, "Plan Width": 14, "Sort Key": ["customer.c_customer_sk"], "Plans": [{"Node Type": "Hash Join", "Parent Relationship": "Outer", "Parallel Aware": true, "Async Capable": false, "Join Type": "Inner", "Startup Cost": 4602.06, "Total Cost": 71512.56, "Plan Rows": 23937, "Plan Width": 14, "Inner Unique": true, "Hash Cond": "(store_sales_1.ss_customer_sk = customer.c_customer_sk)", "Plans": [{"Node Type": "Hash Join", "Parent Relationship": "Outer", "Parallel Aware": true, "Async Capable": false, "Join Type": "Inner", "Startup Cost": 2060.26, "Total Cost": 68907.93, "Plan Rows": 23937, "Plan Width": 14, "Inner Unique": true, "Hash Cond": "(store_sales_1.ss_sold_date_sk = date_dim_3.d_date_sk)", "Plans": [{"Node Type": "Seq Scan", "Parent Relationship": "Outer", "Parallel Aware": true, "Async Capable": false, "Relation Name": "store_sales", "Alias": "store_sales_1", "Startup Cost": 0.0, "Total Cost": 63697.18, "Plan Rows": 1200118, "Plan Width": 18}, {"Node Type": "Hash", "Parent Relationship": "Inner", "Parallel Aware": true, "Async Capable": false, "Startup Cost": 2049.55, "Total Cost": 2049.55, "Plan Rows": 857, "Plan Width": 4, "Plans": [{"Node Type": "Seq Scan", "Parent Relationship": "Outer", "Parallel Aware": true, "Async Capable": false, "Relation Name": "date_dim", "Alias": "date_dim_3", "Startup Cost": 0.0, "Total Cost": 2049.55, "Plan Rows": 857, "Plan Width": 4, "Filter": "(d_year = ANY ('{1999,2000,2001,2002}'::integer[]))"}]}]}, {"Node Type": "Hash", "Parent Relationship": "Inner", "Parallel Aware": true, "Async Capable": false, "Startup Cost": 2020.96, "Total Cost": 2020.96, "Plan Rows": 41667, "Plan Width": 4, "Plans": [{"Node Type": "Index Only Scan", "Parent Relationship": "Outer", "Parallel Aware": true, "Async Capable": false, "Scan Direction": "Forward", "Index Name": "customer_pkey", "Relation Name": "customer", "Alias": "customer", "Startup Cost": 0.29, "Total Cost": 2020.96, "Plan Rows": 41667, "Plan Width": 4}]}]}]}]}]}]}]}, {"Node Type": "Gather Merge", "Parent Relationship": "Outer", "Parallel Aware": false, "Async Capable": false, "Startup Cost": 177284.31, "Total Cost": 200619.27, "Plan Rows": 200000, "Plan Width": 36, "Workers Planned": 2, "Plans": [{"Node Type": "Sort", "Parent Relationship": "Outer", "Parallel Aware": false, "Async Capable": false, "Startup Cost": 176284.28, "Total Cost": 176534.28, "Plan Rows": 100000, "Plan Width": 36, "Sort Key": ["customer_1.c_customer_sk"], "Plans": [{"Node Type": "Aggregate", "Strategy": "Hashed", "Partial Mode": "Partial", "Parent Relationship": "Outer", "Parallel Aware": false, "Async Capable": false, "Startup Cost": 152272.56, "Total Cost": 165242.46, "Plan Rows": 100000, "Plan Width": 36, "Group Key": ["customer_1.c_customer_sk"], "Planned Partitions": 8, "Plans": [{"Node Type": "Hash Join", "Parent Relationship": "Outer", "Parallel Aware": true, "Async Capable": false, "Join Type": "Inner", "Startup Cost": 2541.8, "Total Cost": 69389.41, "Plan Rows": 1200118, "Plan Width": 14, "Inner Unique": true, "Hash Cond": "(store_sales_2.ss_customer_sk = customer_1.c_customer_sk)", "Plans": [{"Node Type": "Seq Scan", "Parent Relationship": "Outer", "Parallel Aware": true, "Async Capable": false, "Relation Name": "store_sales", "Alias": "store_sales_2", "Startup Cost": 0.0, "Total Cost": 63697.18, "Plan Rows": 1200118, "Plan Width": 14}, {"Node Type": "Hash", "Parent Relationship": "Inner", "Parallel Aware": true, "Async Capable": false, "Startup Cost": 2020.96, "Total Cost": 2020.96, "Plan Rows": 41667, "Plan Width": 4, "Plans": [{"Node Type": "Index Only Scan", "Parent Relationship": "Outer", "Parallel Aware": true, "Async Capable": false, "Scan Direction": "Forward", "Index Name": "customer_pkey", "Relation Name": "customer", "Alias": "customer_1", "Startup Cost": 0.29, "Total Cost": 2020.96, "Plan Rows": 41667, "Plan Width": 4}]}]}]}]}]}]}, {"Node Type": "Aggregate", "Strategy": "Plain", "Partial Mode": "Simple", "Parent Relationship": "Outer", "Parallel Aware": false, "Async Capable": false, "Startup Cost": 76123.03, "Total Cost": 76123.04, "Plan Rows": 1, "Plan Width": 32, "Plans": [{"Node Type": "Append", "Parent Relationship": "Outer", "Parallel Aware": false, "Async Capable": false, "Startup Cost": 4239.64, "Total Cost": 76122.48, "Plan Rows": 221, "Plan Width": 32, "Subplans Removed": 0, "Plans": [{"Node Type": "Hash Join", "Parent Relationship": "Member", "Parallel Aware": false, "Async Capable": false, "Join Type": "Inner", "Startup Cost": 4239.64, "Total Cost": 49294.73, "Plan Rows": 147, "Plan Width": 32, "Inner Unique": true, "Hash Cond": "(catalog_sales.cs_item_sk = frequent_ss_items.item_sk)", "Plans": [{"Node Type": "Hash Join", "Parent Relationship": "Outer", "Parallel Aware": false, "Async Capable": false, "Join Type": "Inner", "Startup Cost": 3804.27, "Total Cost": 48856.21, "Plan Rows": 294, "Plan Width": 14, "Inner Unique": true, "Hash Cond": "(catalog_sales.cs_bill_customer_sk = best_ss_customer.c_customer_sk)", "Plans": [{"Node Type": "Gather", "Parent Relationship": "Outer", "Parallel Aware": false, "Async Capable": false, "Startup Cost": 3049.78, "Total Cost": 48096.89, "Plan Rows": 592, "Plan Width": 18, "Workers Planned": 2, "Single Copy": false, "Plans": [{"Node Type": "Hash Join", "Parent Relationship": "Outer", "Parallel Aware": true, "Async Capable": false, "Join Type": "Inner", "Startup Cost": 2049.78, "Total Cost": 47037.69, "Plan Rows": 247, "Plan Width": 18, "Inner Unique": true, "Hash Cond": "(catalog_sales.cs_sold_date_sk = date_dim.d_date_sk)", "Plans": [{"Node Type": "Seq Scan", "Parent Relationship": "Outer", "Parallel Aware": true, "Async Capable": false, "Relation Name": "catalog_sales", "Alias": "catalog_sales", "Startup Cost": 0.0, "Total Cost": 43411.2, "Plan Rows": 600620, "Plan Width": 22}, {"Node Type": "Hash", "Parent Relationship": "Inner", "Parallel Aware": true, "Async Capable": false, "Startup Cost": 2049.55, "Total Cost": 2049.55, "Plan Rows": 18, "Plan Width": 4, "Plans": [{"Node Type": "Seq Scan", "Parent Relationship": "Outer", "Parallel Aware": true, "Async Capable": false, "Relation Name": "date_dim", "Alias": "date_dim", "Startup Cost": 0.0, "Total Cost": 2049.55, "Plan Rows": 18, "Plan Width": 4, "Filter": "((d_year = 1999) AND (d_moy = 1))"}]}]}]}, {"Node Type": "Hash", "Parent Relationship": "Inner", "Parallel Aware": false, "Async Capable": false, "Startup Cost": 751.99, "Total Cost": 751.99, "Plan Rows": 200, "Plan Width": 4, "Plans": [{"Node Type": "Aggregate", "Strategy": "Hashed", "Partial Mode": "Simple", "Parent Relationship": "Outer", "Parallel Aware": false, "Async Capable": false, "Startup Cost": 749.99, "Total Cost": 751.99, "Plan Rows": 200, "Plan Width": 4, "Group Key": ["best_ss_customer.c_customer_sk"], "Planned Partitions": 0, "Plans": [{"Node Type": "CTE Scan", "Parent Relationship": "Outer", "Parallel Aware": false, "Async Capable": false, "CTE Name": "best_ss_customer", "Alias": "best_ss_customer", "Startup Cost": 0.0, "Total Cost": 666.66, "Plan Rows": 33333, "Plan Width": 4}]}]}]}, {"Node Type": "Hash", "Parent Relationship": "Inner", "Parallel Aware": false, "Async Capable": false, "Startup Cost": 432.88, "Total Cost": 432.88, "Plan Rows": 200, "Plan Width": 4, "Plans": [{"Node Type": "Aggregate", "Strategy": "Hashed", "Partial Mode": "Simple", "Parent Relationship": "Outer", "Parallel Aware": false, "Async Capable": false, "Startup Cost": 430.88, "Total Cost": 432.88, "Plan Rows": 200, "Plan Width": 4, "Group Key": ["frequent_ss_items.item_sk"], "Planned Partitions": 0, "Plans": [{"Node Type": "CTE Scan", "Parent Relationship": "Outer", "Parallel Aware": false, "Async Capable": false, "CTE Name": "frequent_ss_items", "Alias": "frequent_ss_items", "Startup Cost": 0.0, "Total Cost": 383.0, "Plan Rows": 19150, "Plan Width": 4}]}]}]}, {"Node Type": "Hash Join", "Parent Relationship": "Member", "Parallel Aware": false, "Async Capable": false, "Join Type": "Inner", "Startup Cost": 4239.64, "Total Cost": 26824.43, "Plan Rows": 74, "Plan Width": 32, "Inner Unique": true, "Hash Cond": "(web_sales.ws_item_sk = frequent_ss_items_1.item_sk)", "Plans": [{"Node Type": "Hash Join", "Parent Relationship": "Outer", "Parallel Aware": false, "Async Capable": false, "Join Type": "Inner", "Startup Cost": 3804.27, "Total Cost": 26387.48, "Plan Rows": 147, "Plan Width": 14, "Inner Unique": true, "Hash Cond": "(web_sales.ws_bill_customer_sk = best_ss_customer_1.c_customer_sk)", "Plans": [{"Node Type": "Gather", "Parent Relationship": "Outer", "Parallel Aware": false, "Async Capable": false, "Startup Cost": 3049.78, "Total Cost": 25630.58, "Plan Rows": 295, "Plan Width": 18, "Workers Planned": 2, "Single Copy": false, "Plans": [{"Node Type": "Hash Join", "Parent Relationship": "Outer", "Parallel Aware": true, "Async Capable": false, "Join Type": "Inner", "Startup Cost": 2049.78, "Total Cost": 24601.08, "Plan Rows": 123, "Plan Width": 18, "Inner Unique": true, "Hash Cond": "(web_sales.ws_sold_date_sk = date_dim_1.d_date_sk)", "Plans": [{"Node Type": "Seq Scan", "Parent Relationship": "Outer", "Parallel Aware": true, "Async Capable": false, "Relation Name": "web_sales", "Alias": "web_sales", "Startup Cost": 0.0, "Total Cost": 21764.43, "Plan Rows": 299743, "Plan Width": 22}, {"Node Type": "Hash", "Parent Relationship": "Inner", "Parallel Aware": true, "Async Capable": false, "Startup Cost": 2049.55, "Total Cost": 2049.55, "Plan Rows": 18, "Plan Width": 4, "Plans": [{"Node Type": "Seq Scan", "Parent Relationship": "Outer", "Parallel Aware": true, "Async Capable": false, "Relation Name": "date_dim", "Alias": "date_dim_1", "Startup Cost": 0.0, "Total Cost": 2049.55, "Plan Rows": 18, "Plan Width": 4, "Filter": "((d_year = 1999) AND (d_moy = 1))"}]}]}]}, {"Node Type": "Hash", "Parent Relationship": "Inner", "Parallel Aware": false, "Async Capable": false, "Startup Cost": 751.99, "Total Cost": 751.99, "Plan Rows": 200, "Plan Width": 4, "Plans": [{"Node Type": "Aggregate", "Strategy": "Hashed", "Partial Mode": "Simple", "Parent Relationship": "Outer", "Parallel Aware": false, "Async Capable": false, "Startup Cost": 749.99, "Total Cost": 751.99, "Plan Rows": 200, "Plan Width": 4, "Group Key": ["best_ss_customer_1.c_customer_sk"], "Planned Partitions": 0, "Plans": [{"Node Type": "CTE Scan", "Parent Relationship": "Outer", "Parallel Aware": false, "Async Capable": false, "CTE Name": "best_ss_customer", "Alias": "best_ss_customer_1", "Startup Cost": 0.0, "Total Cost": 666.66, "Plan Rows": 33333, "Plan Width": 4}]}]}]}, {"Node Type": "Hash", "Parent Relationship": "Inner", "Parallel Aware": false, "Async Capable": false, "Startup Cost": 432.88, "Total Cost": 432.88, "Plan Rows": 200, "Plan Width": 4, "Plans": [{"Node Type": "Aggregate", "Strategy": "Hashed", "Partial Mode": "Simple", "Parent Relationship": "Outer", "Parallel Aware": false, "Async Capable": false, "Startup Cost": 430.88, "Total Cost": 432.88, "Plan Rows": 200, "Plan Width": 4, "Group Key": ["frequent_ss_items_1.item_sk"], "Planned Partitions": 0, "Plans": [{"Node Type": "CTE Scan", "Parent Relationship": "Outer", "Parallel Aware": false, "Async Capable": false, "CTE Name": "frequent_ss_items", "Alias": "frequent_ss_items_1", "Startup Cost": 0.0, "Total Cost": 383.0, "Plan Rows": 19150, "Plan Width": 4}]}]}]}]}]}]}, "JIT": {"Functions": 135, "Options": {"Inlining": false, "Optimization": false, "Expressions": true, "Deforming": true}}}]], [[{"Plan": {"Node Type": "Limit", "Parallel Aware": false, "Async Capable": false, "Startup Cost": 450117.34, "Total Cost": 450117.59, "Plan Rows": 100, "Plan Width": 84, "Plans": [{"Node Type": "Aggregate", "Strategy": "Sorted", "Partial Mode": "Finalize", "Parent Relationship": "InitPlan", "Subplan Name": "CTE frequent_ss_items", "Parallel Aware": false, "Async Capable": false, "Startup Cost": 73239.93, "Total Cost": 80608.93, "Plan Rows": 19150, "Plan Width": 48, "Group Key": ["(substr((item.i_item_desc)::text, 1, 30))", "item.i_item_sk", "date_dim_2.d_date"], "Filter": "(count(*) > 4)", "Plans": [{"Node Type": "Gather Merge", "Parent Relationship": "Outer", "Parallel Aware": false, "Async Capable": false, "Startup Cost": 73239.93, "Total Cost": 79364.2, "Plan Rows": 47874, "Plan Width": 48, "Workers Planned": 2, "Plans": [{"Node Type": "Aggregate", "Strategy": "Sorted", "Partial Mode": "Partial", "Parent Relationship": "Outer", "Parallel Aware": false, "Async Capable": false, "Startup Cost": 72239.91, "Total Cost": 72838.33, "Plan Rows": 23937, "Plan Width": 48, "Group Key": ["(substr((item.i_item_desc)::text, 1, 30))", "item.i_item_sk", "date_dim_2.d_date"], "Plans": [{"Node Type": "Sort", "Parent Relationship": "Outer", "Parallel Aware": false, "Async Capable": false, "Startup Cost": 72239.91, "Total Cost": 72299.75, "Plan Rows": 23937, "Plan Width": 40, "Sort Key": ["(substr((item.i_item_desc)::text, 1, 30))", "item.i_item_sk", "date_dim_2.d_date"], "Plans": [{"Node Type": "Hash Join", "Parent Relationship": "Outer", "Parallel Aware": true, "Async Capable": false, "Join Type": "Inner", "Startup Cost": 3528.49, "Total Cost": 70498.85, "Plan Rows": 23937, "Plan Width": 40, "Inner Unique": true, "Hash Cond": "(store_sales.ss_item_sk = item.i_item_sk)", "Plans": [{"Node Type": "Hash Join", "Parent Relationship": "Outer", "Parallel Aware": true, "Async Capable": false, "Join Type": "Inner", "Startup Cost": 2060.26, "Total Cost": 68907.93, "Plan Rows": 23937, "Plan Width": 8, "Inner Unique": true, "Hash Cond": "(store_sales.ss_sold_date_sk = date_dim_2.d_date_sk)", "Plans": [{"Node Type": "Seq Scan", "Parent Relationship": "Outer", "Parallel Aware": true, "Async Capable": false, "Relation Name": "store_sales", "Alias": "store_sales", "Startup Cost": 0.0, "Total Cost": 63697.18, "Plan Rows": 1200118, "Plan Width": 8}, {"Node Type": "Hash", "Parent Relationship": "Inner", "Parallel Aware": true, "Async Capable": false, "Startup Cost": 2049.55, "Total Cost": 2049.55, "Plan Rows": 857, "Plan Width": 8, "Plans": [{"Node Type": "Seq Scan", "Parent Relationship": "Outer", "Parallel Aware": true, "Async Capable": false, "Relation Name": "date_dim", "Alias": "date_dim_2", "Startup Cost": 0.0, "Total Cost": 2049.55, "Plan Rows": 857, "Plan Width": 8, "Filter": "(d_year = ANY ('{1999,2000,2001,2002}'::integer[]))"}]}]}, {"Node Type": "Hash", "Parent Relationship": "Inner", "Parallel Aware": true, "Async Capable": false, "Startup Cost": 1335.88, "Total Cost": 1335.88, "Plan Rows": 10588, "Plan Width": 106, "Plans": [{"Node Type": "Seq Scan", "Parent Relationship": "Outer", "Parallel Aware": true, "Async Capable": false, "Relation Name": "item", "Alias": "item", "Startup Cost": 0.0, "Total Cost": 1335.88, "Plan Rows": 10588, "Plan Width": 106}]}]}]}]}]}]}, {"Node Type": "Aggregate", "Strategy": "Sorted", "Partial Mode": "Finalize", "Parent Relationship": "InitPlan", "Subplan Name": "CTE best_ss_customer", "Parallel Aware": false, "Async Capable": false, "Startup Cost": 259457.52, "Total Cost": 286042.48, "Plan Rows": 33333, "Plan Width": 36, "Group Key": ["customer_3.c_customer_sk"], "Filter": "(sum(((store_sales_2.ss_quantity)::numeric * store_sales_2.ss_sales_price)) > (0.95000000000000000000 * $3))", "Plans": [{"Node Type": "Aggregate", "Strategy": "Plain", "Partial Mode": "Simple", "Parent Relationship": "InitPlan", "Subplan Name": "InitPlan 2 (returns $3)", "Parallel Aware": false, "Async Capable": false, "Startup Cost": 82173.19, "Total Cost": 82173.2, "Plan Rows": 1, "Plan Width": 32, "Plans": [{"Node Type": "Aggregate", "Strategy": "Sorted", "Partial Mode": "Finalize", "Parent Relationship": "Outer", "Parallel Aware": false, "Async Capable": false, "Startup Cost": 74253.64, "Total Cost": 81455.08, "Plan Rows": 57449, "Plan Width": 36, "Group Key": ["customer_2.c_customer_sk"], "Plans": [{"Node Type": "Gather Merge", "Parent Relationship": "Outer", "Parallel Aware": false, "Async Capable": false, "Startup Cost": 74253.64, "Total Cost": 80377.91, "Plan Rows": 47874, "Plan Width": 36, "Workers Planned": 2, "Plans": [{"Node Type": "Aggregate", "Strategy": "Sorted", "Partial Mode": "Partial", "Parent Relationship": "Outer", "Parallel Aware": false, "Async Capable": false, "Startup Cost": 73253.62, "Total Cost": 73852.04, "Plan Rows": 23937, "Plan Width": 36, "Group Key": ["customer_2.c_customer_sk"], "Plans": [{"Node Type": "Sort", "Parent Relationship": "Outer", "Parallel Aware": false, "Async Capable": false, "Startup Cost": 73253.62, "Total Cost": 73313.46, "Plan Rows": 23937, "Plan Width": 14, "Sort Key": ["customer_2.c_customer_sk"], "Plans": [{"Node Type": "Hash Join", "Parent Relationship": "Outer", "Parallel Aware": true, "Async Capable": false, "Join Type": "Inner", "Startup Cost": 4602.06, "Total Cost": 71512.56, "Plan Rows": 23937, "Plan Width": 14, "Inner Unique": true, "Hash Cond": "(store_sales_1.ss_customer_sk = customer_2.c_customer_sk)", "Plans": [{"Node Type": "Hash Join", "Parent Relationship": "Outer", "Parallel Aware": true, "Async Capable": false, "Join Type": "Inner", "Startup Cost": 2060.26, "Total Cost": 68907.93, "Plan Rows": 23937, "Plan Width": 14, "Inner Unique": true, "Hash Cond": "(store_sales_1.ss_sold_date_sk = date_dim_3.d_date_sk)", "Plans": [{"Node Type": "Seq Scan", "Parent Relationship": "Outer", "Parallel Aware": true, "Async Capable": false, "Relation Name": "store_sales", "Alias": "store_sales_1", "Startup Cost": 0.0, "Total Cost": 63697.18, "Plan Rows": 1200118, "Plan Width": 18}, {"Node Type": "Hash", "Parent Relationship": "Inner", "Parallel Aware": true, "Async Capable": false, "Startup Cost": 2049.55, "Total Cost": 2049.55, "Plan Rows": 857, "Plan Width": 4, "Plans": [{"Node Type": "Seq Scan", "Parent Relationship": "Outer", "Parallel Aware": true, "Async Capable": false, "Relation Name": "date_dim", "Alias": "date_dim_3", "Startup Cost": 0.0, "Total Cost": 2049.55, "Plan Rows": 857, "Plan Width": 4, "Filter": "(d_year = ANY ('{1999,2000,2001,2002}'::integer[]))"}]}]}, {"Node Type": "Hash", "Parent Relationship": "Inner", "Parallel Aware": true, "Async Capable": false, "Startup Cost": 2020.96, "Total Cost": 2020.96, "Plan Rows": 41667, "Plan Width": 4, "Plans": [{"Node Type": "Index Only Scan", "Parent Relationship": "Outer", "Parallel Aware": true, "Async Capable": false, "Scan Direction": "Forward", "Index Name": "customer_pkey", "Relation Name": "customer", "Alias": "customer_2", "Startup Cost": 0.29, "Total Cost": 2020.96, "Plan Rows": 41667, "Plan Width": 4}]}]}]}]}]}]}]}, {"Node Type": "Gather Merge", "Parent Relationship": "Outer", "Parallel Aware": false, "Async Capable": false, "Startup Cost": 177284.31, "Total Cost": 200619.27, "Plan Rows": 200000, "Plan Width": 36, "Workers Planned": 2, "Plans": [{"Node Type": "Sort", "Parent Relationship": "Outer", "Parallel Aware": false, "Async Capable": false, "Startup Cost": 176284.28, "Total Cost": 176534.28, "Plan Rows": 100000, "Plan Width": 36, "Sort Key": ["customer_3.c_customer_sk"], "Plans": [{"Node Type": "Aggregate", "Strategy": "Hashed", "Partial Mode": "Partial", "Parent Relationship": "Outer", "Parallel Aware": false, "Async Capable": false, "Startup Cost": 152272.56, "Total Cost": 165242.46, "Plan Rows": 100000, "Plan Width": 36, "Group Key": ["customer_3.c_customer_sk"], "Planned Partitions": 8, "Plans": [{"Node Type": "Hash Join", "Parent Relationship": "Outer", "Parallel Aware": true, "Async Capable": false, "Join Type": "Inner", "Startup Cost": 2541.8, "Total Cost": 69389.41, "Plan Rows": 1200118, "Plan Width": 14, "Inner Unique": true, "Hash Cond": "(store_sales_2.ss_customer_sk = customer_3.c_customer_sk)", "Plans": [{"Node Type": "Seq Scan", "Parent Relationship": "Outer", "Parallel Aware": true, "Async Capable": false, "Relation Name": "store_sales", "Alias": "store_sales_2", "Startup Cost": 0.0, "Total Cost": 63697.18, "Plan Rows": 1200118, "Plan Width": 14}, {"Node Type": "Hash", "Parent Relationship": "Inner", "Parallel Aware": true, "Async Capable": false, "Startup Cost": 2020.96, "Total Cost": 2020.96, "Plan Rows": 41667, "Plan Width": 4, "Plans": [{"Node Type": "Index Only Scan", "Parent Relationship": "Outer", "Parallel Aware": true, "Async Capable": false, "Scan Direction": "Forward", "Index Name": "customer_pkey", "Relation Name": "customer", "Alias": "customer_3", "Startup Cost": 0.29, "Total Cost": 2020.96, "Plan Rows": 41667, "Plan Width": 4}]}]}]}]}]}]}, {"Node Type": "Sort", "Parent Relationship": "Outer", "Parallel Aware": false, "Async Capable": false, "Startup Cost": 83465.93, "Total Cost": 83466.48, "Plan Rows": 221, "Plan Width": 84, "Sort Key": ["customer.c_last_name", "customer.c_first_name", "(sum(((catalog_sales.cs_quantity)::numeric * catalog_sales.cs_list_price)))"], "Plans": [{"Node Type": "Append", "Parent Relationship": "Outer", "Parallel Aware": false, "Async Capable": false, "Startup Cost": 52961.65, "Total Cost": 83457.48, "Plan Rows": 221, "Plan Width": 84, "Subplans Removed": 0, "Plans": [{"Node Type": "Aggregate", "Strategy": "Sorted", "Partial Mode": "Simple", "Parent Relationship": "Member", "Parallel Aware": false, "Async Capable": false, "Startup Cost": 52961.65, "Total Cost": 52965.69, "Plan Rows": 147, "Plan Width": 84, "Group Key": ["customer.c_last_name", "customer.c_first_name"], "Plans": [{"Node Type": "Sort", "Parent Relationship": "Outer", "Parallel Aware": false, "Async Capable": false, "Startup Cost": 52961.65, "Total Cost": 52962.01, "Plan Rows": 147, "Plan Width": 62, "Sort Key": ["customer.c_last_name", "customer.c_first_name"], "Plans": [{"Node Type": "Hash Join", "Parent Relationship": "Outer", "Parallel Aware": false, "Async Capable": false, "Join Type": "Inner", "Startup Cost": 49230.65, "Total Cost": 52956.35, "Plan Rows": 147, "Plan Width": 62, "Inner Unique": true, "Hash Cond": "(catalog_sales.cs_item_sk = frequent_ss_items.item_sk)", "Plans": [{"Node Type": "Hash Join", "Parent Relationship": "Outer", "Parallel Aware": false, "Async Capable": false, "Join Type": "Inner", "Startup Cost": 48795.27, "Total Cost": 52518.57, "Plan Rows": 294, "Plan Width": 66, "Inner Unique": true, "Hash Cond": "(catalog_sales.cs_bill_customer_sk = best_ss_customer.c_customer_sk)", "Plans": [{"Node Type": "Gather", "Parent Relationship": "Outer", "Parallel Aware": false, "Async Capable": false, "Startup Cost": 48040.78, "Total Cost": 51759.25, "Plan Rows": 592, "Plan Width": 74, "Workers Planned": 1, "Single Copy": false, "Plans": [{"Node Type": "Hash Join", "Parent Relationship": "Outer", "Parallel Aware": true, "Async Capable": false, "Join Type": "Inner", "Startup Cost": 47040.78, "Total Cost": 50700.05, "Plan Rows": 348, "Plan Width": 74, "Inner Unique": false, "Hash Cond": "(customer.c_customer_sk = catalog_sales.cs_bill_customer_sk)", "Plans": [{"Node Type": "Seq Scan", "Parent Relationship": "Outer", "Parallel Aware": true, "Async Capable": false, "Relation Name": "customer", "Alias": "customer", "Startup Cost": 0.0, "Total Cost": 3437.24, "Plan Rows": 58824, "Plan Width": 56}, {"Node Type": "Hash", "Parent Relationship": "Inner", "Parallel Aware": true, "Async Capable": false, "Startup Cost": 47037.69, "Total Cost": 47037.69, "Plan Rows": 247, "Plan Width": 18, "Plans": [{"Node Type": "Hash Join", "Parent Relationship": "Outer", "Parallel Aware": true, "Async Capable": false, "Join Type": "Inner", "Startup Cost": 2049.78, "Total Cost": 47037.69, "Plan Rows": 247, "Plan Width": 18, "Inner Unique": true, "Hash Cond": "(catalog_sales.cs_sold_date_sk = date_dim.d_date_sk)", "Plans": [{"Node Type": "Seq Scan", "Parent Relationship": "Outer", "Parallel Aware": true, "Async Capable": false, "Relation Name": "catalog_sales", "Alias": "catalog_sales", "Startup Cost": 0.0, "Total Cost": 43411.2, "Plan Rows": 600620, "Plan Width": 22}, {"Node Type": "Hash", "Parent Relationship": "Inner", "Parallel Aware": true, "Async Capable": false, "Startup Cost": 2049.55, "Total Cost": 2049.55, "Plan Rows": 18, "Plan Width": 4, "Plans": [{"Node Type": "Seq Scan", "Parent Relationship": "Outer", "Parallel Aware": true, "Async Capable": false, "Relation Name": "date_dim", "Alias": "date_dim", "Startup Cost": 0.0, "Total Cost": 2049.55, "Plan Rows": 18, "Plan Width": 4, "Filter": "((d_year = 1999) AND (d_moy = 1))"}]}]}]}]}]}, {"Node Type": "Hash", "Parent Relationship": "Inner", "Parallel Aware": false, "Async Capable": false, "Startup Cost": 751.99, "Total Cost": 751.99, "Plan Rows": 200, "Plan Width": 4, "Plans": [{"Node Type": "Aggregate", "Strategy": "Hashed", "Partial Mode": "Simple", "Parent Relationship": "Outer", "Parallel Aware": false, "Async Capable": false, "Startup Cost": 749.99, "Total Cost": 751.99, "Plan Rows": 200, "Plan Width": 4, "Group Key": ["best_ss_customer.c_customer_sk"], "Planned Partitions": 0, "Plans": [{"Node Type": "CTE Scan", "Parent Relationship": "Outer", "Parallel Aware": false, "Async Capable": false, "CTE Name": "best_ss_customer", "Alias": "best_ss_customer", "Startup Cost": 0.0, "Total Cost": 666.66, "Plan Rows": 33333, "Plan Width": 4}]}]}]}, {"Node Type": "Hash", "Parent Relationship": "Inner", "Parallel Aware": false, "Async Capable": false, "Startup Cost": 432.88, "Total Cost": 432.88, "Plan Rows": 200, "Plan Width": 4, "Plans": [{"Node Type": "Aggregate", "Strategy": "Hashed", "Partial Mode": "Simple", "Parent Relationship": "Outer", "Parallel Aware": false, "Async Capable": false, "Startup Cost": 430.88, "Total Cost": 432.88, "Plan Rows": 200, "Plan Width": 4, "Group Key": ["frequent_ss_items.item_sk"], "Planned Partitions": 0, "Plans": [{"Node Type": "CTE Scan", "Parent Relationship": "Outer", "Parallel Aware": false, "Async Capable": false, "CTE Name": "frequent_ss_items", "Alias": "frequent_ss_items", "Startup Cost": 0.0, "Total Cost": 383.0, "Plan Rows": 19150, "Plan Width": 4}]}]}]}]}]}, {"Node Type": "Aggregate", "Strategy": "Sorted", "Partial Mode": "Simple", "Parent Relationship": "Member", "Parallel Aware": false, "Async Capable": false, "Startup Cost": 30486.44, "Total Cost": 30488.48, "Plan Rows": 74, "Plan Width": 84, "Group Key": ["customer_1.c_last_name", "customer_1.c_first_name"], "Plans": [{"Node Type": "Sort", "Parent Relationship": "Outer", "Parallel Aware": false, "Async Capable": false, "Startup Cost": 30486.44, "Total Cost": 30486.63, "Plan Rows": 74, "Plan Width": 62, "Sort Key": ["customer_1.c_last_name", "customer_1.c_first_name"], "Plans": [{"Node Type": "Hash Join", "Parent Relationship": "Outer", "Parallel Aware": false, "Async Capable": false, "Join Type": "Inner", "Startup Cost": 26792.48, "Total Cost": 30484.15, "Plan Rows": 74, "Plan Width": 62, "Inner Unique": true, "Hash Cond": "(web_sales.ws_item_sk = frequent_ss_items_1.item_sk)", "Plans": [{"Node Type": "Hash Join", "Parent Relationship": "Outer", "Parallel Aware": false, "Async Capable": false, "Join Type": "Inner", "Startup Cost": 26357.11, "Total Cost": 30047.56, "Plan Rows": 147, "Plan Width": 66, "Inner Unique": true, "Hash Cond": "(web_sales.ws_bill_customer_sk = best_ss_customer_1.c_customer_sk)", "Plans": [{"Node Type": "Gather", "Parent Relationship": "Outer", "Parallel Aware": false, "Async Capable": false, "Startup Cost": 25602.62, "Total Cost": 29290.66, "Plan Rows": 295, "Plan Width": 74, "Workers Planned": 1, "Single Copy": false, "Plans": [{"Node Type": "Hash Join", "Parent Relationship": "Outer", "Parallel Aware": true, "Async Capable": false, "Join Type": "Inner", "Startup Cost": 24602.62, "Total Cost": 28261.16, "Plan Rows": 174, "Plan Width": 74, "Inner Unique": false, "Hash Cond": "(customer_1.c_customer_sk = web_sales.ws_bill_customer_sk)", "Plans": [{"Node Type": "Seq Scan", "Parent Relationship": "Outer", "Parallel Aware": true, "Async Capable": false, "Relation Name": "customer", "Alias": "customer_1", "Startup Cost": 0.0, "Total Cost": 3437.24, "Plan Rows": 58824, "Plan Width": 56}, {"Node Type": "Hash", "Parent Relationship": "Inner", "Parallel Aware": true, "Async Capable": false, "Startup Cost": 24601.08, "Total Cost": 24601.08, "Plan Rows": 123, "Plan Width": 18, "Plans": [{"Node Type": "Hash Join", "Parent Relationship": "Outer", "Parallel Aware": true, "Async Capable": false, "Join Type": "Inner", "Startup Cost": 2049.78, "Total Cost": 24601.08, "Plan Rows": 123, "Plan Width": 18, "Inner Unique": true, "Hash Cond": "(web_sales.ws_sold_date_sk = date_dim_1.d_date_sk)", "Plans": [{"Node Type": "Seq Scan", "Parent Relationship": "Outer", "Parallel Aware": true, "Async Capable": false, "Relation Name": "web_sales", "Alias": "web_sales", "Startup Cost": 0.0, "Total Cost": 21764.43, "Plan Rows": 299743, "Plan Width": 22}, {"Node Type": "Hash", "Parent Relationship": "Inner", "Parallel Aware": true, "Async Capable": false, "Startup Cost": 2049.55, "Total Cost": 2049.55, "Plan Rows": 18, "Plan Width": 4, "Plans": [{"Node Type": "Seq Scan", "Parent Relationship": "Outer", "Parallel Aware": true, "Async Capable": false, "Relation Name": "date_dim", "Alias": "date_dim_1", "Startup Cost": 0.0, "Total Cost": 2049.55, "Plan Rows": 18, "Plan Width": 4, "Filter": "((d_year = 1999) AND (d_moy = 1))"}]}]}]}]}]}, {"Node Type": "Hash", "Parent Relationship": "Inner", "Parallel Aware": false, "Async Capable": false, "Startup Cost": 751.99, "Total Cost": 751.99, "Plan Rows": 200, "Plan Width": 4, "Plans": [{"Node Type": "Aggregate", "Strategy": "Hashed", "Partial Mode": "Simple", "Parent Relationship": "Outer", "Parallel Aware": false, "Async Capable": false, "Startup Cost": 749.99, "Total Cost": 751.99, "Plan Rows": 200, "Plan Width": 4, "Group Key": ["best_ss_customer_1.c_customer_sk"], "Planned Partitions": 0, "Plans": [{"Node Type": "CTE Scan", "Parent Relationship": "Outer", "Parallel Aware": false, "Async Capable": false, "CTE Name": "best_ss_customer", "Alias": "best_ss_customer_1", "Startup Cost": 0.0, "Total Cost": 666.66, "Plan Rows": 33333, "Plan Width": 4}]}]}]}, {"Node Type": "Hash", "Parent Relationship": "Inner", "Parallel Aware": false, "Async Capable": false, "Startup Cost": 432.88, "Total Cost": 432.88, "Plan Rows": 200, "Plan Width": 4, "Plans": [{"Node Type": "Aggregate", "Strategy": "Hashed", "Partial Mode": "Simple", "Parent Relationship": "Outer", "Parallel Aware": false, "Async Capable": false, "Startup Cost": 430.88, "Total Cost": 432.88, "Plan Rows": 200, "Plan Width": 4, "Group Key": ["frequent_ss_items_1.item_sk"], "Planned Partitions": 0, "Plans": [{"Node Type": "CTE Scan", "Parent Relationship": "Outer", "Parallel Aware": false, "Async Capable": false, "CTE Name": "frequent_ss_items", "Alias": "frequent_ss_items_1", "Startup Cost": 0.0, "Total Cost": 383.0, "Plan Rows": 19150, "Plan Width": 4}]}]}]}]}]}]}]}]}, "JIT": {"Functions": 161, "Options": {"Inlining": false, "Optimization": false, "Expressions": true, "Deforming": true}}}]]], [[[{"Plan": {"Node Type": "Aggregate", "Strategy": "Sorted", "Partial Mode": "Simple", "Parallel Aware": false, "Async Capable": false, "Startup Cost": 83768.91, "Total Cost": 83768.94, "Plan Rows": 1, "Plan Width": 358, "Group Key": ["ssales.c_last_name", "ssales.c_first_name", "ssales.s_store_name"], "Filter": "(sum(ssales.netpaid) > $2)", "Plans": [{"Node Type": "Aggregate", "Strategy": "Sorted", "Partial Mode": "Simple", "Parent Relationship": "InitPlan", "Subplan Name": "CTE ssales", "Parallel Aware": false, "Async Capable": false, "Startup Cost": 83768.68, "Total Cost": 83768.84, "Plan Rows": 1, "Plan Width": 280, "Group Key": ["customer.c_last_name", "customer.c_first_name", "store.s_store_name", "customer_address.ca_state", "store.s_state", "item.i_color", "item.i_current_price", "item.i_manager_id", "item.i_units", "item.i_size"], "Plans": [{"Node Type": "Gather Merge", "Parent Relationship": "Outer", "Parallel Aware": false, "Async Capable": false, "Startup Cost": 83768.68, "Total Cost": 83768.8, "Plan Rows": 1, "Plan Width": 254, "Workers Planned": 1, "Plans": [{"Node Type": "Sort", "Parent Relationship": "Outer", "Parallel Aware": false, "Async Capable": false, "Startup Cost": 82768.67, "Total Cost": 82768.68, "Plan Rows": 1, "Plan Width": 254, "Sort Key": ["customer.c_last_name", "customer.c_first_name", "store.s_store_name", "customer_address.ca_state", "store.s_state", "item.i_color", "item.i_current_price", "item.i_manager_id", "item.i_units", "item.i_size"], "Plans": [{"Node Type": "Hash Join", "Parent Relationship": "Outer", "Parallel Aware": true, "Async Capable": false, "Join Type": "Inner", "Startup Cost": 81393.06, "Total Cost": 82768.66, "Plan Rows": 1, "Plan Width": 254, "Inner Unique": false, "Hash Cond": "(item.i_item_sk = store_sales.ss_item_sk)", "Plans": [{"Node Type": "Seq Scan", "Parent Relationship": "Outer", "Parallel Aware": true, "Async Capable": false, "Relation Name": "item", "Alias": "item", "Startup Cost": 0.0, "Total Cost": 1335.88, "Plan Rows": 10588, "Plan Width": 67}, {"Node Type": "Hash", "Parent Relationship": "Inner", "Parallel Aware": true, "Async Capable": false, "Startup Cost": 81393.05, "Total Cost": 81393.05, "Plan Rows": 1, "Plan Width": 199, "Plans": [{"Node Type": "Hash Join", "Parent Relationship": "Outer", "Parallel Aware": true, "Async Capable": false, "Join Type": "Inner", "Startup Cost": 74695.01, "Total Cost": 81393.05, "Plan Rows": 1, "Plan Width": 199, "Inner Unique": false, "Hash Cond": "((store_returns.sr_ticket_number = store_sales.ss_ticket_number) AND (store_returns.sr_item_sk = store_sales.ss_item_sk))", "Plans": [{"Node Type": "Index Only Scan", "Parent Relationship": "Outer", "Parallel Aware": true, "Async Capable": false, "Scan Direction": "Forward", "Index Name": "store_returns_pkey", "Relation Name": "store_returns", "Alias": "store_returns", "Startup Cost": 0.42, "Total Cost": 5799.97, "Plan Rows": 119798, "Plan Width": 8}, {"Node Type": "Hash", "Parent Relationship": "Inner", "Parallel Aware": true, "Async Capable": false, "Startup Cost": 74694.14, "Total Cost": 74694.14, "Plan Rows": 30, "Plan Width": 199, "Plans": [{"Node Type": "Hash Join", "Parent Relationship": "Outer", "Parallel Aware": true, "Async Capable": false, "Join Type": "Inner", "Startup Cost": 5996.0, "Total Cost": 74694.14, "Plan Rows": 30, "Plan Width": 199, "Inner Unique": true, "Hash Cond": "((customer.c_current_addr_sk = customer_address.ca_address_sk) AND (store.s_zip = customer_address.ca_zip))", "Join Filter": "((customer.c_birth_country)::text <> upper((customer_address.ca_country)::text))", "Plans": [{"Node Type": "Hash Join", "Parent Relationship": "Outer", "Parallel Aware": true, "Async Capable": false, "Join Type": "Inner", "Startup Cost": 4173.7, "Total Cost": 72346.79, "Plan Rows": 100010, "Plan Width": 253, "Inner Unique": true, "Hash Cond": "(store_sales.ss_customer_sk = customer.c_customer_sk)", "Plans": [{"Node Type": "Hash Join", "Parent Relationship": "Outer", "Parallel Aware": false, "Async Capable": false, "Join Type": "Inner", "Startup Cost": 1.16, "Total Cost": 67911.72, "Plan Rows": 100010, "Plan Width": 192, "Inner Unique": true, "Hash Cond": "(store_sales.ss_store_sk = store.s_store_sk)", "Plans": [{"Node Type": "Seq Scan", "Parent Relationship": "Outer", "Parallel Aware": true, "Async Capable": false, "Relation Name": "store_sales", "Alias": "store_sales", "Startup Cost": 0.0, "Total Cost": 63697.18, "Plan Rows": 1200118, "Plan Width": 22}, {"Node Type": "Hash", "Parent Relationship": "Inner", "Parallel Aware": false, "Async Capable": false, "Startup Cost": 1.15, "Total Cost": 1.15, "Plan Rows": 1, "Plan Width": 178, "Plans": [{"Node Type": "Seq Scan", "Parent Relationship": "Outer", "Parallel Aware": false, "Async Capable": false, "Relation Name": "store", "Alias": "store", "Startup Cost": 0.0, "Total Cost": 1.15, "Plan Rows": 1, "Plan Width": 178, "Filter": "(s_market_id = 7)"}]}]}, {"Node Type": "Hash", "Parent Relationship": "Inner", "Parallel Aware": true, "Async Capable": false, "Startup Cost": 3437.24, "Total Cost": 3437.24, "Plan Rows": 58824, "Plan Width": 69, "Plans": [{"Node Type": "Seq Scan", "Parent Relationship": "Outer", "Parallel Aware": true, "Async Capable": false, "Relation Name": "customer", "Alias": "customer", "Startup Cost": 0.0, "Total Cost": 3437.24, "Plan Rows": 58824, "Plan Width": 69}]}]}, {"Node Type": "Hash", "Parent Relationship": "Inner", "Parallel Aware": true, "Async Capable": false, "Startup Cost": 1381.12, "Total Cost": 1381.12, "Plan Rows": 29412, "Plan Width": 32, "Plans": [{"Node Type": "Seq Scan", "Parent Relationship": "Outer", "Parallel Aware": true, "Async Capable": false, "Relation Name": "customer_address", "Alias": "customer_address", "Startup Cost": 0.0, "Total Cost": 1381.12, "Plan Rows": 29412, "Plan Width": 32}]}]}]}]}]}]}]}]}]}, {"Node Type": "Aggregate", "Strategy": "Plain", "Partial Mode": "Simple", "Parent Relationship": "InitPlan", "Subplan Name": "InitPlan 2 (returns $2)", "Parallel Aware": false, "Async Capable": false, "Startup Cost": 0.02, "Total Cost": 0.04, "Plan Rows": 1, "Plan Width": 32, "Plans": [{"Node Type": "CTE Scan", "Parent Relationship": "Outer", "Parallel Aware": false, "Async Capable": false, "CTE Name": "ssales", "Alias": "ssales_1", "Startup Cost": 0.0, "Total Cost": 0.02, "Plan Rows": 1, "Plan Width": 32}]}, {"Node Type": "Sort", "Parent Relationship": "Outer", "Parallel Aware": false, "Async Capable": false, "Startup Cost": 0.03, "Total Cost": 0.04, "Plan Rows": 1, "Plan Width": 358, "Sort Key": ["ssales.c_last_name", "ssales.c_first_name", "ssales.s_store_name"], "Plans": [{"Node Type": "CTE Scan", "Parent Relationship": "Outer", "Parallel Aware": false, "Async Capable": false, "CTE Name": "ssales", "Alias": "ssales", "Startup Cost": 0.0, "Total Cost": 0.02, "Plan Rows": 1, "Plan Width": 358, "Filter": "(i_color = 'orchid'::bpchar)"}]}]}}]], [[{"Plan": {"Node Type": "Aggregate", "Strategy": "Sorted", "Partial Mode": "Simple", "Parallel Aware": false, "Async Capable": false, "Startup Cost": 83768.91, "Total Cost": 83768.94, "Plan Rows": 1, "Plan Width": 358, "Group Key": ["ssales.c_last_name", "ssales.c_first_name", "ssales.s_store_name"], "Filter": "(sum(ssales.netpaid) > $2)", "Plans": [{"Node Type": "Aggregate", "Strategy": "Sorted", "Partial Mode": "Simple", "Parent Relationship": "InitPlan", "Subplan Name": "CTE ssales", "Parallel Aware": false, "Async Capable": false, "Startup Cost": 83768.68, "Total Cost": 83768.84, "Plan Rows": 1, "Plan Width": 280, "Group Key": ["customer.c_last_name", "customer.c_first_name", "store.s_store_name", "customer_address.ca_state", "store.s_state", "item.i_color", "item.i_current_price", "item.i_manager_id", "item.i_units", "item.i_size"], "Plans": [{"Node Type": "Gather Merge", "Parent Relationship": "Outer", "Parallel Aware": false, "Async Capable": false, "Startup Cost": 83768.68, "Total Cost": 83768.8, "Plan Rows": 1, "Plan Width": 254, "Workers Planned": 1, "Plans": [{"Node Type": "Sort", "Parent Relationship": "Outer", "Parallel Aware": false, "Async Capable": false, "Startup Cost": 82768.67, "Total Cost": 82768.68, "Plan Rows": 1, "Plan Width": 254, "Sort Key": ["customer.c_last_name", "customer.c_first_name", "store.s_store_name", "customer_address.ca_state", "store.s_state", "item.i_color", "item.i_current_price", "item.i_manager_id", "item.i_units", "item.i_size"], "Plans": [{"Node Type": "Hash Join", "Parent Relationship": "Outer", "Parallel Aware": true, "Async Capable": false, "Join Type": "Inner", "Startup Cost": 81393.06, "Total Cost": 82768.66, "Plan Rows": 1, "Plan Width": 254, "Inner Unique": false, "Hash Cond": "(item.i_item_sk = store_sales.ss_item_sk)", "Plans": [{"Node Type": "Seq Scan", "Parent Relationship": "Outer", "Parallel Aware": true, "Async Capable": false, "Relation Name": "item", "Alias": "item", "Startup Cost": 0.0, "Total Cost": 1335.88, "Plan Rows": 10588, "Plan Width": 67}, {"Node Type": "Hash", "Parent Relationship": "Inner", "Parallel Aware": true, "Async Capable": false, "Startup Cost": 81393.05, "Total Cost": 81393.05, "Plan Rows": 1, "Plan Width": 199, "Plans": [{"Node Type": "Hash Join", "Parent Relationship": "Outer", "Parallel Aware": true, "Async Capable": false, "Join Type": "Inner", "Startup Cost": 74695.01, "Total Cost": 81393.05, "Plan Rows": 1, "Plan Width": 199, "Inner Unique": false, "Hash Cond": "((store_returns.sr_ticket_number = store_sales.ss_ticket_number) AND (store_returns.sr_item_sk = store_sales.ss_item_sk))", "Plans": [{"Node Type": "Index Only Scan", "Parent Relationship": "Outer", "Parallel Aware": true, "Async Capable": false, "Scan Direction": "Forward", "Index Name": "store_returns_pkey", "Relation Name": "store_returns", "Alias": "store_returns", "Startup Cost": 0.42, "Total Cost": 5799.97, "Plan Rows": 119798, "Plan Width": 8}, {"Node Type": "Hash", "Parent Relationship": "Inner", "Parallel Aware": true, "Async Capable": false, "Startup Cost": 74694.14, "Total Cost": 74694.14, "Plan Rows": 30, "Plan Width": 199, "Plans": [{"Node Type": "Hash Join", "Parent Relationship": "Outer", "Parallel Aware": true, "Async Capable": false, "Join Type": "Inner", "Startup Cost": 5996.0, "Total Cost": 74694.14, "Plan Rows": 30, "Plan Width": 199, "Inner Unique": true, "Hash Cond": "((customer.c_current_addr_sk = customer_address.ca_address_sk) AND (store.s_zip = customer_address.ca_zip))", "Join Filter": "((customer.c_birth_country)::text <> upper((customer_address.ca_country)::text))", "Plans": [{"Node Type": "Hash Join", "Parent Relationship": "Outer", "Parallel Aware": true, "Async Capable": false, "Join Type": "Inner", "Startup Cost": 4173.7, "Total Cost": 72346.79, "Plan Rows": 100010, "Plan Width": 253, "Inner Unique": true, "Hash Cond": "(store_sales.ss_customer_sk = customer.c_customer_sk)", "Plans": [{"Node Type": "Hash Join", "Parent Relationship": "Outer", "Parallel Aware": false, "Async Capable": false, "Join Type": "Inner", "Startup Cost": 1.16, "Total Cost": 67911.72, "Plan Rows": 100010, "Plan Width": 192, "Inner Unique": true, "Hash Cond": "(store_sales.ss_store_sk = store.s_store_sk)", "Plans": [{"Node Type": "Seq Scan", "Parent Relationship": "Outer", "Parallel Aware": true, "Async Capable": false, "Relation Name": "store_sales", "Alias": "store_sales", "Startup Cost": 0.0, "Total Cost": 63697.18, "Plan Rows": 1200118, "Plan Width": 22}, {"Node Type": "Hash", "Parent Relationship": "Inner", "Parallel Aware": false, "Async Capable": false, "Startup Cost": 1.15, "Total Cost": 1.15, "Plan Rows": 1, "Plan Width": 178, "Plans": [{"Node Type": "Seq Scan", "Parent Relationship": "Outer", "Parallel Aware": false, "Async Capable": false, "Relation Name": "store", "Alias": "store", "Startup Cost": 0.0, "Total Cost": 1.15, "Plan Rows": 1, "Plan Width": 178, "Filter": "(s_market_id = 7)"}]}]}, {"Node Type": "Hash", "Parent Relationship": "Inner", "Parallel Aware": true, "Async Capable": false, "Startup Cost": 3437.24, "Total Cost": 3437.24, "Plan Rows": 58824, "Plan Width": 69, "Plans": [{"Node Type": "Seq Scan", "Parent Relationship": "Outer", "Parallel Aware": true, "Async Capable": false, "Relation Name": "customer", "Alias": "customer", "Startup Cost": 0.0, "Total Cost": 3437.24, "Plan Rows": 58824, "Plan Width": 69}]}]}, {"Node Type": "Hash", "Parent Relationship": "Inner", "Parallel Aware": true, "Async Capable": false, "Startup Cost": 1381.12, "Total Cost": 1381.12, "Plan Rows": 29412, "Plan Width": 32, "Plans": [{"Node Type": "Seq Scan", "Parent Relationship": "Outer", "Parallel Aware": true, "Async Capable": false, "Relation Name": "customer_address", "Alias": "customer_address", "Startup Cost": 0.0, "Total Cost": 1381.12, "Plan Rows": 29412, "Plan Width": 32}]}]}]}]}]}]}]}]}]}, {"Node Type": "Aggregate", "Strategy": "Plain", "Partial Mode": "Simple", "Parent Relationship": "InitPlan", "Subplan Name": "InitPlan 2 (returns $2)", "Parallel Aware": false, "Async Capable": false, "Startup Cost": 0.02, "Total Cost": 0.04, "Plan Rows": 1, "Plan Width": 32, "Plans": [{"Node Type": "CTE Scan", "Parent Relationship": "Outer", "Parallel Aware": false, "Async Capable": false, "CTE Name": "ssales", "Alias": "ssales_1", "Startup Cost": 0.0, "Total Cost": 0.02, "Plan Rows": 1, "Plan Width": 32}]}, {"Node Type": "Sort", "Parent Relationship": "Outer", "Parallel Aware": false, "Async Capable": false, "Startup Cost": 0.03, "Total Cost": 0.04, "Plan Rows": 1, "Plan Width": 358, "Sort Key": ["ssales.c_last_name", "ssales.c_first_name", "ssales.s_store_name"], "Plans": [{"Node Type": "CTE Scan", "Parent Relationship": "Outer", "Parallel Aware": false, "Async Capable": false, "CTE Name": "ssales", "Alias": "ssales", "Startup Cost": 0.0, "Total Cost": 0.02, "Plan Rows": 1, "Plan Width": 358, "Filter": "(i_color = 'chiffon'::bpchar)"}]}]}}]]], [[[{"Plan": {"Node Type": "Limit", "Parallel Aware": false, "Async Capable": false, "Startup Cost": 126906.68, "Total Cost": 126906.83, "Plan Rows": 1, "Plan Width": 401, "Plans": [{"Node Type": "Aggregate", "Strategy": "Sorted", "Partial Mode": "Simple", "Parent Relationship": "Outer", "Parallel Aware": false, "Async Capable": false, "Startup Cost": 126906.68, "Total Cost": 126906.83, "Plan Rows": 1, "Plan Width": 401, "Group Key": ["item.i_item_id", "item.i_item_desc", "store.s_store_id", "store.s_store_name"], "Plans": [{"Node Type": "Gather Merge", "Parent Relationship": "Outer", "Parallel Aware": false, "Async Capable": false, "Startup Cost": 126906.68, "Total Cost": 126906.79, "Plan Rows": 1, "Plan Width": 323, "Workers Planned": 1, "Plans": [{"Node Type": "Sort", "Parent Relationship": "Outer", "Parallel Aware": false, "Async Capable": false, "Startup Cost": 125906.67, "Total Cost": 125906.67, "Plan Rows": 1, "Plan Width": 323, "Sort Key": ["item.i_item_id", "item.i_item_desc", "store.s_store_id", "store.s_store_name"], "Plans": [{"Node Type": "Hash Join", "Parent Relationship": "Outer", "Parallel Aware": true, "Async Capable": false, "Join Type": "Inner", "Startup Cost": 124531.06, "Total Cost": 125906.66, "Plan Rows": 1, "Plan Width": 323, "Inner Unique": false, "Hash Cond": "(item.i_item_sk = store_sales.ss_item_sk)", "Plans": [{"Node Type": "Seq Scan", "Parent Relationship": "Outer", "Parallel Aware": true, "Async Capable": false, "Relation Name": "item", "Alias": "item", "Startup Cost": 0.0, "Total Cost": 1335.88, "Plan Rows": 10588, "Plan Width": 123}, {"Node Type": "Hash", "Parent Relationship": "Inner", "Parallel Aware": true, "Async Capable": false, "Startup Cost": 124531.05, "Total Cost": 124531.05, "Plan Rows": 1, "Plan Width": 216, "Plans": [{"Node Type": "Hash Join", "Parent Relationship": "Outer", "Parallel Aware": false, "Async Capable": false, "Join Type": "Inner", "Startup Cost": 57678.01, "Total Cost": 124531.05, "Plan Rows": 1, "Plan Width": 216, "Inner Unique": true, "Hash Cond": "(store_sales.ss_store_sk = store.s_store_sk)", "Plans": [{"Node Type": "Hash Join", "Parent Relationship": "Outer", "Parallel Aware": true, "Async Capable": false, "Join Type": "Inner", "Startup Cost": 57676.74, "Total Cost": 124529.77, "Plan Rows": 1, "Plan Width": 34, "Inner Unique": false, "Hash Cond": "((store_sales.ss_item_sk = store_returns.sr_item_sk) AND (store_sales.ss_customer_sk = store_returns.sr_customer_sk) AND (store_sales.ss_ticket_number = store_returns.sr_ticket_number))", "Plans": [{"Node Type": "Hash Join", "Parent Relationship": "Outer", "Parallel Aware": true, "Async Capable": false, "Join Type": "Inner", "Startup Cost": 2049.76, "Total Cost": 68897.43, "Plan Rows": 476, "Plan Width": 22, "Inner Unique": true, "Hash Cond": "(store_sales.ss_sold_date_sk = d1.d_date_sk)", "Plans": [{"Node Type": "Seq Scan", "Parent Relationship": "Outer", "Parallel Aware": true, "Async Capable": false, "Relation Name": "store_sales", "Alias": "store_sales", "Startup Cost": 0.0, "Total Cost": 63697.18, "Plan Rows": 1200118, "Plan Width": 26}, {"Node Type": "Hash", "Parent Relationship": "Inner", "Parallel Aware": true, "Async Capable": false, "Startup Cost": 2049.55, "Total Cost": 2049.55, "Plan Rows": 17, "Plan Width": 4, "Plans": [{"Node Type": "Seq Scan", "Parent Relationship": "Outer", "Parallel Aware": true, "Async Capable": false, "Relation Name": "date_dim", "Alias": "d1", "Startup Cost": 0.0, "Total Cost": 2049.55, "Plan Rows": 17, "Plan Width": 4, "Filter": "((d_moy = 4) AND (d_year = 2000))"}]}]}, {"Node Type": "Hash", "Parent Relationship": "Inner", "Parallel Aware": true, "Async Capable": false, "Startup Cost": 55626.96, "Total Cost": 55626.96, "Plan Rows": 1, "Plan Width": 32, "Plans": [{"Node Type": "Hash Join", "Parent Relationship": "Outer", "Parallel Aware": true, "Async Capable": false, "Join Type": "Inner", "Startup Cost": 10625.83, "Total Cost": 55626.96, "Plan Rows": 1, "Plan Width": 32, "Inner Unique": false, "Hash Cond": "((catalog_sales.cs_item_sk = store_returns.sr_item_sk) AND (catalog_sales.cs_bill_customer_sk = store_returns.sr_customer_sk))", "Plans": [{"Node Type": "Hash Join", "Parent Relationship": "Outer", "Parallel Aware": true, "Async Capable": false, "Join Type": "Inner", "Startup Cost": 2158.55, "Total Cost": 47146.47, "Plan Rows": 1760, "Plan Width": 14, "Inner Unique": true, "Hash Cond": "(catalog_sales.cs_sold_date_sk = d3.d_date_sk)", "Plans": [{"Node Type": "Seq Scan", "Parent Relationship": "Outer", "Parallel Aware": true, "Async Capable": false, "Relation Name": "catalog_sales", "Alias": "catalog_sales", "Startup Cost": 0.0, "Total Cost": 43411.2, "Plan Rows": 600620, "Plan Width": 18}, {"Node Type": "Hash", "Parent Relationship": "Inner", "Parallel Aware": true, "Async Capable": false, "Startup Cost": 2156.97, "Total Cost": 2156.97, "Plan Rows": 126, "Plan Width": 4, "Plans": [{"Node Type": "Seq Scan", "Parent Relationship": "Outer", "Parallel Aware": true, "Async Capable": false, "Relation Name": "date_dim", "Alias": "d3", "Startup Cost": 0.0, "Total Cost": 2156.97, "Plan Rows": 126, "Plan Width": 4, "Filter": "((d_moy >= 4) AND (d_moy <= 10) AND (d_year = 2000))"}]}]}, {"Node Type": "Hash", "Parent Relationship": "Inner", "Parallel Aware": true, "Async Capable": false, "Startup Cost": 8462.02, "Total Cost": 8462.02, "Plan Rows": 351, "Plan Width": 18, "Plans": [{"Node Type": "Hash Join", "Parent Relationship": "Outer", "Parallel Aware": true, "Async Capable": false, "Join Type": "Inner", "Startup Cost": 2158.55, "Total Cost": 8462.02, "Plan Rows": 351, "Plan Width": 18, "Inner Unique": true, "Hash Cond": "(store_returns.sr_returned_date_sk = d2.d_date_sk)", "Plans": [{"Node Type": "Seq Scan", "Parent Relationship": "Outer", "Parallel Aware": true, "Async Capable": false, "Relation Name": "store_returns", "Alias": "store_returns", "Startup Cost": 0.0, "Total Cost": 5988.98, "Plan Rows": 119798, "Plan Width": 22}, {"Node Type": "Hash", "Parent Relationship": "Inner", "Parallel Aware": true, "Async Capable": false, "Startup Cost": 2156.97, "Total Cost": 2156.97, "Plan Rows": 126, "Plan Width": 4, "Plans": [{"Node Type": "Seq Scan", "Parent Relationship": "Outer", "Parallel Aware": true, "Async Capable": false, "Relation Name": "date_dim", "Alias": "d2", "Startup Cost": 0.0, "Total Cost": 2156.97, "Plan Rows": 126, "Plan Width": 4, "Filter": "((d_moy >= 4) AND (d_moy <= 10) AND (d_year = 2000))"}]}]}]}]}]}]}, {"Node Type": "Hash", "Parent Relationship": "Inner", "Parallel Aware": false, "Async Capable": false, "Startup Cost": 1.12, "Total Cost": 1.12, "Plan Rows": 12, "Plan Width": 190, "Plans": [{"Node Type": "Seq Scan", "Parent Relationship": "Outer", "Parallel Aware": false, "Async Capable": false, "Relation Name": "store", "Alias": "store", "Startup Cost": 0.0, "Total Cost": 1.12, "Plan Rows": 12, "Plan Width": 190}]}]}]}]}]}]}]}]}, "JIT": {"Functions": 75, "Options": {"Inlining": false, "Optimization": false, "Expressions": true, "Deforming": true}}}]]], [[[{"Plan": {"Node Type": "Limit", "Parallel Aware": false, "Async Capable": false, "Startup Cost": 85241.83, "Total Cost": 85253.6, "Plan Rows": 100, "Plan Width": 145, "Plans": [{"Node Type": "Aggregate", "Strategy": "Sorted", "Partial Mode": "Finalize", "Parent Relationship": "Outer", "Parallel Aware": false, "Async Capable": false, "Startup Cost": 85241.83, "Total Cost": 85253.96, "Plan Rows": 103, "Plan Width": 145, "Group Key": ["item.i_item_id"], "Plans": [{"Node Type": "Gather Merge", "Parent Relationship": "Outer", "Parallel Aware": false, "Async Capable": false, "Startup Cost": 85241.83, "Total Cost": 85250.68, "Plan Rows": 61, "Plan Width": 145, "Workers Planned": 1, "Plans": [{"Node Type": "Aggregate", "Strategy": "Sorted", "Partial Mode": "Partial", "Parent Relationship": "Outer", "Parallel Aware": false, "Async Capable": false, "Startup Cost": 84241.82, "Total Cost": 84243.8, "Plan Rows": 61, "Plan Width": 145, "Group Key": ["item.i_item_id"], "Plans": [{"Node Type": "Sort", "Parent Relationship": "Outer", "Parallel Aware": false, "Async Capable": false, "Startup Cost": 84241.82, "Total Cost": 84241.97, "Plan Rows": 61, "Plan Width": 36, "Sort Key": ["item.i_item_id"], "Plans": [{"Node Type": "Hash Join", "Parent Relationship": "Outer", "Parallel Aware": true, "Async Capable": false, "Join Type": "Inner", "Startup Cost": 82864.18, "Total Cost": 84240.01, "Plan Rows": 61, "Plan Width": 36, "Inner Unique": false, "Hash Cond": "(item.i_item_sk = catalog_sales.cs_item_sk)", "Plans": [{"Node Type": "Seq Scan", "Parent Relationship": "Outer", "Parallel Aware": true, "Async Capable": false, "Relation Name": "item", "Alias": "item", "Startup Cost": 0.0, "Total Cost": 1335.88, "Plan Rows": 10588, "Plan Width": 21}, {"Node Type": "Hash", "Parent Relationship": "Inner", "Parallel Aware": true, "Async Capable": false, "Startup Cost": 82863.64, "Total Cost": 82863.64, "Plan Rows": 43, "Plan Width": 23, "Plans": [{"Node Type": "Hash Join", "Parent Relationship": "Outer", "Parallel Aware": false, "Async Capable": false, "Join Type": "Inner", "Startup Cost": 46986.38, "Total Cost": 82863.64, "Plan Rows": 43, "Plan Width": 23, "Inner Unique": true, "Hash Cond": "(catalog_sales.cs_promo_sk = promotion.p_promo_sk)", "Plans": [{"Node Type": "Hash Join", "Parent Relationship": "Outer", "Parallel Aware": true, "Async Capable": false, "Join Type": "Inner", "Startup Cost": 46970.13, "Total Cost": 82847.27, "Plan Rows": 43, "Plan Width": 27, "Inner Unique": false, "Hash Cond": "(customer_demographics.cd_demo_sk = catalog_sales.cs_bill_cdemo_sk)", "Plans": [{"Node Type": "Seq Scan", "Parent Relationship": "Outer", "Parallel Aware": true, "Async Capable": false, "Relation Name": "customer_demographics", "Alias": "customer_demographics", "Startup Cost": 0.0, "Total Cost": 35833.83, "Plan Rows": 11502, "Plan Width": 4, "Filter": "((cd_gender = 'F'::bpchar) AND (cd_marital_status = 'W'::bpchar) AND (cd_education_status = 'Primary'::bpchar))"}, {"Node Type": "Hash", "Parent Relationship": "Inner", "Parallel Aware": true, "Async Capable": false, "Startup Cost": 46932.72, "Total Cost": 46932.72, "Plan Rows": 2993, "Plan Width": 31, "Plans": [{"Node Type": "Hash Join", "Parent Relationship": "Outer", "Parallel Aware": true, "Async Capable": false, "Join Type": "Inner", "Startup Cost": 1944.8, "Total Cost": 46932.72, "Plan Rows": 2993, "Plan Width": 31, "Inner Unique": true, "Hash Cond": "(catalog_sales.cs_sold_date_sk = date_dim.d_date_sk)", "Plans": [{"Node Type": "Seq Scan", "Parent Relationship": "Outer", "Parallel Aware": true, "Async Capable": false, "Relation Name": "catalog_sales", "Alias": "catalog_sales", "Startup Cost": 0.0, "Total Cost": 43411.2, "Plan Rows": 600620, "Plan Width": 35}, {"Node Type": "Hash", "Parent Relationship": "Inner", "Parallel Aware": true, "Async Capable": false, "Startup Cost": 1942.12, "Total Cost": 1942.12, "Plan Rows": 214, "Plan Width": 4, "Plans": [{"Node Type": "Seq Scan", "Parent Relationship": "Outer", "Parallel Aware": true, "Async Capable": false, "Relation Name": "date_dim", "Alias": "date_dim", "Startup Cost": 0.0, "Total Cost": 1942.12, "Plan Rows": 214, "Plan Width": 4, "Filter": "(d_year = 1998)"}]}]}]}]}, {"Node Type": "Hash", "Parent Relationship": "Inner", "Parallel Aware": false, "Async Capable": false, "Startup Cost": 12.5, "Total Cost": 12.5, "Plan Rows": 300, "Plan Width": 4, "Plans": [{"Node Type": "Seq Scan", "Parent Relationship": "Outer", "Parallel Aware": false, "Async Capable": false, "Relation Name": "promotion", "Alias": "promotion", "Startup Cost": 0.0, "Total Cost": 12.5, "Plan Rows": 300, "Plan Width": 4, "Filter": "((p_channel_email = 'N'::bpchar) OR (p_channel_event = 'N'::bpchar))"}]}]}]}]}]}]}]}]}]}}]]], [[[{"Plan": {"Node Type": "Limit", "Parallel Aware": false, "Async Capable": false, "Startup Cost": 107107.45, "Total Cost": 107116.12, "Plan Rows": 100, "Plan Width": 161, "Plans": [{"Node Type": "Aggregate", "Strategy": "Sorted", "Partial Mode": "Simple", "Parent Relationship": "Outer", "Parallel Aware": false, "Async Capable": false, "Startup Cost": 107107.45, "Total Cost": 107125.4, "Plan Rows": 207, "Plan Width": 161, "Grouping Sets": [{"Group Keys": [["item.i_item_id", "store.s_state"], ["item.i_item_id"], []]}], "Plans": [{"Node Type": "Gather Merge", "Parent Relationship": "Outer", "Parallel Aware": false, "Async Capable": false, "Startup Cost": 107107.45, "Total Cost": 107119.19, "Plan Rows": 103, "Plan Width": 48, "Workers Planned": 1, "Plans": [{"Node Type": "Sort", "Parent Relationship": "Outer", "Parallel Aware": false, "Async Capable": false, "Startup Cost": 106107.44, "Total Cost": 106107.6, "Plan Rows": 61, "Plan Width": 48, "Sort Key": ["item.i_item_id", "store.s_state"], "Plans": [{"Node Type": "Hash Join", "Parent Relationship": "Outer", "Parallel Aware": true, "Async Capable": false, "Join Type": "Inner", "Startup Cost": 104729.8, "Total Cost": 106105.63, "Plan Rows": 61, "Plan Width": 48, "Inner Unique": false, "Hash Cond": "(item.i_item_sk = store_sales.ss_item_sk)", "Plans": [{"Node Type": "Seq Scan", "Parent Relationship": "Outer", "Parallel Aware": true, "Async Capable": false, "Relation Name": "item", "Alias": "item", "Startup Cost": 0.0, "Total Cost": 1335.88, "Plan Rows": 10588, "Plan Width": 21}, {"Node Type": "Hash", "Parent Relationship": "Inner", "Parallel Aware": true, "Async Capable": false, "Startup Cost": 104729.26, "Total Cost": 104729.26, "Plan Rows": 43, "Plan Width": 35, "Plans": [{"Node Type": "Hash Join", "Parent Relationship": "Outer", "Parallel Aware": true, "Async Capable": false, "Join Type": "Inner", "Startup Cost": 68852.12, "Total Cost": 104729.26, "Plan Rows": 43, "Plan Width": 35, "Inner Unique": false, "Hash Cond": "(customer_demographics.cd_demo_sk = store_sales.ss_cdemo_sk)", "Plans": [{"Node Type": "Seq Scan", "Parent Relationship": "Outer", "Parallel Aware": true, "Async Capable": false, "Relation Name": "customer_demographics", "Alias": "customer_demographics", "Startup Cost": 0.0, "Total Cost": 35833.83, "Plan Rows": 11502, "Plan Width": 4, "Filter": "((cd_gender = 'F'::bpchar) AND (cd_marital_status = 'W'::bpchar) AND (cd_education_status = 'Primary'::bpchar))"}, {"Node Type": "Hash", "Parent Relationship": "Inner", "Parallel Aware": true, "Async Capable": false, "Startup Cost": 68814.75, "Total Cost": 68814.75, "Plan Rows": 2990, "Plan Width": 39, "Plans": [{"Node Type": "Hash Join", "Parent Relationship": "Outer", "Parallel Aware": false, "Async Capable": false, "Join Type": "Inner", "Startup Cost": 1946.09, "Total Cost": 68814.75, "Plan Rows": 2990, "Plan Width": 39, "Inner Unique": true, "Hash Cond": "(store_sales.ss_store_sk = store.s_store_sk)", "Plans": [{"Node Type": "Hash Join", "Parent Relationship": "Outer", "Parallel Aware": true, "Async Capable": false, "Join Type": "Inner", "Startup Cost": 1944.8, "Total Cost": 68792.47, "Plan Rows": 5980, "Plan Width": 31, "Inner Unique": true, "Hash Cond": "(store_sales.ss_sold_date_sk = date_dim.d_date_sk)", "Plans": [{"Node Type": "Seq Scan", "Parent Relationship": "Outer", "Parallel Aware": true, "Async Capable": false, "Relation Name": "store_sales", "Alias": "store_sales", "Startup Cost": 0.0, "Total Cost": 63697.18, "Plan Rows": 1200118, "Plan Width": 35}, {"Node Type": "Hash", "Parent Relationship": "Inner", "Parallel Aware": true, "Async Capable": false, "Startup Cost": 1942.12, "Total Cost": 1942.12, "Plan Rows": 214, "Plan Width": 4, "Plans": [{"Node Type": "Seq Scan", "Parent Relationship": "Outer", "Parallel Aware": true, "Async Capable": false, "Relation Name": "date_dim", "Alias": "date_dim", "Startup Cost": 0.0, "Total Cost": 1942.12, "Plan Rows": 214, "Plan Width": 4, "Filter": "(d_year = 1998)"}]}]}, {"Node Type": "Hash", "Parent Relationship": "Inner", "Parallel Aware": false, "Async Capable": false, "Startup Cost": 1.21, "Total Cost": 1.21, "Plan Rows": 6, "Plan Width": 16, "Plans": [{"Node Type": "Seq Scan", "Parent Relationship": "Outer", "Parallel Aware": false, "Async Capable": false, "Relation Name": "store", "Alias": "store", "Startup Cost": 0.0, "Total Cost": 1.21, "Plan Rows": 6, "Plan Width": 16, "Filter": "(s_state = ANY ('{TN,TN,TN,TN,TN,TN}'::bpchar[]))"}]}]}]}]}]}]}]}]}]}]}, "JIT": {"Functions": 46, "Options": {"Inlining": false, "Optimization": false, "Expressions": true, "Deforming": true}}}]]], [[[{"Plan": {"Node Type": "Limit", "Parallel Aware": false, "Async Capable": false, "Startup Cost": 50000554572.79, "Total Cost": 50000554572.96, "Plan Rows": 1, "Plan Width": 288, "Plans": [{"Node Type": "Nested Loop", "Parent Relationship": "Outer", "Parallel Aware": false, "Async Capable": false, "Join Type": "Inner", "Startup Cost": 50000554572.79, "Total Cost": 50000554572.96, "Plan Rows": 1, "Plan Width": 288, "Inner Unique": false, "Plans": [{"Node Type": "Nested Loop", "Parent Relationship": "Outer", "Parallel Aware": false, "Async Capable": false, "Join Type": "Inner", "Startup Cost": 40000462007.65, "Total Cost": 40000462007.79, "Plan Rows": 1, "Plan Width": 240, "Inner Unique": false, "Plans": [{"Node Type": "Nested Loop", "Parent Relationship": "Outer", "Parallel Aware": false, "Async Capable": false, "Join Type": "Inner", "Startup Cost": 30000370119.86, "Total Cost": 30000370119.97, "Plan Rows": 1, "Plan Width": 192, "Inner Unique": false, "Plans": [{"Node Type": "Nested Loop", "Parent Relationship": "Outer", "Parallel Aware": false, "Async Capable": false, "Join Type": "Inner", "Startup Cost": 20000278082.76, "Total Cost": 20000278082.84, "Plan Rows": 1, "Plan Width": 144, "Inner Unique": false, "Plans": [{"Node Type": "Nested Loop", "Parent Relationship": "Outer", "Parallel Aware": false, "Async Capable": false, "Join Type": "Inner", "Startup Cost": 10000185523.74, "Total Cost": 10000185523.79, "Plan Rows": 1, "Plan Width": 96, "Inner Unique": false, "Plans": [{"Node Type": "Aggregate", "Strategy": "Plain", "Partial Mode": "Simple", "Parent Relationship": "Outer", "Parallel Aware": false, "Async Capable": false, "Startup Cost": 92696.83, "Total Cost": 92696.84, "Plan Rows": 1, "Plan Width": 48, "Plans": [{"Node Type": "Gather", "Parent Relationship": "Outer", "Parallel Aware": false, "Async Capable": false, "Startup Cost": 1000.0, "Total Cost": 92417.95, "Plan Rows": 37184, "Plan Width": 6, "Workers Planned": 2, "Single Copy": false, "Plans": [{"Node Type": "Seq Scan", "Parent Relationship": "Outer", "Parallel Aware": true, "Async Capable": false, "Relation Name": "store_sales", "Alias": "store_sales", "Startup Cost": 0.0, "Total Cost": 87699.55, "Plan Rows": 15493, "Plan Width": 6, "Filter": "((ss_quantity >= 0) AND (ss_quantity <= 5) AND (((ss_list_price >= '11'::numeric) AND (ss_list_price <= '21'::numeric)) OR ((ss_coupon_amt >= '460'::numeric) AND (ss_coupon_amt <= '1460'::numeric)) OR ((ss_wholesale_cost >= '14'::numeric) AND (ss_wholesale_cost <= '34'::numeric))))"}]}]}, {"Node Type": "Aggregate", "Strategy": "Plain", "Partial Mode": "Simple", "Parent Relationship": "Inner", "Parallel Aware": false, "Async Capable": false, "Startup Cost": 92826.91, "Total Cost": 92826.92, "Plan Rows": 1, "Plan Width": 48, "Plans": [{"Node Type": "Gather", "Parent Relationship": "Outer", "Parallel Aware": false, "Async Capable": false, "Startup Cost": 1000.0, "Total Cost": 92538.95, "Plan Rows": 38394, "Plan Width": 6, "Workers Planned": 2, "Single Copy": false, "Plans": [{"Node Type": "Seq Scan", "Parent Relationship": "Outer", "Parallel Aware": true, "Async Capable": false, "Relation Name": "store_sales", "Alias": "store_sales_1", "Startup Cost": 0.0, "Total Cost": 87699.55, "Plan Rows": 15998, "Plan Width": 6, "Filter": "((ss_quantity >= 6) AND (ss_quantity <= 10) AND (((ss_list_price >= '91'::numeric) AND (ss_list_price <= '101'::numeric)) OR ((ss_coupon_amt >= '1430'::numeric) AND (ss_coupon_amt <= '2430'::numeric)) OR ((ss_wholesale_cost >= '32'::numeric) AND (ss_wholesale_cost <= '52'::numeric))))"}]}]}]}, {"Node Type": "Aggregate", "Strategy": "Plain", "Partial Mode": "Simple", "Parent Relationship": "Inner", "Parallel Aware": false, "Async Capable": false, "Startup Cost": 92559.02, "Total Cost": 92559.03, "Plan Rows": 1, "Plan Width": 48, "Plans": [{"Node Type": "Gather", "Parent Relationship": "Outer", "Parallel Aware": false, "Async Capable": false, "Startup Cost": 1000.0, "Total Cost": 92289.75, "Plan Rows": 35902, "Plan Width": 6, "Workers Planned": 2, "Single Copy": false, "Plans": [{"Node Type": "Seq Scan", "Parent Relationship": "Outer", "Parallel Aware": true, "Async Capable": false, "Relation Name": "store_sales", "Alias": "store_sales_2", "Startup Cost": 0.0, "Total Cost": 87699.55, "Plan Rows": 14959, "Plan Width": 6, "Filter": "((ss_quantity >= 11) AND (ss_quantity <= 15) AND (((ss_list_price >= '66'::numeric) AND (ss_list_price <= '76'::numeric)) OR ((ss_coupon_amt >= '920'::numeric) AND (ss_coupon_amt <= '1920'::numeric)) OR ((ss_wholesale_cost >= '4'::numeric) AND (ss_wholesale_cost <= '24'::numeric))))"}]}]}]}, {"Node Type": "Aggregate", "Strategy": "Plain", "Partial Mode": "Simple", "Parent Relationship": "Inner", "Parallel Aware": false, "Async Capable": false, "Startup Cost": 92037.1, "Total Cost": 92037.11, "Plan Rows": 1, "Plan Width": 48, "Plans": [{"Node Type": "Gather", "Parent Relationship": "Outer", "Parallel Aware": false, "Async Capable": false, "Startup Cost": 1000.0, "Total Cost": 91804.25, "Plan Rows": 31047, "Plan Width": 6, "Workers Planned": 2, "Single Copy": false, "Plans": [{"Node Type": "Seq Scan", "Parent Relationship": "Outer", "Parallel Aware": true, "Async Capable": false, "Relation Name": "store_sales", "Alias": "store_sales_3", "Startup Cost": 0.0, "Total Cost": 87699.55, "Plan Rows": 12936, "Plan Width": 6, "Filter": "((ss_quantity >= 16) AND (ss_quantity <= 20) AND (((ss_list_price >= '142'::numeric) AND (ss_list_price <= '152'::numeric)) OR ((ss_coupon_amt >= '3054'::numeric) AND (ss_coupon_amt <= '4054'::numeric)) OR ((ss_wholesale_cost >= '80'::numeric) AND (ss_wholesale_cost <= '100'::numeric))))"}]}]}]}, {"Node Type": "Aggregate", "Strategy": "Plain", "Partial Mode": "Simple", "Parent Relationship": "Inner", "Parallel Aware": false, "Async Capable": false, "Startup Cost": 91887.79, "Total Cost": 91887.8, "Plan Rows": 1, "Plan Width": 48, "Plans": [{"Node Type": "Gather", "Parent Relationship": "Outer", "Parallel Aware": false, "Async Capable": false, "Startup Cost": 1000.0, "Total Cost": 91665.35, "Plan Rows": 29658, "Plan Width": 6, "Workers Planned": 2, "Single Copy": false, "Plans": [{"Node Type": "Seq Scan", "Parent Relationship": "Outer", "Parallel Aware": true, "Async Capable": false, "Relation Name": "store_sales", "Alias": "store_sales_4", "Startup Cost": 0.0, "Total Cost": 87699.55, "Plan Rows": 12358, "Plan Width": 6, "Filter": "((ss_quantity >= 21) AND (ss_quantity <= 25) AND (((ss_list_price >= '135'::numeric) AND (ss_list_price <= '145'::numeric)) OR ((ss_coupon_amt >= '14180'::numeric) AND (ss_coupon_amt <= '15180'::numeric)) OR ((ss_wholesale_cost >= '38'::numeric) AND (ss_wholesale_cost <= '58'::numeric))))"}]}]}]}, {"Node Type": "Aggregate", "Strategy": "Plain", "Partial Mode": "Simple", "Parent Relationship": "Inner", "Parallel Aware": false, "Async Capable": false, "Startup Cost": 92565.15, "Total Cost": 92565.15, "Plan Rows": 1, "Plan Width": 48, "Plans": [{"Node Type": "Gather", "Parent Relationship": "Outer", "Parallel Aware": false, "Async Capable": false, "Startup Cost": 1000.0, "Total Cost": 92295.45, "Plan Rows": 35959, "Plan Width": 6, "Workers Planned": 2, "Single Copy": false, "Plans": [{"Node Type": "Seq Scan", "Parent Relationship": "Outer", "Parallel Aware": true, "Async Capable": false, "Relation Name": "store_sales", "Alias": "store_sales_5", "Startup Cost": 0.0, "Total Cost": 87699.55, "Plan Rows": 14983, "Plan Width": 6, "Filter": "((ss_quantity >= 26) AND (ss_quantity <= 30) AND (((ss_list_price >= '28'::numeric) AND (ss_list_price <= '38'::numeric)) OR ((ss_coupon_amt >= '2513'::numeric) AND (ss_coupon_amt <= '3513'::numeric)) OR ((ss_wholesale_cost >= '42'::numeric) AND (ss_wholesale_cost <= '62'::numeric))))"}]}]}]}]}, "JIT": {"Functions": 42, "Options": {"Inlining": true, "Optimization": true, "Expressions": true, "Deforming": true}}}]]], [[[{"Plan": {"Node Type": "Limit", "Parallel Aware": false, "Async Capable": false, "Startup Cost": 126803.15, "Total Cost": 126803.29, "Plan Rows": 1, "Plan Width": 329, "Plans": [{"Node Type": "Aggregate", "Strategy": "Sorted", "Partial Mode": "Simple", "Parent Relationship": "Outer", "Parallel Aware": false, "Async Capable": false, "Startup Cost": 126803.15, "Total Cost": 126803.29, "Plan Rows": 1, "Plan Width": 329, "Group Key": ["item.i_item_id", "item.i_item_desc", "store.s_store_id", "store.s_store_name"], "Plans": [{"Node Type": "Gather Merge", "Parent Relationship": "Outer", "Parallel Aware": false, "Async Capable": false, "Startup Cost": 126803.15, "Total Cost": 126803.27, "Plan Rows": 1, "Plan Width": 317, "Workers Planned": 1, "Plans": [{"Node Type": "Sort", "Parent Relationship": "Outer", "Parallel Aware": false, "Async Capable": false, "Startup Cost": 125803.14, "Total Cost": 125803.14, "Plan Rows": 1, "Plan Width": 317, "Sort Key": ["item.i_item_id", "item.i_item_desc", "store.s_store_id", "store.s_store_name"], "Plans": [{"Node Type": "Hash Join", "Parent Relationship": "Outer", "Parallel Aware": true, "Async Capable": false, "Join Type": "Inner", "Startup Cost": 124427.53, "Total Cost": 125803.13, "Plan Rows": 1, "Plan Width": 317, "Inner Unique": false, "Hash Cond": "(item.i_item_sk = store_sales.ss_item_sk)", "Plans": [{"Node Type": "Seq Scan", "Parent Relationship": "Outer", "Parallel Aware": true, "Async Capable": false, "Relation Name": "item", "Alias": "item", "Startup Cost": 0.0, "Total Cost": 1335.88, "Plan Rows": 10588, "Plan Width": 123}, {"Node Type": "Hash", "Parent Relationship": "Inner", "Parallel Aware": true, "Async Capable": false, "Startup Cost": 124427.52, "Total Cost": 124427.52, "Plan Rows": 1, "Plan Width": 210, "Plans": [{"Node Type": "Hash Join", "Parent Relationship": "Outer", "Parallel Aware": false, "Async Capable": false, "Join Type": "Inner", "Startup Cost": 57574.48, "Total Cost": 124427.52, "Plan Rows": 1, "Plan Width": 210, "Inner Unique": true, "Hash Cond": "(store_sales.ss_store_sk = store.s_store_sk)", "Plans": [{"Node Type": "Hash Join", "Parent Relationship": "Outer", "Parallel Aware": true, "Async Capable": false, "Join Type": "Inner", "Startup Cost": 57573.21, "Total Cost": 124426.25, "Plan Rows": 1, "Plan Width": 28, "Inner Unique": false, "Hash Cond": "((store_sales.ss_item_sk = store_returns.sr_item_sk) AND (store_sales.ss_customer_sk = store_returns.sr_customer_sk) AND (store_sales.ss_ticket_number = store_returns.sr_ticket_number))", "Plans": [{"Node Type": "Hash Join", "Parent Relationship": "Outer", "Parallel Aware": true, "Async Capable": false, "Join Type": "Inner", "Startup Cost": 2049.76, "Total Cost": 68897.43, "Plan Rows": 476, "Plan Width": 20, "Inner Unique": true, "Hash Cond": "(store_sales.ss_sold_date_sk = d1.d_date_sk)", "Plans": [{"Node Type": "Seq Scan", "Parent Relationship": "Outer", "Parallel Aware": true, "Async Capable": false, "Relation Name": "store_sales", "Alias": "store_sales", "Startup Cost": 0.0, "Total Cost": 63697.18, "Plan Rows": 1200118, "Plan Width": 24}, {"Node Type": "Hash", "Parent Relationship": "Inner", "Parallel Aware": true, "Async Capable": false, "Startup Cost": 2049.55, "Total Cost": 2049.55, "Plan Rows": 17, "Plan Width": 4, "Plans": [{"Node Type": "Seq Scan", "Parent Relationship": "Outer", "Parallel Aware": true, "Async Capable": false, "Relation Name": "date_dim", "Alias": "d1", "Startup Cost": 0.0, "Total Cost": 2049.55, "Plan Rows": 17, "Plan Width": 4, "Filter": "((d_moy = 4) AND (d_year = 1999))"}]}]}, {"Node Type": "Hash", "Parent Relationship": "Inner", "Parallel Aware": true, "Async Capable": false, "Startup Cost": 55523.43, "Total Cost": 55523.43, "Plan Rows": 1, "Plan Width": 28, "Plans": [{"Node Type": "Hash Join", "Parent Relationship": "Outer", "Parallel Aware": true, "Async Capable": false, "Join Type": "Inner", "Startup Cost": 10468.16, "Total Cost": 55523.43, "Plan Rows": 1, "Plan Width": 28, "Inner Unique": false, "Hash Cond": "((catalog_sales.cs_item_sk = store_returns.sr_item_sk) AND (catalog_sales.cs_bill_customer_sk = store_returns.sr_customer_sk))", "Plans": [{"Node Type": "Hash Join", "Parent Relationship": "Outer", "Parallel Aware": true, "Async Capable": false, "Join Type": "Inner", "Startup Cost": 2003.86, "Total Cost": 46991.78, "Plan Rows": 8979, "Plan Width": 12, "Inner Unique": true, "Hash Cond": "(catalog_sales.cs_sold_date_sk = d3.d_date_sk)", "Plans": [{"Node Type": "Seq Scan", "Parent Relationship": "Outer", "Parallel Aware": true, "Async Capable": false, "Relation Name": "catalog_sales", "Alias": "catalog_sales", "Startup Cost": 0.0, "Total Cost": 43411.2, "Plan Rows": 600620, "Plan Width": 16}, {"Node Type": "Hash", "Parent Relationship": "Inner", "Parallel Aware": true, "Async Capable": false, "Startup Cost": 1995.84, "Total Cost": 1995.84, "Plan Rows": 642, "Plan Width": 4, "Plans": [{"Node Type": "Seq Scan", "Parent Relationship": "Outer", "Parallel Aware": true, "Async Capable": false, "Relation Name": "date_dim", "Alias": "d3", "Startup Cost": 0.0, "Total Cost": 1995.84, "Plan Rows": 642, "Plan Width": 4, "Filter": "(d_year = ANY ('{1999,2000,2001}'::integer[]))"}]}]}, {"Node Type": "Hash", "Parent Relationship": "Inner", "Parallel Aware": true, "Async Capable": false, "Startup Cost": 8461.33, "Total Cost": 8461.33, "Plan Rows": 198, "Plan Width": 16, "Plans": [{"Node Type": "Hash Join", "Parent Relationship": "Outer", "Parallel Aware": true, "Async Capable": false, "Join Type": "Inner", "Startup Cost": 2157.86, "Total Cost": 8461.33, "Plan Rows": 198, "Plan Width": 16, "Inner Unique": true, "Hash Cond": "(store_returns.sr_returned_date_sk = d2.d_date_sk)", "Plans": [{"Node Type": "Seq Scan", "Parent Relationship": "Outer", "Parallel Aware": true, "Async Capable": false, "Relation Name": "store_returns", "Alias": "store_returns", "Startup Cost": 0.0, "Total Cost": 5988.98, "Plan Rows": 119798, "Plan Width": 20}, {"Node Type": "Hash", "Parent Relationship": "Inner", "Parallel Aware": true, "Async Capable": false, "Startup Cost": 2156.97, "Total Cost": 2156.97, "Plan Rows": 71, "Plan Width": 4, "Plans": [{"Node Type": "Seq Scan", "Parent Relationship": "Outer", "Parallel Aware": true, "Async Capable": false, "Relation Name": "date_dim", "Alias": "d2", "Startup Cost": 0.0, "Total Cost": 2156.97, "Plan Rows": 71, "Plan Width": 4, "Filter": "((d_moy >= 4) AND (d_moy <= 7) AND (d_year = 1999))"}]}]}]}]}]}]}, {"Node Type": "Hash", "Parent Relationship": "Inner", "Parallel Aware": false, "Async Capable": false, "Startup Cost": 1.12, "Total Cost": 1.12, "Plan Rows": 12, "Plan Width": 190, "Plans": [{"Node Type": "Seq Scan", "Parent Relationship": "Outer", "Parallel Aware": false, "Async Capable": false, "Relation Name": "store", "Alias": "store", "Startup Cost": 0.0, "Total Cost": 1.12, "Plan Rows": 12, "Plan Width": 190}]}]}]}]}]}]}]}]}, "JIT": {"Functions": 75, "Options": {"Inlining": false, "Optimization": false, "Expressions": true, "Deforming": true}}}]]], [[[{"Plan": {"Node Type": "Limit", "Parallel Aware": false, "Async Capable": false, "Startup Cost": 15145.26, "Total Cost": 15145.27, "Plan Rows": 4, "Plan Width": 253, "Plans": [{"Node Type": "Aggregate", "Strategy": "Sorted", "Partial Mode": "Finalize", "Parent Relationship": "InitPlan", "Subplan Name": "CTE customer_total_return", "Parallel Aware": false, "Async Capable": false, "Startup Cost": 6308.15, "Total Cost": 6343.22, "Plan Rows": 358, "Plan Width": 39, "Group Key": ["web_returns.wr_returning_customer_sk", "customer_address_1.ca_state"], "Plans": [{"Node Type": "Gather Merge", "Parent Relationship": "Outer", "Parallel Aware": false, "Async Capable": false, "Startup Cost": 6308.15, "Total Cost": 6336.64, "Plan Rows": 211, "Plan Width": 39, "Workers Planned": 1, "Plans": [{"Node Type": "Aggregate", "Strategy": "Sorted", "Partial Mode": "Partial", "Parent Relationship": "Outer", "Parallel Aware": false, "Async Capable": false, "Startup Cost": 5308.14, "Total Cost": 5312.89, "Plan Rows": 211, "Plan Width": 39, "Group Key": ["web_returns.wr_returning_customer_sk", "customer_address_1.ca_state"], "Plans": [{"Node Type": "Sort", "Parent Relationship": "Outer", "Parallel Aware": false, "Async Capable": false, "Startup Cost": 5308.14, "Total Cost": 5308.67, "Plan Rows": 211, "Plan Width": 13, "Sort Key": ["web_returns.wr_returning_customer_sk", "customer_address_1.ca_state"], "Plans": [{"Node Type": "Hash Join", "Parent Relationship": "Outer", "Parallel Aware": true, "Async Capable": false, "Join Type": "Inner", "Startup Cost": 3807.4, "Total Cost": 5300.0, "Plan Rows": 211, "Plan Width": 13, "Inner Unique": false, "Hash Cond": "(customer_address_1.ca_address_sk = web_returns.wr_returning_addr_sk)", "Plans": [{"Node Type": "Seq Scan", "Parent Relationship": "Outer", "Parallel Aware": true, "Async Capable": false, "Relation Name": "customer_address", "Alias": "customer_address_1", "Startup Cost": 0.0, "Total Cost": 1381.12, "Plan Rows": 29412, "Plan Width": 7}, {"Node Type": "Hash", "Parent Relationship": "Inner", "Parallel Aware": true, "Async Capable": false, "Startup Cost": 3804.76, "Total Cost": 3804.76, "Plan Rows": 211, "Plan Width": 14, "Plans": [{"Node Type": "Hash Join", "Parent Relationship": "Outer", "Parallel Aware": true, "Async Capable": false, "Join Type": "Inner", "Startup Cost": 1944.8, "Total Cost": 3804.76, "Plan Rows": 211, "Plan Width": 14, "Inner Unique": true, "Hash Cond": "(web_returns.wr_returned_date_sk = date_dim.d_date_sk)", "Plans": [{"Node Type": "Seq Scan", "Parent Relationship": "Outer", "Parallel Aware": true, "Async Capable": false, "Relation Name": "web_returns", "Alias": "web_returns", "Startup Cost": 0.0, "Total Cost": 1749.14, "Plan Rows": 42214, "Plan Width": 18}, {"Node Type": "Hash", "Parent Relationship": "Inner", "Parallel Aware": true, "Async Capable": false, "Startup Cost": 1942.12, "Total Cost": 1942.12, "Plan Rows": 214, "Plan Width": 4, "Plans": [{"Node Type": "Seq Scan", "Parent Relationship": "Outer", "Parallel Aware": true, "Async Capable": false, "Relation Name": "date_dim", "Alias": "date_dim", "Startup Cost": 0.0, "Total Cost": 1942.12, "Plan Rows": 214, "Plan Width": 4, "Filter": "(d_year = 2002)"}]}]}]}]}]}]}]}]}, {"Node Type": "Sort", "Parent Relationship": "Outer", "Parallel Aware": false, "Async Capable": false, "Startup Cost": 8802.04, "Total Cost": 8802.05, "Plan Rows": 4, "Plan Width": 253, "Sort Key": ["customer.c_customer_id", "customer.c_salutation", "customer.c_first_name", "customer.c_last_name", "customer.c_preferred_cust_flag", "customer.c_birth_day", "customer.c_birth_month", "customer.c_birth_year", "customer.c_birth_country", "customer.c_login", "customer.c_email_address", "customer.c_last_review_date", "ctr1.ctr_total_return"], "Plans": [{"Node Type": "Hash Join", "Parent Relationship": "Outer", "Parallel Aware": false, "Async Capable": false, "Join Type": "Inner", "Startup Cost": 4632.93, "Total Cost": 8802.0, "Plan Rows": 4, "Plan Width": 253, "Inner Unique": false, "Hash Cond": "(customer.c_customer_sk = ctr1.ctr_customer_sk)", "Plans": [{"Node Type": "Hash Join", "Parent Relationship": "Outer", "Parallel Aware": false, "Async Capable": false, "Join Type": "Inner", "Startup Cost": 1732.54, "Total Cost": 5844.06, "Plan Rows": 3286, "Plan Width": 225, "Inner Unique": true, "Hash Cond": "(customer.c_current_addr_sk = customer_address.ca_address_sk)", "Plans": [{"Node Type": "Seq Scan", "Parent Relationship": "Outer", "Parallel Aware": false, "Async Capable": false, "Relation Name": "customer", "Alias": "customer", "Startup Cost": 0.0, "Total Cost": 3849.0, "Plan Rows": 100000, "Plan Width": 229}, {"Node Type": "Hash", "Parent Relationship": "Inner", "Parallel Aware": false, "Async Capable": false, "Startup Cost": 1712.0, "Total Cost": 1712.0, "Plan Rows": 1643, "Plan Width": 4, "Plans": [{"Node Type": "Seq Scan", "Parent Relationship": "Outer", "Parallel Aware": false, "Async Capable": false, "Relation Name": "customer_address", "Alias": "customer_address", "Startup Cost": 0.0, "Total Cost": 1712.0, "Plan Rows": 1643, "Plan Width": 4, "Filter": "(ca_state = 'IL'::bpchar)"}]}]}, {"Node Type": "Hash", "Parent Relationship": "Inner", "Parallel Aware": false, "Async Capable": false, "Startup Cost": 2898.9, "Total Cost": 2898.9, "Plan Rows": 119, "Plan Width": 36, "Plans": [{"Node Type": "CTE Scan", "Parent Relationship": "Outer", "Parallel Aware": false, "Async Capable": false, "CTE Name": "customer_total_return", "Alias": "ctr1", "Startup Cost": 0.0, "Total Cost": 2898.9, "Plan Rows": 119, "Plan Width": 36, "Filter": "(ctr_total_return > (SubPlan 2))", "Plans": [{"Node Type": "Aggregate", "Strategy": "Plain", "Partial Mode": "Simple", "Parent Relationship": "SubPlan", "Subplan Name": "SubPlan 2", "Parallel Aware": false, "Async Capable": false, "Startup Cost": 8.06, "Total Cost": 8.07, "Plan Rows": 1, "Plan Width": 32, "Plans": [{"Node Type": "CTE Scan", "Parent Relationship": "Outer", "Parallel Aware": false, "Async Capable": false, "CTE Name": "customer_total_return", "Alias": "ctr2", "Startup Cost": 0.0, "Total Cost": 8.05, "Plan Rows": 2, "Plan Width": 32, "Filter": "(ctr1.ctr_state = ctr_state)"}]}]}]}]}]}]}}]]], [[[{"Plan": {"Node Type": "Hash Join", "Parallel Aware": false, "Async Capable": false, "Join Type": "Inner", "Startup Cost": 681770.41, "Total Cost": 718690.59, "Plan Rows": 1, "Plan Width": 210, "Inner Unique": false, "Hash Cond": "((ss2.ca_county)::text = (ss1.ca_county)::text)", "Join Filter": "((CASE WHEN (ws1.web_sales > '0'::numeric) THEN (ws2.web_sales / ws1.web_sales) ELSE NULL::numeric END > CASE WHEN (ss1.store_sales > '0'::numeric) THEN (ss2.store_sales / ss1.store_sales) ELSE NULL::numeric END) AND (CASE WHEN (ws2.web_sales > '0'::numeric) THEN (ws3.web_sales / ws2.web_sales) ELSE NULL::numeric END > CASE WHEN (ss2.store_sales > '0'::numeric) THEN (ss3.store_sales / ss2.store_sales) ELSE NULL::numeric END))", "Plans": [{"Node Type": "Aggregate", "Strategy": "Hashed", "Partial Mode": "Simple", "Parent Relationship": "InitPlan", "Subplan Name": "CTE ss", "Parallel Aware": false, "Async Capable": false, "Startup Cost": 373648.02, "Total Cost": 431486.9, "Plan Rows": 1476800, "Plan Width": 54, "Group Key": ["customer_address.ca_county", "date_dim.d_qoy", "date_dim.d_year"], "Planned Partitions": 128, "Plans": [{"Node Type": "Hash Join", "Parent Relationship": "Outer", "Parallel Aware": false, "Async Capable": false, "Join Type": "Inner", "Startup Cost": 5617.6, "Total Cost": 129723.97, "Plan Rows": 2880284, "Plan Width": 28, "Inner Unique": true, "Hash Cond": "(store_sales.ss_addr_sk = customer_address.ca_address_sk)", "Plans": [{"Node Type": "Hash Join", "Parent Relationship": "Outer", "Parallel Aware": false, "Async Capable": false, "Join Type": "Inner", "Startup Cost": 3405.6, "Total Cost": 119950.61, "Plan Rows": 2880284, "Plan Width": 18, "Inner Unique": true, "Hash Cond": "(store_sales.ss_sold_date_sk = date_dim.d_date_sk)", "Plans": [{"Node Type": "Seq Scan", "Parent Relationship": "Outer", "Parallel Aware": false, "Async Capable": false, "Relation Name": "store_sales", "Alias": "store_sales", "Startup Cost": 0.0, "Total Cost": 80498.84, "Plan Rows": 2880284, "Plan Width": 14}, {"Node Type": "Hash", "Parent Relationship": "Inner", "Parallel Aware": false, "Async Capable": false, "Startup Cost": 2135.49, "Total Cost": 2135.49, "Plan Rows": 73049, "Plan Width": 12, "Plans": [{"Node Type": "Seq Scan", "Parent Relationship": "Outer", "Parallel Aware": false, "Async Capable": false, "Relation Name": "date_dim", "Alias": "date_dim", "Startup Cost": 0.0, "Total Cost": 2135.49, "Plan Rows": 73049, "Plan Width": 12}]}]}, {"Node Type": "Hash", "Parent Relationship": "Inner", "Parallel Aware": false, "Async Capable": false, "Startup Cost": 1587.0, "Total Cost": 1587.0, "Plan Rows": 50000, "Plan Width": 18, "Plans": [{"Node Type": "Seq Scan", "Parent Relationship": "Outer", "Parallel Aware": false, "Async Capable": false, "Relation Name": "customer_address", "Alias": "customer_address", "Startup Cost": 0.0, "Total Cost": 1587.0, "Plan Rows": 50000, "Plan Width": 18}]}]}]}, {"Node Type": "Aggregate", "Strategy": "Hashed", "Partial Mode": "Simple", "Parent Relationship": "InitPlan", "Subplan Name": "CTE ws", "Parallel Aware": false, "Async Capable": false, "Startup Cost": 103661.31, "Total Cost": 122488.94, "Plan Rows": 719384, "Plan Width": 54, "Group Key": ["customer_address_1.ca_county", "date_dim_1.d_qoy", "date_dim_1.d_year"], "Planned Partitions": 64, "Plans": [{"Node Type": "Hash Join", "Parent Relationship": "Outer", "Parallel Aware": false, "Async Capable": false, "Join Type": "Inner", "Startup Cost": 5617.6, "Total Cost": 42738.48, "Plan Rows": 719384, "Plan Width": 28, "Inner Unique": true, "Hash Cond": "(web_sales.ws_bill_addr_sk = customer_address_1.ca_address_sk)", "Plans": [{"Node Type": "Hash Join", "Parent Relationship": "Outer", "Parallel Aware": false, "Async Capable": false, "Join Type": "Inner", "Startup Cost": 3405.6, "Total Cost": 38637.94, "Plan Rows": 719384, "Plan Width": 18, "Inner Unique": true, "Hash Cond": "(web_sales.ws_sold_date_sk = date_dim_1.d_date_sk)", "Plans": [{"Node Type": "Seq Scan", "Parent Relationship": "Outer", "Parallel Aware": false, "Async Capable": false, "Relation Name": "web_sales", "Alias": "web_sales", "Startup Cost": 0.0, "Total Cost": 25960.84, "Plan Rows": 719384, "Plan Width": 14}, {"Node Type": "Hash", "Parent Relationship": "Inner", "Parallel Aware": false, "Async Capable": false, "Startup Cost": 2135.49, "Total Cost": 2135.49, "Plan Rows": 73049, "Plan Width": 12, "Plans": [{"Node Type": "Seq Scan", "Parent Relationship": "Outer", "Parallel Aware": false, "Async Capable": false, "Relation Name": "date_dim", "Alias": "date_dim_1", "Startup Cost": 0.0, "Total Cost": 2135.49, "Plan Rows": 73049, "Plan Width": 12}]}]}, {"Node Type": "Hash", "Parent Relationship": "Inner", "Parallel Aware": false, "Async Capable": false, "Startup Cost": 1587.0, "Total Cost": 1587.0, "Plan Rows": 50000, "Plan Width": 18, "Plans": [{"Node Type": "Seq Scan", "Parent Relationship": "Outer", "Parallel Aware": false, "Async Capable": false, "Relation Name": "customer_address", "Alias": "customer_address_1", "Startup Cost": 0.0, "Total Cost": 1587.0, "Plan Rows": 50000, "Plan Width": 18}]}]}]}, {"Node Type": "CTE Scan", "Parent Relationship": "Outer", "Parallel Aware": false, "Async Capable": false, "CTE Name": "ss", "Alias": "ss2", "Startup Cost": 0.0, "Total Cost": 36920.0, "Plan Rows": 37, "Plan Width": 110, "Filter": "((d_year = 2000) AND (d_qoy = 2))"}, {"Node Type": "Hash", "Parent Relationship": "Inner", "Parallel Aware": false, "Async Capable": false, "Startup Cost": 127794.56, "Total Cost": 127794.56, "Plan Rows": 1, "Plan Width": 554, "Plans": [{"Node Type": "Hash Join", "Parent Relationship": "Outer", "Parallel Aware": false, "Async Capable": false, "Join Type": "Inner", "Startup Cost": 90874.41, "Total Cost": 127794.56, "Plan Rows": 1, "Plan Width": 554, "Inner Unique": false, "Hash Cond": "((ss3.ca_county)::text = (ss1.ca_county)::text)", "Plans": [{"Node Type": "CTE Scan", "Parent Relationship": "Outer", "Parallel Aware": false, "Async Capable": false, "CTE Name": "ss", "Alias": "ss3", "Startup Cost": 0.0, "Total Cost": 36920.0, "Plan Rows": 37, "Plan Width": 110, "Filter": "((d_year = 2000) AND (d_qoy = 3))"}, {"Node Type": "Hash", "Parent Relationship": "Inner", "Parallel Aware": false, "Async Capable": false, "Startup Cost": 90874.4, "Total Cost": 90874.4, "Plan Rows": 1, "Plan Width": 444, "Plans": [{"Node Type": "Hash Join", "Parent Relationship": "Outer", "Parallel Aware": false, "Async Capable": false, "Join Type": "Inner", "Startup Cost": 53954.25, "Total Cost": 90874.4, "Plan Rows": 1, "Plan Width": 444, "Inner Unique": false, "Hash Cond": "((ss1.ca_county)::text = (ws1.ca_county)::text)", "Plans": [{"Node Type": "CTE Scan", "Parent Relationship": "Outer", "Parallel Aware": false, "Async Capable": false, "CTE Name": "ss", "Alias": "ss1", "Startup Cost": 0.0, "Total Cost": 36920.0, "Plan Rows": 37, "Plan Width": 114, "Filter": "((d_qoy = 1) AND (d_year = 2000))"}, {"Node Type": "Hash", "Parent Relationship": "Inner", "Parallel Aware": false, "Async Capable": false, "Startup Cost": 53954.24, "Total Cost": 53954.24, "Plan Rows": 1, "Plan Width": 330, "Plans": [{"Node Type": "Hash Join", "Parent Relationship": "Outer", "Parallel Aware": false, "Async Capable": false, "Join Type": "Inner", "Startup Cost": 35969.56, "Total Cost": 53954.24, "Plan Rows": 1, "Plan Width": 330, "Inner Unique": false, "Hash Cond": "((ws3.ca_county)::text = (ws1.ca_county)::text)", "Plans": [{"Node Type": "CTE Scan", "Parent Relationship": "Outer", "Parallel Aware": false, "Async Capable": false, "CTE Name": "ws", "Alias": "ws3", "Startup Cost": 0.0, "Total Cost": 17984.6, "Plan Rows": 18, "Plan Width": 110, "Filter": "((d_year = 2000) AND (d_qoy = 3))"}, {"Node Type": "Hash", "Parent Relationship": "Inner", "Parallel Aware": false, "Async Capable": false, "Startup Cost": 35969.54, "Total Cost": 35969.54, "Plan Rows": 2, "Plan Width": 220, "Plans": [{"Node Type": "Hash Join", "Parent Relationship": "Outer", "Parallel Aware": false, "Async Capable": false, "Join Type": "Inner", "Startup Cost": 17984.83, "Total Cost": 35969.54, "Plan Rows": 2, "Plan Width": 220, "Inner Unique": false, "Hash Cond": "((ws1.ca_county)::text = (ws2.ca_county)::text)", "Plans": [{"Node Type": "CTE Scan", "Parent Relationship": "Outer", "Parallel Aware": false, "Async Capable": false, "CTE Name": "ws", "Alias": "ws1", "Startup Cost": 0.0, "Total Cost": 17984.6, "Plan Rows": 18, "Plan Width": 110, "Filter": "((d_qoy = 1) AND (d_year = 2000))"}, {"Node Type": "Hash", "Parent Relationship": "Inner", "Parallel Aware": false, "Async Capable": false, "Startup Cost": 17984.6, "Total Cost": 17984.6, "Plan Rows": 18, "Plan Width": 110, "Plans": [{"Node Type": "CTE Scan", "Parent Relationship": "Outer", "Parallel Aware": false, "Async Capable": false, "CTE Name": "ws", "Alias": "ws2", "Startup Cost": 0.0, "Total Cost": 17984.6, "Plan Rows": 18, "Plan Width": 110, "Filter": "((d_year = 2000) AND (d_qoy = 2))"}]}]}]}]}]}]}]}]}]}]}, "JIT": {"Functions": 102, "Options": {"Inlining": true, "Optimization": true, "Expressions": true, "Deforming": true}}}]]], [[[{"Plan": {"Node Type": "Limit", "Parallel Aware": false, "Async Capable": false, "Startup Cost": 49675.6, "Total Cost": 49675.61, "Plan Rows": 1, "Plan Width": 32, "Plans": [{"Node Type": "Aggregate", "Strategy": "Plain", "Partial Mode": "Simple", "Parent Relationship": "Outer", "Parallel Aware": false, "Async Capable": false, "Startup Cost": 49675.6, "Total Cost": 49675.61, "Plan Rows": 1, "Plan Width": 32, "Plans": [{"Node Type": "Hash Join", "Parent Relationship": "Outer", "Parallel Aware": false, "Async Capable": false, "Join Type": "Inner", "Startup Cost": 4505.41, "Total Cost": 49675.59, "Plan Rows": 1, "Plan Width": 6, "Inner Unique": true, "Hash Cond": "(catalog_sales.cs_item_sk = item.i_item_sk)", "Join Filter": "(catalog_sales.cs_ext_discount_amt > (SubPlan 1))", "Plans": [{"Node Type": "Gather", "Parent Relationship": "Outer", "Parallel Aware": false, "Async Capable": false, "Startup Cost": 3050.21, "Total Cost": 48215.73, "Plan Rows": 1776, "Plan Width": 10, "Workers Planned": 2, "Single Copy": false, "Plans": [{"Node Type": "Hash Join", "Parent Relationship": "Outer", "Parallel Aware": true, "Async Capable": false, "Join Type": "Inner", "Startup Cost": 2050.21, "Total Cost": 47038.13, "Plan Rows": 740, "Plan Width": 10, "Inner Unique": true, "Hash Cond": "(catalog_sales.cs_sold_date_sk = date_dim.d_date_sk)", "Plans": [{"Node Type": "Seq Scan", "Parent Relationship": "Outer", "Parallel Aware": true, "Async Capable": false, "Relation Name": "catalog_sales", "Alias": "catalog_sales", "Startup Cost": 0.0, "Total Cost": 43411.2, "Plan Rows": 600620, "Plan Width": 14}, {"Node Type": "Hash", "Parent Relationship": "Inner", "Parallel Aware": true, "Async Capable": false, "Startup Cost": 2049.55, "Total Cost": 2049.55, "Plan Rows": 53, "Plan Width": 4, "Plans": [{"Node Type": "Seq Scan", "Parent Relationship": "Outer", "Parallel Aware": true, "Async Capable": false, "Relation Name": "date_dim", "Alias": "date_dim", "Startup Cost": 0.0, "Total Cost": 2049.55, "Plan Rows": 53, "Plan Width": 4, "Filter": "((d_date >= '1998-03-18'::date) AND (d_date <= '1998-06-16 00:00:00'::timestamp without time zone))"}]}]}]}, {"Node Type": "Hash", "Parent Relationship": "Inner", "Parallel Aware": false, "Async Capable": false, "Startup Cost": 1455.0, "Total Cost": 1455.0, "Plan Rows": 16, "Plan Width": 4, "Plans": [{"Node Type": "Seq Scan", "Parent Relationship": "Outer", "Parallel Aware": false, "Async Capable": false, "Relation Name": "item", "Alias": "item", "Startup Cost": 0.0, "Total Cost": 1455.0, "Plan Rows": 16, "Plan Width": 4, "Filter": "(i_manufact_id = 269)"}]}, {"Node Type": "Aggregate", "Strategy": "Plain", "Partial Mode": "Simple", "Parent Relationship": "SubPlan", "Subplan Name": "SubPlan 1", "Parallel Aware": false, "Async Capable": false, "Startup Cost": 2269.31, "Total Cost": 2269.32, "Plan Rows": 1, "Plan Width": 32, "Plans": [{"Node Type": "Merge Join", "Parent Relationship": "Outer", "Parallel Aware": false, "Async Capable": false, "Join Type": "Inner", "Startup Cost": 2146.28, "Total Cost": 2269.31, "Plan Rows": 1, "Plan Width": 6, "Inner Unique": false, "Merge Cond": "(date_dim_1.d_date_sk = catalog_sales_1.cs_sold_date_sk)", "Plans": [{"Node Type": "Index Scan", "Parent Relationship": "Outer", "Parallel Aware": false, "Async Capable": false, "Scan Direction": "Forward", "Index Name": "date_dim_pkey", "Relation Name": "date_dim", "Alias": "date_dim_1", "Startup Cost": 0.29, "Total Cost": 3677.27, "Plan Rows": 90, "Plan Width": 4, "Filter": "((d_date >= '1998-03-18'::date) AND (d_date <= '1998-06-16 00:00:00'::timestamp without time zone))"}, {"Node Type": "Sort", "Parent Relationship": "Inner", "Parallel Aware": false, "Async Capable": false, "Startup Cost": 348.25, "Total Cost": 348.47, "Plan Rows": 88, "Plan Width": 10, "Sort Key": ["catalog_sales_1.cs_sold_date_sk"], "Plans": [{"Node Type": "Bitmap Heap Scan", "Parent Relationship": "Outer", "Parallel Aware": false, "Async Capable": false, "Relation Name": "catalog_sales", "Alias": "catalog_sales_1", "Startup Cost": 5.11, "Total Cost": 345.4, "Plan Rows": 88, "Plan Width": 10, "Recheck Cond": "(cs_item_sk = item.i_item_sk)", "Plans": [{"Node Type": "Bitmap Index Scan", "Parent Relationship": "Outer", "Parallel Aware": false, "Async Capable": false, "Index Name": "catalog_sales_pkey", "Startup Cost": 0.0, "Total Cost": 5.09, "Plan Rows": 88, "Plan Width": 0, "Index Cond": "(cs_item_sk = item.i_item_sk)"}]}]}]}]}]}]}]}}]]], [[[{"Plan": {"Node Type": "Limit", "Parallel Aware": false, "Async Capable": false, "Startup Cost": 156826.4, "Total Cost": 156826.65, "Plan Rows": 100, "Plan Width": 36, "Plans": [{"Node Type": "Sort", "Parent Relationship": "Outer", "Parallel Aware": false, "Async Capable": false, "Startup Cost": 156826.4, "Total Cost": 156826.9, "Plan Rows": 200, "Plan Width": 36, "Sort Key": ["(sum((sum(store_sales.ss_ext_sales_price))))"], "Plans": [{"Node Type": "Aggregate", "Strategy": "Sorted", "Partial Mode": "Simple", "Parent Relationship": "Outer", "Parallel Aware": false, "Async Capable": false, "Startup Cost": 156778.78, "Total Cost": 156818.76, "Plan Rows": 200, "Plan Width": 36, "Group Key": ["item.i_manufact_id"], "Plans": [{"Node Type": "Merge Append", "Parent Relationship": "Outer", "Parallel Aware": false, "Async Capable": false, "Startup Cost": 156778.78, "Total Cost": 156812.35, "Plan Rows": 782, "Plan Width": 36, "Sort Key": ["item.i_manufact_id"], "Subplans Removed": 0, "Plans": [{"Node Type": "Aggregate", "Strategy": "Sorted", "Partial Mode": "Simple", "Parent Relationship": "Member", "Parallel Aware": false, "Async Capable": false, "Startup Cost": 74355.72, "Total Cost": 74364.64, "Plan Rows": 446, "Plan Width": 36, "Group Key": ["item.i_manufact_id"], "Plans": [{"Node Type": "Sort", "Parent Relationship": "Outer", "Parallel Aware": false, "Async Capable": false, "Startup Cost": 74355.72, "Total Cost": 74356.84, "Plan Rows": 446, "Plan Width": 10, "Sort Key": ["item.i_manufact_id"], "Plans": [{"Node Type": "Hash Join", "Parent Relationship": "Outer", "Parallel Aware": false, "Async Capable": false, "Join Type": "Inner", "Startup Cost": 72908.13, "Total Cost": 74336.1, "Plan Rows": 446, "Plan Width": 10, "Inner Unique": true, "Hash Cond": "(item.i_manufact_id = item_1.i_manufact_id)", "Plans": [{"Node Type": "Gather", "Parent Relationship": "Outer", "Parallel Aware": false, "Async Capable": false, "Startup Cost": 71430.01, "Total Cost": 72851.84, "Plan Rows": 447, "Plan Width": 10, "Workers Planned": 1, "Single Copy": false, "Plans": [{"Node Type": "Hash Join", "Parent Relationship": "Outer", "Parallel Aware": true, "Async Capable": false, "Join Type": "Inner", "Startup Cost": 70430.01, "Total Cost": 71807.14, "Plan Rows": 263, "Plan Width": 10, "Inner Unique": false, "Hash Cond": "(item.i_item_sk = store_sales.ss_item_sk)", "Plans": [{"Node Type": "Seq Scan", "Parent Relationship": "Outer", "Parallel Aware": true, "Async Capable": false, "Relation Name": "item", "Alias": "item", "Startup Cost": 0.0, "Total Cost": 1335.88, "Plan Rows": 10588, "Plan Width": 8}, {"Node Type": "Hash", "Parent Relationship": "Inner", "Parallel Aware": true, "Async Capable": false, "Startup Cost": 70426.72, "Total Cost": 70426.72, "Plan Rows": 263, "Plan Width": 10, "Plans": [{"Node Type": "Hash Join", "Parent Relationship": "Outer", "Parallel Aware": true, "Async Capable": false, "Join Type": "Inner", "Startup Cost": 68903.81, "Total Cost": 70426.72, "Plan Rows": 263, "Plan Width": 10, "Inner Unique": false, "Hash Cond": "(customer_address.ca_address_sk = store_sales.ss_addr_sk)", "Plans": [{"Node Type": "Seq Scan", "Parent Relationship": "Outer", "Parallel Aware": true, "Async Capable": false, "Relation Name": "customer_address", "Alias": "customer_address", "Startup Cost": 0.0, "Total Cost": 1454.65, "Plan Rows": 10754, "Plan Width": 4, "Filter": "(ca_gmt_offset = '-5'::numeric)"}, {"Node Type": "Hash", "Parent Relationship": "Inner", "Parallel Aware": true, "Async Capable": false, "Startup Cost": 68897.45, "Total Cost": 68897.45, "Plan Rows": 509, "Plan Width": 14, "Plans": [{"Node Type": "Hash Join", "Parent Relationship": "Outer", "Parallel Aware": true, "Async Capable": false, "Join Type": "Inner", "Startup Cost": 2049.78, "Total Cost": 68897.45, "Plan Rows": 509, "Plan Width": 14, "Inner Unique": true, "Hash Cond": "(store_sales.ss_sold_date_sk = date_dim.d_date_sk)", "Plans": [{"Node Type": "Seq Scan", "Parent Relationship": "Outer", "Parallel Aware": true, "Async Capable": false, "Relation Name": "store_sales", "Alias": "store_sales", "Startup Cost": 0.0, "Total Cost": 63697.18, "Plan Rows": 1200118, "Plan Width": 18}, {"Node Type": "Hash", "Parent Relationship": "Inner", "Parallel Aware": true, "Async Capable": false, "Startup Cost": 2049.55, "Total Cost": 2049.55, "Plan Rows": 18, "Plan Width": 4, "Plans": [{"Node Type": "Seq Scan", "Parent Relationship": "Outer", "Parallel Aware": true, "Async Capable": false, "Relation Name": "date_dim", "Alias": "date_dim", "Startup Cost": 0.0, "Total Cost": 2049.55, "Plan Rows": 18, "Plan Width": 4, "Filter": "((d_year = 1999) AND (d_moy = 3))"}]}]}]}]}]}]}]}, {"Node Type": "Hash", "Parent Relationship": "Inner", "Parallel Aware": false, "Async Capable": false, "Startup Cost": 1467.68, "Total Cost": 1467.68, "Plan Rows": 835, "Plan Width": 4, "Plans": [{"Node Type": "Aggregate", "Strategy": "Hashed", "Partial Mode": "Simple", "Parent Relationship": "Outer", "Parallel Aware": false, "Async Capable": false, "Startup Cost": 1459.33, "Total Cost": 1467.68, "Plan Rows": 835, "Plan Width": 4, "Group Key": ["item_1.i_manufact_id"], "Planned Partitions": 0, "Plans": [{"Node Type": "Seq Scan", "Parent Relationship": "Outer", "Parallel Aware": false, "Async Capable": false, "Relation Name": "item", "Alias": "item_1", "Startup Cost": 0.0, "Total Cost": 1455.0, "Plan Rows": 1733, "Plan Width": 4, "Filter": "(i_category = 'Books'::bpchar)"}]}]}]}]}]}, {"Node Type": "Aggregate", "Strategy": "Sorted", "Partial Mode": "Simple", "Parent Relationship": "Member", "Parallel Aware": false, "Async Capable": false, "Startup Cost": 52453.65, "Total Cost": 52458.13, "Plan Rows": 224, "Plan Width": 36, "Group Key": ["item_2.i_manufact_id"], "Plans": [{"Node Type": "Sort", "Parent Relationship": "Outer", "Parallel Aware": false, "Async Capable": false, "Startup Cost": 52453.65, "Total Cost": 52454.21, "Plan Rows": 224, "Plan Width": 10, "Sort Key": ["item_2.i_manufact_id"], "Plans": [{"Node Type": "Hash Join", "Parent Relationship": "Outer", "Parallel Aware": false, "Async Capable": false, "Join Type": "Inner", "Startup Cost": 51043.06, "Total Cost": 52444.91, "Plan Rows": 224, "Plan Width": 10, "Inner Unique": true, "Hash Cond": "(item_2.i_manufact_id = item_3.i_manufact_id)", "Plans": [{"Node Type": "Gather", "Parent Relationship": "Outer", "Parallel Aware": false, "Async Capable": false, "Startup Cost": 49564.94, "Total Cost": 50963.71, "Plan Rows": 224, "Plan Width": 10, "Workers Planned": 1, "Single Copy": false, "Plans": [{"Node Type": "Hash Join", "Parent Relationship": "Outer", "Parallel Aware": true, "Async Capable": false, "Join Type": "Inner", "Startup Cost": 48564.94, "Total Cost": 49941.31, "Plan Rows": 132, "Plan Width": 10, "Inner Unique": false, "Hash Cond": "(item_2.i_item_sk = catalog_sales.cs_item_sk)", "Plans": [{"Node Type": "Seq Scan", "Parent Relationship": "Outer", "Parallel Aware": true, "Async Capable": false, "Relation Name": "item", "Alias": "item_2", "Startup Cost": 0.0, "Total Cost": 1335.88, "Plan Rows": 10588, "Plan Width": 8}, {"Node Type": "Hash", "Parent Relationship": "Inner", "Parallel Aware": true, "Async Capable": false, "Startup Cost": 48563.29, "Total Cost": 48563.29, "Plan Rows": 132, "Plan Width": 10, "Plans": [{"Node Type": "Hash Join", "Parent Relationship": "Outer", "Parallel Aware": true, "Async Capable": false, "Join Type": "Inner", "Startup Cost": 47040.88, "Total Cost": 48563.29, "Plan Rows": 132, "Plan Width": 10, "Inner Unique": false, "Hash Cond": "(customer_address_1.ca_address_sk = catalog_sales.cs_bill_addr_sk)", "Plans": [{"Node Type": "Seq Scan", "Parent Relationship": "Outer", "Parallel Aware": true, "Async Capable": false, "Relation Name": "customer_address", "Alias": "customer_address_1", "Startup Cost": 0.0, "Total Cost": 1454.65, "Plan Rows": 10754, "Plan Width": 4, "Filter": "(ca_gmt_offset = '-5'::numeric)"}, {"Node Type": "Hash", "Parent Relationship": "Inner", "Parallel Aware": true, "Async Capable": false, "Startup Cost": 47037.69, "Total Cost": 47037.69, "Plan Rows": 255, "Plan Width": 14, "Plans": [{"Node Type": "Hash Join", "Parent Relationship": "Outer", "Parallel Aware": true, "Async Capable": false, "Join Type": "Inner", "Startup Cost": 2049.78, "Total Cost": 47037.69, "Plan Rows": 255, "Plan Width": 14, "Inner Unique": true, "Hash Cond": "(catalog_sales.cs_sold_date_sk = date_dim_1.d_date_sk)", "Plans": [{"Node Type": "Seq Scan", "Parent Relationship": "Outer", "Parallel Aware": true, "Async Capable": false, "Relation Name": "catalog_sales", "Alias": "catalog_sales", "Startup Cost": 0.0, "Total Cost": 43411.2, "Plan Rows": 600620, "Plan Width": 18}, {"Node Type": "Hash", "Parent Relationship": "Inner", "Parallel Aware": true, "Async Capable": false, "Startup Cost": 2049.55, "Total Cost": 2049.55, "Plan Rows": 18, "Plan Width": 4, "Plans": [{"Node Type": "Seq Scan", "Parent Relationship": "Outer", "Parallel Aware": true, "Async Capable": false, "Relation Name": "date_dim", "Alias": "date_dim_1", "Startup Cost": 0.0, "Total Cost": 2049.55, "Plan Rows": 18, "Plan Width": 4, "Filter": "((d_year = 1999) AND (d_moy = 3))"}]}]}]}]}]}]}]}, {"Node Type": "Hash", "Parent Relationship": "Inner", "Parallel Aware": false, "Async Capable": false, "Startup Cost": 1467.68, "Total Cost": 1467.68, "Plan Rows": 835, "Plan Width": 4, "Plans": [{"Node Type": "Aggregate", "Strategy": "Hashed", "Partial Mode": "Simple", "Parent Relationship": "Outer", "Parallel Aware": false, "Async Capable": false, "Startup Cost": 1459.33, "Total Cost": 1467.68, "Plan Rows": 835, "Plan Width": 4, "Group Key": ["item_3.i_manufact_id"], "Planned Partitions": 0, "Plans": [{"Node Type": "Seq Scan", "Parent Relationship": "Outer", "Parallel Aware": false, "Async Capable": false, "Relation Name": "item", "Alias": "item_3", "Startup Cost": 0.0, "Total Cost": 1455.0, "Plan Rows": 1733, "Plan Width": 4, "Filter": "(i_category = 'Books'::bpchar)"}]}]}]}]}]}, {"Node Type": "Aggregate", "Strategy": "Sorted", "Partial Mode": "Simple", "Parent Relationship": "Member", "Parallel Aware": false, "Async Capable": false, "Startup Cost": 29969.38, "Total Cost": 29971.62, "Plan Rows": 112, "Plan Width": 36, "Group Key": ["item_4.i_manufact_id"], "Plans": [{"Node Type": "Sort", "Parent Relationship": "Outer", "Parallel Aware": false, "Async Capable": false, "Startup Cost": 29969.38, "Total Cost": 29969.66, "Plan Rows": 112, "Plan Width": 10, "Sort Key": ["item_4.i_manufact_id"], "Plans": [{"Node Type": "Hash Join", "Parent Relationship": "Outer", "Parallel Aware": false, "Async Capable": false, "Join Type": "Inner", "Startup Cost": 28576.86, "Total Cost": 29965.57, "Plan Rows": 112, "Plan Width": 10, "Inner Unique": true, "Hash Cond": "(item_4.i_manufact_id = item_5.i_manufact_id)", "Plans": [{"Node Type": "Gather", "Parent Relationship": "Outer", "Parallel Aware": false, "Async Capable": false, "Startup Cost": 27098.74, "Total Cost": 28485.91, "Plan Rows": 112, "Plan Width": 10, "Workers Planned": 1, "Single Copy": false, "Plans": [{"Node Type": "Hash Join", "Parent Relationship": "Outer", "Parallel Aware": true, "Async Capable": false, "Join Type": "Inner", "Startup Cost": 26098.74, "Total Cost": 27474.71, "Plan Rows": 66, "Plan Width": 10, "Inner Unique": false, "Hash Cond": "(item_4.i_item_sk = web_sales.ws_item_sk)", "Plans": [{"Node Type": "Seq Scan", "Parent Relationship": "Outer", "Parallel Aware": true, "Async Capable": false, "Relation Name": "item", "Alias": "item_4", "Startup Cost": 0.0, "Total Cost": 1335.88, "Plan Rows": 10588, "Plan Width": 8}, {"Node Type": "Hash", "Parent Relationship": "Inner", "Parallel Aware": true, "Async Capable": false, "Startup Cost": 26097.91, "Total Cost": 26097.91, "Plan Rows": 66, "Plan Width": 10, "Plans": [{"Node Type": "Hash Join", "Parent Relationship": "Outer", "Parallel Aware": true, "Async Capable": false, "Join Type": "Inner", "Startup Cost": 24602.67, "Total Cost": 26097.91, "Plan Rows": 66, "Plan Width": 10, "Inner Unique": false, "Hash Cond": "(customer_address_2.ca_address_sk = web_sales.ws_bill_addr_sk)", "Plans": [{"Node Type": "Seq Scan", "Parent Relationship": "Outer", "Parallel Aware": true, "Async Capable": false, "Relation Name": "customer_address", "Alias": "customer_address_2", "Startup Cost": 0.0, "Total Cost": 1454.65, "Plan Rows": 10754, "Plan Width": 4, "Filter": "(ca_gmt_offset = '-5'::numeric)"}, {"Node Type": "Hash", "Parent Relationship": "Inner", "Parallel Aware": true, "Async Capable": false, "Startup Cost": 24601.08, "Total Cost": 24601.08, "Plan Rows": 127, "Plan Width": 14, "Plans": [{"Node Type": "Hash Join", "Parent Relationship": "Outer", "Parallel Aware": true, "Async Capable": false, "Join Type": "Inner", "Startup Cost": 2049.78, "Total Cost": 24601.08, "Plan Rows": 127, "Plan Width": 14, "Inner Unique": true, "Hash Cond": "(web_sales.ws_sold_date_sk = date_dim_2.d_date_sk)", "Plans": [{"Node Type": "Seq Scan", "Parent Relationship": "Outer", "Parallel Aware": true, "Async Capable": false, "Relation Name": "web_sales", "Alias": "web_sales", "Startup Cost": 0.0, "Total Cost": 21764.43, "Plan Rows": 299743, "Plan Width": 18}, {"Node Type": "Hash", "Parent Relationship": "Inner", "Parallel Aware": true, "Async Capable": false, "Startup Cost": 2049.55, "Total Cost": 2049.55, "Plan Rows": 18, "Plan Width": 4, "Plans": [{"Node Type": "Seq Scan", "Parent Relationship": "Outer", "Parallel Aware": true, "Async Capable": false, "Relation Name": "date_dim", "Alias": "date_dim_2", "Startup Cost": 0.0, "Total Cost": 2049.55, "Plan Rows": 18, "Plan Width": 4, "Filter": "((d_year = 1999) AND (d_moy = 3))"}]}]}]}]}]}]}]}, {"Node Type": "Hash", "Parent Relationship": "Inner", "Parallel Aware": false, "Async Capable": false, "Startup Cost": 1467.68, "Total Cost": 1467.68, "Plan Rows": 835, "Plan Width": 4, "Plans": [{"Node Type": "Aggregate", "Strategy": "Hashed", "Partial Mode": "Simple", "Parent Relationship": "Outer", "Parallel Aware": false, "Async Capable": false, "Startup Cost": 1459.33, "Total Cost": 1467.68, "Plan Rows": 835, "Plan Width": 4, "Group Key": ["item_5.i_manufact_id"], "Planned Partitions": 0, "Plans": [{"Node Type": "Seq Scan", "Parent Relationship": "Outer", "Parallel Aware": false, "Async Capable": false, "Relation Name": "item", "Alias": "item_5", "Startup Cost": 0.0, "Total Cost": 1455.0, "Plan Rows": 1733, "Plan Width": 4, "Filter": "(i_category = 'Books'::bpchar)"}]}]}]}]}]}]}]}]}]}, "JIT": {"Functions": 145, "Options": {"Inlining": false, "Optimization": false, "Expressions": true, "Deforming": true}}}]]], [[[{"Plan": {"Node Type": "Sort", "Parallel Aware": false, "Async Capable": false, "Startup Cost": 74830.73, "Total Cost": 74830.84, "Plan Rows": 47, "Plan Width": 77, "Sort Key": ["customer.c_last_name", "customer.c_first_name", "customer.c_salutation", "customer.c_preferred_cust_flag DESC", "dn.ss_ticket_number"], "Plans": [{"Node Type": "Hash Join", "Parent Relationship": "Outer", "Parallel Aware": false, "Async Capable": false, "Join Type": "Inner", "Startup Cost": 70604.95, "Total Cost": 74829.42, "Plan Rows": 47, "Plan Width": 77, "Inner Unique": false, "Hash Cond": "(customer.c_customer_sk = dn.ss_customer_sk)", "Plans": [{"Node Type": "Seq Scan", "Parent Relationship": "Outer", "Parallel Aware": false, "Async Capable": false, "Relation Name": "customer", "Alias": "customer", "Startup Cost": 0.0, "Total Cost": 3849.0, "Plan Rows": 100000, "Plan Width": 69}, {"Node Type": "Hash", "Parent Relationship": "Inner", "Parallel Aware": false, "Async Capable": false, "Startup Cost": 70604.36, "Total Cost": 70604.36, "Plan Rows": 47, "Plan Width": 16, "Plans": [{"Node Type": "Subquery Scan", "Parent Relationship": "Outer", "Parallel Aware": false, "Async Capable": false, "Alias": "dn", "Startup Cost": 70551.05, "Total Cost": 70604.36, "Plan Rows": 47, "Plan Width": 16, "Plans": [{"Node Type": "Aggregate", "Strategy": "Sorted", "Partial Mode": "Finalize", "Parent Relationship": "Subquery", "Parallel Aware": false, "Async Capable": false, "Startup Cost": 70551.05, "Total Cost": 70603.89, "Plan Rows": 47, "Plan Width": 16, "Group Key": ["store_sales.ss_ticket_number", "store_sales.ss_customer_sk"], "Filter": "((count(*) >= 15) AND (count(*) <= 20))", "Plans": [{"Node Type": "Gather Merge", "Parent Relationship": "Outer", "Parallel Aware": false, "Async Capable": false, "Startup Cost": 70551.05, "Total Cost": 70594.95, "Plan Rows": 350, "Plan Width": 16, "Workers Planned": 2, "Plans": [{"Node Type": "Aggregate", "Strategy": "Sorted", "Partial Mode": "Partial", "Parent Relationship": "Outer", "Parallel Aware": false, "Async Capable": false, "Startup Cost": 69551.03, "Total Cost": 69554.53, "Plan Rows": 175, "Plan Width": 16, "Group Key": ["store_sales.ss_ticket_number", "store_sales.ss_customer_sk"], "Plans": [{"Node Type": "Sort", "Parent Relationship": "Outer", "Parallel Aware": false, "Async Capable": false, "Startup Cost": 69551.03, "Total Cost": 69551.47, "Plan Rows": 175, "Plan Width": 8, "Sort Key": ["store_sales.ss_ticket_number", "store_sales.ss_customer_sk"], "Plans": [{"Node Type": "Hash Join", "Parent Relationship": "Outer", "Parallel Aware": false, "Async Capable": false, "Join Type": "Inner", "Startup Cost": 2685.73, "Total Cost": 69544.51, "Plan Rows": 175, "Plan Width": 8, "Inner Unique": true, "Hash Cond": "(store_sales.ss_store_sk = store.s_store_sk)", "Plans": [{"Node Type": "Hash Join", "Parent Relationship": "Outer", "Parallel Aware": false, "Async Capable": false, "Join Type": "Inner", "Startup Cost": 2684.39, "Total Cost": 69542.25, "Plan Rows": 263, "Plan Width": 12, "Inner Unique": true, "Hash Cond": "(store_sales.ss_hdemo_sk = household_demographics.hd_demo_sk)", "Plans": [{"Node Type": "Hash Join", "Parent Relationship": "Outer", "Parallel Aware": true, "Async Capable": false, "Join Type": "Inner", "Startup Cost": 2427.28, "Total Cost": 69274.95, "Plan Rows": 3877, "Plan Width": 16, "Inner Unique": true, "Hash Cond": "(store_sales.ss_sold_date_sk = date_dim.d_date_sk)", "Plans": [{"Node Type": "Seq Scan", "Parent Relationship": "Outer", "Parallel Aware": true, "Async Capable": false, "Relation Name": "store_sales", "Alias": "store_sales", "Startup Cost": 0.0, "Total Cost": 63697.18, "Plan Rows": 1200118, "Plan Width": 20}, {"Node Type": "Hash", "Parent Relationship": "Inner", "Parallel Aware": true, "Async Capable": false, "Startup Cost": 2425.54, "Total Cost": 2425.54, "Plan Rows": 139, "Plan Width": 4, "Plans": [{"Node Type": "Seq Scan", "Parent Relationship": "Outer", "Parallel Aware": true, "Async Capable": false, "Relation Name": "date_dim", "Alias": "date_dim", "Startup Cost": 0.0, "Total Cost": 2425.54, "Plan Rows": 139, "Plan Width": 4, "Filter": "((d_year = ANY ('{1998,1999,2000}'::integer[])) AND (((d_dom >= 1) AND (d_dom <= 3)) OR ((d_dom >= 25) AND (d_dom <= 28))))"}]}]}, {"Node Type": "Hash", "Parent Relationship": "Inner", "Parallel Aware": false, "Async Capable": false, "Startup Cost": 251.0, "Total Cost": 251.0, "Plan Rows": 489, "Plan Width": 4, "Plans": [{"Node Type": "Seq Scan", "Parent Relationship": "Outer", "Parallel Aware": false, "Async Capable": false, "Relation Name": "household_demographics", "Alias": "household_demographics", "Startup Cost": 0.0, "Total Cost": 251.0, "Plan Rows": 489, "Plan Width": 4, "Filter": "((hd_vehicle_count > 0) AND ((hd_buy_potential = '>10000'::bpchar) OR (hd_buy_potential = 'Unknown'::bpchar)) AND ((CASE WHEN (hd_vehicle_count > 0) THEN (hd_dep_count / hd_vehicle_count) ELSE NULL::integer END)::numeric > 1.2))"}]}]}, {"Node Type": "Hash", "Parent Relationship": "Inner", "Parallel Aware": false, "Async Capable": false, "Startup Cost": 1.24, "Total Cost": 1.24, "Plan Rows": 8, "Plan Width": 4, "Plans": [{"Node Type": "Seq Scan", "Parent Relationship": "Outer", "Parallel Aware": false, "Async Capable": false, "Relation Name": "store", "Alias": "store", "Startup Cost": 0.0, "Total Cost": 1.24, "Plan Rows": 8, "Plan Width": 4, "Filter": "((s_county)::text = ANY ('{\"Williamson County\",\"Williamson County\",\"Williamson County\",\"Williamson County\",\"Williamson County\",\"Williamson County\",\"Williamson County\",\"Williamson County\"}'::text[]))"}]}]}]}]}]}]}]}]}]}]}}]]], [[[{"Plan": {"Node Type": "Limit", "Parallel Aware": false, "Async Capable": false, "Startup Cost": 8701217944.09, "Total Cost": 8701217950.09, "Plan Rows": 100, "Plan Width": 175, "Plans": [{"Node Type": "Aggregate", "Strategy": "Sorted", "Partial Mode": "Simple", "Parent Relationship": "Outer", "Parallel Aware": false, "Async Capable": false, "Startup Cost": 8701217944.09, "Total Cost": 8701218406.33, "Plan Rows": 7704, "Plan Width": 175, "Group Key": ["ca.ca_state", "customer_demographics.cd_gender", "customer_demographics.cd_marital_status", "customer_demographics.cd_dep_count", "customer_demographics.cd_dep_employed_count", "customer_demographics.cd_dep_college_count"], "Plans": [{"Node Type": "Sort", "Parent Relationship": "Outer", "Parallel Aware": false, "Async Capable": false, "Startup Cost": 8701217944.09, "Total Cost": 8701217963.35, "Plan Rows": 7704, "Plan Width": 19, "Sort Key": ["ca.ca_state", "customer_demographics.cd_gender", "customer_demographics.cd_marital_status", "customer_demographics.cd_dep_count", "customer_demographics.cd_dep_employed_count", "customer_demographics.cd_dep_college_count"], "Plans": [{"Node Type": "Hash Join", "Parent Relationship": "Outer", "Parallel Aware": false, "Async Capable": false, "Join Type": "Inner", "Startup Cost": 149623.18, "Total Cost": 8701217446.74, "Plan Rows": 7704, "Plan Width": 19, "Inner Unique": true, "Hash Cond": "(c.c_current_cdemo_sk = customer_demographics.cd_demo_sk)", "Plans": [{"Node Type": "Hash Join", "Parent Relationship": "Outer", "Parallel Aware": false, "Async Capable": false, "Join Type": "Inner", "Startup Cost": 73322.18, "Total Cost": 8701129808.52, "Plan Rows": 7704, "Plan Width": 7, "Inner Unique": true, "Hash Cond": "(c.c_current_addr_sk = ca.ca_address_sk)", "Plans": [{"Node Type": "Hash Join", "Parent Relationship": "Outer", "Parallel Aware": false, "Async Capable": false, "Join Type": "Semi", "Startup Cost": 71110.18, "Total Cost": 8701127576.29, "Plan Rows": 7704, "Plan Width": 8, "Inner Unique": false, "Hash Cond": "(c.c_customer_sk = store_sales.ss_customer_sk)", "Plans": [{"Node Type": "Seq Scan", "Parent Relationship": "Outer", "Parallel Aware": false, "Async Capable": false, "Relation Name": "customer", "Alias": "c", "Startup Cost": 0.0, "Total Cost": 8701056096.86, "Plan Rows": 75000, "Plan Width": 12, "Filter": "((hashed SubPlan 2) OR (hashed SubPlan 4))", "Plans": [{"Node Type": "Gather", "Parent Relationship": "SubPlan", "Subplan Name": "SubPlan 2", "Parallel Aware": false, "Async Capable": false, "Startup Cost": 3051.56, "Total Cost": 25871.67, "Plan Rows": 2688, "Plan Width": 4, "Workers Planned": 2, "Single Copy": false, "Plans": [{"Node Type": "Hash Join", "Parent Relationship": "Outer", "Parallel Aware": true, "Async Capable": false, "Join Type": "Inner", "Startup Cost": 2051.56, "Total Cost": 24602.87, "Plan Rows": 1120, "Plan Width": 4, "Inner Unique": true, "Hash Cond": "(web_sales.ws_sold_date_sk = date_dim_1.d_date_sk)", "Plans": [{"Node Type": "Seq Scan", "Parent Relationship": "Outer", "Parallel Aware": true, "Async Capable": false, "Relation Name": "web_sales", "Alias": "web_sales", "Startup Cost": 0.0, "Total Cost": 21764.43, "Plan Rows": 299743, "Plan Width": 8}, {"Node Type": "Hash", "Parent Relationship": "Inner", "Parallel Aware": true, "Async Capable": false, "Startup Cost": 2049.55, "Total Cost": 2049.55, "Plan Rows": 161, "Plan Width": 4, "Plans": [{"Node Type": "Seq Scan", "Parent Relationship": "Outer", "Parallel Aware": true, "Async Capable": false, "Relation Name": "date_dim", "Alias": "date_dim_1", "Startup Cost": 0.0, "Total Cost": 2049.55, "Plan Rows": 161, "Plan Width": 4, "Filter": "((d_qoy < 4) AND (d_year = 1999))"}]}]}]}, {"Node Type": "Gather", "Parent Relationship": "SubPlan", "Subplan Name": "SubPlan 4", "Parallel Aware": false, "Async Capable": false, "Startup Cost": 3051.56, "Total Cost": 48578.18, "Plan Rows": 5387, "Plan Width": 4, "Workers Planned": 2, "Single Copy": false, "Plans": [{"Node Type": "Hash Join", "Parent Relationship": "Outer", "Parallel Aware": true, "Async Capable": false, "Join Type": "Inner", "Startup Cost": 2051.56, "Total Cost": 47039.48, "Plan Rows": 2245, "Plan Width": 4, "Inner Unique": true, "Hash Cond": "(catalog_sales.cs_sold_date_sk = date_dim_2.d_date_sk)", "Plans": [{"Node Type": "Seq Scan", "Parent Relationship": "Outer", "Parallel Aware": true, "Async Capable": false, "Relation Name": "catalog_sales", "Alias": "catalog_sales", "Startup Cost": 0.0, "Total Cost": 43411.2, "Plan Rows": 600620, "Plan Width": 8}, {"Node Type": "Hash", "Parent Relationship": "Inner", "Parallel Aware": true, "Async Capable": false, "Startup Cost": 2049.55, "Total Cost": 2049.55, "Plan Rows": 161, "Plan Width": 4, "Plans": [{"Node Type": "Seq Scan", "Parent Relationship": "Outer", "Parallel Aware": true, "Async Capable": false, "Relation Name": "date_dim", "Alias": "date_dim_2", "Startup Cost": 0.0, "Total Cost": 2049.55, "Plan Rows": 161, "Plan Width": 4, "Filter": "((d_qoy < 4) AND (d_year = 1999))"}]}]}]}]}, {"Node Type": "Hash", "Parent Relationship": "Inner", "Parallel Aware": false, "Async Capable": false, "Startup Cost": 70975.63, "Total Cost": 70975.63, "Plan Rows": 10764, "Plan Width": 4, "Plans": [{"Node Type": "Gather", "Parent Relationship": "Outer", "Parallel Aware": false, "Async Capable": false, "Startup Cost": 3051.56, "Total Cost": 70975.63, "Plan Rows": 10764, "Plan Width": 4, "Workers Planned": 2, "Single Copy": false, "Plans": [{"Node Type": "Hash Join", "Parent Relationship": "Outer", "Parallel Aware": true, "Async Capable": false, "Join Type": "Inner", "Startup Cost": 2051.56, "Total Cost": 68899.23, "Plan Rows": 4485, "Plan Width": 4, "Inner Unique": true, "Hash Cond": "(store_sales.ss_sold_date_sk = date_dim.d_date_sk)", "Plans": [{"Node Type": "Seq Scan", "Parent Relationship": "Outer", "Parallel Aware": true, "Async Capable": false, "Relation Name": "store_sales", "Alias": "store_sales", "Startup Cost": 0.0, "Total Cost": 63697.18, "Plan Rows": 1200118, "Plan Width": 8}, {"Node Type": "Hash", "Parent Relationship": "Inner", "Parallel Aware": true, "Async Capable": false, "Startup Cost": 2049.55, "Total Cost": 2049.55, "Plan Rows": 161, "Plan Width": 4, "Plans": [{"Node Type": "Seq Scan", "Parent Relationship": "Outer", "Parallel Aware": true, "Async Capable": false, "Relation Name": "date_dim", "Alias": "date_dim", "Startup Cost": 0.0, "Total Cost": 2049.55, "Plan Rows": 161, "Plan Width": 4, "Filter": "((d_qoy < 4) AND (d_year = 1999))"}]}]}]}]}]}, {"Node Type": "Hash", "Parent Relationship": "Inner", "Parallel Aware": false, "Async Capable": false, "Startup Cost": 1587.0, "Total Cost": 1587.0, "Plan Rows": 50000, "Plan Width": 7, "Plans": [{"Node Type": "Seq Scan", "Parent Relationship": "Outer", "Parallel Aware": false, "Async Capable": false, "Relation Name": "customer_address", "Alias": "ca", "Startup Cost": 0.0, "Total Cost": 1587.0, "Plan Rows": 50000, "Plan Width": 7}]}]}, {"Node Type": "Hash", "Parent Relationship": "Inner", "Parallel Aware": false, "Async Capable": false, "Startup Cost": 41036.0, "Total Cost": 41036.0, "Plan Rows": 1920800, "Plan Width": 20, "Plans": [{"Node Type": "Seq Scan", "Parent Relationship": "Outer", "Parallel Aware": false, "Async Capable": false, "Relation Name": "customer_demographics", "Alias": "customer_demographics", "Startup Cost": 0.0, "Total Cost": 41036.0, "Plan Rows": 1920800, "Plan Width": 20}]}]}]}]}]}, "JIT": {"Functions": 82, "Options": {"Inlining": true, "Optimization": true, "Expressions": true, "Deforming": true}}}]]], [[[{"Plan": {"Node Type": "Limit", "Parallel Aware": false, "Async Capable": false, "Startup Cost": 72984.38, "Total Cost": 72984.63, "Plan Rows": 100, "Plan Width": 210, "Plans": [{"Node Type": "Sort", "Parent Relationship": "Outer", "Parallel Aware": false, "Async Capable": false, "Startup Cost": 72984.38, "Total Cost": 72986.88, "Plan Rows": 1001, "Plan Width": 210, "Sort Key": ["((GROUPING(item.i_category) + GROUPING(item.i_class))) DESC", "(CASE WHEN (((GROUPING(item.i_category) + GROUPING(item.i_class))) = 0) THEN item.i_category ELSE NULL::bpchar END)", "(rank() OVER (?))"], "Plans": [{"Node Type": "WindowAgg", "Parent Relationship": "Outer", "Parallel Aware": false, "Async Capable": false, "Startup Cost": 72898.57, "Total Cost": 72946.12, "Plan Rows": 1001, "Plan Width": 210, "Plans": [{"Node Type": "Sort", "Parent Relationship": "Outer", "Parallel Aware": false, "Async Capable": false, "Startup Cost": 72898.57, "Total Cost": 72901.08, "Plan Rows": 1001, "Plan Width": 178, "Sort Key": ["((GROUPING(item.i_category) + GROUPING(item.i_class)))", "(CASE WHEN (GROUPING(item.i_class) = 0) THEN item.i_category ELSE NULL::bpchar END)", "((sum(store_sales.ss_net_profit) / sum(store_sales.ss_ext_sales_price)))"], "Plans": [{"Node Type": "Aggregate", "Strategy": "Sorted", "Partial Mode": "Simple", "Parent Relationship": "Outer", "Parallel Aware": false, "Async Capable": false, "Startup Cost": 71627.5, "Total Cost": 72848.69, "Plan Rows": 1001, "Plan Width": 178, "Grouping Sets": [{"Group Keys": [["item.i_category", "item.i_class"], ["item.i_category"], []]}], "Plans": [{"Node Type": "Gather Merge", "Parent Relationship": "Outer", "Parallel Aware": false, "Async Capable": false, "Startup Cost": 71627.5, "Total Cost": 72717.97, "Plan Rows": 9568, "Plan Width": 114, "Workers Planned": 1, "Plans": [{"Node Type": "Sort", "Parent Relationship": "Outer", "Parallel Aware": false, "Async Capable": false, "Startup Cost": 70627.49, "Total Cost": 70641.56, "Plan Rows": 5628, "Plan Width": 114, "Sort Key": ["item.i_category", "item.i_class"], "Plans": [{"Node Type": "Hash Join", "Parent Relationship": "Outer", "Parallel Aware": true, "Async Capable": false, "Join Type": "Inner", "Startup Cost": 68864.64, "Total Cost": 70276.91, "Plan Rows": 5628, "Plan Width": 114, "Inner Unique": false, "Hash Cond": "(item.i_item_sk = store_sales.ss_item_sk)", "Plans": [{"Node Type": "Seq Scan", "Parent Relationship": "Outer", "Parallel Aware": true, "Async Capable": false, "Relation Name": "item", "Alias": "item", "Startup Cost": 0.0, "Total Cost": 1335.88, "Plan Rows": 10588, "Plan Width": 106}, {"Node Type": "Hash", "Parent Relationship": "Inner", "Parallel Aware": true, "Async Capable": false, "Startup Cost": 68814.8, "Total Cost": 68814.8, "Plan Rows": 3987, "Plan Width": 16, "Plans": [{"Node Type": "Hash Join", "Parent Relationship": "Outer", "Parallel Aware": false, "Async Capable": false, "Join Type": "Inner", "Startup Cost": 1946.14, "Total Cost": 68814.8, "Plan Rows": 3987, "Plan Width": 16, "Inner Unique": true, "Hash Cond": "(store_sales.ss_store_sk = store.s_store_sk)", "Plans": [{"Node Type": "Hash Join", "Parent Relationship": "Outer", "Parallel Aware": true, "Async Capable": false, "Join Type": "Inner", "Startup Cost": 1944.8, "Total Cost": 68792.47, "Plan Rows": 5980, "Plan Width": 20, "Inner Unique": true, "Hash Cond": "(store_sales.ss_sold_date_sk = d1.d_date_sk)", "Plans": [{"Node Type": "Seq Scan", "Parent Relationship": "Outer", "Parallel Aware": true, "Async Capable": false, "Relation Name": "store_sales", "Alias": "store_sales", "Startup Cost": 0.0, "Total Cost": 63697.18, "Plan Rows": 1200118, "Plan Width": 24}, {"Node Type": "Hash", "Parent Relationship": "Inner", "Parallel Aware": true, "Async Capable": false, "Startup Cost": 1942.12, "Total Cost": 1942.12, "Plan Rows": 214, "Plan Width": 4, "Plans": [{"Node Type": "Seq Scan", "Parent Relationship": "Outer", "Parallel Aware": true, "Async Capable": false, "Relation Name": "date_dim", "Alias": "d1", "Startup Cost": 0.0, "Total Cost": 1942.12, "Plan Rows": 214, "Plan Width": 4, "Filter": "(d_year = 2000)"}]}]}, {"Node Type": "Hash", "Parent Relationship": "Inner", "Parallel Aware": false, "Async Capable": false, "Startup Cost": 1.24, "Total Cost": 1.24, "Plan Rows": 8, "Plan Width": 4, "Plans": [{"Node Type": "Seq Scan", "Parent Relationship": "Outer", "Parallel Aware": false, "Async Capable": false, "Relation Name": "store", "Alias": "store", "Startup Cost": 0.0, "Total Cost": 1.24, "Plan Rows": 8, "Plan Width": 4, "Filter": "(s_state = ANY ('{TN,TN,TN,TN,TN,TN,TN,TN}'::bpchar[]))"}]}]}]}]}]}]}]}]}]}]}]}}]]], [[[{"Plan": {"Node Type": "Limit", "Parallel Aware": false, "Async Capable": false, "Startup Cost": 176952.56, "Total Cost": 176953.38, "Plan Rows": 2, "Plan Width": 125, "Plans": [{"Node Type": "Group", "Parent Relationship": "Outer", "Parallel Aware": false, "Async Capable": false, "Startup Cost": 176952.56, "Total Cost": 176953.38, "Plan Rows": 2, "Plan Width": 125, "Group Key": ["item.i_item_id", "item.i_item_desc", "item.i_current_price"], "Plans": [{"Node Type": "Gather Merge", "Parent Relationship": "Outer", "Parallel Aware": false, "Async Capable": false, "Startup Cost": 176952.56, "Total Cost": 176953.35, "Plan Rows": 4, "Plan Width": 125, "Workers Planned": 2, "Plans": [{"Node Type": "Group", "Parent Relationship": "Outer", "Parallel Aware": false, "Async Capable": false, "Startup Cost": 175952.53, "Total Cost": 175952.86, "Plan Rows": 2, "Plan Width": 125, "Group Key": ["item.i_item_id", "item.i_item_desc", "item.i_current_price"], "Plans": [{"Node Type": "Sort", "Parent Relationship": "Outer", "Parallel Aware": false, "Async Capable": false, "Startup Cost": 175952.53, "Total Cost": 175952.62, "Plan Rows": 33, "Plan Width": 125, "Sort Key": ["item.i_item_id", "item.i_item_desc", "item.i_current_price"], "Plans": [{"Node Type": "Hash Join", "Parent Relationship": "Outer", "Parallel Aware": true, "Async Capable": false, "Join Type": "Inner", "Startup Cost": 145415.44, "Total Cost": 175951.7, "Plan Rows": 33, "Plan Width": 125, "Inner Unique": false, "Hash Cond": "(item.i_item_sk = inventory.inv_item_sk)", "Plans": [{"Node Type": "Merge Join", "Parent Relationship": "Outer", "Parallel Aware": false, "Async Capable": false, "Join Type": "Inner", "Startup Cost": 1590.44, "Total Cost": 32126.31, "Plan Rows": 67, "Plan Width": 133, "Inner Unique": true, "Merge Cond": "(catalog_sales.cs_item_sk = item.i_item_sk)", "Plans": [{"Node Type": "Index Only Scan", "Parent Relationship": "Outer", "Parallel Aware": true, "Async Capable": false, "Scan Direction": "Forward", "Index Name": "catalog_sales_pkey", "Relation Name": "catalog_sales", "Alias": "catalog_sales", "Startup Cost": 0.43, "Total Cost": 29034.07, "Plan Rows": 600620, "Plan Width": 4}, {"Node Type": "Sort", "Parent Relationship": "Inner", "Parallel Aware": false, "Async Capable": false, "Startup Cost": 1590.01, "Total Cost": 1590.02, "Plan Rows": 2, "Plan Width": 129, "Sort Key": ["item.i_item_sk"], "Plans": [{"Node Type": "Seq Scan", "Parent Relationship": "Outer", "Parallel Aware": false, "Async Capable": false, "Relation Name": "item", "Alias": "item", "Startup Cost": 0.0, "Total Cost": 1590.0, "Plan Rows": 2, "Plan Width": 129, "Filter": "((i_current_price >= '22'::numeric) AND (i_current_price <= '52'::numeric) AND (i_manufact_id = ANY ('{678,964,918,849}'::integer[])))"}]}]}, {"Node Type": "Hash", "Parent Relationship": "Inner", "Parallel Aware": true, "Async Capable": false, "Startup Cost": 143805.35, "Total Cost": 143805.35, "Plan Rows": 1572, "Plan Width": 4, "Plans": [{"Node Type": "Hash Join", "Parent Relationship": "Outer", "Parallel Aware": true, "Async Capable": false, "Join Type": "Inner", "Startup Cost": 2050.0, "Total Cost": 143805.35, "Plan Rows": 1572, "Plan Width": 4, "Inner Unique": true, "Hash Cond": "(inventory.inv_date_sk = date_dim.d_date_sk)", "Plans": [{"Node Type": "Seq Scan", "Parent Relationship": "Outer", "Parallel Aware": true, "Async Capable": false, "Relation Name": "inventory", "Alias": "inventory", "Startup Cost": 0.0, "Total Cost": 136892.59, "Plan Rows": 1852375, "Plan Width": 8, "Filter": "((inv_quantity_on_hand >= 100) AND (inv_quantity_on_hand <= 500))"}, {"Node Type": "Hash", "Parent Relationship": "Inner", "Parallel Aware": true, "Async Capable": false, "Startup Cost": 2049.55, "Total Cost": 2049.55, "Plan Rows": 36, "Plan Width": 4, "Plans": [{"Node Type": "Seq Scan", "Parent Relationship": "Outer", "Parallel Aware": true, "Async Capable": false, "Relation Name": "date_dim", "Alias": "date_dim", "Startup Cost": 0.0, "Total Cost": 2049.55, "Plan Rows": 36, "Plan Width": 4, "Filter": "((d_date >= '2001-06-02'::date) AND (d_date <= '2001-08-01 00:00:00'::timestamp without time zone))"}]}]}]}]}]}]}]}]}]}, "JIT": {"Functions": 34, "Options": {"Inlining": false, "Optimization": false, "Expressions": true, "Deforming": true}}}]]], [[[{"Plan": {"Node Type": "Limit", "Parallel Aware": false, "Async Capable": false, "Startup Cost": 160220.86, "Total Cost": 160220.87, "Plan Rows": 1, "Plan Width": 8, "Plans": [{"Node Type": "Aggregate", "Strategy": "Plain", "Partial Mode": "Simple", "Parent Relationship": "Outer", "Parallel Aware": false, "Async Capable": false, "Startup Cost": 160220.86, "Total Cost": 160220.87, "Plan Rows": 1, "Plan Width": 8, "Plans": [{"Node Type": "Subquery Scan", "Parent Relationship": "Outer", "Parallel Aware": false, "Async Capable": false, "Alias": "hot_cust", "Startup Cost": 29631.62, "Total Cost": 160211.58, "Plan Rows": 3713, "Plan Width": 0, "Plans": [{"Node Type": "SetOp", "Strategy": "Hashed", "Parent Relationship": "Subquery", "Parallel Aware": false, "Async Capable": false, "Command": "Intersect", "Startup Cost": 29631.62, "Total Cost": 160174.45, "Plan Rows": 3713, "Plan Width": 216, "Plans": [{"Node Type": "Append", "Parent Relationship": "Outer", "Parallel Aware": false, "Async Capable": false, "Startup Cost": 29631.62, "Total Cost": 160090.81, "Plan Rows": 11152, "Plan Width": 216, "Subplans Removed": 0, "Plans": [{"Node Type": "Subquery Scan", "Parent Relationship": "Member", "Parallel Aware": false, "Async Capable": false, "Alias": "*SELECT* 3", "Startup Cost": 29631.62, "Total Cost": 30119.77, "Plan Rows": 3713, "Plan Width": 60, "Plans": [{"Node Type": "Unique", "Parent Relationship": "Subquery", "Parallel Aware": false, "Async Capable": false, "Startup Cost": 29631.62, "Total Cost": 30082.64, "Plan Rows": 3713, "Plan Width": 56, "Plans": [{"Node Type": "Gather Merge", "Parent Relationship": "Outer", "Parallel Aware": false, "Async Capable": false, "Startup Cost": 29631.62, "Total Cost": 30054.8, "Plan Rows": 3713, "Plan Width": 56, "Workers Planned": 1, "Plans": [{"Node Type": "Sort", "Parent Relationship": "Outer", "Parallel Aware": false, "Async Capable": false, "Startup Cost": 28631.61, "Total Cost": 28637.07, "Plan Rows": 2184, "Plan Width": 56, "Sort Key": ["customer.c_last_name", "customer.c_first_name", "date_dim.d_date"], "Plans": [{"Node Type": "Hash Join", "Parent Relationship": "Outer", "Parallel Aware": true, "Async Capable": false, "Join Type": "Inner", "Startup Cost": 24622.97, "Total Cost": 28510.48, "Plan Rows": 2184, "Plan Width": 56, "Inner Unique": false, "Hash Cond": "(customer.c_customer_sk = web_sales.ws_bill_customer_sk)", "Plans": [{"Node Type": "Seq Scan", "Parent Relationship": "Outer", "Parallel Aware": true, "Async Capable": false, "Relation Name": "customer", "Alias": "customer", "Startup Cost": 0.0, "Total Cost": 3437.24, "Plan Rows": 58824, "Plan Width": 56}, {"Node Type": "Hash", "Parent Relationship": "Inner", "Parallel Aware": true, "Async Capable": false, "Startup Cost": 24603.63, "Total Cost": 24603.63, "Plan Rows": 1547, "Plan Width": 8, "Plans": [{"Node Type": "Hash Join", "Parent Relationship": "Outer", "Parallel Aware": true, "Async Capable": false, "Join Type": "Inner", "Startup Cost": 2052.33, "Total Cost": 24603.63, "Plan Rows": 1547, "Plan Width": 8, "Inner Unique": true, "Hash Cond": "(web_sales.ws_sold_date_sk = date_dim.d_date_sk)", "Plans": [{"Node Type": "Seq Scan", "Parent Relationship": "Outer", "Parallel Aware": true, "Async Capable": false, "Relation Name": "web_sales", "Alias": "web_sales", "Startup Cost": 0.0, "Total Cost": 21764.43, "Plan Rows": 299743, "Plan Width": 8}, {"Node Type": "Hash", "Parent Relationship": "Inner", "Parallel Aware": true, "Async Capable": false, "Startup Cost": 2049.55, "Total Cost": 2049.55, "Plan Rows": 222, "Plan Width": 8, "Plans": [{"Node Type": "Seq Scan", "Parent Relationship": "Outer", "Parallel Aware": true, "Async Capable": false, "Relation Name": "date_dim", "Alias": "date_dim", "Startup Cost": 0.0, "Total Cost": 2049.55, "Plan Rows": 222, "Plan Width": 8, "Filter": "((d_month_seq >= 1212) AND (d_month_seq <= 1223))"}]}]}]}]}]}]}]}]}, {"Node Type": "Result", "Parent Relationship": "Member", "Parallel Aware": false, "Async Capable": false, "Startup Cost": 52019.61, "Total Cost": 129915.27, "Plan Rows": 7439, "Plan Width": 216, "Plans": [{"Node Type": "SetOp", "Strategy": "Hashed", "Parent Relationship": "Outer", "Parallel Aware": false, "Async Capable": false, "Command": "Intersect", "Startup Cost": 52019.61, "Total Cost": 129840.88, "Plan Rows": 7439, "Plan Width": 216, "Plans": [{"Node Type": "Append", "Parent Relationship": "Outer", "Parallel Aware": false, "Async Capable": false, "Startup Cost": 52019.61, "Total Cost": 129673.6, "Plan Rows": 22304, "Plan Width": 216, "Subplans Removed": 0, "Plans": [{"Node Type": "Subquery Scan", "Parent Relationship": "Member", "Parallel Aware": false, "Async Capable": false, "Alias": "*SELECT* 2", "Startup Cost": 52019.61, "Total Cost": 52997.62, "Plan Rows": 7439, "Plan Width": 60, "Plans": [{"Node Type": "Unique", "Parent Relationship": "Subquery", "Parallel Aware": false, "Async Capable": false, "Startup Cost": 52019.61, "Total Cost": 52923.23, "Plan Rows": 7439, "Plan Width": 56, "Plans": [{"Node Type": "Gather Merge", "Parent Relationship": "Outer", "Parallel Aware": false, "Async Capable": false, "Startup Cost": 52019.61, "Total Cost": 52867.44, "Plan Rows": 7439, "Plan Width": 56, "Workers Planned": 1, "Plans": [{"Node Type": "Sort", "Parent Relationship": "Outer", "Parallel Aware": false, "Async Capable": false, "Startup Cost": 51019.6, "Total Cost": 51030.54, "Plan Rows": 4376, "Plan Width": 56, "Sort Key": ["customer_1.c_last_name", "customer_1.c_first_name", "date_dim_1.d_date"], "Plans": [{"Node Type": "Hash Join", "Parent Relationship": "Outer", "Parallel Aware": true, "Async Capable": false, "Join Type": "Inner", "Startup Cost": 47078.99, "Total Cost": 50754.96, "Plan Rows": 4376, "Plan Width": 56, "Inner Unique": false, "Hash Cond": "(customer_1.c_customer_sk = catalog_sales.cs_bill_customer_sk)", "Plans": [{"Node Type": "Seq Scan", "Parent Relationship": "Outer", "Parallel Aware": true, "Async Capable": false, "Relation Name": "customer", "Alias": "customer_1", "Startup Cost": 0.0, "Total Cost": 3437.24, "Plan Rows": 58824, "Plan Width": 56}, {"Node Type": "Hash", "Parent Relationship": "Inner", "Parallel Aware": true, "Async Capable": false, "Startup Cost": 47040.24, "Total Cost": 47040.24, "Plan Rows": 3100, "Plan Width": 8, "Plans": [{"Node Type": "Hash Join", "Parent Relationship": "Outer", "Parallel Aware": true, "Async Capable": false, "Join Type": "Inner", "Startup Cost": 2052.33, "Total Cost": 47040.24, "Plan Rows": 3100, "Plan Width": 8, "Inner Unique": true, "Hash Cond": "(catalog_sales.cs_sold_date_sk = date_dim_1.d_date_sk)", "Plans": [{"Node Type": "Seq Scan", "Parent Relationship": "Outer", "Parallel Aware": true, "Async Capable": false, "Relation Name": "catalog_sales", "Alias": "catalog_sales", "Startup Cost": 0.0, "Total Cost": 43411.2, "Plan Rows": 600620, "Plan Width": 8}, {"Node Type": "Hash", "Parent Relationship": "Inner", "Parallel Aware": true, "Async Capable": false, "Startup Cost": 2049.55, "Total Cost": 2049.55, "Plan Rows": 222, "Plan Width": 8, "Plans": [{"Node Type": "Seq Scan", "Parent Relationship": "Outer", "Parallel Aware": true, "Async Capable": false, "Relation Name": "date_dim", "Alias": "date_dim_1", "Startup Cost": 0.0, "Total Cost": 2049.55, "Plan Rows": 222, "Plan Width": 8, "Filter": "((d_month_seq >= 1212) AND (d_month_seq <= 1223))"}]}]}]}]}]}]}]}]}, {"Node Type": "Subquery Scan", "Parent Relationship": "Member", "Parallel Aware": false, "Async Capable": false, "Alias": "*SELECT* 1", "Startup Cost": 74610.15, "Total Cost": 76564.46, "Plan Rows": 14865, "Plan Width": 60, "Plans": [{"Node Type": "Unique", "Parent Relationship": "Subquery", "Parallel Aware": false, "Async Capable": false, "Startup Cost": 74610.15, "Total Cost": 76415.81, "Plan Rows": 14865, "Plan Width": 56, "Plans": [{"Node Type": "Gather Merge", "Parent Relationship": "Outer", "Parallel Aware": false, "Async Capable": false, "Startup Cost": 74610.15, "Total Cost": 76304.32, "Plan Rows": 14865, "Plan Width": 56, "Workers Planned": 1, "Plans": [{"Node Type": "Sort", "Parent Relationship": "Outer", "Parallel Aware": false, "Async Capable": false, "Startup Cost": 73610.14, "Total Cost": 73632.0, "Plan Rows": 8744, "Plan Width": 56, "Sort Key": ["customer_2.c_last_name", "customer_2.c_first_name", "date_dim_2.d_date"], "Plans": [{"Node Type": "Hash Join", "Parent Relationship": "Outer", "Parallel Aware": true, "Async Capable": false, "Join Type": "Inner", "Startup Cost": 68977.42, "Total Cost": 73037.67, "Plan Rows": 8744, "Plan Width": 56, "Inner Unique": false, "Hash Cond": "(customer_2.c_customer_sk = store_sales.ss_customer_sk)", "Plans": [{"Node Type": "Seq Scan", "Parent Relationship": "Outer", "Parallel Aware": true, "Async Capable": false, "Relation Name": "customer", "Alias": "customer_2", "Startup Cost": 0.0, "Total Cost": 3437.24, "Plan Rows": 58824, "Plan Width": 56}, {"Node Type": "Hash", "Parent Relationship": "Inner", "Parallel Aware": true, "Async Capable": false, "Startup Cost": 68900.0, "Total Cost": 68900.0, "Plan Rows": 6194, "Plan Width": 8, "Plans": [{"Node Type": "Hash Join", "Parent Relationship": "Outer", "Parallel Aware": true, "Async Capable": false, "Join Type": "Inner", "Startup Cost": 2052.33, "Total Cost": 68900.0, "Plan Rows": 6194, "Plan Width": 8, "Inner Unique": true, "Hash Cond": "(store_sales.ss_sold_date_sk = date_dim_2.d_date_sk)", "Plans": [{"Node Type": "Seq Scan", "Parent Relationship": "Outer", "Parallel Aware": true, "Async Capable": false, "Relation Name": "store_sales", "Alias": "store_sales", "Startup Cost": 0.0, "Total Cost": 63697.18, "Plan Rows": 1200118, "Plan Width": 8}, {"Node Type": "Hash", "Parent Relationship": "Inner", "Parallel Aware": true, "Async Capable": false, "Startup Cost": 2049.55, "Total Cost": 2049.55, "Plan Rows": 222, "Plan Width": 8, "Plans": [{"Node Type": "Seq Scan", "Parent Relationship": "Outer", "Parallel Aware": true, "Async Capable": false, "Relation Name": "date_dim", "Alias": "date_dim_2", "Startup Cost": 0.0, "Total Cost": 2049.55, "Plan Rows": 222, "Plan Width": 8, "Filter": "((d_month_seq >= 1212) AND (d_month_seq <= 1223))"}]}]}]}]}]}]}]}]}]}]}]}]}]}]}]}]}, "JIT": {"Functions": 88, "Options": {"Inlining": false, "Optimization": false, "Expressions": true, "Deforming": true}}}]]], [[[{"Plan": {"Node Type": "Sort", "Parallel Aware": false, "Async Capable": false, "Startup Cost": 140402.3, "Total Cost": 140402.3, "Plan Rows": 1, "Plan Width": 152, "Sort Key": ["inv1.w_warehouse_sk", "inv1.i_item_sk", "inv1.mean", "inv1.cov", "inv2.mean", "inv2.cov"], "Plans": [{"Node Type": "Subquery Scan", "Parent Relationship": "InitPlan", "Subplan Name": "CTE inv", "Parallel Aware": false, "Async Capable": false, "Alias": "foo", "Startup Cost": 130879.19, "Total Cost": 139520.01, "Plan Rows": 19508, "Plan Width": 166, "Plans": [{"Node Type": "Aggregate", "Strategy": "Sorted", "Partial Mode": "Finalize", "Parent Relationship": "Subquery", "Parallel Aware": false, "Async Capable": false, "Startup Cost": 130879.19, "Total Cost": 139227.39, "Plan Rows": 19508, "Plan Width": 134, "Group Key": ["warehouse.w_warehouse_sk", "item.i_item_sk", "date_dim.d_moy"], "Filter": "(CASE avg(inventory.inv_quantity_on_hand) WHEN '0'::numeric THEN '0'::numeric ELSE (stddev_samp(inventory.inv_quantity_on_hand) / avg(inventory.inv_quantity_on_hand)) END > '1'::numeric)", "Plans": [{"Node Type": "Gather Merge", "Parent Relationship": "Outer", "Parallel Aware": false, "Async Capable": false, "Startup Cost": 130879.19, "Total Cost": 137179.05, "Plan Rows": 48770, "Plan Width": 134, "Workers Planned": 2, "Plans": [{"Node Type": "Aggregate", "Strategy": "Sorted", "Partial Mode": "Partial", "Parent Relationship": "Outer", "Parallel Aware": false, "Async Capable": false, "Startup Cost": 129879.17, "Total Cost": 130549.76, "Plan Rows": 24385, "Plan Width": 134, "Group Key": ["warehouse.w_warehouse_sk", "item.i_item_sk", "date_dim.d_moy"], "Plans": [{"Node Type": "Sort", "Parent Relationship": "Outer", "Parallel Aware": false, "Async Capable": false, "Startup Cost": 129879.17, "Total Cost": 129940.13, "Plan Rows": 24385, "Plan Width": 74, "Sort Key": ["warehouse.w_warehouse_sk", "item.i_item_sk", "date_dim.d_moy"], "Plans": [{"Node Type": "Hash Join", "Parent Relationship": "Outer", "Parallel Aware": false, "Async Capable": false, "Join Type": "Inner", "Startup Cost": 2649.2, "Total Cost": 128102.27, "Plan Rows": 24385, "Plan Width": 74, "Inner Unique": true, "Hash Cond": "(inventory.inv_warehouse_sk = warehouse.w_warehouse_sk)", "Plans": [{"Node Type": "Hash Join", "Parent Relationship": "Outer", "Parallel Aware": false, "Async Capable": false, "Join Type": "Inner", "Startup Cost": 2648.09, "Total Cost": 127982.89, "Plan Rows": 24385, "Plan Width": 16, "Inner Unique": true, "Hash Cond": "(inventory.inv_item_sk = item.i_item_sk)", "Plans": [{"Node Type": "Hash Join", "Parent Relationship": "Outer", "Parallel Aware": true, "Async Capable": false, "Join Type": "Inner", "Startup Cost": 1944.8, "Total Cost": 127215.58, "Plan Rows": 24385, "Plan Width": 16, "Inner Unique": true, "Hash Cond": "(inventory.inv_date_sk = date_dim.d_date_sk)", "Plans": [{"Node Type": "Seq Scan", "Parent Relationship": "Outer", "Parallel Aware": true, "Async Capable": false, "Relation Name": "inventory", "Alias": "inventory", "Startup Cost": 0.0, "Total Cost": 112424.06, "Plan Rows": 4893706, "Plan Width": 16}, {"Node Type": "Hash", "Parent Relationship": "Inner", "Parallel Aware": true, "Async Capable": false, "Startup Cost": 1942.12, "Total Cost": 1942.12, "Plan Rows": 214, "Plan Width": 8, "Plans": [{"Node Type": "Seq Scan", "Parent Relationship": "Outer", "Parallel Aware": true, "Async Capable": false, "Relation Name": "date_dim", "Alias": "date_dim", "Startup Cost": 0.0, "Total Cost": 1942.12, "Plan Rows": 214, "Plan Width": 8, "Filter": "(d_year = 1998)"}]}]}, {"Node Type": "Hash", "Parent Relationship": "Inner", "Parallel Aware": false, "Async Capable": false, "Startup Cost": 478.29, "Total Cost": 478.29, "Plan Rows": 18000, "Plan Width": 4, "Plans": [{"Node Type": "Index Only Scan", "Parent Relationship": "Outer", "Parallel Aware": false, "Async Capable": false, "Scan Direction": "Forward", "Index Name": "item_pkey", "Relation Name": "item", "Alias": "item", "Startup Cost": 0.29, "Total Cost": 478.29, "Plan Rows": 18000, "Plan Width": 4}]}]}, {"Node Type": "Hash", "Parent Relationship": "Inner", "Parallel Aware": false, "Async Capable": false, "Startup Cost": 1.05, "Total Cost": 1.05, "Plan Rows": 5, "Plan Width": 62, "Plans": [{"Node Type": "Seq Scan", "Parent Relationship": "Outer", "Parallel Aware": false, "Async Capable": false, "Relation Name": "warehouse", "Alias": "warehouse", "Startup Cost": 0.0, "Total Cost": 1.05, "Plan Rows": 5, "Plan Width": 62}]}]}]}]}]}]}]}, {"Node Type": "Hash Join", "Parent Relationship": "Outer", "Parallel Aware": false, "Async Capable": false, "Join Type": "Inner", "Startup Cost": 440.4, "Total Cost": 882.28, "Plan Rows": 1, "Plan Width": 152, "Inner Unique": false, "Hash Cond": "((inv1.i_item_sk = inv2.i_item_sk) AND (inv1.w_warehouse_sk = inv2.w_warehouse_sk))", "Plans": [{"Node Type": "CTE Scan", "Parent Relationship": "Outer", "Parallel Aware": false, "Async Capable": false, "CTE Name": "inv", "Alias": "inv1", "Startup Cost": 0.0, "Total Cost": 438.93, "Plan Rows": 98, "Plan Width": 76, "Filter": "(d_moy = 4)"}, {"Node Type": "Hash", "Parent Relationship": "Inner", "Parallel Aware": false, "Async Capable": false, "Startup Cost": 438.93, "Total Cost": 438.93, "Plan Rows": 98, "Plan Width": 76, "Plans": [{"Node Type": "CTE Scan", "Parent Relationship": "Outer", "Parallel Aware": false, "Async Capable": false, "CTE Name": "inv", "Alias": "inv2", "Startup Cost": 0.0, "Total Cost": 438.93, "Plan Rows": 98, "Plan Width": 76, "Filter": "(d_moy = 5)"}]}]}]}, "JIT": {"Functions": 55, "Options": {"Inlining": false, "Optimization": false, "Expressions": true, "Deforming": true}}}]], [[{"Plan": {"Node Type": "Sort", "Parallel Aware": false, "Async Capable": false, "Startup Cost": 140449.12, "Total Cost": 140449.12, "Plan Rows": 1, "Plan Width": 152, "Sort Key": ["inv1.w_warehouse_sk", "inv1.i_item_sk", "inv1.mean", "inv1.cov", "inv2.mean", "inv2.cov"], "Plans": [{"Node Type": "Subquery Scan", "Parent Relationship": "InitPlan", "Subplan Name": "CTE inv", "Parallel Aware": false, "Async Capable": false, "Alias": "foo", "Startup Cost": 130879.19, "Total Cost": 139520.01, "Plan Rows": 19508, "Plan Width": 166, "Plans": [{"Node Type": "Aggregate", "Strategy": "Sorted", "Partial Mode": "Finalize", "Parent Relationship": "Subquery", "Parallel Aware": false, "Async Capable": false, "Startup Cost": 130879.19, "Total Cost": 139227.39, "Plan Rows": 19508, "Plan Width": 134, "Group Key": ["warehouse.w_warehouse_sk", "item.i_item_sk", "date_dim.d_moy"], "Filter": "(CASE avg(inventory.inv_quantity_on_hand) WHEN '0'::numeric THEN '0'::numeric ELSE (stddev_samp(inventory.inv_quantity_on_hand) / avg(inventory.inv_quantity_on_hand)) END > '1'::numeric)", "Plans": [{"Node Type": "Gather Merge", "Parent Relationship": "Outer", "Parallel Aware": false, "Async Capable": false, "Startup Cost": 130879.19, "Total Cost": 137179.05, "Plan Rows": 48770, "Plan Width": 134, "Workers Planned": 2, "Plans": [{"Node Type": "Aggregate", "Strategy": "Sorted", "Partial Mode": "Partial", "Parent Relationship": "Outer", "Parallel Aware": false, "Async Capable": false, "Startup Cost": 129879.17, "Total Cost": 130549.76, "Plan Rows": 24385, "Plan Width": 134, "Group Key": ["warehouse.w_warehouse_sk", "item.i_item_sk", "date_dim.d_moy"], "Plans": [{"Node Type": "Sort", "Parent Relationship": "Outer", "Parallel Aware": false, "Async Capable": false, "Startup Cost": 129879.17, "Total Cost": 129940.13, "Plan Rows": 24385, "Plan Width": 74, "Sort Key": ["warehouse.w_warehouse_sk", "item.i_item_sk", "date_dim.d_moy"], "Plans": [{"Node Type": "Hash Join", "Parent Relationship": "Outer", "Parallel Aware": false, "Async Capable": false, "Join Type": "Inner", "Startup Cost": 2649.2, "Total Cost": 128102.27, "Plan Rows": 24385, "Plan Width": 74, "Inner Unique": true, "Hash Cond": "(inventory.inv_warehouse_sk = warehouse.w_warehouse_sk)", "Plans": [{"Node Type": "Hash Join", "Parent Relationship": "Outer", "Parallel Aware": false, "Async Capable": false, "Join Type": "Inner", "Startup Cost": 2648.09, "Total Cost": 127982.89, "Plan Rows": 24385, "Plan Width": 16, "Inner Unique": true, "Hash Cond": "(inventory.inv_item_sk = item.i_item_sk)", "Plans": [{"Node Type": "Hash Join", "Parent Relationship": "Outer", "Parallel Aware": true, "Async Capable": false, "Join Type": "Inner", "Startup Cost": 1944.8, "Total Cost": 127215.58, "Plan Rows": 24385, "Plan Width": 16, "Inner Unique": true, "Hash Cond": "(inventory.inv_date_sk = date_dim.d_date_sk)", "Plans": [{"Node Type": "Seq Scan", "Parent Relationship": "Outer", "Parallel Aware": true, "Async Capable": false, "Relation Name": "inventory", "Alias": "inventory", "Startup Cost": 0.0, "Total Cost": 112424.06, "Plan Rows": 4893706, "Plan Width": 16}, {"Node Type": "Hash", "Parent Relationship": "Inner", "Parallel Aware": true, "Async Capable": false, "Startup Cost": 1942.12, "Total Cost": 1942.12, "Plan Rows": 214, "Plan Width": 8, "Plans": [{"Node Type": "Seq Scan", "Parent Relationship": "Outer", "Parallel Aware": true, "Async Capable": false, "Relation Name": "date_dim", "Alias": "date_dim", "Startup Cost": 0.0, "Total Cost": 1942.12, "Plan Rows": 214, "Plan Width": 8, "Filter": "(d_year = 1998)"}]}]}, {"Node Type": "Hash", "Parent Relationship": "Inner", "Parallel Aware": false, "Async Capable": false, "Startup Cost": 478.29, "Total Cost": 478.29, "Plan Rows": 18000, "Plan Width": 4, "Plans": [{"Node Type": "Index Only Scan", "Parent Relationship": "Outer", "Parallel Aware": false, "Async Capable": false, "Scan Direction": "Forward", "Index Name": "item_pkey", "Relation Name": "item", "Alias": "item", "Startup Cost": 0.29, "Total Cost": 478.29, "Plan Rows": 18000, "Plan Width": 4}]}]}, {"Node Type": "Hash", "Parent Relationship": "Inner", "Parallel Aware": false, "Async Capable": false, "Startup Cost": 1.05, "Total Cost": 1.05, "Plan Rows": 5, "Plan Width": 62, "Plans": [{"Node Type": "Seq Scan", "Parent Relationship": "Outer", "Parallel Aware": false, "Async Capable": false, "Relation Name": "warehouse", "Alias": "warehouse", "Startup Cost": 0.0, "Total Cost": 1.05, "Plan Rows": 5, "Plan Width": 62}]}]}]}]}]}]}]}, {"Node Type": "Hash Join", "Parent Relationship": "Outer", "Parallel Aware": false, "Async Capable": false, "Join Type": "Inner", "Startup Cost": 440.4, "Total Cost": 929.1, "Plan Rows": 1, "Plan Width": 152, "Inner Unique": false, "Hash Cond": "((inv1.i_item_sk = inv2.i_item_sk) AND (inv1.w_warehouse_sk = inv2.w_warehouse_sk))", "Plans": [{"Node Type": "CTE Scan", "Parent Relationship": "Outer", "Parallel Aware": false, "Async Capable": false, "CTE Name": "inv", "Alias": "inv1", "Startup Cost": 0.0, "Total Cost": 487.7, "Plan Rows": 33, "Plan Width": 76, "Filter": "((cov > 1.5) AND (d_moy = 4))"}, {"Node Type": "Hash", "Parent Relationship": "Inner", "Parallel Aware": false, "Async Capable": false, "Startup Cost": 438.93, "Total Cost": 438.93, "Plan Rows": 98, "Plan Width": 76, "Plans": [{"Node Type": "CTE Scan", "Parent Relationship": "Outer", "Parallel Aware": false, "Async Capable": false, "CTE Name": "inv", "Alias": "inv2", "Startup Cost": 0.0, "Total Cost": 438.93, "Plan Rows": 98, "Plan Width": 76, "Filter": "(d_moy = 5)"}]}]}]}, "JIT": {"Functions": 55, "Options": {"Inlining": false, "Optimization": false, "Expressions": true, "Deforming": true}}}]]], [[[{"Plan": {"Node Type": "Limit", "Parallel Aware": false, "Async Capable": false, "Startup Cost": 54436.38, "Total Cost": 54444.57, "Plan Rows": 73, "Plan Width": 93, "Plans": [{"Node Type": "Aggregate", "Strategy": "Sorted", "Partial Mode": "Finalize", "Parent Relationship": "Outer", "Parallel Aware": false, "Async Capable": false, "Startup Cost": 54436.38, "Total Cost": 54444.57, "Plan Rows": 73, "Plan Width": 93, "Group Key": ["warehouse.w_state", "item.i_item_id"], "Plans": [{"Node Type": "Gather Merge", "Parent Relationship": "Outer", "Parallel Aware": false, "Async Capable": false, "Startup Cost": 54436.38, "Total Cost": 54442.83, "Plan Rows": 43, "Plan Width": 93, "Workers Planned": 1, "Plans": [{"Node Type": "Aggregate", "Strategy": "Sorted", "Partial Mode": "Partial", "Parent Relationship": "Outer", "Parallel Aware": false, "Async Capable": false, "Startup Cost": 53436.37, "Total Cost": 53437.98, "Plan Rows": 43, "Plan Width": 93, "Group Key": ["warehouse.w_state", "item.i_item_id"], "Plans": [{"Node Type": "Sort", "Parent Relationship": "Outer", "Parallel Aware": false, "Async Capable": false, "Startup Cost": 53436.37, "Total Cost": 53436.47, "Plan Rows": 43, "Plan Width": 45, "Sort Key": ["warehouse.w_state", "item.i_item_id"], "Plans": [{"Node Type": "Hash Join", "Parent Relationship": "Outer", "Parallel Aware": false, "Async Capable": false, "Join Type": "Inner", "Startup Cost": 52043.57, "Total Cost": 53435.2, "Plan Rows": 43, "Plan Width": 45, "Inner Unique": true, "Hash Cond": "(catalog_sales.cs_warehouse_sk = warehouse.w_warehouse_sk)", "Plans": [{"Node Type": "Hash Join", "Parent Relationship": "Outer", "Parallel Aware": true, "Async Capable": false, "Join Type": "Inner", "Startup Cost": 52042.45, "Total Cost": 53433.87, "Plan Rows": 43, "Plan Width": 37, "Inner Unique": false, "Hash Cond": "(item.i_item_sk = catalog_sales.cs_item_sk)", "Plans": [{"Node Type": "Seq Scan", "Parent Relationship": "Outer", "Parallel Aware": true, "Async Capable": false, "Relation Name": "item", "Alias": "item", "Startup Cost": 0.0, "Total Cost": 1388.82, "Plan Rows": 644, "Plan Width": 21, "Filter": "((i_current_price >= 0.99) AND (i_current_price <= 1.49))"}, {"Node Type": "Hash", "Parent Relationship": "Inner", "Parallel Aware": true, "Async Capable": false, "Startup Cost": 52036.18, "Total Cost": 52036.18, "Plan Rows": 502, "Plan Width": 24, "Plans": [{"Node Type": "Hash Join", "Parent Relationship": "Outer", "Parallel Aware": true, "Async Capable": false, "Join Type": "Left", "Startup Cost": 7045.63, "Total Cost": 52036.18, "Plan Rows": 502, "Plan Width": 24, "Inner Unique": true, "Hash Cond": "((catalog_sales.cs_order_number = catalog_returns.cr_order_number) AND (catalog_sales.cs_item_sk = catalog_returns.cr_item_sk))", "Plans": [{"Node Type": "Hash Join", "Parent Relationship": "Outer", "Parallel Aware": true, "Async Capable": false, "Join Type": "Inner", "Startup Cost": 2050.0, "Total Cost": 47037.92, "Plan Rows": 502, "Plan Width": 22, "Inner Unique": true, "Hash Cond": "(catalog_sales.cs_sold_date_sk = date_dim.d_date_sk)", "Plans": [{"Node Type": "Seq Scan", "Parent Relationship": "Outer", "Parallel Aware": true, "Async Capable": false, "Relation Name": "catalog_sales", "Alias": "catalog_sales", "Startup Cost": 0.0, "Total Cost": 43411.2, "Plan Rows": 600620, "Plan Width": 22}, {"Node Type": "Hash", "Parent Relationship": "Inner", "Parallel Aware": true, "Async Capable": false, "Startup Cost": 2049.55, "Total Cost": 2049.55, "Plan Rows": 36, "Plan Width": 8, "Plans": [{"Node Type": "Seq Scan", "Parent Relationship": "Outer", "Parallel Aware": true, "Async Capable": false, "Relation Name": "date_dim", "Alias": "date_dim", "Startup Cost": 0.0, "Total Cost": 2049.55, "Plan Rows": 36, "Plan Width": 8, "Filter": "((d_date >= '1998-03-09 00:00:00'::timestamp without time zone) AND (d_date <= '1998-05-08 00:00:00'::timestamp without time zone))"}]}]}, {"Node Type": "Hash", "Parent Relationship": "Inner", "Parallel Aware": true, "Async Capable": false, "Startup Cost": 3724.45, "Total Cost": 3724.45, "Plan Rows": 84745, "Plan Width": 14, "Plans": [{"Node Type": "Seq Scan", "Parent Relationship": "Outer", "Parallel Aware": true, "Async Capable": false, "Relation Name": "catalog_returns", "Alias": "catalog_returns", "Startup Cost": 0.0, "Total Cost": 3724.45, "Plan Rows": 84745, "Plan Width": 14}]}]}]}]}, {"Node Type": "Hash", "Parent Relationship": "Inner", "Parallel Aware": false, "Async Capable": false, "Startup Cost": 1.05, "Total Cost": 1.05, "Plan Rows": 5, "Plan Width": 16, "Plans": [{"Node Type": "Seq Scan", "Parent Relationship": "Outer", "Parallel Aware": false, "Async Capable": false, "Relation Name": "warehouse", "Alias": "warehouse", "Startup Cost": 0.0, "Total Cost": 1.05, "Plan Rows": 5, "Plan Width": 16}]}]}]}]}]}]}]}}]]], [[[{"Plan": {"Node Type": "Limit", "Parallel Aware": false, "Async Capable": false, "Startup Cost": 71551772.76, "Total Cost": 71551773.19, "Plan Rows": 86, "Plan Width": 51, "Plans": [{"Node Type": "Unique", "Parent Relationship": "Outer", "Parallel Aware": false, "Async Capable": false, "Startup Cost": 71551772.76, "Total Cost": 71551773.19, "Plan Rows": 86, "Plan Width": 51, "Plans": [{"Node Type": "Sort", "Parent Relationship": "Outer", "Parallel Aware": false, "Async Capable": false, "Startup Cost": 71551772.76, "Total Cost": 71551772.98, "Plan Rows": 86, "Plan Width": 51, "Sort Key": ["i1.i_product_name"], "Plans": [{"Node Type": "Seq Scan", "Parent Relationship": "Outer", "Parallel Aware": false, "Async Capable": false, "Relation Name": "item", "Alias": "i1", "Startup Cost": 0.0, "Total Cost": 71551770.0, "Plan Rows": 86, "Plan Width": 51, "Filter": "((i_manufact_id >= 742) AND (i_manufact_id <= 782) AND ((SubPlan 1) > 0))", "Plans": [{"Node Type": "Aggregate", "Strategy": "Plain", "Partial Mode": "Simple", "Parent Relationship": "SubPlan", "Subplan Name": "SubPlan 1", "Parallel Aware": false, "Async Capable": false, "Startup Cost": 3975.0, "Total Cost": 3975.01, "Plan Rows": 1, "Plan Width": 8, "Plans": [{"Node Type": "Seq Scan", "Parent Relationship": "Outer", "Parallel Aware": false, "Async Capable": false, "Relation Name": "item", "Alias": "item", "Startup Cost": 0.0, "Total Cost": 3975.0, "Plan Rows": 1, "Plan Width": 0, "Filter": "((i_manufact = i1.i_manufact) AND (((i_category = 'Women'::bpchar) AND ((i_color = 'orchid'::bpchar) OR (i_color = 'papaya'::bpchar)) AND ((i_units = 'Pound'::bpchar) OR (i_units = 'Lb'::bpchar)) AND ((i_size = 'petite'::bpchar) OR (i_size = 'medium'::bpchar))) OR ((i_category = 'Women'::bpchar) AND ((i_color = 'burlywood'::bpchar) OR (i_color = 'navy'::bpchar)) AND ((i_units = 'Bundle'::bpchar) OR (i_units = 'Each'::bpchar)) AND ((i_size = 'N/A'::bpchar) OR (i_size = 'extra large'::bpchar))) OR ((i_category = 'Men'::bpchar) AND ((i_color = 'bisque'::bpchar) OR (i_color = 'azure'::bpchar)) AND ((i_units = 'N/A'::bpchar) OR (i_units = 'Tsp'::bpchar)) AND ((i_size = 'small'::bpchar) OR (i_size = 'large'::bpchar))) OR ((i_category = 'Men'::bpchar) AND ((i_color = 'chocolate'::bpchar) OR (i_color = 'cornflower'::bpchar)) AND ((i_units = 'Bunch'::bpchar) OR (i_units = 'Gross'::bpchar)) AND ((i_size = 'petite'::bpchar) OR (i_size = 'medium'::bpchar))) OR ((i_category = 'Women'::bpchar) AND ((i_color = 'salmon'::bpchar) OR (i_color = 'midnight'::bpchar)) AND ((i_units = 'Oz'::bpchar) OR (i_units = 'Box'::bpchar)) AND ((i_size = 'petite'::bpchar) OR (i_size = 'medium'::bpchar))) OR ((i_category = 'Women'::bpchar) AND ((i_color = 'snow'::bpchar) OR (i_color = 'steel'::bpchar)) AND ((i_units = 'Carton'::bpchar) OR (i_units = 'Tbl'::bpchar)) AND ((i_size = 'N/A'::bpchar) OR (i_size = 'extra large'::bpchar))) OR ((i_category = 'Men'::bpchar) AND ((i_color = 'purple'::bpchar) OR (i_color = 'gainsboro'::bpchar)) AND ((i_units = 'Dram'::bpchar) OR (i_units = 'Unknown'::bpchar)) AND ((i_size = 'small'::bpchar) OR (i_size = 'large'::bpchar))) OR ((i_category = 'Men'::bpchar) AND ((i_color = 'metallic'::bpchar) OR (i_color = 'forest'::bpchar)) AND ((i_units = 'Gram'::bpchar) OR (i_units = 'Ounce'::bpchar)) AND ((i_size = 'petite'::bpchar) OR (i_size = 'medium'::bpchar)))))"}]}]}]}]}]}, "JIT": {"Functions": 12, "Options": {"Inlining": true, "Optimization": true, "Expressions": true, "Deforming": true}}}]]], [[[{"Plan": {"Node Type": "Limit", "Parallel Aware": false, "Async Capable": false, "Startup Cost": 71266.96, "Total Cost": 71267.01, "Plan Rows": 22, "Plan Width": 91, "Plans": [{"Node Type": "Sort", "Parent Relationship": "Outer", "Parallel Aware": false, "Async Capable": false, "Startup Cost": 71266.96, "Total Cost": 71267.01, "Plan Rows": 22, "Plan Width": 91, "Sort Key": ["(sum(store_sales.ss_ext_sales_price)) DESC", "item.i_category_id", "item.i_category"], "Plans": [{"Node Type": "Aggregate", "Strategy": "Sorted", "Partial Mode": "Finalize", "Parent Relationship": "Outer", "Parallel Aware": false, "Async Capable": false, "Startup Cost": 71263.66, "Total Cost": 71266.47, "Plan Rows": 22, "Plan Width": 91, "Group Key": ["dt.d_year", "item.i_category_id", "item.i_category"], "Plans": [{"Node Type": "Gather Merge", "Parent Relationship": "Outer", "Parallel Aware": false, "Async Capable": false, "Startup Cost": 71263.66, "Total Cost": 71265.97, "Plan Rows": 18, "Plan Width": 91, "Workers Planned": 2, "Plans": [{"Node Type": "Aggregate", "Strategy": "Sorted", "Partial Mode": "Partial", "Parent Relationship": "Outer", "Parallel Aware": false, "Async Capable": false, "Startup Cost": 70263.64, "Total Cost": 70263.87, "Plan Rows": 9, "Plan Width": 91, "Group Key": ["dt.d_year", "item.i_category_id", "item.i_category"], "Plans": [{"Node Type": "Sort", "Parent Relationship": "Outer", "Parallel Aware": false, "Async Capable": false, "Startup Cost": 70263.64, "Total Cost": 70263.66, "Plan Rows": 9, "Plan Width": 65, "Sort Key": ["item.i_category_id", "item.i_category"], "Plans": [{"Node Type": "Hash Join", "Parent Relationship": "Outer", "Parallel Aware": true, "Async Capable": false, "Join Type": "Inner", "Startup Cost": 3414.49, "Total Cost": 70263.5, "Plan Rows": 9, "Plan Width": 65, "Inner Unique": true, "Hash Cond": "(store_sales.ss_item_sk = item.i_item_sk)", "Plans": [{"Node Type": "Hash Join", "Parent Relationship": "Outer", "Parallel Aware": true, "Async Capable": false, "Join Type": "Inner", "Startup Cost": 2049.78, "Total Cost": 68897.45, "Plan Rows": 509, "Plan Width": 14, "Inner Unique": true, "Hash Cond": "(store_sales.ss_sold_date_sk = dt.d_date_sk)", "Plans": [{"Node Type": "Seq Scan", "Parent Relationship": "Outer", "Parallel Aware": true, "Async Capable": false, "Relation Name": "store_sales", "Alias": "store_sales", "Startup Cost": 0.0, "Total Cost": 63697.18, "Plan Rows": 1200118, "Plan Width": 14}, {"Node Type": "Hash", "Parent Relationship": "Inner", "Parallel Aware": true, "Async Capable": false, "Startup Cost": 2049.55, "Total Cost": 2049.55, "Plan Rows": 18, "Plan Width": 8, "Plans": [{"Node Type": "Seq Scan", "Parent Relationship": "Outer", "Parallel Aware": true, "Async Capable": false, "Relation Name": "date_dim", "Alias": "dt", "Startup Cost": 0.0, "Total Cost": 2049.55, "Plan Rows": 18, "Plan Width": 8, "Filter": "((d_moy = 12) AND (d_year = 1998))"}]}]}, {"Node Type": "Hash", "Parent Relationship": "Inner", "Parallel Aware": true, "Async Capable": false, "Startup Cost": 1362.35, "Total Cost": 1362.35, "Plan Rows": 189, "Plan Width": 59, "Plans": [{"Node Type": "Seq Scan", "Parent Relationship": "Outer", "Parallel Aware": true, "Async Capable": false, "Relation Name": "item", "Alias": "item", "Startup Cost": 0.0, "Total Cost": 1362.35, "Plan Rows": 189, "Plan Width": 59, "Filter": "(i_manager_id = 1)"}]}]}]}]}]}]}]}]}}]]], [[[{"Plan": {"Node Type": "Limit", "Parallel Aware": false, "Async Capable": false, "Startup Cost": 69858.5, "Total Cost": 69858.51, "Plan Rows": 1, "Plan Width": 410, "Plans": [{"Node Type": "Sort", "Parent Relationship": "Outer", "Parallel Aware": false, "Async Capable": false, "Startup Cost": 69858.5, "Total Cost": 69858.51, "Plan Rows": 1, "Plan Width": 410, "Sort Key": ["store.s_store_name", "store.s_store_id", "(sum(CASE WHEN (date_dim.d_day_name = 'Sunday'::bpchar) THEN store_sales.ss_sales_price ELSE NULL::numeric END))", "(sum(CASE WHEN (date_dim.d_day_name = 'Monday'::bpchar) THEN store_sales.ss_sales_price ELSE NULL::numeric END))", "(sum(CASE WHEN (date_dim.d_day_name = 'Tuesday'::bpchar) THEN store_sales.ss_sales_price ELSE NULL::numeric END))", "(sum(CASE WHEN (date_dim.d_day_name = 'Wednesday'::bpchar) THEN store_sales.ss_sales_price ELSE NULL::numeric END))", "(sum(CASE WHEN (date_dim.d_day_name = 'Thursday'::bpchar) THEN store_sales.ss_sales_price ELSE NULL::numeric END))", "(sum(CASE WHEN (date_dim.d_day_name = 'Friday'::bpchar) THEN store_sales.ss_sales_price ELSE NULL::numeric END))", "(sum(CASE WHEN (date_dim.d_day_name = 'Saturday'::bpchar) THEN store_sales.ss_sales_price ELSE NULL::numeric END))"], "Plans": [{"Node Type": "Aggregate", "Strategy": "Sorted", "Partial Mode": "Finalize", "Parent Relationship": "Outer", "Parallel Aware": false, "Async Capable": false, "Startup Cost": 69836.96, "Total Cost": 69858.49, "Plan Rows": 1, "Plan Width": 410, "Group Key": ["store.s_store_name", "store.s_store_id"], "Plans": [{"Node Type": "Gather Merge", "Parent Relationship": "Outer", "Parallel Aware": false, "Async Capable": false, "Startup Cost": 69836.96, "Total Cost": 69858.38, "Plan Rows": 2, "Plan Width": 410, "Workers Planned": 2, "Plans": [{"Node Type": "Aggregate", "Strategy": "Sorted", "Partial Mode": "Partial", "Parent Relationship": "Outer", "Parallel Aware": false, "Async Capable": false, "Startup Cost": 68836.94, "Total Cost": 68858.13, "Plan Rows": 1, "Plan Width": 410, "Group Key": ["store.s_store_name", "store.s_store_id"], "Plans": [{"Node Type": "Sort", "Parent Relationship": "Outer", "Parallel Aware": false, "Async Capable": false, "Startup Cost": 68836.94, "Total Cost": 68838.18, "Plan Rows": 498, "Plan Width": 202, "Sort Key": ["store.s_store_name", "store.s_store_id"], "Plans": [{"Node Type": "Hash Join", "Parent Relationship": "Outer", "Parallel Aware": false, "Async Capable": false, "Join Type": "Inner", "Startup Cost": 1945.96, "Total Cost": 68814.63, "Plan Rows": 498, "Plan Width": 202, "Inner Unique": true, "Hash Cond": "(store_sales.ss_store_sk = store.s_store_sk)", "Plans": [{"Node Type": "Hash Join", "Parent Relationship": "Outer", "Parallel Aware": true, "Async Capable": false, "Join Type": "Inner", "Startup Cost": 1944.8, "Total Cost": 68792.47, "Plan Rows": 5980, "Plan Width": 20, "Inner Unique": true, "Hash Cond": "(store_sales.ss_sold_date_sk = date_dim.d_date_sk)", "Plans": [{"Node Type": "Seq Scan", "Parent Relationship": "Outer", "Parallel Aware": true, "Async Capable": false, "Relation Name": "store_sales", "Alias": "store_sales", "Startup Cost": 0.0, "Total Cost": 63697.18, "Plan Rows": 1200118, "Plan Width": 14}, {"Node Type": "Hash", "Parent Relationship": "Inner", "Parallel Aware": true, "Async Capable": false, "Startup Cost": 1942.12, "Total Cost": 1942.12, "Plan Rows": 214, "Plan Width": 14, "Plans": [{"Node Type": "Seq Scan", "Parent Relationship": "Outer", "Parallel Aware": true, "Async Capable": false, "Relation Name": "date_dim", "Alias": "date_dim", "Startup Cost": 0.0, "Total Cost": 1942.12, "Plan Rows": 214, "Plan Width": 14, "Filter": "(d_year = 1998)"}]}]}, {"Node Type": "Hash", "Parent Relationship": "Inner", "Parallel Aware": false, "Async Capable": false, "Startup Cost": 1.15, "Total Cost": 1.15, "Plan Rows": 1, "Plan Width": 190, "Plans": [{"Node Type": "Seq Scan", "Parent Relationship": "Outer", "Parallel Aware": false, "Async Capable": false, "Relation Name": "store", "Alias": "store", "Startup Cost": 0.0, "Total Cost": 1.15, "Plan Rows": 1, "Plan Width": 190, "Filter": "(s_gmt_offset = '-5'::numeric)"}]}]}]}]}]}]}]}]}}]]], [[[{"Plan": {"Node Type": "Limit", "Parallel Aware": false, "Async Capable": false, "Startup Cost": 288834.57, "Total Cost": 288836.12, "Plan Rows": 100, "Plan Width": 110, "Plans": [{"Node Type": "Merge Join", "Parent Relationship": "Outer", "Parallel Aware": false, "Async Capable": false, "Join Type": "Inner", "Startup Cost": 288834.57, "Total Cost": 289095.44, "Plan Rows": 16781, "Plan Width": 110, "Inner Unique": false, "Merge Cond": "(v11.rnk = v21.rnk)", "Plans": [{"Node Type": "Sort", "Parent Relationship": "Outer", "Parallel Aware": false, "Async Capable": false, "Startup Cost": 144417.28, "Total Cost": 144421.86, "Plan Rows": 1832, "Plan Width": 59, "Sort Key": ["v11.rnk"], "Plans": [{"Node Type": "Hash Join", "Parent Relationship": "Outer", "Parallel Aware": false, "Async Capable": false, "Join Type": "Inner", "Startup Cost": 144148.34, "Total Cost": 144318.0, "Plan Rows": 1832, "Plan Width": 59, "Inner Unique": true, "Hash Cond": "(v11.item_sk = i1.i_item_sk)", "Plans": [{"Node Type": "Subquery Scan", "Parent Relationship": "Outer", "Parallel Aware": false, "Async Capable": false, "Alias": "v11", "Startup Cost": 142513.34, "Total Cost": 142678.19, "Plan Rows": 1832, "Plan Width": 12, "Filter": "(v11.rnk < 11)", "Plans": [{"Node Type": "WindowAgg", "Parent Relationship": "Subquery", "Parallel Aware": false, "Async Capable": false, "Startup Cost": 142513.34, "Total Cost": 142609.5, "Plan Rows": 5495, "Plan Width": 44, "Plans": [{"Node Type": "Sort", "Parent Relationship": "Outer", "Parallel Aware": false, "Async Capable": false, "Startup Cost": 142513.34, "Total Cost": 142527.08, "Plan Rows": 5495, "Plan Width": 36, "Sort Key": ["v1.rank_col"], "Plans": [{"Node Type": "Subquery Scan", "Parent Relationship": "Outer", "Parallel Aware": false, "Async Capable": false, "Alias": "v1", "Startup Cost": 137734.25, "Total Cost": 142171.99, "Plan Rows": 5495, "Plan Width": 36, "Plans": [{"Node Type": "Aggregate", "Strategy": "Sorted", "Partial Mode": "Finalize", "Parent Relationship": "Subquery", "Parallel Aware": false, "Async Capable": false, "Startup Cost": 137734.25, "Total Cost": 142117.04, "Plan Rows": 5495, "Plan Width": 36, "Group Key": ["ss1.ss_item_sk"], "Filter": "(avg(ss1.ss_net_profit) > (0.9 * $1))", "Plans": [{"Node Type": "Aggregate", "Strategy": "Sorted", "Partial Mode": "Finalize", "Parent Relationship": "InitPlan", "Subplan Name": "InitPlan 1 (returns $1)", "Parallel Aware": false, "Async Capable": false, "Startup Cost": 1000.0, "Total Cost": 67742.42, "Plan Rows": 6, "Plan Width": 36, "Group Key": ["store_sales.ss_store_sk"], "Plans": [{"Node Type": "Gather", "Parent Relationship": "Outer", "Parallel Aware": false, "Async Capable": false, "Startup Cost": 1000.0, "Total Cost": 67742.25, "Plan Rows": 12, "Plan Width": 36, "Workers Planned": 2, "Single Copy": false, "Plans": [{"Node Type": "Aggregate", "Strategy": "Sorted", "Partial Mode": "Partial", "Parent Relationship": "Outer", "Parallel Aware": false, "Async Capable": false, "Startup Cost": 0.0, "Total Cost": 66741.05, "Plan Rows": 6, "Plan Width": 36, "Group Key": ["store_sales.ss_store_sk"], "Plans": [{"Node Type": "Seq Scan", "Parent Relationship": "Outer", "Parallel Aware": true, "Async Capable": false, "Relation Name": "store_sales", "Alias": "store_sales", "Startup Cost": 0.0, "Total Cost": 66697.48, "Plan Rows": 8700, "Plan Width": 10, "Filter": "((ss_hdemo_sk IS NULL) AND (ss_store_sk = 2))"}]}]}]}, {"Node Type": "Gather Merge", "Parent Relationship": "Outer", "Parallel Aware": false, "Async Capable": false, "Startup Cost": 69991.83, "Total Cost": 73838.83, "Plan Rows": 32972, "Plan Width": 36, "Workers Planned": 2, "Plans": [{"Node Type": "Sort", "Parent Relationship": "Outer", "Parallel Aware": false, "Async Capable": false, "Startup Cost": 68991.8, "Total Cost": 69033.02, "Plan Rows": 16486, "Plan Width": 36, "Sort Key": ["ss1.ss_item_sk"], "Plans": [{"Node Type": "Aggregate", "Strategy": "Hashed", "Partial Mode": "Partial", "Parent Relationship": "Outer", "Parallel Aware": false, "Async Capable": false, "Startup Cost": 67630.97, "Total Cost": 67837.04, "Plan Rows": 16486, "Plan Width": 36, "Group Key": ["ss1.ss_item_sk"], "Planned Partitions": 0, "Plans": [{"Node Type": "Seq Scan", "Parent Relationship": "Outer", "Parallel Aware": true, "Async Capable": false, "Relation Name": "store_sales", "Alias": "ss1", "Startup Cost": 0.0, "Total Cost": 66697.48, "Plan Rows": 186698, "Plan Width": 10, "Filter": "(ss_store_sk = 2)"}]}]}]}]}]}]}]}]}, {"Node Type": "Hash", "Parent Relationship": "Inner", "Parallel Aware": false, "Async Capable": false, "Startup Cost": 1410.0, "Total Cost": 1410.0, "Plan Rows": 18000, "Plan Width": 55, "Plans": [{"Node Type": "Seq Scan", "Parent Relationship": "Outer", "Parallel Aware": false, "Async Capable": false, "Relation Name": "item", "Alias": "i1", "Startup Cost": 0.0, "Total Cost": 1410.0, "Plan Rows": 18000, "Plan Width": 55}]}]}]}, {"Node Type": "Sort", "Parent Relationship": "Inner", "Parallel Aware": false, "Async Capable": false, "Startup Cost": 144417.28, "Total Cost": 144421.86, "Plan Rows": 1832, "Plan Width": 59, "Sort Key": ["v21.rnk"], "Plans": [{"Node Type": "Hash Join", "Parent Relationship": "Outer", "Parallel Aware": false, "Async Capable": false, "Join Type": "Inner", "Startup Cost": 144148.34, "Total Cost": 144318.0, "Plan Rows": 1832, "Plan Width": 59, "Inner Unique": true, "Hash Cond": "(v21.item_sk = i2.i_item_sk)", "Plans": [{"Node Type": "Subquery Scan", "Parent Relationship": "Outer", "Parallel Aware": false, "Async Capable": false, "Alias": "v21", "Startup Cost": 142513.34, "Total Cost": 142678.19, "Plan Rows": 1832, "Plan Width": 12, "Filter": "(v21.rnk < 11)", "Plans": [{"Node Type": "WindowAgg", "Parent Relationship": "Subquery", "Parallel Aware": false, "Async Capable": false, "Startup Cost": 142513.34, "Total Cost": 142609.5, "Plan Rows": 5495, "Plan Width": 44, "Plans": [{"Node Type": "Sort", "Parent Relationship": "Outer", "Parallel Aware": false, "Async Capable": false, "Startup Cost": 142513.34, "Total Cost": 142527.08, "Plan Rows": 5495, "Plan Width": 36, "Sort Key": ["v2.rank_col DESC"], "Plans": [{"Node Type": "Subquery Scan", "Parent Relationship": "Outer", "Parallel Aware": false, "Async Capable": false, "Alias": "v2", "Startup Cost": 137734.25, "Total Cost": 142171.99, "Plan Rows": 5495, "Plan Width": 36, "Plans": [{"Node Type": "Aggregate", "Strategy": "Sorted", "Partial Mode": "Finalize", "Parent Relationship": "Subquery", "Parallel Aware": false, "Async Capable": false, "Startup Cost": 137734.25, "Total Cost": 142117.04, "Plan Rows": 5495, "Plan Width": 36, "Group Key": ["ss1_1.ss_item_sk"], "Filter": "(avg(ss1_1.ss_net_profit) > (0.9 * $3))", "Plans": [{"Node Type": "Aggregate", "Strategy": "Sorted", "Partial Mode": "Finalize", "Parent Relationship": "InitPlan", "Subplan Name": "InitPlan 2 (returns $3)", "Parallel Aware": false, "Async Capable": false, "Startup Cost": 1000.0, "Total Cost": 67742.42, "Plan Rows": 6, "Plan Width": 36, "Group Key": ["store_sales_1.ss_store_sk"], "Plans": [{"Node Type": "Gather", "Parent Relationship": "Outer", "Parallel Aware": false, "Async Capable": false, "Startup Cost": 1000.0, "Total Cost": 67742.25, "Plan Rows": 12, "Plan Width": 36, "Workers Planned": 2, "Single Copy": false, "Plans": [{"Node Type": "Aggregate", "Strategy": "Sorted", "Partial Mode": "Partial", "Parent Relationship": "Outer", "Parallel Aware": false, "Async Capable": false, "Startup Cost": 0.0, "Total Cost": 66741.05, "Plan Rows": 6, "Plan Width": 36, "Group Key": ["store_sales_1.ss_store_sk"], "Plans": [{"Node Type": "Seq Scan", "Parent Relationship": "Outer", "Parallel Aware": true, "Async Capable": false, "Relation Name": "store_sales", "Alias": "store_sales_1", "Startup Cost": 0.0, "Total Cost": 66697.48, "Plan Rows": 8700, "Plan Width": 10, "Filter": "((ss_hdemo_sk IS NULL) AND (ss_store_sk = 2))"}]}]}]}, {"Node Type": "Gather Merge", "Parent Relationship": "Outer", "Parallel Aware": false, "Async Capable": false, "Startup Cost": 69991.83, "Total Cost": 73838.83, "Plan Rows": 32972, "Plan Width": 36, "Workers Planned": 2, "Plans": [{"Node Type": "Sort", "Parent Relationship": "Outer", "Parallel Aware": false, "Async Capable": false, "Startup Cost": 68991.8, "Total Cost": 69033.02, "Plan Rows": 16486, "Plan Width": 36, "Sort Key": ["ss1_1.ss_item_sk"], "Plans": [{"Node Type": "Aggregate", "Strategy": "Hashed", "Partial Mode": "Partial", "Parent Relationship": "Outer", "Parallel Aware": false, "Async Capable": false, "Startup Cost": 67630.97, "Total Cost": 67837.04, "Plan Rows": 16486, "Plan Width": 36, "Group Key": ["ss1_1.ss_item_sk"], "Planned Partitions": 0, "Plans": [{"Node Type": "Seq Scan", "Parent Relationship": "Outer", "Parallel Aware": true, "Async Capable": false, "Relation Name": "store_sales", "Alias": "ss1_1", "Startup Cost": 0.0, "Total Cost": 66697.48, "Plan Rows": 186698, "Plan Width": 10, "Filter": "(ss_store_sk = 2)"}]}]}]}]}]}]}]}]}, {"Node Type": "Hash", "Parent Relationship": "Inner", "Parallel Aware": false, "Async Capable": false, "Startup Cost": 1410.0, "Total Cost": 1410.0, "Plan Rows": 18000, "Plan Width": 55, "Plans": [{"Node Type": "Seq Scan", "Parent Relationship": "Outer", "Parallel Aware": false, "Async Capable": false, "Relation Name": "item", "Alias": "i2", "Startup Cost": 0.0, "Total Cost": 1410.0, "Plan Rows": 18000, "Plan Width": 55}]}]}]}]}]}, "JIT": {"Functions": 74, "Options": {"Inlining": false, "Optimization": false, "Expressions": true, "Deforming": true}}}]]], [[[{"Plan": {"Node Type": "Limit", "Parallel Aware": false, "Async Capable": false, "Startup Cost": 32571.1, "Total Cost": 32580.87, "Plan Rows": 100, "Plan Width": 57, "Plans": [{"Node Type": "Aggregate", "Strategy": "Sorted", "Partial Mode": "Finalize", "Parent Relationship": "Outer", "Parallel Aware": false, "Async Capable": false, "Startup Cost": 32571.1, "Total Cost": 32615.83, "Plan Rows": 458, "Plan Width": 57, "Group Key": ["customer_address.ca_zip", "customer_address.ca_county"], "Plans": [{"Node Type": "Gather Merge", "Parent Relationship": "Outer", "Parallel Aware": false, "Async Capable": false, "Startup Cost": 32571.1, "Total Cost": 32607.42, "Plan Rows": 269, "Plan Width": 57, "Workers Planned": 1, "Plans": [{"Node Type": "Aggregate", "Strategy": "Sorted", "Partial Mode": "Partial", "Parent Relationship": "Outer", "Parallel Aware": false, "Async Capable": false, "Startup Cost": 31571.09, "Total Cost": 31577.14, "Plan Rows": 269, "Plan Width": 57, "Group Key": ["customer_address.ca_zip", "customer_address.ca_county"], "Plans": [{"Node Type": "Sort", "Parent Relationship": "Outer", "Parallel Aware": false, "Async Capable": false, "Startup Cost": 31571.09, "Total Cost": 31571.76, "Plan Rows": 269, "Plan Width": 31, "Sort Key": ["customer_address.ca_zip", "customer_address.ca_county"], "Plans": [{"Node Type": "Hash Join", "Parent Relationship": "Outer", "Parallel Aware": true, "Async Capable": false, "Join Type": "Inner", "Startup Cost": 30151.36, "Total Cost": 31560.24, "Plan Rows": 269, "Plan Width": 31, "Inner Unique": false, "Hash Cond": "(item.i_item_sk = web_sales.ws_item_sk)", "Join Filter": "((substr((customer_address.ca_zip)::text, 1, 5) = ANY ('{85669,86197,88274,83405,86475,85392,85460,80348,81792}'::text[])) OR (hashed SubPlan 1))", "Plans": [{"Node Type": "Seq Scan", "Parent Relationship": "Outer", "Parallel Aware": true, "Async Capable": false, "Relation Name": "item", "Alias": "item", "Startup Cost": 0.0, "Total Cost": 1335.88, "Plan Rows": 10588, "Plan Width": 21}, {"Node Type": "Hash", "Parent Relationship": "Inner", "Parallel Aware": true, "Async Capable": false, "Startup Cost": 30097.81, "Total Cost": 30097.81, "Plan Rows": 515, "Plan Width": 35, "Plans": [{"Node Type": "Hash Join", "Parent Relationship": "Outer", "Parallel Aware": true, "Async Capable": false, "Join Type": "Inner", "Startup Cost": 28493.07, "Total Cost": 30097.81, "Plan Rows": 515, "Plan Width": 35, "Inner Unique": false, "Hash Cond": "(customer_address.ca_address_sk = customer.c_current_addr_sk)", "Plans": [{"Node Type": "Seq Scan", "Parent Relationship": "Outer", "Parallel Aware": true, "Async Capable": false, "Relation Name": "customer_address", "Alias": "customer_address", "Startup Cost": 0.0, "Total Cost": 1381.12, "Plan Rows": 29412, "Plan Width": 29}, {"Node Type": "Hash", "Parent Relationship": "Inner", "Parallel Aware": true, "Async Capable": false, "Startup Cost": 28486.63, "Total Cost": 28486.63, "Plan Rows": 515, "Plan Width": 14, "Plans": [{"Node Type": "Hash Join", "Parent Relationship": "Outer", "Parallel Aware": true, "Async Capable": false, "Join Type": "Inner", "Startup Cost": 24606.07, "Total Cost": 28486.63, "Plan Rows": 515, "Plan Width": 14, "Inner Unique": false, "Hash Cond": "(customer.c_customer_sk = web_sales.ws_bill_customer_sk)", "Plans": [{"Node Type": "Seq Scan", "Parent Relationship": "Outer", "Parallel Aware": true, "Async Capable": false, "Relation Name": "customer", "Alias": "customer", "Startup Cost": 0.0, "Total Cost": 3437.24, "Plan Rows": 58824, "Plan Width": 8}, {"Node Type": "Hash", "Parent Relationship": "Inner", "Parallel Aware": true, "Async Capable": false, "Startup Cost": 24601.5, "Total Cost": 24601.5, "Plan Rows": 365, "Plan Width": 14, "Plans": [{"Node Type": "Hash Join", "Parent Relationship": "Outer", "Parallel Aware": true, "Async Capable": false, "Join Type": "Inner", "Startup Cost": 2050.2, "Total Cost": 24601.5, "Plan Rows": 365, "Plan Width": 14, "Inner Unique": true, "Hash Cond": "(web_sales.ws_sold_date_sk = date_dim.d_date_sk)", "Plans": [{"Node Type": "Seq Scan", "Parent Relationship": "Outer", "Parallel Aware": true, "Async Capable": false, "Relation Name": "web_sales", "Alias": "web_sales", "Startup Cost": 0.0, "Total Cost": 21764.43, "Plan Rows": 299743, "Plan Width": 18}, {"Node Type": "Hash", "Parent Relationship": "Inner", "Parallel Aware": true, "Async Capable": false, "Startup Cost": 2049.55, "Total Cost": 2049.55, "Plan Rows": 52, "Plan Width": 4, "Plans": [{"Node Type": "Seq Scan", "Parent Relationship": "Outer", "Parallel Aware": true, "Async Capable": false, "Relation Name": "date_dim", "Alias": "date_dim", "Startup Cost": 0.0, "Total Cost": 2049.55, "Plan Rows": 52, "Plan Width": 4, "Filter": "((d_qoy = 2) AND (d_year = 2000))"}]}]}]}]}]}]}]}, {"Node Type": "Index Scan", "Parent Relationship": "SubPlan", "Subplan Name": "SubPlan 1", "Parallel Aware": false, "Async Capable": false, "Scan Direction": "Forward", "Index Name": "item_pkey", "Relation Name": "item", "Alias": "item_1", "Startup Cost": 0.29, "Total Cost": 47.07, "Plan Rows": 10, "Plan Width": 17, "Index Cond": "(i_item_sk = ANY ('{2,3,5,7,11,13,17,19,23,29}'::integer[]))"}]}]}]}]}]}]}}]]], [[[{"Plan": {"Node Type": "Limit", "Parallel Aware": false, "Async Capable": false, "Startup Cost": 79913.91, "Total Cost": 79914.16, "Plan Rows": 100, "Plan Width": 138, "Plans": [{"Node Type": "Sort", "Parent Relationship": "Outer", "Parallel Aware": false, "Async Capable": false, "Startup Cost": 79913.91, "Total Cost": 79917.11, "Plan Rows": 1280, "Plan Width": 138, "Sort Key": ["customer.c_last_name", "customer.c_first_name", "current_addr.ca_city", "dn.bought_city", "dn.ss_ticket_number"], "Plans": [{"Node Type": "Hash Join", "Parent Relationship": "Outer", "Parallel Aware": false, "Async Capable": false, "Join Type": "Inner", "Startup Cost": 74128.02, "Total Cost": 79864.99, "Plan Rows": 1280, "Plan Width": 138, "Inner Unique": true, "Hash Cond": "(customer.c_current_addr_sk = current_addr.ca_address_sk)", "Join Filter": "((current_addr.ca_city)::text <> (dn.bought_city)::text)", "Plans": [{"Node Type": "Merge Join", "Parent Relationship": "Outer", "Parallel Aware": false, "Async Capable": false, "Join Type": "Inner", "Startup Cost": 71916.02, "Total Cost": 77649.63, "Plan Rows": 1282, "Plan Width": 133, "Inner Unique": false, "Merge Cond": "(customer.c_customer_sk = dn.ss_customer_sk)", "Plans": [{"Node Type": "Index Scan", "Parent Relationship": "Outer", "Parallel Aware": false, "Async Capable": false, "Scan Direction": "Forward", "Index Name": "customer_pkey", "Relation Name": "customer", "Alias": "customer", "Startup Cost": 0.29, "Total Cost": 5464.67, "Plan Rows": 100000, "Plan Width": 60}, {"Node Type": "Sort", "Parent Relationship": "Inner", "Parallel Aware": false, "Async Capable": false, "Startup Cost": 71915.73, "Total Cost": 71918.93, "Plan Rows": 1282, "Plan Width": 81, "Sort Key": ["dn.ss_customer_sk"], "Plans": [{"Node Type": "Subquery Scan", "Parent Relationship": "Outer", "Parallel Aware": false, "Async Capable": false, "Alias": "dn", "Startup Cost": 71693.09, "Total Cost": 71849.55, "Plan Rows": 1282, "Plan Width": 81, "Plans": [{"Node Type": "Aggregate", "Strategy": "Sorted", "Partial Mode": "Finalize", "Parent Relationship": "Subquery", "Parallel Aware": false, "Async Capable": false, "Startup Cost": 71693.09, "Total Cost": 71836.73, "Plan Rows": 1282, "Plan Width": 85, "Group Key": ["store_sales.ss_ticket_number", "store_sales.ss_customer_sk", "store_sales.ss_addr_sk", "customer_address.ca_city"], "Plans": [{"Node Type": "Gather Merge", "Parent Relationship": "Outer", "Parallel Aware": false, "Async Capable": false, "Startup Cost": 71693.09, "Total Cost": 71802.42, "Plan Rows": 754, "Plan Width": 85, "Workers Planned": 1, "Plans": [{"Node Type": "Aggregate", "Strategy": "Sorted", "Partial Mode": "Partial", "Parent Relationship": "Outer", "Parallel Aware": false, "Async Capable": false, "Startup Cost": 70693.08, "Total Cost": 70717.59, "Plan Rows": 754, "Plan Width": 85, "Group Key": ["store_sales.ss_ticket_number", "store_sales.ss_customer_sk", "store_sales.ss_addr_sk", "customer_address.ca_city"], "Plans": [{"Node Type": "Sort", "Parent Relationship": "Outer", "Parallel Aware": false, "Async Capable": false, "Startup Cost": 70693.08, "Total Cost": 70694.97, "Plan Rows": 754, "Plan Width": 30, "Sort Key": ["store_sales.ss_ticket_number", "store_sales.ss_customer_sk", "store_sales.ss_addr_sk", "customer_address.ca_city"], "Plans": [{"Node Type": "Hash Join", "Parent Relationship": "Outer", "Parallel Aware": true, "Async Capable": false, "Join Type": "Inner", "Startup Cost": 69162.63, "Total Cost": 70657.05, "Plan Rows": 754, "Plan Width": 30, "Inner Unique": false, "Hash Cond": "(customer_address.ca_address_sk = store_sales.ss_addr_sk)", "Plans": [{"Node Type": "Seq Scan", "Parent Relationship": "Outer", "Parallel Aware": true, "Async Capable": false, "Relation Name": "customer_address", "Alias": "customer_address", "Startup Cost": 0.0, "Total Cost": 1381.12, "Plan Rows": 29412, "Plan Width": 13}, {"Node Type": "Hash", "Parent Relationship": "Inner", "Parallel Aware": true, "Async Capable": false, "Startup Cost": 69155.96, "Total Cost": 69155.96, "Plan Rows": 534, "Plan Width": 21, "Plans": [{"Node Type": "Hash Join", "Parent Relationship": "Outer", "Parallel Aware": false, "Async Capable": false, "Join Type": "Inner", "Startup Cost": 2290.32, "Total Cost": 69155.96, "Plan Rows": 534, "Plan Width": 21, "Inner Unique": true, "Hash Cond": "(store_sales.ss_store_sk = store.s_store_sk)", "Plans": [{"Node Type": "Hash Join", "Parent Relationship": "Outer", "Parallel Aware": false, "Async Capable": false, "Join Type": "Inner", "Startup Cost": 2289.06, "Total Cost": 69150.2, "Plan Rows": 1282, "Plan Width": 25, "Inner Unique": true, "Hash Cond": "(store_sales.ss_hdemo_sk = household_demographics.hd_demo_sk)", "Plans": [{"Node Type": "Hash Join", "Parent Relationship": "Outer", "Parallel Aware": true, "Async Capable": false, "Join Type": "Inner", "Startup Cost": 2105.56, "Total Cost": 68953.23, "Plan Rows": 5126, "Plan Width": 29, "Inner Unique": true, "Hash Cond": "(store_sales.ss_sold_date_sk = date_dim.d_date_sk)", "Plans": [{"Node Type": "Seq Scan", "Parent Relationship": "Outer", "Parallel Aware": true, "Async Capable": false, "Relation Name": "store_sales", "Alias": "store_sales", "Startup Cost": 0.0, "Total Cost": 63697.18, "Plan Rows": 1200118, "Plan Width": 33}, {"Node Type": "Hash", "Parent Relationship": "Inner", "Parallel Aware": true, "Async Capable": false, "Startup Cost": 2103.26, "Total Cost": 2103.26, "Plan Rows": 184, "Plan Width": 4, "Plans": [{"Node Type": "Seq Scan", "Parent Relationship": "Outer", "Parallel Aware": true, "Async Capable": false, "Relation Name": "date_dim", "Alias": "date_dim", "Startup Cost": 0.0, "Total Cost": 2103.26, "Plan Rows": 184, "Plan Width": 4, "Filter": "((d_dow = ANY ('{6,0}'::integer[])) AND (d_year = ANY ('{1999,2000,2001}'::integer[])))"}]}]}, {"Node Type": "Hash", "Parent Relationship": "Inner", "Parallel Aware": false, "Async Capable": false, "Startup Cost": 161.0, "Total Cost": 161.0, "Plan Rows": 1800, "Plan Width": 4, "Plans": [{"Node Type": "Seq Scan", "Parent Relationship": "Outer", "Parallel Aware": false, "Async Capable": false, "Relation Name": "household_demographics", "Alias": "household_demographics", "Startup Cost": 0.0, "Total Cost": 161.0, "Plan Rows": 1800, "Plan Width": 4, "Filter": "((hd_dep_count = 5) OR (hd_vehicle_count = 3))"}]}]}, {"Node Type": "Hash", "Parent Relationship": "Inner", "Parallel Aware": false, "Async Capable": false, "Startup Cost": 1.2, "Total Cost": 1.2, "Plan Rows": 5, "Plan Width": 4, "Plans": [{"Node Type": "Seq Scan", "Parent Relationship": "Outer", "Parallel Aware": false, "Async Capable": false, "Relation Name": "store", "Alias": "store", "Startup Cost": 0.0, "Total Cost": 1.2, "Plan Rows": 5, "Plan Width": 4, "Filter": "((s_city)::text = ANY ('{Midway,Fairview,Fairview,Midway,Fairview}'::text[]))"}]}]}]}]}]}]}]}]}]}]}]}, {"Node Type": "Hash", "Parent Relationship": "Inner", "Parallel Aware": false, "Async Capable": false, "Startup Cost": 1587.0, "Total Cost": 1587.0, "Plan Rows": 50000, "Plan Width": 13, "Plans": [{"Node Type": "Seq Scan", "Parent Relationship": "Outer", "Parallel Aware": false, "Async Capable": false, "Relation Name": "customer_address", "Alias": "current_addr", "Startup Cost": 0.0, "Total Cost": 1587.0, "Plan Rows": 50000, "Plan Width": 13}]}]}]}]}}]]], [[[{"Plan": {"Node Type": "Limit", "Parallel Aware": false, "Async Capable": false, "Startup Cost": 77357.35, "Total Cost": 77357.35, "Plan Rows": 1, "Plan Width": 576, "Plans": [{"Node Type": "WindowAgg", "Parent Relationship": "InitPlan", "Subplan Name": "CTE v1", "Parallel Aware": false, "Async Capable": false, "Startup Cost": 72180.77, "Total Cost": 75388.03, "Plan Rows": 16758, "Plan Width": 418, "Plans": [{"Node Type": "WindowAgg", "Parent Relationship": "Outer", "Parallel Aware": false, "Async Capable": false, "Startup Cost": 72180.77, "Total Cost": 74969.08, "Plan Rows": 16758, "Plan Width": 386, "Plans": [{"Node Type": "Aggregate", "Strategy": "Sorted", "Partial Mode": "Finalize", "Parent Relationship": "Outer", "Parallel Aware": false, "Async Capable": false, "Startup Cost": 72180.77, "Total Cost": 74508.23, "Plan Rows": 16758, "Plan Width": 378, "Group Key": ["item.i_category", "item.i_brand", "store.s_store_name", "store.s_company_name", "date_dim.d_year", "date_dim.d_moy"], "Plans": [{"Node Type": "Gather Merge", "Parent Relationship": "Outer", "Parallel Aware": false, "Async Capable": false, "Startup Cost": 72180.77, "Total Cost": 74019.48, "Plan Rows": 13964, "Plan Width": 378, "Workers Planned": 2, "Plans": [{"Node Type": "Aggregate", "Strategy": "Sorted", "Partial Mode": "Partial", "Parent Relationship": "Outer", "Parallel Aware": false, "Async Capable": false, "Startup Cost": 71180.75, "Total Cost": 71407.66, "Plan Rows": 6982, "Plan Width": 378, "Group Key": ["item.i_category", "item.i_brand", "store.s_store_name", "store.s_company_name", "date_dim.d_year", "date_dim.d_moy"], "Plans": [{"Node Type": "Sort", "Parent Relationship": "Outer", "Parallel Aware": false, "Async Capable": false, "Startup Cost": 71180.75, "Total Cost": 71198.2, "Plan Rows": 6982, "Plan Width": 352, "Sort Key": ["item.i_category", "item.i_brand", "store.s_store_name", "store.s_company_name", "date_dim.d_year", "date_dim.d_moy"], "Plans": [{"Node Type": "Hash Join", "Parent Relationship": "Outer", "Parallel Aware": false, "Async Capable": false, "Join Type": "Inner", "Startup Cost": 3844.45, "Total Cost": 70734.96, "Plan Rows": 6982, "Plan Width": 352, "Inner Unique": true, "Hash Cond": "(store_sales.ss_store_sk = store.s_store_sk)", "Plans": [{"Node Type": "Hash Join", "Parent Relationship": "Outer", "Parallel Aware": true, "Async Capable": false, "Join Type": "Inner", "Startup Cost": 3843.18, "Total Cost": 70709.18, "Plan Rows": 6982, "Plan Width": 120, "Inner Unique": true, "Hash Cond": "(store_sales.ss_item_sk = item.i_item_sk)", "Plans": [{"Node Type": "Hash Join", "Parent Relationship": "Outer", "Parallel Aware": true, "Async Capable": false, "Join Type": "Inner", "Startup Cost": 2374.95, "Total Cost": 69222.62, "Plan Rows": 6982, "Plan Width": 22, "Inner Unique": true, "Hash Cond": "(store_sales.ss_sold_date_sk = date_dim.d_date_sk)", "Plans": [{"Node Type": "Seq Scan", "Parent Relationship": "Outer", "Parallel Aware": true, "Async Capable": false, "Relation Name": "store_sales", "Alias": "store_sales", "Startup Cost": 0.0, "Total Cost": 63697.18, "Plan Rows": 1200118, "Plan Width": 18}, {"Node Type": "Hash", "Parent Relationship": "Inner", "Parallel Aware": true, "Async Capable": false, "Startup Cost": 2371.82, "Total Cost": 2371.82, "Plan Rows": 250, "Plan Width": 12, "Plans": [{"Node Type": "Seq Scan", "Parent Relationship": "Outer", "Parallel Aware": true, "Async Capable": false, "Relation Name": "date_dim", "Alias": "date_dim", "Startup Cost": 0.0, "Total Cost": 2371.82, "Plan Rows": 250, "Plan Width": 12, "Filter": "((d_year = 2000) OR ((d_year = 1999) AND (d_moy = 12)) OR ((d_year = 2001) AND (d_moy = 1)))"}]}]}, {"Node Type": "Hash", "Parent Relationship": "Inner", "Parallel Aware": true, "Async Capable": false, "Startup Cost": 1335.88, "Total Cost": 1335.88, "Plan Rows": 10588, "Plan Width": 106, "Plans": [{"Node Type": "Seq Scan", "Parent Relationship": "Outer", "Parallel Aware": true, "Async Capable": false, "Relation Name": "item", "Alias": "item", "Startup Cost": 0.0, "Total Cost": 1335.88, "Plan Rows": 10588, "Plan Width": 106}]}]}, {"Node Type": "Hash", "Parent Relationship": "Inner", "Parallel Aware": false, "Async Capable": false, "Startup Cost": 1.12, "Total Cost": 1.12, "Plan Rows": 12, "Plan Width": 240, "Plans": [{"Node Type": "Seq Scan", "Parent Relationship": "Outer", "Parallel Aware": false, "Async Capable": false, "Relation Name": "store", "Alias": "store", "Startup Cost": 0.0, "Total Cost": 1.12, "Plan Rows": 12, "Plan Width": 240}]}]}]}]}]}]}]}]}, {"Node Type": "Sort", "Parent Relationship": "Outer", "Parallel Aware": false, "Async Capable": false, "Startup Cost": 1969.32, "Total Cost": 1969.33, "Plan Rows": 1, "Plan Width": 576, "Sort Key": ["((v1.sum_sales - v1.avg_monthly_sales))", "v1_lead.sum_sales"], "Plans": [{"Node Type": "Hash Join", "Parent Relationship": "Outer", "Parallel Aware": false, "Async Capable": false, "Join Type": "Inner", "Startup Cost": 1298.98, "Total Cost": 1969.31, "Plan Rows": 1, "Plan Width": 576, "Inner Unique": false, "Hash Cond": "((v1_lead.i_category = v1.i_category) AND (v1_lead.i_brand = v1.i_brand) AND ((v1_lead.s_store_name)::text = (v1.s_store_name)::text) AND ((v1_lead.s_company_name)::text = (v1.s_company_name)::text) AND ((v1_lead.rn - 1) = v1.rn))", "Plans": [{"Node Type": "CTE Scan", "Parent Relationship": "Outer", "Parallel Aware": false, "Async Capable": false, "CTE Name": "v1", "Alias": "v1_lead", "Startup Cost": 0.0, "Total Cost": 335.16, "Plan Rows": 16758, "Plan Width": 684}, {"Node Type": "Hash", "Parent Relationship": "Inner", "Parallel Aware": false, "Async Capable": false, "Startup Cost": 1298.96, "Total Cost": 1298.96, "Plan Rows": 1, "Plan Width": 1408, "Plans": [{"Node Type": "Hash Join", "Parent Relationship": "Outer", "Parallel Aware": false, "Async Capable": false, "Join Type": "Inner", "Startup Cost": 628.63, "Total Cost": 1298.96, "Plan Rows": 1, "Plan Width": 1408, "Inner Unique": false, "Hash Cond": "((v1_lag.i_category = v1.i_category) AND (v1_lag.i_brand = v1.i_brand) AND ((v1_lag.s_store_name)::text = (v1.s_store_name)::text) AND ((v1_lag.s_company_name)::text = (v1.s_company_name)::text) AND ((v1_lag.rn + 1) = v1.rn))", "Plans": [{"Node Type": "CTE Scan", "Parent Relationship": "Outer", "Parallel Aware": false, "Async Capable": false, "CTE Name": "v1", "Alias": "v1_lag", "Startup Cost": 0.0, "Total Cost": 335.16, "Plan Rows": 16758, "Plan Width": 684}, {"Node Type": "Hash", "Parent Relationship": "Inner", "Parallel Aware": false, "Async Capable": false, "Startup Cost": 628.43, "Total Cost": 628.43, "Plan Rows": 9, "Plan Width": 724, "Plans": [{"Node Type": "CTE Scan", "Parent Relationship": "Outer", "Parallel Aware": false, "Async Capable": false, "CTE Name": "v1", "Alias": "v1", "Startup Cost": 0.0, "Total Cost": 628.43, "Plan Rows": 9, "Plan Width": 724, "Filter": "((avg_monthly_sales > '0'::numeric) AND (d_year = 2000) AND (CASE WHEN (avg_monthly_sales > '0'::numeric) THEN (abs((sum_sales - avg_monthly_sales)) / avg_monthly_sales) ELSE NULL::numeric END > 0.1))"}]}]}]}]}]}]}}]]], [[[{"Plan": {"Node Type": "Aggregate", "Strategy": "Plain", "Partial Mode": "Finalize", "Parallel Aware": false, "Async Capable": false, "Startup Cost": 146966.42, "Total Cost": 146966.43, "Plan Rows": 1, "Plan Width": 8, "Plans": [{"Node Type": "Gather", "Parent Relationship": "Outer", "Parallel Aware": false, "Async Capable": false, "Startup Cost": 146966.31, "Total Cost": 146966.42, "Plan Rows": 1, "Plan Width": 8, "Workers Planned": 1, "Single Copy": false, "Plans": [{"Node Type": "Aggregate", "Strategy": "Plain", "Partial Mode": "Partial", "Parent Relationship": "Outer", "Parallel Aware": false, "Async Capable": false, "Startup Cost": 145966.31, "Total Cost": 145966.32, "Plan Rows": 1, "Plan Width": 8, "Plans": [{"Node Type": "Hash Join", "Parent Relationship": "Outer", "Parallel Aware": false, "Async Capable": false, "Join Type": "Inner", "Startup Cost": 144158.28, "Total Cost": 145966.3, "Plan Rows": 3, "Plan Width": 4, "Inner Unique": true, "Hash Cond": "(store_sales.ss_store_sk = store.s_store_sk)", "Plans": [{"Node Type": "Hash Join", "Parent Relationship": "Outer", "Parallel Aware": true, "Async Capable": false, "Join Type": "Inner", "Startup Cost": 144157.01, "Total Cost": 145965.02, "Plan Rows": 3, "Plan Width": 8, "Inner Unique": false, "Hash Cond": "(customer_address.ca_address_sk = store_sales.ss_addr_sk)", "Join Filter": "(((customer_address.ca_state = ANY ('{KY,GA,NM}'::bpchar[])) AND (store_sales.ss_net_profit >= '0'::numeric) AND (store_sales.ss_net_profit <= '2000'::numeric)) OR ((customer_address.ca_state = ANY ('{MT,OR,IN}'::bpchar[])) AND (store_sales.ss_net_profit >= '150'::numeric) AND (store_sales.ss_net_profit <= '3000'::numeric)) OR ((customer_address.ca_state = ANY ('{WI,MO,WV}'::bpchar[])) AND (store_sales.ss_net_profit >= '50'::numeric) AND (store_sales.ss_net_profit <= '25000'::numeric)))", "Plans": [{"Node Type": "Seq Scan", "Parent Relationship": "Outer", "Parallel Aware": true, "Async Capable": false, "Relation Name": "customer_address", "Alias": "customer_address", "Startup Cost": 0.0, "Total Cost": 1785.53, "Plan Rows": 5966, "Plan Width": 7, "Filter": "(((ca_country)::text = 'United States'::text) AND ((ca_state = ANY ('{KY,GA,NM}'::bpchar[])) OR (ca_state = ANY ('{MT,OR,IN}'::bpchar[])) OR (ca_state = ANY ('{WI,MO,WV}'::bpchar[]))))"}, {"Node Type": "Hash", "Parent Relationship": "Inner", "Parallel Aware": true, "Async Capable": false, "Startup Cost": 144156.71, "Total Cost": 144156.71, "Plan Rows": 24, "Plan Width": 18, "Plans": [{"Node Type": "Hash Join", "Parent Relationship": "Outer", "Parallel Aware": true, "Async Capable": false, "Join Type": "Inner", "Startup Cost": 102070.0, "Total Cost": 144156.71, "Plan Rows": 24, "Plan Width": 18, "Inner Unique": false, "Hash Cond": "(customer_demographics.cd_demo_sk = store_sales.ss_cdemo_sk)", "Join Filter": "(((customer_demographics.cd_marital_status = 'M'::bpchar) AND (customer_demographics.cd_education_status = '4 yr Degree'::bpchar) AND (store_sales.ss_sales_price >= 100.00) AND (store_sales.ss_sales_price <= 150.00)) OR ((customer_demographics.cd_marital_status = 'D'::bpchar) AND (customer_demographics.cd_education_status = 'Primary'::bpchar) AND (store_sales.ss_sales_price >= 50.00) AND (store_sales.ss_sales_price <= 100.00)) OR ((customer_demographics.cd_marital_status = 'U'::bpchar) AND (customer_demographics.cd_education_status = 'Advanced Degree'::bpchar) AND (store_sales.ss_sales_price >= 150.00) AND (store_sales.ss_sales_price <= 200.00)))", "Plans": [{"Node Type": "Seq Scan", "Parent Relationship": "Outer", "Parallel Aware": true, "Async Capable": false, "Relation Name": "customer_demographics", "Alias": "customer_demographics", "Startup Cost": 0.0, "Total Cost": 41836.33, "Plan Rows": 66490, "Plan Width": 27, "Filter": "(((cd_marital_status = 'M'::bpchar) AND (cd_education_status = '4 yr Degree'::bpchar)) OR ((cd_marital_status = 'D'::bpchar) AND (cd_education_status = 'Primary'::bpchar)) OR ((cd_marital_status = 'U'::bpchar) AND (cd_education_status = 'Advanced Degree'::bpchar)))"}, {"Node Type": "Hash", "Parent Relationship": "Inner", "Parallel Aware": true, "Async Capable": false, "Startup Cost": 102060.16, "Total Cost": 102060.16, "Plan Rows": 787, "Plan Width": 28, "Plans": [{"Node Type": "Hash Join", "Parent Relationship": "Outer", "Parallel Aware": true, "Async Capable": false, "Join Type": "Inner", "Startup Cost": 1944.8, "Total Cost": 102060.16, "Plan Rows": 787, "Plan Width": 28, "Inner Unique": true, "Hash Cond": "(store_sales.ss_sold_date_sk = date_dim.d_date_sk)", "Plans": [{"Node Type": "Seq Scan", "Parent Relationship": "Outer", "Parallel Aware": true, "Async Capable": false, "Relation Name": "store_sales", "Alias": "store_sales", "Startup Cost": 0.0, "Total Cost": 99700.73, "Plan Rows": 157946, "Plan Width": 32, "Filter": "((((ss_sales_price >= 100.00) AND (ss_sales_price <= 150.00)) OR ((ss_sales_price >= 50.00) AND (ss_sales_price <= 100.00)) OR ((ss_sales_price >= 150.00) AND (ss_sales_price <= 200.00))) AND (((ss_net_profit >= '0'::numeric) AND (ss_net_profit <= '2000'::numeric)) OR ((ss_net_profit >= '150'::numeric) AND (ss_net_profit <= '3000'::numeric)) OR ((ss_net_profit >= '50'::numeric) AND (ss_net_profit <= '25000'::numeric))))"}, {"Node Type": "Hash", "Parent Relationship": "Inner", "Parallel Aware": true, "Async Capable": false, "Startup Cost": 1942.12, "Total Cost": 1942.12, "Plan Rows": 214, "Plan Width": 4, "Plans": [{"Node Type": "Seq Scan", "Parent Relationship": "Outer", "Parallel Aware": true, "Async Capable": false, "Relation Name": "date_dim", "Alias": "date_dim", "Startup Cost": 0.0, "Total Cost": 1942.12, "Plan Rows": 214, "Plan Width": 4, "Filter": "(d_year = 1998)"}]}]}]}]}]}]}, {"Node Type": "Hash", "Parent Relationship": "Inner", "Parallel Aware": false, "Async Capable": false, "Startup Cost": 1.12, "Total Cost": 1.12, "Plan Rows": 12, "Plan Width": 4, "Plans": [{"Node Type": "Seq Scan", "Parent Relationship": "Outer", "Parallel Aware": false, "Async Capable": false, "Relation Name": "store", "Alias": "store", "Startup Cost": 0.0, "Total Cost": 1.12, "Plan Rows": 12, "Plan Width": 4}]}]}]}]}]}, "JIT": {"Functions": 51, "Options": {"Inlining": false, "Optimization": false, "Expressions": true, "Deforming": true}}}]]], [[[{"Plan": {"Node Type": "Limit", "Parallel Aware": false, "Async Capable": false, "Startup Cost": 167482.15, "Total Cost": 167482.16, "Plan Rows": 3, "Plan Width": 84, "Plans": [{"Node Type": "Sort", "Parent Relationship": "Outer", "Parallel Aware": false, "Async Capable": false, "Startup Cost": 167482.15, "Total Cost": 167482.16, "Plan Rows": 3, "Plan Width": 84, "Sort Key": ["('web'::text)", "web.return_rank", "web.currency_rank", "web.item"], "Plans": [{"Node Type": "Aggregate", "Strategy": "Hashed", "Partial Mode": "Simple", "Parent Relationship": "Outer", "Parallel Aware": false, "Async Capable": false, "Startup Cost": 167482.07, "Total Cost": 167482.1, "Plan Rows": 3, "Plan Width": 84, "Group Key": ["('web'::text)", "web.item", "web.return_ratio", "web.return_rank", "web.currency_rank"], "Planned Partitions": 0, "Plans": [{"Node Type": "Append", "Parent Relationship": "Outer", "Parallel Aware": false, "Async Capable": false, "Startup Cost": 29224.3, "Total Cost": 167482.03, "Plan Rows": 3, "Plan Width": 84, "Subplans Removed": 0, "Plans": [{"Node Type": "Subquery Scan", "Parent Relationship": "Member", "Parallel Aware": false, "Async Capable": false, "Alias": "web", "Startup Cost": 29224.3, "Total Cost": 29224.33, "Plan Rows": 1, "Plan Width": 84, "Filter": "((web.return_rank <= 10) OR (web.currency_rank <= 10))", "Plans": [{"Node Type": "WindowAgg", "Parent Relationship": "Subquery", "Parallel Aware": false, "Async Capable": false, "Startup Cost": 29224.3, "Total Cost": 29224.32, "Plan Rows": 1, "Plan Width": 84, "Plans": [{"Node Type": "Sort", "Parent Relationship": "Outer", "Parallel Aware": false, "Async Capable": false, "Startup Cost": 29224.3, "Total Cost": 29224.3, "Plan Rows": 1, "Plan Width": 76, "Sort Key": ["in_web.return_ratio"], "Plans": [{"Node Type": "WindowAgg", "Parent Relationship": "Outer", "Parallel Aware": false, "Async Capable": false, "Startup Cost": 29224.27, "Total Cost": 29224.29, "Plan Rows": 1, "Plan Width": 76, "Plans": [{"Node Type": "Sort", "Parent Relationship": "Outer", "Parallel Aware": false, "Async Capable": false, "Startup Cost": 29224.27, "Total Cost": 29224.27, "Plan Rows": 1, "Plan Width": 68, "Sort Key": ["in_web.currency_ratio"], "Plans": [{"Node Type": "Subquery Scan", "Parent Relationship": "Outer", "Parallel Aware": false, "Async Capable": false, "Alias": "in_web", "Startup Cost": 29224.2, "Total Cost": 29224.26, "Plan Rows": 1, "Plan Width": 68, "Plans": [{"Node Type": "Aggregate", "Strategy": "Sorted", "Partial Mode": "Simple", "Parent Relationship": "Subquery", "Parallel Aware": false, "Async Capable": false, "Startup Cost": 29224.2, "Total Cost": 29224.25, "Plan Rows": 1, "Plan Width": 68, "Group Key": ["ws.ws_item_sk"], "Plans": [{"Node Type": "Sort", "Parent Relationship": "Outer", "Parallel Aware": false, "Async Capable": false, "Startup Cost": 29224.2, "Total Cost": 29224.2, "Plan Rows": 1, "Plan Width": 24, "Sort Key": ["ws.ws_item_sk"], "Plans": [{"Node Type": "Gather", "Parent Relationship": "Outer", "Parallel Aware": false, "Async Capable": false, "Startup Cost": 27366.49, "Total Cost": 29224.19, "Plan Rows": 1, "Plan Width": 24, "Workers Planned": 1, "Single Copy": false, "Plans": [{"Node Type": "Hash Join", "Parent Relationship": "Outer", "Parallel Aware": true, "Async Capable": false, "Join Type": "Inner", "Startup Cost": 26366.49, "Total Cost": 28224.09, "Plan Rows": 1, "Plan Width": 24, "Inner Unique": false, "Hash Cond": "((wr.wr_order_number = ws.ws_order_number) AND (wr.wr_item_sk = ws.ws_item_sk))", "Plans": [{"Node Type": "Seq Scan", "Parent Relationship": "Outer", "Parallel Aware": true, "Async Capable": false, "Relation Name": "web_returns", "Alias": "wr", "Startup Cost": 0.0, "Total Cost": 1854.67, "Plan Rows": 389, "Plan Width": 18, "Filter": "(wr_return_amt > '10000'::numeric)"}, {"Node Type": "Hash", "Parent Relationship": "Inner", "Parallel Aware": true, "Async Capable": false, "Startup Cost": 26365.76, "Total Cost": 26365.76, "Plan Rows": 49, "Plan Width": 18, "Plans": [{"Node Type": "Hash Join", "Parent Relationship": "Outer", "Parallel Aware": true, "Async Capable": false, "Join Type": "Inner", "Startup Cost": 2049.78, "Total Cost": 26365.76, "Plan Rows": 49, "Plan Width": 18, "Inner Unique": true, "Hash Cond": "(ws.ws_sold_date_sk = date_dim.d_date_sk)", "Plans": [{"Node Type": "Seq Scan", "Parent Relationship": "Outer", "Parallel Aware": true, "Async Capable": false, "Relation Name": "web_sales", "Alias": "ws", "Startup Cost": 0.0, "Total Cost": 24012.51, "Plan Rows": 115600, "Plan Width": 22, "Filter": "((ws_net_profit > '1'::numeric) AND (ws_net_paid > '0'::numeric) AND (ws_quantity > 0))"}, {"Node Type": "Hash", "Parent Relationship": "Inner", "Parallel Aware": true, "Async Capable": false, "Startup Cost": 2049.55, "Total Cost": 2049.55, "Plan Rows": 18, "Plan Width": 4, "Plans": [{"Node Type": "Seq Scan", "Parent Relationship": "Outer", "Parallel Aware": true, "Async Capable": false, "Relation Name": "date_dim", "Alias": "date_dim", "Startup Cost": 0.0, "Total Cost": 2049.55, "Plan Rows": 18, "Plan Width": 4, "Filter": "((d_year = 2000) AND (d_moy = 12))"}]}]}]}]}]}]}]}]}]}]}]}]}]}, {"Node Type": "Subquery Scan", "Parent Relationship": "Member", "Parallel Aware": false, "Async Capable": false, "Alias": "catalog", "Startup Cost": 55510.75, "Total Cost": 55510.78, "Plan Rows": 1, "Plan Width": 84, "Filter": "((catalog.return_rank <= 10) OR (catalog.currency_rank <= 10))", "Plans": [{"Node Type": "WindowAgg", "Parent Relationship": "Subquery", "Parallel Aware": false, "Async Capable": false, "Startup Cost": 55510.75, "Total Cost": 55510.77, "Plan Rows": 1, "Plan Width": 84, "Plans": [{"Node Type": "Sort", "Parent Relationship": "Outer", "Parallel Aware": false, "Async Capable": false, "Startup Cost": 55510.75, "Total Cost": 55510.75, "Plan Rows": 1, "Plan Width": 76, "Sort Key": ["in_cat.return_ratio"], "Plans": [{"Node Type": "WindowAgg", "Parent Relationship": "Outer", "Parallel Aware": false, "Async Capable": false, "Startup Cost": 55510.72, "Total Cost": 55510.74, "Plan Rows": 1, "Plan Width": 76, "Plans": [{"Node Type": "Sort", "Parent Relationship": "Outer", "Parallel Aware": false, "Async Capable": false, "Startup Cost": 55510.72, "Total Cost": 55510.72, "Plan Rows": 1, "Plan Width": 68, "Sort Key": ["in_cat.currency_ratio"], "Plans": [{"Node Type": "Subquery Scan", "Parent Relationship": "Outer", "Parallel Aware": false, "Async Capable": false, "Alias": "in_cat", "Startup Cost": 55510.65, "Total Cost": 55510.71, "Plan Rows": 1, "Plan Width": 68, "Plans": [{"Node Type": "Aggregate", "Strategy": "Sorted", "Partial Mode": "Simple", "Parent Relationship": "Subquery", "Parallel Aware": false, "Async Capable": false, "Startup Cost": 55510.65, "Total Cost": 55510.7, "Plan Rows": 1, "Plan Width": 68, "Group Key": ["cs.cs_item_sk"], "Plans": [{"Node Type": "Sort", "Parent Relationship": "Outer", "Parallel Aware": false, "Async Capable": false, "Startup Cost": 55510.65, "Total Cost": 55510.65, "Plan Rows": 1, "Plan Width": 24, "Sort Key": ["cs.cs_item_sk"], "Plans": [{"Node Type": "Gather", "Parent Relationship": "Outer", "Parallel Aware": false, "Async Capable": false, "Startup Cost": 51568.26, "Total Cost": 55510.64, "Plan Rows": 1, "Plan Width": 24, "Workers Planned": 1, "Single Copy": false, "Plans": [{"Node Type": "Hash Join", "Parent Relationship": "Outer", "Parallel Aware": true, "Async Capable": false, "Join Type": "Inner", "Startup Cost": 50568.26, "Total Cost": 54510.54, "Plan Rows": 1, "Plan Width": 24, "Inner Unique": false, "Hash Cond": "((cr.cr_order_number = cs.cs_order_number) AND (cr.cr_item_sk = cs.cs_item_sk))", "Plans": [{"Node Type": "Seq Scan", "Parent Relationship": "Outer", "Parallel Aware": true, "Async Capable": false, "Relation Name": "catalog_returns", "Alias": "cr", "Startup Cost": 0.0, "Total Cost": 3936.32, "Plan Rows": 793, "Plan Width": 18, "Filter": "(cr_return_amount > '10000'::numeric)"}, {"Node Type": "Hash", "Parent Relationship": "Inner", "Parallel Aware": true, "Async Capable": false, "Startup Cost": 50566.81, "Total Cost": 50566.81, "Plan Rows": 97, "Plan Width": 18, "Plans": [{"Node Type": "Hash Join", "Parent Relationship": "Outer", "Parallel Aware": true, "Async Capable": false, "Join Type": "Inner", "Startup Cost": 2049.78, "Total Cost": 50566.81, "Plan Rows": 97, "Plan Width": 18, "Inner Unique": true, "Hash Cond": "(cs.cs_sold_date_sk = date_dim_1.d_date_sk)", "Plans": [{"Node Type": "Seq Scan", "Parent Relationship": "Outer", "Parallel Aware": true, "Async Capable": false, "Relation Name": "catalog_sales", "Alias": "cs", "Startup Cost": 0.0, "Total Cost": 47915.85, "Plan Rows": 229009, "Plan Width": 22, "Filter": "((cs_net_profit > '1'::numeric) AND (cs_net_paid > '0'::numeric) AND (cs_quantity > 0))"}, {"Node Type": "Hash", "Parent Relationship": "Inner", "Parallel Aware": true, "Async Capable": false, "Startup Cost": 2049.55, "Total Cost": 2049.55, "Plan Rows": 18, "Plan Width": 4, "Plans": [{"Node Type": "Seq Scan", "Parent Relationship": "Outer", "Parallel Aware": true, "Async Capable": false, "Relation Name": "date_dim", "Alias": "date_dim_1", "Startup Cost": 0.0, "Total Cost": 2049.55, "Plan Rows": 18, "Plan Width": 4, "Filter": "((d_year = 2000) AND (d_moy = 12))"}]}]}]}]}]}]}]}]}]}]}]}]}]}, {"Node Type": "Subquery Scan", "Parent Relationship": "Member", "Parallel Aware": false, "Async Capable": false, "Alias": "store", "Startup Cost": 82746.83, "Total Cost": 82746.87, "Plan Rows": 1, "Plan Width": 84, "Filter": "((store.return_rank <= 10) OR (store.currency_rank <= 10))", "Plans": [{"Node Type": "WindowAgg", "Parent Relationship": "Subquery", "Parallel Aware": false, "Async Capable": false, "Startup Cost": 82746.83, "Total Cost": 82746.85, "Plan Rows": 1, "Plan Width": 84, "Plans": [{"Node Type": "Sort", "Parent Relationship": "Outer", "Parallel Aware": false, "Async Capable": false, "Startup Cost": 82746.83, "Total Cost": 82746.84, "Plan Rows": 1, "Plan Width": 76, "Sort Key": ["in_store.return_ratio"], "Plans": [{"Node Type": "WindowAgg", "Parent Relationship": "Outer", "Parallel Aware": false, "Async Capable": false, "Startup Cost": 82746.8, "Total Cost": 82746.82, "Plan Rows": 1, "Plan Width": 76, "Plans": [{"Node Type": "Sort", "Parent Relationship": "Outer", "Parallel Aware": false, "Async Capable": false, "Startup Cost": 82746.8, "Total Cost": 82746.81, "Plan Rows": 1, "Plan Width": 68, "Sort Key": ["in_store.currency_ratio"], "Plans": [{"Node Type": "Subquery Scan", "Parent Relationship": "Outer", "Parallel Aware": false, "Async Capable": false, "Alias": "in_store", "Startup Cost": 82746.73, "Total Cost": 82746.79, "Plan Rows": 1, "Plan Width": 68, "Plans": [{"Node Type": "Aggregate", "Strategy": "Sorted", "Partial Mode": "Simple", "Parent Relationship": "Subquery", "Parallel Aware": false, "Async Capable": false, "Startup Cost": 82746.73, "Total Cost": 82746.78, "Plan Rows": 1, "Plan Width": 68, "Group Key": ["sts.ss_item_sk"], "Plans": [{"Node Type": "Sort", "Parent Relationship": "Outer", "Parallel Aware": false, "Async Capable": false, "Startup Cost": 82746.73, "Total Cost": 82746.73, "Plan Rows": 1, "Plan Width": 24, "Sort Key": ["sts.ss_item_sk"], "Plans": [{"Node Type": "Gather", "Parent Relationship": "Outer", "Parallel Aware": false, "Async Capable": false, "Startup Cost": 76452.21, "Total Cost": 82746.72, "Plan Rows": 1, "Plan Width": 24, "Workers Planned": 2, "Single Copy": false, "Plans": [{"Node Type": "Hash Join", "Parent Relationship": "Outer", "Parallel Aware": true, "Async Capable": false, "Join Type": "Inner", "Startup Cost": 75452.21, "Total Cost": 81746.62, "Plan Rows": 1, "Plan Width": 24, "Inner Unique": false, "Hash Cond": "((sr.sr_ticket_number = sts.ss_ticket_number) AND (sr.sr_item_sk = sts.ss_item_sk))", "Plans": [{"Node Type": "Seq Scan", "Parent Relationship": "Outer", "Parallel Aware": true, "Async Capable": false, "Relation Name": "store_returns", "Alias": "sr", "Startup Cost": 0.0, "Total Cost": 6288.47, "Plan Rows": 791, "Plan Width": 18, "Filter": "(sr_return_amt > '10000'::numeric)"}, {"Node Type": "Hash", "Parent Relationship": "Inner", "Parallel Aware": true, "Async Capable": false, "Startup Cost": 75450.5, "Total Cost": 75450.5, "Plan Rows": 114, "Plan Width": 18, "Plans": [{"Node Type": "Hash Join", "Parent Relationship": "Outer", "Parallel Aware": true, "Async Capable": false, "Join Type": "Inner", "Startup Cost": 2049.78, "Total Cost": 75450.5, "Plan Rows": 114, "Plan Width": 18, "Inner Unique": true, "Hash Cond": "(sts.ss_sold_date_sk = date_dim_2.d_date_sk)", "Plans": [{"Node Type": "Seq Scan", "Parent Relationship": "Outer", "Parallel Aware": true, "Async Capable": false, "Relation Name": "store_sales", "Alias": "sts", "Startup Cost": 0.0, "Total Cost": 72698.07, "Plan Rows": 267660, "Plan Width": 22, "Filter": "((ss_net_profit > '1'::numeric) AND (ss_net_paid > '0'::numeric) AND (ss_quantity > 0))"}, {"Node Type": "Hash", "Parent Relationship": "Inner", "Parallel Aware": true, "Async Capable": false, "Startup Cost": 2049.55, "Total Cost": 2049.55, "Plan Rows": 18, "Plan Width": 4, "Plans": [{"Node Type": "Seq Scan", "Parent Relationship": "Outer", "Parallel Aware": true, "Async Capable": false, "Relation Name": "date_dim", "Alias": "date_dim_2", "Startup Cost": 0.0, "Total Cost": 2049.55, "Plan Rows": 18, "Plan Width": 4, "Filter": "((d_year = 2000) AND (d_moy = 12))"}]}]}]}]}]}]}]}]}]}]}]}]}]}]}]}]}]}, "JIT": {"Functions": 129, "Options": {"Inlining": false, "Optimization": false, "Expressions": true, "Deforming": true}}}]]], [[[{"Plan": {"Node Type": "Limit", "Parallel Aware": false, "Async Capable": false, "Startup Cost": 87636.48, "Total Cost": 87636.69, "Plan Rows": 1, "Plan Width": 718, "Plans": [{"Node Type": "Aggregate", "Strategy": "Sorted", "Partial Mode": "Simple", "Parent Relationship": "Outer", "Parallel Aware": false, "Async Capable": false, "Startup Cost": 87636.48, "Total Cost": 87636.69, "Plan Rows": 1, "Plan Width": 718, "Group Key": ["store.s_store_name", "store.s_company_id", "store.s_street_number", "store.s_street_name", "store.s_street_type", "store.s_suite_number", "store.s_city", "store.s_county", "store.s_state", "store.s_zip"], "Plans": [{"Node Type": "Gather Merge", "Parent Relationship": "Outer", "Parallel Aware": false, "Async Capable": false, "Startup Cost": 87636.48, "Total Cost": 87636.6, "Plan Rows": 1, "Plan Width": 686, "Workers Planned": 2, "Plans": [{"Node Type": "Sort", "Parent Relationship": "Outer", "Parallel Aware": false, "Async Capable": false, "Startup Cost": 86636.46, "Total Cost": 86636.46, "Plan Rows": 1, "Plan Width": 686, "Sort Key": ["store.s_store_name", "store.s_company_id", "store.s_street_number", "store.s_street_name", "store.s_street_type", "store.s_suite_number", "store.s_city", "store.s_county", "store.s_state", "store.s_zip"], "Plans": [{"Node Type": "Merge Join", "Parent Relationship": "Outer", "Parallel Aware": false, "Async Capable": false, "Join Type": "Inner", "Startup Cost": 86581.99, "Total Cost": 86636.45, "Plan Rows": 1, "Plan Width": 686, "Inner Unique": true, "Merge Cond": "(store_sales.ss_sold_date_sk = d1.d_date_sk)", "Plans": [{"Node Type": "Sort", "Parent Relationship": "Outer", "Parallel Aware": false, "Async Capable": false, "Startup Cost": 85553.9, "Total Cost": 85553.91, "Plan Rows": 1, "Plan Width": 686, "Sort Key": ["store_sales.ss_sold_date_sk"], "Plans": [{"Node Type": "Hash Join", "Parent Relationship": "Outer", "Parallel Aware": false, "Async Capable": false, "Join Type": "Inner", "Startup Cost": 8355.37, "Total Cost": 85553.89, "Plan Rows": 1, "Plan Width": 686, "Inner Unique": true, "Hash Cond": "(store_sales.ss_store_sk = store.s_store_sk)", "Plans": [{"Node Type": "Hash Join", "Parent Relationship": "Outer", "Parallel Aware": true, "Async Capable": false, "Join Type": "Inner", "Startup Cost": 8354.1, "Total Cost": 85552.62, "Plan Rows": 1, "Plan Width": 12, "Inner Unique": false, "Hash Cond": "((store_sales.ss_ticket_number = store_returns.sr_ticket_number) AND (store_sales.ss_item_sk = store_returns.sr_item_sk) AND (store_sales.ss_customer_sk = store_returns.sr_customer_sk))", "Plans": [{"Node Type": "Seq Scan", "Parent Relationship": "Outer", "Parallel Aware": true, "Async Capable": false, "Relation Name": "store_sales", "Alias": "store_sales", "Startup Cost": 0.0, "Total Cost": 63697.18, "Plan Rows": 1200118, "Plan Width": 20}, {"Node Type": "Hash", "Parent Relationship": "Inner", "Parallel Aware": true, "Async Capable": false, "Startup Cost": 8353.24, "Total Cost": 8353.24, "Plan Rows": 49, "Plan Width": 16, "Plans": [{"Node Type": "Hash Join", "Parent Relationship": "Outer", "Parallel Aware": true, "Async Capable": false, "Join Type": "Inner", "Startup Cost": 2049.78, "Total Cost": 8353.24, "Plan Rows": 49, "Plan Width": 16, "Inner Unique": true, "Hash Cond": "(store_returns.sr_returned_date_sk = d2.d_date_sk)", "Plans": [{"Node Type": "Seq Scan", "Parent Relationship": "Outer", "Parallel Aware": true, "Async Capable": false, "Relation Name": "store_returns", "Alias": "store_returns", "Startup Cost": 0.0, "Total Cost": 5988.98, "Plan Rows": 119798, "Plan Width": 16}, {"Node Type": "Hash", "Parent Relationship": "Inner", "Parallel Aware": true, "Async Capable": false, "Startup Cost": 2049.55, "Total Cost": 2049.55, "Plan Rows": 18, "Plan Width": 4, "Plans": [{"Node Type": "Seq Scan", "Parent Relationship": "Outer", "Parallel Aware": true, "Async Capable": false, "Relation Name": "date_dim", "Alias": "d2", "Startup Cost": 0.0, "Total Cost": 2049.55, "Plan Rows": 18, "Plan Width": 4, "Filter": "((d_year = 2000) AND (d_moy = 9))"}]}]}]}]}, {"Node Type": "Hash", "Parent Relationship": "Inner", "Parallel Aware": false, "Async Capable": false, "Startup Cost": 1.12, "Total Cost": 1.12, "Plan Rows": 12, "Plan Width": 682, "Plans": [{"Node Type": "Seq Scan", "Parent Relationship": "Outer", "Parallel Aware": false, "Async Capable": false, "Relation Name": "store", "Alias": "store", "Startup Cost": 0.0, "Total Cost": 1.12, "Plan Rows": 12, "Plan Width": 682}]}]}]}, {"Node Type": "Index Only Scan", "Parent Relationship": "Inner", "Parallel Aware": false, "Async Capable": false, "Scan Direction": "Forward", "Index Name": "date_dim_pkey", "Relation Name": "date_dim", "Alias": "d1", "Startup Cost": 0.29, "Total Cost": 1904.03, "Plan Rows": 73049, "Plan Width": 4}]}]}]}]}]}}]]], [[[{"Plan": {"Node Type": "Limit", "Parallel Aware": false, "Async Capable": false, "Startup Cost": 99971.67, "Total Cost": 99982.17, "Plan Rows": 100, "Plan Width": 136, "Plans": [{"Node Type": "Subquery Scan", "Parent Relationship": "Outer", "Parallel Aware": false, "Async Capable": false, "Alias": "y", "Startup Cost": 99971.67, "Total Cost": 100491.95, "Plan Rows": 4955, "Plan Width": 136, "Filter": "(y.web_cumulative > y.store_cumulative)", "Plans": [{"Node Type": "WindowAgg", "Parent Relationship": "Subquery", "Parallel Aware": false, "Async Capable": false, "Startup Cost": 99971.67, "Total Cost": 100306.13, "Plan Rows": 14865, "Plan Width": 136, "Plans": [{"Node Type": "Sort", "Parent Relationship": "Outer", "Parallel Aware": false, "Async Capable": false, "Startup Cost": 99971.67, "Total Cost": 100008.83, "Plan Rows": 14865, "Plan Width": 72, "Sort Key": ["(CASE WHEN (web_sales.ws_item_sk IS NOT NULL) THEN web_sales.ws_item_sk ELSE store_sales.ss_item_sk END)", "(CASE WHEN (date_dim.d_date IS NOT NULL) THEN date_dim.d_date ELSE date_dim_1.d_date END)"], "Plans": [{"Node Type": "Merge Join", "Parent Relationship": "Outer", "Parallel Aware": false, "Async Capable": false, "Join Type": "Full", "Startup Cost": 95975.74, "Total Cost": 98941.55, "Plan Rows": 14865, "Plan Width": 72, "Inner Unique": true, "Merge Cond": "((web_sales.ws_item_sk = store_sales.ss_item_sk) AND (date_dim.d_date = date_dim_1.d_date))", "Plans": [{"Node Type": "WindowAgg", "Parent Relationship": "Outer", "Parallel Aware": false, "Async Capable": false, "Startup Cost": 25685.61, "Total Cost": 26219.87, "Plan Rows": 3713, "Plan Width": 40, "Plans": [{"Node Type": "Aggregate", "Strategy": "Sorted", "Partial Mode": "Finalize", "Parent Relationship": "Outer", "Parallel Aware": false, "Async Capable": false, "Startup Cost": 25685.61, "Total Cost": 26154.89, "Plan Rows": 3713, "Plan Width": 40, "Group Key": ["web_sales.ws_item_sk", "date_dim.d_date"], "Plans": [{"Node Type": "Gather Merge", "Parent Relationship": "Outer", "Parallel Aware": false, "Async Capable": false, "Startup Cost": 25685.61, "Total Cost": 26077.54, "Plan Rows": 3094, "Plan Width": 40, "Workers Planned": 2, "Plans": [{"Node Type": "Aggregate", "Strategy": "Sorted", "Partial Mode": "Partial", "Parent Relationship": "Outer", "Parallel Aware": false, "Async Capable": false, "Startup Cost": 24685.58, "Total Cost": 24720.39, "Plan Rows": 1547, "Plan Width": 40, "Group Key": ["web_sales.ws_item_sk", "date_dim.d_date"], "Plans": [{"Node Type": "Sort", "Parent Relationship": "Outer", "Parallel Aware": false, "Async Capable": false, "Startup Cost": 24685.58, "Total Cost": 24689.45, "Plan Rows": 1547, "Plan Width": 14, "Sort Key": ["web_sales.ws_item_sk", "date_dim.d_date"], "Plans": [{"Node Type": "Hash Join", "Parent Relationship": "Outer", "Parallel Aware": true, "Async Capable": false, "Join Type": "Inner", "Startup Cost": 2052.33, "Total Cost": 24603.63, "Plan Rows": 1547, "Plan Width": 14, "Inner Unique": true, "Hash Cond": "(web_sales.ws_sold_date_sk = date_dim.d_date_sk)", "Plans": [{"Node Type": "Seq Scan", "Parent Relationship": "Outer", "Parallel Aware": true, "Async Capable": false, "Relation Name": "web_sales", "Alias": "web_sales", "Startup Cost": 0.0, "Total Cost": 21764.43, "Plan Rows": 299743, "Plan Width": 14, "Filter": "(ws_item_sk IS NOT NULL)"}, {"Node Type": "Hash", "Parent Relationship": "Inner", "Parallel Aware": true, "Async Capable": false, "Startup Cost": 2049.55, "Total Cost": 2049.55, "Plan Rows": 222, "Plan Width": 8, "Plans": [{"Node Type": "Seq Scan", "Parent Relationship": "Outer", "Parallel Aware": true, "Async Capable": false, "Relation Name": "date_dim", "Alias": "date_dim", "Startup Cost": 0.0, "Total Cost": 2049.55, "Plan Rows": 222, "Plan Width": 8, "Filter": "((d_month_seq >= 1212) AND (d_month_seq <= 1223))"}]}]}]}]}]}]}]}, {"Node Type": "WindowAgg", "Parent Relationship": "Inner", "Parallel Aware": false, "Async Capable": false, "Startup Cost": 70290.14, "Total Cost": 72429.22, "Plan Rows": 14865, "Plan Width": 40, "Plans": [{"Node Type": "Aggregate", "Strategy": "Sorted", "Partial Mode": "Finalize", "Parent Relationship": "Outer", "Parallel Aware": false, "Async Capable": false, "Startup Cost": 70290.14, "Total Cost": 72169.08, "Plan Rows": 14865, "Plan Width": 40, "Group Key": ["store_sales.ss_item_sk", "date_dim_1.d_date"], "Plans": [{"Node Type": "Gather Merge", "Parent Relationship": "Outer", "Parallel Aware": false, "Async Capable": false, "Startup Cost": 70290.14, "Total Cost": 71859.39, "Plan Rows": 12388, "Plan Width": 40, "Workers Planned": 2, "Plans": [{"Node Type": "Aggregate", "Strategy": "Sorted", "Partial Mode": "Partial", "Parent Relationship": "Outer", "Parallel Aware": false, "Async Capable": false, "Startup Cost": 69290.11, "Total Cost": 69429.48, "Plan Rows": 6194, "Plan Width": 40, "Group Key": ["store_sales.ss_item_sk", "date_dim_1.d_date"], "Plans": [{"Node Type": "Sort", "Parent Relationship": "Outer", "Parallel Aware": false, "Async Capable": false, "Startup Cost": 69290.11, "Total Cost": 69305.6, "Plan Rows": 6194, "Plan Width": 14, "Sort Key": ["store_sales.ss_item_sk", "date_dim_1.d_date"], "Plans": [{"Node Type": "Hash Join", "Parent Relationship": "Outer", "Parallel Aware": true, "Async Capable": false, "Join Type": "Inner", "Startup Cost": 2052.33, "Total Cost": 68900.0, "Plan Rows": 6194, "Plan Width": 14, "Inner Unique": true, "Hash Cond": "(store_sales.ss_sold_date_sk = date_dim_1.d_date_sk)", "Plans": [{"Node Type": "Seq Scan", "Parent Relationship": "Outer", "Parallel Aware": true, "Async Capable": false, "Relation Name": "store_sales", "Alias": "store_sales", "Startup Cost": 0.0, "Total Cost": 63697.18, "Plan Rows": 1200118, "Plan Width": 14, "Filter": "(ss_item_sk IS NOT NULL)"}, {"Node Type": "Hash", "Parent Relationship": "Inner", "Parallel Aware": true, "Async Capable": false, "Startup Cost": 2049.55, "Total Cost": 2049.55, "Plan Rows": 222, "Plan Width": 8, "Plans": [{"Node Type": "Seq Scan", "Parent Relationship": "Outer", "Parallel Aware": true, "Async Capable": false, "Relation Name": "date_dim", "Alias": "date_dim_1", "Startup Cost": 0.0, "Total Cost": 2049.55, "Plan Rows": 222, "Plan Width": 8, "Filter": "((d_month_seq >= 1212) AND (d_month_seq <= 1223))"}]}]}]}]}]}]}]}]}]}]}]}]}}]]], [[[{"Plan": {"Node Type": "Limit", "Parallel Aware": false, "Async Capable": false, "Startup Cost": 71266.96, "Total Cost": 71267.01, "Plan Rows": 22, "Plan Width": 91, "Plans": [{"Node Type": "Sort", "Parent Relationship": "Outer", "Parallel Aware": false, "Async Capable": false, "Startup Cost": 71266.96, "Total Cost": 71267.01, "Plan Rows": 22, "Plan Width": 91, "Sort Key": ["(sum(store_sales.ss_ext_sales_price)) DESC", "item.i_brand_id"], "Plans": [{"Node Type": "Aggregate", "Strategy": "Sorted", "Partial Mode": "Finalize", "Parent Relationship": "Outer", "Parallel Aware": false, "Async Capable": false, "Startup Cost": 71263.66, "Total Cost": 71266.47, "Plan Rows": 22, "Plan Width": 91, "Group Key": ["dt.d_year", "item.i_brand", "item.i_brand_id"], "Plans": [{"Node Type": "Gather Merge", "Parent Relationship": "Outer", "Parallel Aware": false, "Async Capable": false, "Startup Cost": 71263.66, "Total Cost": 71265.97, "Plan Rows": 18, "Plan Width": 91, "Workers Planned": 2, "Plans": [{"Node Type": "Aggregate", "Strategy": "Sorted", "Partial Mode": "Partial", "Parent Relationship": "Outer", "Parallel Aware": false, "Async Capable": false, "Startup Cost": 70263.64, "Total Cost": 70263.87, "Plan Rows": 9, "Plan Width": 91, "Group Key": ["dt.d_year", "item.i_brand", "item.i_brand_id"], "Plans": [{"Node Type": "Sort", "Parent Relationship": "Outer", "Parallel Aware": false, "Async Capable": false, "Startup Cost": 70263.64, "Total Cost": 70263.66, "Plan Rows": 9, "Plan Width": 65, "Sort Key": ["item.i_brand", "item.i_brand_id"], "Plans": [{"Node Type": "Hash Join", "Parent Relationship": "Outer", "Parallel Aware": true, "Async Capable": false, "Join Type": "Inner", "Startup Cost": 3414.49, "Total Cost": 70263.5, "Plan Rows": 9, "Plan Width": 65, "Inner Unique": true, "Hash Cond": "(store_sales.ss_item_sk = item.i_item_sk)", "Plans": [{"Node Type": "Hash Join", "Parent Relationship": "Outer", "Parallel Aware": true, "Async Capable": false, "Join Type": "Inner", "Startup Cost": 2049.78, "Total Cost": 68897.45, "Plan Rows": 509, "Plan Width": 14, "Inner Unique": true, "Hash Cond": "(store_sales.ss_sold_date_sk = dt.d_date_sk)", "Plans": [{"Node Type": "Seq Scan", "Parent Relationship": "Outer", "Parallel Aware": true, "Async Capable": false, "Relation Name": "store_sales", "Alias": "store_sales", "Startup Cost": 0.0, "Total Cost": 63697.18, "Plan Rows": 1200118, "Plan Width": 14}, {"Node Type": "Hash", "Parent Relationship": "Inner", "Parallel Aware": true, "Async Capable": false, "Startup Cost": 2049.55, "Total Cost": 2049.55, "Plan Rows": 18, "Plan Width": 8, "Plans": [{"Node Type": "Seq Scan", "Parent Relationship": "Outer", "Parallel Aware": true, "Async Capable": false, "Relation Name": "date_dim", "Alias": "dt", "Startup Cost": 0.0, "Total Cost": 2049.55, "Plan Rows": 18, "Plan Width": 8, "Filter": "((d_moy = 12) AND (d_year = 1998))"}]}]}, {"Node Type": "Hash", "Parent Relationship": "Inner", "Parallel Aware": true, "Async Capable": false, "Startup Cost": 1362.35, "Total Cost": 1362.35, "Plan Rows": 189, "Plan Width": 59, "Plans": [{"Node Type": "Seq Scan", "Parent Relationship": "Outer", "Parallel Aware": true, "Async Capable": false, "Relation Name": "item", "Alias": "item", "Startup Cost": 0.0, "Total Cost": 1362.35, "Plan Rows": 189, "Plan Width": 59, "Filter": "(i_manager_id = 1)"}]}]}]}]}]}]}]}]}}]]], [[[{"Plan": {"Node Type": "Limit", "Parallel Aware": false, "Async Capable": false, "Startup Cost": 71538.34, "Total Cost": 71538.36, "Plan Rows": 8, "Plan Width": 68, "Plans": [{"Node Type": "Sort", "Parent Relationship": "Outer", "Parallel Aware": false, "Async Capable": false, "Startup Cost": 71538.34, "Total Cost": 71538.36, "Plan Rows": 8, "Plan Width": 68, "Sort Key": ["tmp1.avg_quarterly_sales", "tmp1.sum_sales", "tmp1.i_manufact_id"], "Plans": [{"Node Type": "Subquery Scan", "Parent Relationship": "Outer", "Parallel Aware": false, "Async Capable": false, "Alias": "tmp1", "Startup Cost": 71534.34, "Total Cost": 71538.22, "Plan Rows": 8, "Plan Width": 68, "Filter": "(CASE WHEN (tmp1.avg_quarterly_sales > '0'::numeric) THEN (abs((tmp1.sum_sales - tmp1.avg_quarterly_sales)) / tmp1.avg_quarterly_sales) ELSE NULL::numeric END > 0.1)", "Plans": [{"Node Type": "WindowAgg", "Parent Relationship": "Subquery", "Parallel Aware": false, "Async Capable": false, "Startup Cost": 71534.34, "Total Cost": 71537.7, "Plan Rows": 23, "Plan Width": 72, "Plans": [{"Node Type": "Aggregate", "Strategy": "Sorted", "Partial Mode": "Finalize", "Parent Relationship": "Outer", "Parallel Aware": false, "Async Capable": false, "Startup Cost": 71534.34, "Total Cost": 71537.36, "Plan Rows": 23, "Plan Width": 40, "Group Key": ["item.i_manufact_id", "date_dim.d_qoy"], "Plans": [{"Node Type": "Gather Merge", "Parent Relationship": "Outer", "Parallel Aware": false, "Async Capable": false, "Startup Cost": 71534.34, "Total Cost": 71536.87, "Plan Rows": 20, "Plan Width": 40, "Workers Planned": 2, "Plans": [{"Node Type": "Aggregate", "Strategy": "Sorted", "Partial Mode": "Partial", "Parent Relationship": "Outer", "Parallel Aware": false, "Async Capable": false, "Startup Cost": 70534.31, "Total Cost": 70534.54, "Plan Rows": 10, "Plan Width": 40, "Group Key": ["item.i_manufact_id", "date_dim.d_qoy"], "Plans": [{"Node Type": "Sort", "Parent Relationship": "Outer", "Parallel Aware": false, "Async Capable": false, "Startup Cost": 70534.31, "Total Cost": 70534.34, "Plan Rows": 10, "Plan Width": 14, "Sort Key": ["item.i_manufact_id", "date_dim.d_qoy"], "Plans": [{"Node Type": "Hash Join", "Parent Relationship": "Outer", "Parallel Aware": false, "Async Capable": false, "Join Type": "Inner", "Startup Cost": 3680.8, "Total Cost": 70534.15, "Plan Rows": 10, "Plan Width": 14, "Inner Unique": true, "Hash Cond": "(store_sales.ss_store_sk = store.s_store_sk)", "Plans": [{"Node Type": "Hash Join", "Parent Relationship": "Outer", "Parallel Aware": true, "Async Capable": false, "Join Type": "Inner", "Startup Cost": 3679.53, "Total Cost": 70532.84, "Plan Rows": 10, "Plan Width": 18, "Inner Unique": true, "Hash Cond": "(store_sales.ss_sold_date_sk = date_dim.d_date_sk)", "Plans": [{"Node Type": "Hash Join", "Parent Relationship": "Outer", "Parallel Aware": true, "Async Capable": false, "Join Type": "Inner", "Startup Cost": 1627.27, "Total Cost": 68475.51, "Plan Rows": 1933, "Plan Width": 18, "Inner Unique": true, "Hash Cond": "(store_sales.ss_item_sk = item.i_item_sk)", "Plans": [{"Node Type": "Seq Scan", "Parent Relationship": "Outer", "Parallel Aware": true, "Async Capable": false, "Relation Name": "store_sales", "Alias": "store_sales", "Startup Cost": 0.0, "Total Cost": 63697.18, "Plan Rows": 1200118, "Plan Width": 18}, {"Node Type": "Hash", "Parent Relationship": "Inner", "Parallel Aware": true, "Async Capable": false, "Startup Cost": 1627.06, "Total Cost": 1627.06, "Plan Rows": 17, "Plan Width": 8, "Plans": [{"Node Type": "Seq Scan", "Parent Relationship": "Outer", "Parallel Aware": true, "Async Capable": false, "Relation Name": "item", "Alias": "item", "Startup Cost": 0.0, "Total Cost": 1627.06, "Plan Rows": 17, "Plan Width": 8, "Filter": "(((i_category = ANY ('{Books,Children,Electronics}'::bpchar[])) AND (i_class = ANY ('{personal,portable,reference,self-help}'::bpchar[])) AND (i_brand = ANY ('{\"scholaramalgamalg #14\",\"scholaramalgamalg #7\",\"exportiunivamalg #9\",\"scholaramalgamalg #9\"}'::bpchar[]))) OR ((i_category = ANY ('{Women,Music,Men}'::bpchar[])) AND (i_class = ANY ('{accessories,classical,fragrances,pants}'::bpchar[])) AND (i_brand = ANY ('{\"amalgimporto #1\",\"edu packscholar #1\",\"exportiimporto #1\",\"importoamalg #1\"}'::bpchar[]))))"}]}]}, {"Node Type": "Hash", "Parent Relationship": "Inner", "Parallel Aware": true, "Async Capable": false, "Startup Cost": 2049.58, "Total Cost": 2049.58, "Plan Rows": 214, "Plan Width": 8, "Plans": [{"Node Type": "Seq Scan", "Parent Relationship": "Outer", "Parallel Aware": true, "Async Capable": false, "Relation Name": "date_dim", "Alias": "date_dim", "Startup Cost": 0.03, "Total Cost": 2049.58, "Plan Rows": 214, "Plan Width": 8, "Filter": "(d_month_seq = ANY ('{1212,1213,1214,1215,1216,1217,1218,1219,1220,1221,1222,1223}'::integer[]))"}]}]}, {"Node Type": "Hash", "Parent Relationship": "Inner", "Parallel Aware": false, "Async Capable": false, "Startup Cost": 1.12, "Total Cost": 1.12, "Plan Rows": 12, "Plan Width": 4, "Plans": [{"Node Type": "Seq Scan", "Parent Relationship": "Outer", "Parallel Aware": false, "Async Capable": false, "Relation Name": "store", "Alias": "store", "Startup Cost": 0.0, "Total Cost": 1.12, "Plan Rows": 12, "Plan Width": 4}]}]}]}]}]}]}]}]}]}]}}]]], [[[{"Plan": {"Node Type": "Limit", "Parallel Aware": false, "Async Capable": false, "Startup Cost": 158311.22, "Total Cost": 158311.23, "Plan Rows": 1, "Plan Width": 16, "Plans": [{"Node Type": "Sort", "Parent Relationship": "Outer", "Parallel Aware": false, "Async Capable": false, "Startup Cost": 158311.22, "Total Cost": 158311.23, "Plan Rows": 1, "Plan Width": 16, "Sort Key": ["(((my_revenue.revenue / '50'::numeric))::integer)", "(count(*))"], "Plans": [{"Node Type": "Aggregate", "Strategy": "Sorted", "Partial Mode": "Simple", "Parent Relationship": "Outer", "Parallel Aware": false, "Async Capable": false, "Startup Cost": 158311.18, "Total Cost": 158311.21, "Plan Rows": 1, "Plan Width": 16, "Group Key": ["(((my_revenue.revenue / '50'::numeric))::integer)"], "Plans": [{"Node Type": "Sort", "Parent Relationship": "Outer", "Parallel Aware": false, "Async Capable": false, "Startup Cost": 158311.18, "Total Cost": 158311.19, "Plan Rows": 1, "Plan Width": 36, "Sort Key": ["(((my_revenue.revenue / '50'::numeric))::integer)"], "Plans": [{"Node Type": "Subquery Scan", "Parent Relationship": "Outer", "Parallel Aware": false, "Async Capable": false, "Alias": "my_revenue", "Startup Cost": 158311.13, "Total Cost": 158311.17, "Plan Rows": 1, "Plan Width": 36, "Plans": [{"Node Type": "Aggregate", "Strategy": "Sorted", "Partial Mode": "Simple", "Parent Relationship": "Subquery", "Parallel Aware": false, "Async Capable": false, "Startup Cost": 158311.13, "Total Cost": 158311.16, "Plan Rows": 1, "Plan Width": 36, "Group Key": ["customer.c_customer_sk"], "Plans": [{"Node Type": "Unique", "Parent Relationship": "InitPlan", "Subplan Name": "InitPlan 1 (returns $0)", "Parallel Aware": false, "Async Capable": false, "Startup Cost": 2501.58, "Total Cost": 2501.74, "Plan Rows": 31, "Plan Width": 4, "Plans": [{"Node Type": "Sort", "Parent Relationship": "Outer", "Parallel Aware": false, "Async Capable": false, "Startup Cost": 2501.58, "Total Cost": 2501.66, "Plan Rows": 31, "Plan Width": 4, "Sort Key": ["((date_dim_2.d_month_seq + 1))"], "Plans": [{"Node Type": "Seq Scan", "Parent Relationship": "Outer", "Parallel Aware": false, "Async Capable": false, "Relation Name": "date_dim", "Alias": "date_dim_2", "Startup Cost": 0.0, "Total Cost": 2500.81, "Plan Rows": 31, "Plan Width": 4, "Filter": "((d_year = 1999) AND (d_moy = 3))"}]}]}, {"Node Type": "Unique", "Parent Relationship": "InitPlan", "Subplan Name": "InitPlan 2 (returns $1)", "Parallel Aware": false, "Async Capable": false, "Startup Cost": 2501.58, "Total Cost": 2501.74, "Plan Rows": 31, "Plan Width": 4, "Plans": [{"Node Type": "Sort", "Parent Relationship": "Outer", "Parallel Aware": false, "Async Capable": false, "Startup Cost": 2501.58, "Total Cost": 2501.66, "Plan Rows": 31, "Plan Width": 4, "Sort Key": ["((date_dim_3.d_month_seq + 3))"], "Plans": [{"Node Type": "Seq Scan", "Parent Relationship": "Outer", "Parallel Aware": false, "Async Capable": false, "Relation Name": "date_dim", "Alias": "date_dim_3", "Startup Cost": 0.0, "Total Cost": 2500.81, "Plan Rows": 31, "Plan Width": 4, "Filter": "((d_year = 1999) AND (d_moy = 3))"}]}]}, {"Node Type": "Sort", "Parent Relationship": "Outer", "Parallel Aware": false, "Async Capable": false, "Startup Cost": 153307.66, "Total Cost": 153307.67, "Plan Rows": 1, "Plan Width": 10, "Sort Key": ["customer.c_customer_sk"], "Plans": [{"Node Type": "Hash Join", "Parent Relationship": "Outer", "Parallel Aware": false, "Async Capable": false, "Join Type": "Inner", "Startup Cost": 84966.78, "Total Cost": 153307.65, "Plan Rows": 1, "Plan Width": 10, "Inner Unique": false, "Hash Cond": "(((customer_address.ca_county)::text = (store.s_county)::text) AND (customer_address.ca_state = store.s_state))", "Plans": [{"Node Type": "Hash Join", "Parent Relationship": "Outer", "Parallel Aware": false, "Async Capable": false, "Join Type": "Inner", "Startup Cost": 84965.48, "Total Cost": 153306.33, "Plan Rows": 1, "Plan Width": 27, "Inner Unique": false, "Hash Cond": "(store_sales.ss_customer_sk = customer.c_customer_sk)", "Plans": [{"Node Type": "Gather", "Parent Relationship": "Outer", "Parallel Aware": false, "Async Capable": false, "Startup Cost": 3052.24, "Total Cost": 71339.11, "Plan Rows": 14392, "Plan Width": 10, "Workers Planned": 2, "Params Evaluated": ["$0", "$1"], "Single Copy": false, "Plans": [{"Node Type": "Hash Join", "Parent Relationship": "Outer", "Parallel Aware": true, "Async Capable": false, "Join Type": "Inner", "Startup Cost": 2052.24, "Total Cost": 68899.91, "Plan Rows": 5997, "Plan Width": 10, "Inner Unique": true, "Hash Cond": "(store_sales.ss_sold_date_sk = date_dim.d_date_sk)", "Plans": [{"Node Type": "Seq Scan", "Parent Relationship": "Outer", "Parallel Aware": true, "Async Capable": false, "Relation Name": "store_sales", "Alias": "store_sales", "Startup Cost": 0.0, "Total Cost": 63697.18, "Plan Rows": 1200118, "Plan Width": 14}, {"Node Type": "Hash", "Parent Relationship": "Inner", "Parallel Aware": true, "Async Capable": false, "Startup Cost": 2049.55, "Total Cost": 2049.55, "Plan Rows": 215, "Plan Width": 4, "Plans": [{"Node Type": "Seq Scan", "Parent Relationship": "Outer", "Parallel Aware": true, "Async Capable": false, "Relation Name": "date_dim", "Alias": "date_dim", "Startup Cost": 0.0, "Total Cost": 2049.55, "Plan Rows": 215, "Plan Width": 4, "Filter": "((d_month_seq >= $0) AND (d_month_seq <= $1))"}]}]}]}, {"Node Type": "Hash", "Parent Relationship": "Inner", "Parallel Aware": false, "Async Capable": false, "Startup Cost": 81913.23, "Total Cost": 81913.23, "Plan Rows": 1, "Plan Width": 21, "Plans": [{"Node Type": "Hash Join", "Parent Relationship": "Outer", "Parallel Aware": false, "Async Capable": false, "Join Type": "Inner", "Startup Cost": 80138.72, "Total Cost": 81913.23, "Plan Rows": 1, "Plan Width": 21, "Inner Unique": false, "Hash Cond": "(customer_address.ca_address_sk = customer.c_current_addr_sk)", "Plans": [{"Node Type": "Seq Scan", "Parent Relationship": "Outer", "Parallel Aware": false, "Async Capable": false, "Relation Name": "customer_address", "Alias": "customer_address", "Startup Cost": 0.0, "Total Cost": 1587.0, "Plan Rows": 50000, "Plan Width": 21}, {"Node Type": "Hash", "Parent Relationship": "Inner", "Parallel Aware": false, "Async Capable": false, "Startup Cost": 80138.71, "Total Cost": 80138.71, "Plan Rows": 1, "Plan Width": 8, "Plans": [{"Node Type": "Unique", "Parent Relationship": "Outer", "Parallel Aware": false, "Async Capable": false, "Startup Cost": 80138.58, "Total Cost": 80138.7, "Plan Rows": 1, "Plan Width": 8, "Plans": [{"Node Type": "Gather Merge", "Parent Relationship": "Outer", "Parallel Aware": false, "Async Capable": false, "Startup Cost": 80138.58, "Total Cost": 80138.7, "Plan Rows": 1, "Plan Width": 8, "Workers Planned": 1, "Plans": [{"Node Type": "Sort", "Parent Relationship": "Outer", "Parallel Aware": false, "Async Capable": false, "Startup Cost": 79138.57, "Total Cost": 79138.57, "Plan Rows": 1, "Plan Width": 8, "Sort Key": ["customer.c_customer_sk", "customer.c_current_addr_sk"], "Plans": [{"Node Type": "Hash Join", "Parent Relationship": "Outer", "Parallel Aware": true, "Async Capable": false, "Join Type": "Inner", "Startup Cost": 75480.72, "Total Cost": 79138.56, "Plan Rows": 1, "Plan Width": 8, "Inner Unique": false, "Hash Cond": "(customer.c_customer_sk = catalog_sales.cs_bill_customer_sk)", "Plans": [{"Node Type": "Seq Scan", "Parent Relationship": "Outer", "Parallel Aware": true, "Async Capable": false, "Relation Name": "customer", "Alias": "customer", "Startup Cost": 0.0, "Total Cost": 3437.24, "Plan Rows": 58824, "Plan Width": 8}, {"Node Type": "Hash", "Parent Relationship": "Inner", "Parallel Aware": true, "Async Capable": false, "Startup Cost": 75480.71, "Total Cost": 75480.71, "Plan Rows": 1, "Plan Width": 4, "Plans": [{"Node Type": "Hash Join", "Parent Relationship": "Outer", "Parallel Aware": true, "Async Capable": false, "Join Type": "Inner", "Startup Cost": 3438.67, "Total Cost": 75480.71, "Plan Rows": 1, "Plan Width": 4, "Inner Unique": true, "Hash Cond": "(catalog_sales.cs_item_sk = item.i_item_sk)", "Plans": [{"Node Type": "Hash Join", "Parent Relationship": "Outer", "Parallel Aware": true, "Async Capable": false, "Join Type": "Inner", "Startup Cost": 2049.78, "Total Cost": 74090.81, "Plan Rows": 382, "Plan Width": 8, "Inner Unique": true, "Hash Cond": "(catalog_sales.cs_sold_date_sk = date_dim_1.d_date_sk)", "Plans": [{"Node Type": "Append", "Parent Relationship": "Outer", "Parallel Aware": true, "Async Capable": false, "Startup Cost": 0.0, "Total Cost": 69677.45, "Plan Rows": 900363, "Plan Width": 12, "Subplans Removed": 0, "Plans": [{"Node Type": "Seq Scan", "Parent Relationship": "Member", "Parallel Aware": true, "Async Capable": false, "Relation Name": "catalog_sales", "Alias": "catalog_sales", "Startup Cost": 0.0, "Total Cost": 43411.2, "Plan Rows": 600620, "Plan Width": 12}, {"Node Type": "Seq Scan", "Parent Relationship": "Member", "Parallel Aware": true, "Async Capable": false, "Relation Name": "web_sales", "Alias": "web_sales", "Startup Cost": 0.0, "Total Cost": 21764.43, "Plan Rows": 299743, "Plan Width": 12}]}, {"Node Type": "Hash", "Parent Relationship": "Inner", "Parallel Aware": true, "Async Capable": false, "Startup Cost": 2049.55, "Total Cost": 2049.55, "Plan Rows": 18, "Plan Width": 4, "Plans": [{"Node Type": "Seq Scan", "Parent Relationship": "Outer", "Parallel Aware": true, "Async Capable": false, "Relation Name": "date_dim", "Alias": "date_dim_1", "Startup Cost": 0.0, "Total Cost": 2049.55, "Plan Rows": 18, "Plan Width": 4, "Filter": "((d_moy = 3) AND (d_year = 1999))"}]}]}, {"Node Type": "Hash", "Parent Relationship": "Inner", "Parallel Aware": true, "Async Capable": false, "Startup Cost": 1388.82, "Total Cost": 1388.82, "Plan Rows": 6, "Plan Width": 4, "Plans": [{"Node Type": "Seq Scan", "Parent Relationship": "Outer", "Parallel Aware": true, "Async Capable": false, "Relation Name": "item", "Alias": "item", "Startup Cost": 0.0, "Total Cost": 1388.82, "Plan Rows": 6, "Plan Width": 4, "Filter": "((i_category = 'Jewelry'::bpchar) AND (i_class = 'consignment'::bpchar))"}]}]}]}]}]}]}]}]}]}]}]}, {"Node Type": "Hash", "Parent Relationship": "Inner", "Parallel Aware": false, "Async Capable": false, "Startup Cost": 1.12, "Total Cost": 1.12, "Plan Rows": 12, "Plan Width": 90, "Plans": [{"Node Type": "Seq Scan", "Parent Relationship": "Outer", "Parallel Aware": false, "Async Capable": false, "Relation Name": "store", "Alias": "store", "Startup Cost": 0.0, "Total Cost": 1.12, "Plan Rows": 12, "Plan Width": 90}]}]}]}]}]}]}]}]}]}, "JIT": {"Functions": 89, "Options": {"Inlining": false, "Optimization": false, "Expressions": true, "Deforming": true}}}]]], [[[{"Plan": {"Node Type": "Limit", "Parallel Aware": false, "Async Capable": false, "Startup Cost": 71264.1, "Total Cost": 71264.13, "Plan Rows": 11, "Plan Width": 87, "Plans": [{"Node Type": "Sort", "Parent Relationship": "Outer", "Parallel Aware": false, "Async Capable": false, "Startup Cost": 71264.1, "Total Cost": 71264.13, "Plan Rows": 11, "Plan Width": 87, "Sort Key": ["(sum(store_sales.ss_ext_sales_price)) DESC", "item.i_brand_id"], "Plans": [{"Node Type": "Aggregate", "Strategy": "Sorted", "Partial Mode": "Simple", "Parent Relationship": "Outer", "Parallel Aware": false, "Async Capable": false, "Startup Cost": 71263.66, "Total Cost": 71263.91, "Plan Rows": 11, "Plan Width": 87, "Group Key": ["item.i_brand", "item.i_brand_id"], "Plans": [{"Node Type": "Sort", "Parent Relationship": "Outer", "Parallel Aware": false, "Async Capable": false, "Startup Cost": 71263.66, "Total Cost": 71263.69, "Plan Rows": 11, "Plan Width": 61, "Sort Key": ["item.i_brand", "item.i_brand_id"], "Plans": [{"Node Type": "Gather", "Parent Relationship": "Outer", "Parallel Aware": false, "Async Capable": false, "Startup Cost": 4413.37, "Total Cost": 71263.47, "Plan Rows": 11, "Plan Width": 61, "Workers Planned": 2, "Single Copy": false, "Plans": [{"Node Type": "Hash Join", "Parent Relationship": "Outer", "Parallel Aware": true, "Async Capable": false, "Join Type": "Inner", "Startup Cost": 3413.37, "Total Cost": 70262.37, "Plan Rows": 5, "Plan Width": 61, "Inner Unique": true, "Hash Cond": "(store_sales.ss_item_sk = item.i_item_sk)", "Plans": [{"Node Type": "Hash Join", "Parent Relationship": "Outer", "Parallel Aware": true, "Async Capable": false, "Join Type": "Inner", "Startup Cost": 2049.78, "Total Cost": 68897.45, "Plan Rows": 509, "Plan Width": 10, "Inner Unique": true, "Hash Cond": "(store_sales.ss_sold_date_sk = date_dim.d_date_sk)", "Plans": [{"Node Type": "Seq Scan", "Parent Relationship": "Outer", "Parallel Aware": true, "Async Capable": false, "Relation Name": "store_sales", "Alias": "store_sales", "Startup Cost": 0.0, "Total Cost": 63697.18, "Plan Rows": 1200118, "Plan Width": 14}, {"Node Type": "Hash", "Parent Relationship": "Inner", "Parallel Aware": true, "Async Capable": false, "Startup Cost": 2049.55, "Total Cost": 2049.55, "Plan Rows": 18, "Plan Width": 4, "Plans": [{"Node Type": "Seq Scan", "Parent Relationship": "Outer", "Parallel Aware": true, "Async Capable": false, "Relation Name": "date_dim", "Alias": "date_dim", "Startup Cost": 0.0, "Total Cost": 2049.55, "Plan Rows": 18, "Plan Width": 4, "Filter": "((d_moy = 12) AND (d_year = 2001))"}]}]}, {"Node Type": "Hash", "Parent Relationship": "Inner", "Parallel Aware": true, "Async Capable": false, "Startup Cost": 1362.35, "Total Cost": 1362.35, "Plan Rows": 99, "Plan Width": 59, "Plans": [{"Node Type": "Seq Scan", "Parent Relationship": "Outer", "Parallel Aware": true, "Async Capable": false, "Relation Name": "item", "Alias": "item", "Startup Cost": 0.0, "Total Cost": 1362.35, "Plan Rows": 99, "Plan Width": 59, "Filter": "(i_manager_id = 36)"}]}]}]}]}]}]}]}}]]], [[[{"Plan": {"Node Type": "Limit", "Parallel Aware": false, "Async Capable": false, "Startup Cost": 156527.42, "Total Cost": 156527.43, "Plan Rows": 4, "Plan Width": 49, "Plans": [{"Node Type": "Sort", "Parent Relationship": "Outer", "Parallel Aware": false, "Async Capable": false, "Startup Cost": 156527.42, "Total Cost": 156527.43, "Plan Rows": 4, "Plan Width": 49, "Sort Key": ["(sum((sum(store_sales.ss_ext_sales_price))))", "item.i_item_id"], "Plans": [{"Node Type": "Aggregate", "Strategy": "Sorted", "Partial Mode": "Simple", "Parent Relationship": "Outer", "Parallel Aware": false, "Async Capable": false, "Startup Cost": 156527.3, "Total Cost": 156527.38, "Plan Rows": 4, "Plan Width": 49, "Group Key": ["item.i_item_id"], "Plans": [{"Node Type": "Sort", "Parent Relationship": "Outer", "Parallel Aware": false, "Async Capable": false, "Startup Cost": 156527.3, "Total Cost": 156527.31, "Plan Rows": 4, "Plan Width": 49, "Sort Key": ["item.i_item_id"], "Plans": [{"Node Type": "Append", "Parent Relationship": "Outer", "Parallel Aware": false, "Async Capable": false, "Startup Cost": 74233.36, "Total Cost": 156527.26, "Plan Rows": 4, "Plan Width": 49, "Subplans Removed": 0, "Plans": [{"Node Type": "Aggregate", "Strategy": "Sorted", "Partial Mode": "Finalize", "Parent Relationship": "Member", "Parallel Aware": false, "Async Capable": false, "Startup Cost": 74233.36, "Total Cost": 74235.13, "Plan Rows": 2, "Plan Width": 49, "Group Key": ["item.i_item_id"], "Plans": [{"Node Type": "Gather Merge", "Parent Relationship": "Outer", "Parallel Aware": false, "Async Capable": false, "Startup Cost": 74233.36, "Total Cost": 74235.09, "Plan Rows": 1, "Plan Width": 49, "Workers Planned": 1, "Plans": [{"Node Type": "Aggregate", "Strategy": "Sorted", "Partial Mode": "Partial", "Parent Relationship": "Outer", "Parallel Aware": false, "Async Capable": false, "Startup Cost": 73233.35, "Total Cost": 73234.97, "Plan Rows": 1, "Plan Width": 49, "Group Key": ["item.i_item_id"], "Plans": [{"Node Type": "Merge Join", "Parent Relationship": "Outer", "Parallel Aware": false, "Async Capable": false, "Join Type": "Semi", "Startup Cost": 73233.35, "Total Cost": 73234.95, "Plan Rows": 1, "Plan Width": 23, "Inner Unique": false, "Merge Cond": "(item.i_item_id = item_1.i_item_id)", "Plans": [{"Node Type": "Sort", "Parent Relationship": "Outer", "Parallel Aware": false, "Async Capable": false, "Startup Cost": 71744.28, "Total Cost": 71744.37, "Plan Rows": 34, "Plan Width": 23, "Sort Key": ["item.i_item_id"], "Plans": [{"Node Type": "Hash Join", "Parent Relationship": "Outer", "Parallel Aware": true, "Async Capable": false, "Join Type": "Inner", "Startup Cost": 70367.63, "Total Cost": 71743.42, "Plan Rows": 34, "Plan Width": 23, "Inner Unique": false, "Hash Cond": "(item.i_item_sk = store_sales.ss_item_sk)", "Plans": [{"Node Type": "Seq Scan", "Parent Relationship": "Outer", "Parallel Aware": true, "Async Capable": false, "Relation Name": "item", "Alias": "item", "Startup Cost": 0.0, "Total Cost": 1335.88, "Plan Rows": 10588, "Plan Width": 21}, {"Node Type": "Hash", "Parent Relationship": "Inner", "Parallel Aware": true, "Async Capable": false, "Startup Cost": 70367.2, "Total Cost": 70367.2, "Plan Rows": 34, "Plan Width": 10, "Plans": [{"Node Type": "Hash Join", "Parent Relationship": "Outer", "Parallel Aware": true, "Async Capable": false, "Join Type": "Inner", "Startup Cost": 68903.61, "Total Cost": 70367.2, "Plan Rows": 34, "Plan Width": 10, "Inner Unique": false, "Hash Cond": "(customer_address.ca_address_sk = store_sales.ss_addr_sk)", "Plans": [{"Node Type": "Seq Scan", "Parent Relationship": "Outer", "Parallel Aware": true, "Async Capable": false, "Relation Name": "customer_address", "Alias": "customer_address", "Startup Cost": 0.0, "Total Cost": 1454.65, "Plan Rows": 1411, "Plan Width": 4, "Filter": "(ca_gmt_offset = '-8'::numeric)"}, {"Node Type": "Hash", "Parent Relationship": "Inner", "Parallel Aware": true, "Async Capable": false, "Startup Cost": 68897.45, "Total Cost": 68897.45, "Plan Rows": 493, "Plan Width": 14, "Plans": [{"Node Type": "Hash Join", "Parent Relationship": "Outer", "Parallel Aware": true, "Async Capable": false, "Join Type": "Inner", "Startup Cost": 2049.78, "Total Cost": 68897.45, "Plan Rows": 493, "Plan Width": 14, "Inner Unique": true, "Hash Cond": "(store_sales.ss_sold_date_sk = date_dim.d_date_sk)", "Plans": [{"Node Type": "Seq Scan", "Parent Relationship": "Outer", "Parallel Aware": true, "Async Capable": false, "Relation Name": "store_sales", "Alias": "store_sales", "Startup Cost": 0.0, "Total Cost": 63697.18, "Plan Rows": 1200118, "Plan Width": 18}, {"Node Type": "Hash", "Parent Relationship": "Inner", "Parallel Aware": true, "Async Capable": false, "Startup Cost": 2049.55, "Total Cost": 2049.55, "Plan Rows": 18, "Plan Width": 4, "Plans": [{"Node Type": "Seq Scan", "Parent Relationship": "Outer", "Parallel Aware": true, "Async Capable": false, "Relation Name": "date_dim", "Alias": "date_dim", "Startup Cost": 0.0, "Total Cost": 2049.55, "Plan Rows": 18, "Plan Width": 4, "Filter": "((d_year = 2000) AND (d_moy = 1))"}]}]}]}]}]}]}]}, {"Node Type": "Sort", "Parent Relationship": "Inner", "Parallel Aware": false, "Async Capable": false, "Startup Cost": 1489.07, "Total Cost": 1489.78, "Plan Rows": 284, "Plan Width": 17, "Sort Key": ["item_1.i_item_id"], "Plans": [{"Node Type": "Seq Scan", "Parent Relationship": "Outer", "Parallel Aware": false, "Async Capable": false, "Relation Name": "item", "Alias": "item_1", "Startup Cost": 0.0, "Total Cost": 1477.5, "Plan Rows": 284, "Plan Width": 17, "Filter": "(i_color = ANY ('{orchid,chiffon,lace}'::bpchar[]))"}]}]}]}]}]}, {"Node Type": "Aggregate", "Strategy": "Sorted", "Partial Mode": "Simple", "Parent Relationship": "Member", "Parallel Aware": false, "Async Capable": false, "Startup Cost": 52369.59, "Total Cost": 52371.23, "Plan Rows": 1, "Plan Width": 49, "Group Key": ["item_2.i_item_id"], "Plans": [{"Node Type": "Gather Merge", "Parent Relationship": "Outer", "Parallel Aware": false, "Async Capable": false, "Startup Cost": 52369.59, "Total Cost": 52371.22, "Plan Rows": 1, "Plan Width": 23, "Workers Planned": 1, "Plans": [{"Node Type": "Merge Join", "Parent Relationship": "Outer", "Parallel Aware": false, "Async Capable": false, "Join Type": "Semi", "Startup Cost": 51369.58, "Total Cost": 51371.09, "Plan Rows": 1, "Plan Width": 23, "Inner Unique": false, "Merge Cond": "(item_2.i_item_id = item_3.i_item_id)", "Plans": [{"Node Type": "Sort", "Parent Relationship": "Outer", "Parallel Aware": false, "Async Capable": false, "Startup Cost": 49880.51, "Total Cost": 49880.55, "Plan Rows": 16, "Plan Width": 23, "Sort Key": ["item_2.i_item_id"], "Plans": [{"Node Type": "Hash Join", "Parent Relationship": "Outer", "Parallel Aware": true, "Async Capable": false, "Join Type": "Inner", "Startup Cost": 48504.51, "Total Cost": 49880.19, "Plan Rows": 16, "Plan Width": 23, "Inner Unique": false, "Hash Cond": "(item_2.i_item_sk = catalog_sales.cs_item_sk)", "Plans": [{"Node Type": "Seq Scan", "Parent Relationship": "Outer", "Parallel Aware": true, "Async Capable": false, "Relation Name": "item", "Alias": "item_2", "Startup Cost": 0.0, "Total Cost": 1335.88, "Plan Rows": 10588, "Plan Width": 21}, {"Node Type": "Hash", "Parent Relationship": "Inner", "Parallel Aware": true, "Async Capable": false, "Startup Cost": 48504.31, "Total Cost": 48504.31, "Plan Rows": 16, "Plan Width": 10, "Plans": [{"Node Type": "Hash Join", "Parent Relationship": "Outer", "Parallel Aware": true, "Async Capable": false, "Join Type": "Inner", "Startup Cost": 47040.78, "Total Cost": 48504.31, "Plan Rows": 16, "Plan Width": 10, "Inner Unique": false, "Hash Cond": "(customer_address_1.ca_address_sk = catalog_sales.cs_bill_addr_sk)", "Plans": [{"Node Type": "Seq Scan", "Parent Relationship": "Outer", "Parallel Aware": true, "Async Capable": false, "Relation Name": "customer_address", "Alias": "customer_address_1", "Startup Cost": 0.0, "Total Cost": 1454.65, "Plan Rows": 1411, "Plan Width": 4, "Filter": "(ca_gmt_offset = '-8'::numeric)"}, {"Node Type": "Hash", "Parent Relationship": "Inner", "Parallel Aware": true, "Async Capable": false, "Startup Cost": 47037.69, "Total Cost": 47037.69, "Plan Rows": 247, "Plan Width": 14, "Plans": [{"Node Type": "Hash Join", "Parent Relationship": "Outer", "Parallel Aware": true, "Async Capable": false, "Join Type": "Inner", "Startup Cost": 2049.78, "Total Cost": 47037.69, "Plan Rows": 247, "Plan Width": 14, "Inner Unique": true, "Hash Cond": "(catalog_sales.cs_sold_date_sk = date_dim_1.d_date_sk)", "Plans": [{"Node Type": "Seq Scan", "Parent Relationship": "Outer", "Parallel Aware": true, "Async Capable": false, "Relation Name": "catalog_sales", "Alias": "catalog_sales", "Startup Cost": 0.0, "Total Cost": 43411.2, "Plan Rows": 600620, "Plan Width": 18}, {"Node Type": "Hash", "Parent Relationship": "Inner", "Parallel Aware": true, "Async Capable": false, "Startup Cost": 2049.55, "Total Cost": 2049.55, "Plan Rows": 18, "Plan Width": 4, "Plans": [{"Node Type": "Seq Scan", "Parent Relationship": "Outer", "Parallel Aware": true, "Async Capable": false, "Relation Name": "date_dim", "Alias": "date_dim_1", "Startup Cost": 0.0, "Total Cost": 2049.55, "Plan Rows": 18, "Plan Width": 4, "Filter": "((d_year = 2000) AND (d_moy = 1))"}]}]}]}]}]}]}]}, {"Node Type": "Sort", "Parent Relationship": "Inner", "Parallel Aware": false, "Async Capable": false, "Startup Cost": 1489.07, "Total Cost": 1489.78, "Plan Rows": 284, "Plan Width": 17, "Sort Key": ["item_3.i_item_id"], "Plans": [{"Node Type": "Seq Scan", "Parent Relationship": "Outer", "Parallel Aware": false, "Async Capable": false, "Relation Name": "item", "Alias": "item_3", "Startup Cost": 0.0, "Total Cost": 1477.5, "Plan Rows": 284, "Plan Width": 17, "Filter": "(i_color = ANY ('{orchid,chiffon,lace}'::bpchar[]))"}]}]}]}]}, {"Node Type": "Aggregate", "Strategy": "Sorted", "Partial Mode": "Simple", "Parent Relationship": "Member", "Parallel Aware": false, "Async Capable": false, "Startup Cost": 29920.82, "Total Cost": 29920.84, "Plan Rows": 1, "Plan Width": 49, "Group Key": ["item_4.i_item_id"], "Plans": [{"Node Type": "Sort", "Parent Relationship": "Outer", "Parallel Aware": false, "Async Capable": false, "Startup Cost": 29920.82, "Total Cost": 29920.82, "Plan Rows": 1, "Plan Width": 23, "Sort Key": ["item_4.i_item_id"], "Plans": [{"Node Type": "Hash Join", "Parent Relationship": "Outer", "Parallel Aware": false, "Async Capable": false, "Join Type": "Semi", "Startup Cost": 28543.73, "Total Cost": 29920.81, "Plan Rows": 1, "Plan Width": 23, "Inner Unique": false, "Hash Cond": "(item_4.i_item_id = item_5.i_item_id)", "Plans": [{"Node Type": "Gather", "Parent Relationship": "Outer", "Parallel Aware": false, "Async Capable": false, "Startup Cost": 27062.68, "Total Cost": 28439.72, "Plan Rows": 14, "Plan Width": 23, "Workers Planned": 1, "Single Copy": false, "Plans": [{"Node Type": "Hash Join", "Parent Relationship": "Outer", "Parallel Aware": true, "Async Capable": false, "Join Type": "Inner", "Startup Cost": 26062.68, "Total Cost": 27438.32, "Plan Rows": 8, "Plan Width": 23, "Inner Unique": false, "Hash Cond": "(item_4.i_item_sk = web_sales.ws_item_sk)", "Plans": [{"Node Type": "Seq Scan", "Parent Relationship": "Outer", "Parallel Aware": true, "Async Capable": false, "Relation Name": "item", "Alias": "item_4", "Startup Cost": 0.0, "Total Cost": 1335.88, "Plan Rows": 10588, "Plan Width": 21}, {"Node Type": "Hash", "Parent Relationship": "Inner", "Parallel Aware": true, "Async Capable": false, "Startup Cost": 26062.58, "Total Cost": 26062.58, "Plan Rows": 8, "Plan Width": 10, "Plans": [{"Node Type": "Hash Join", "Parent Relationship": "Outer", "Parallel Aware": true, "Async Capable": false, "Join Type": "Inner", "Startup Cost": 24602.62, "Total Cost": 26062.58, "Plan Rows": 8, "Plan Width": 10, "Inner Unique": false, "Hash Cond": "(customer_address_2.ca_address_sk = web_sales.ws_bill_addr_sk)", "Plans": [{"Node Type": "Seq Scan", "Parent Relationship": "Outer", "Parallel Aware": true, "Async Capable": false, "Relation Name": "customer_address", "Alias": "customer_address_2", "Startup Cost": 0.0, "Total Cost": 1454.65, "Plan Rows": 1411, "Plan Width": 4, "Filter": "(ca_gmt_offset = '-8'::numeric)"}, {"Node Type": "Hash", "Parent Relationship": "Inner", "Parallel Aware": true, "Async Capable": false, "Startup Cost": 24601.08, "Total Cost": 24601.08, "Plan Rows": 123, "Plan Width": 14, "Plans": [{"Node Type": "Hash Join", "Parent Relationship": "Outer", "Parallel Aware": true, "Async Capable": false, "Join Type": "Inner", "Startup Cost": 2049.78, "Total Cost": 24601.08, "Plan Rows": 123, "Plan Width": 14, "Inner Unique": true, "Hash Cond": "(web_sales.ws_sold_date_sk = date_dim_2.d_date_sk)", "Plans": [{"Node Type": "Seq Scan", "Parent Relationship": "Outer", "Parallel Aware": true, "Async Capable": false, "Relation Name": "web_sales", "Alias": "web_sales", "Startup Cost": 0.0, "Total Cost": 21764.43, "Plan Rows": 299743, "Plan Width": 18}, {"Node Type": "Hash", "Parent Relationship": "Inner", "Parallel Aware": true, "Async Capable": false, "Startup Cost": 2049.55, "Total Cost": 2049.55, "Plan Rows": 18, "Plan Width": 4, "Plans": [{"Node Type": "Seq Scan", "Parent Relationship": "Outer", "Parallel Aware": true, "Async Capable": false, "Relation Name": "date_dim", "Alias": "date_dim_2", "Startup Cost": 0.0, "Total Cost": 2049.55, "Plan Rows": 18, "Plan Width": 4, "Filter": "((d_year = 2000) AND (d_moy = 1))"}]}]}]}]}]}]}]}, {"Node Type": "Hash", "Parent Relationship": "Inner", "Parallel Aware": false, "Async Capable": false, "Startup Cost": 1477.5, "Total Cost": 1477.5, "Plan Rows": 284, "Plan Width": 17, "Plans": [{"Node Type": "Seq Scan", "Parent Relationship": "Outer", "Parallel Aware": false, "Async Capable": false, "Relation Name": "item", "Alias": "item_5", "Startup Cost": 0.0, "Total Cost": 1477.5, "Plan Rows": 284, "Plan Width": 17, "Filter": "(i_color = ANY ('{orchid,chiffon,lace}'::bpchar[]))"}]}]}]}]}]}]}]}]}]}, "JIT": {"Functions": 142, "Options": {"Inlining": false, "Optimization": false, "Expressions": true, "Deforming": true}}}]]], [[[{"Plan": {"Node Type": "Limit", "Parallel Aware": false, "Async Capable": false, "Startup Cost": 52337.51, "Total Cost": 52337.51, "Plan Rows": 1, "Plan Width": 286, "Plans": [{"Node Type": "WindowAgg", "Parent Relationship": "InitPlan", "Subplan Name": "CTE v1", "Parallel Aware": false, "Async Capable": false, "Startup Cost": 50122.13, "Total Cost": 51414.79, "Plan Rows": 8387, "Plan Width": 300, "Plans": [{"Node Type": "WindowAgg", "Parent Relationship": "Outer", "Parallel Aware": false, "Async Capable": false, "Startup Cost": 50122.13, "Total Cost": 51226.08, "Plan Rows": 8387, "Plan Width": 268, "Plans": [{"Node Type": "Aggregate", "Strategy": "Sorted", "Partial Mode": "Finalize", "Parent Relationship": "Outer", "Parallel Aware": false, "Async Capable": false, "Startup Cost": 50122.13, "Total Cost": 51016.4, "Plan Rows": 8387, "Plan Width": 260, "Group Key": ["item.i_category", "item.i_brand", "call_center.cc_name", "date_dim.d_year", "date_dim.d_moy"], "Plans": [{"Node Type": "Gather Merge", "Parent Relationship": "Outer", "Parallel Aware": false, "Async Capable": false, "Startup Cost": 50122.13, "Total Cost": 50825.22, "Plan Rows": 4934, "Plan Width": 260, "Workers Planned": 1, "Plans": [{"Node Type": "Aggregate", "Strategy": "Sorted", "Partial Mode": "Partial", "Parent Relationship": "Outer", "Parallel Aware": false, "Async Capable": false, "Startup Cost": 49122.12, "Total Cost": 49270.14, "Plan Rows": 4934, "Plan Width": 260, "Group Key": ["item.i_category", "item.i_brand", "call_center.cc_name", "date_dim.d_year", "date_dim.d_moy"], "Plans": [{"Node Type": "Sort", "Parent Relationship": "Outer", "Parallel Aware": false, "Async Capable": false, "Startup Cost": 49122.12, "Total Cost": 49134.45, "Plan Rows": 4934, "Plan Width": 234, "Sort Key": ["item.i_category", "item.i_brand", "call_center.cc_name", "date_dim.d_year", "date_dim.d_moy"], "Plans": [{"Node Type": "Hash Join", "Parent Relationship": "Outer", "Parallel Aware": true, "Async Capable": false, "Join Type": "Inner", "Startup Cost": 47423.3, "Total Cost": 48819.45, "Plan Rows": 4934, "Plan Width": 234, "Inner Unique": false, "Hash Cond": "(item.i_item_sk = catalog_sales.cs_item_sk)", "Plans": [{"Node Type": "Seq Scan", "Parent Relationship": "Outer", "Parallel Aware": true, "Async Capable": false, "Relation Name": "item", "Alias": "item", "Startup Cost": 0.0, "Total Cost": 1335.88, "Plan Rows": 10588, "Plan Width": 106}, {"Node Type": "Hash", "Parent Relationship": "Inner", "Parallel Aware": true, "Async Capable": false, "Startup Cost": 47379.62, "Total Cost": 47379.62, "Plan Rows": 3495, "Plan Width": 136, "Plans": [{"Node Type": "Hash Join", "Parent Relationship": "Outer", "Parallel Aware": false, "Async Capable": false, "Join Type": "Inner", "Startup Cost": 2376.08, "Total Cost": 47379.62, "Plan Rows": 3495, "Plan Width": 136, "Inner Unique": true, "Hash Cond": "(catalog_sales.cs_call_center_sk = call_center.cc_call_center_sk)", "Plans": [{"Node Type": "Hash Join", "Parent Relationship": "Outer", "Parallel Aware": true, "Async Capable": false, "Join Type": "Inner", "Startup Cost": 2374.95, "Total Cost": 47362.87, "Plan Rows": 3495, "Plan Width": 22, "Inner Unique": true, "Hash Cond": "(catalog_sales.cs_sold_date_sk = date_dim.d_date_sk)", "Plans": [{"Node Type": "Seq Scan", "Parent Relationship": "Outer", "Parallel Aware": true, "Async Capable": false, "Relation Name": "catalog_sales", "Alias": "catalog_sales", "Startup Cost": 0.0, "Total Cost": 43411.2, "Plan Rows": 600620, "Plan Width": 18}, {"Node Type": "Hash", "Parent Relationship": "Inner", "Parallel Aware": true, "Async Capable": false, "Startup Cost": 2371.82, "Total Cost": 2371.82, "Plan Rows": 250, "Plan Width": 12, "Plans": [{"Node Type": "Seq Scan", "Parent Relationship": "Outer", "Parallel Aware": true, "Async Capable": false, "Relation Name": "date_dim", "Alias": "date_dim", "Startup Cost": 0.0, "Total Cost": 2371.82, "Plan Rows": 250, "Plan Width": 12, "Filter": "((d_year = 2000) OR ((d_year = 1999) AND (d_moy = 12)) OR ((d_year = 2001) AND (d_moy = 1)))"}]}]}, {"Node Type": "Hash", "Parent Relationship": "Inner", "Parallel Aware": false, "Async Capable": false, "Startup Cost": 1.06, "Total Cost": 1.06, "Plan Rows": 6, "Plan Width": 122, "Plans": [{"Node Type": "Seq Scan", "Parent Relationship": "Outer", "Parallel Aware": false, "Async Capable": false, "Relation Name": "call_center", "Alias": "call_center", "Startup Cost": 0.0, "Total Cost": 1.06, "Plan Rows": 6, "Plan Width": 122}]}]}]}]}]}]}]}]}]}]}, {"Node Type": "Sort", "Parent Relationship": "Outer", "Parallel Aware": false, "Async Capable": false, "Startup Cost": 922.72, "Total Cost": 922.73, "Plan Rows": 1, "Plan Width": 286, "Sort Key": ["((v1.sum_sales - v1.avg_monthly_sales))", "v1_lead.sum_sales"], "Plans": [{"Node Type": "Hash Join", "Parent Relationship": "Outer", "Parallel Aware": false, "Async Capable": false, "Join Type": "Inner", "Startup Cost": 618.67, "Total Cost": 922.71, "Plan Rows": 1, "Plan Width": 286, "Inner Unique": false, "Hash Cond": "((v1_lead.i_category = v1.i_category) AND (v1_lead.i_brand = v1.i_brand) AND ((v1_lead.cc_name)::text = (v1.cc_name)::text) AND ((v1_lead.rn - 1) = v1.rn))", "Plans": [{"Node Type": "CTE Scan", "Parent Relationship": "Outer", "Parallel Aware": false, "Async Capable": false, "CTE Name": "v1", "Alias": "v1_lead", "Startup Cost": 0.0, "Total Cost": 167.74, "Plan Rows": 8387, "Plan Width": 566}, {"Node Type": "Hash", "Parent Relationship": "Inner", "Parallel Aware": false, "Async Capable": false, "Startup Cost": 618.65, "Total Cost": 618.65, "Plan Rows": 1, "Plan Width": 1172, "Plans": [{"Node Type": "Hash Join", "Parent Relationship": "Outer", "Parallel Aware": false, "Async Capable": false, "Join Type": "Inner", "Startup Cost": 314.61, "Total Cost": 618.65, "Plan Rows": 1, "Plan Width": 1172, "Inner Unique": false, "Hash Cond": "((v1_lag.i_category = v1.i_category) AND (v1_lag.i_brand = v1.i_brand) AND ((v1_lag.cc_name)::text = (v1.cc_name)::text) AND ((v1_lag.rn + 1) = v1.rn))", "Plans": [{"Node Type": "CTE Scan", "Parent Relationship": "Outer", "Parallel Aware": false, "Async Capable": false, "CTE Name": "v1", "Alias": "v1_lag", "Startup Cost": 0.0, "Total Cost": 167.74, "Plan Rows": 8387, "Plan Width": 566}, {"Node Type": "Hash", "Parent Relationship": "Inner", "Parallel Aware": false, "Async Capable": false, "Startup Cost": 314.51, "Total Cost": 314.51, "Plan Rows": 5, "Plan Width": 606, "Plans": [{"Node Type": "CTE Scan", "Parent Relationship": "Outer", "Parallel Aware": false, "Async Capable": false, "CTE Name": "v1", "Alias": "v1", "Startup Cost": 0.0, "Total Cost": 314.51, "Plan Rows": 5, "Plan Width": 606, "Filter": "((avg_monthly_sales > '0'::numeric) AND (d_year = 2000) AND (CASE WHEN (avg_monthly_sales > '0'::numeric) THEN (abs((sum_sales - avg_monthly_sales)) / avg_monthly_sales) ELSE NULL::numeric END > 0.1))"}]}]}]}]}]}]}}]]], [[[{"Plan": {"Node Type": "Limit", "Parallel Aware": false, "Async Capable": false, "Startup Cost": 162568.68, "Total Cost": 162568.69, "Plan Rows": 1, "Plan Width": 241, "Plans": [{"Node Type": "Sort", "Parent Relationship": "Outer", "Parallel Aware": false, "Async Capable": false, "Startup Cost": 162568.68, "Total Cost": 162568.69, "Plan Rows": 1, "Plan Width": 241, "Sort Key": ["item.i_item_id", "(sum(store_sales.ss_ext_sales_price))"], "Plans": [{"Node Type": "Merge Join", "Parent Relationship": "Outer", "Parallel Aware": false, "Async Capable": false, "Join Type": "Inner", "Startup Cost": 162514.49, "Total Cost": 162568.67, "Plan Rows": 1, "Plan Width": 241, "Inner Unique": false, "Merge Cond": "(item.i_item_id = item_1.i_item_id)", "Join Filter": "(((sum(store_sales.ss_ext_sales_price)) >= (0.9 * (sum(catalog_sales.cs_ext_sales_price)))) AND ((sum(store_sales.ss_ext_sales_price)) <= (1.1 * (sum(catalog_sales.cs_ext_sales_price)))) AND ((sum(catalog_sales.cs_ext_sales_price)) >= (0.9 * (sum(store_sales.ss_ext_sales_price)))) AND ((sum(catalog_sales.cs_ext_sales_price)) <= (1.1 * (sum(store_sales.ss_ext_sales_price)))) AND ((sum(store_sales.ss_ext_sales_price)) >= (0.9 * (sum(web_sales.ws_ext_sales_price)))) AND ((sum(store_sales.ss_ext_sales_price)) <= (1.1 * (sum(web_sales.ws_ext_sales_price)))) AND ((sum(web_sales.ws_ext_sales_price)) >= (0.9 * (sum(store_sales.ss_ext_sales_price)))) AND ((sum(web_sales.ws_ext_sales_price)) <= (1.1 * (sum(store_sales.ss_ext_sales_price)))))", "Plans": [{"Node Type": "Aggregate", "Strategy": "Sorted", "Partial Mode": "Finalize", "Parent Relationship": "Outer", "Parallel Aware": false, "Async Capable": false, "Startup Cost": 76789.79, "Total Cost": 76815.92, "Plan Rows": 276, "Plan Width": 49, "Group Key": ["item.i_item_id"], "Plans": [{"Node Type": "Seq Scan", "Parent Relationship": "InitPlan", "Subplan Name": "InitPlan 1 (returns $0)", "Parallel Aware": false, "Async Capable": false, "Relation Name": "date_dim", "Alias": "date_dim_6", "Startup Cost": 0.0, "Total Cost": 2318.11, "Plan Rows": 1, "Plan Width": 4, "Filter": "(d_date = '1998-02-19'::date)"}, {"Node Type": "Gather Merge", "Parent Relationship": "Outer", "Parallel Aware": false, "Async Capable": false, "Startup Cost": 74471.68, "Total Cost": 74493.15, "Plan Rows": 162, "Plan Width": 49, "Workers Planned": 1, "Params Evaluated": ["$0"], "Plans": [{"Node Type": "Aggregate", "Strategy": "Sorted", "Partial Mode": "Partial", "Parent Relationship": "Outer", "Parallel Aware": false, "Async Capable": false, "Startup Cost": 73471.67, "Total Cost": 73474.91, "Plan Rows": 162, "Plan Width": 49, "Group Key": ["item.i_item_id"], "Plans": [{"Node Type": "Sort", "Parent Relationship": "Outer", "Parallel Aware": false, "Async Capable": false, "Startup Cost": 73471.67, "Total Cost": 73472.08, "Plan Rows": 162, "Plan Width": 23, "Sort Key": ["item.i_item_id"], "Plans": [{"Node Type": "Hash Join", "Parent Relationship": "Outer", "Parallel Aware": true, "Async Capable": false, "Join Type": "Inner", "Startup Cost": 72089.46, "Total Cost": 73465.73, "Plan Rows": 162, "Plan Width": 23, "Inner Unique": false, "Hash Cond": "(item.i_item_sk = store_sales.ss_item_sk)", "Plans": [{"Node Type": "Seq Scan", "Parent Relationship": "Outer", "Parallel Aware": true, "Async Capable": false, "Relation Name": "item", "Alias": "item", "Startup Cost": 0.0, "Total Cost": 1335.88, "Plan Rows": 10588, "Plan Width": 21}, {"Node Type": "Hash", "Parent Relationship": "Inner", "Parallel Aware": true, "Async Capable": false, "Startup Cost": 72088.02, "Total Cost": 72088.02, "Plan Rows": 115, "Plan Width": 10, "Plans": [{"Node Type": "Hash Join", "Parent Relationship": "Outer", "Parallel Aware": true, "Async Capable": false, "Join Type": "Inner", "Startup Cost": 3889.77, "Total Cost": 72088.02, "Plan Rows": 115, "Plan Width": 10, "Inner Unique": false, "Hash Cond": "(store_sales.ss_sold_date_sk = date_dim.d_date_sk)", "Plans": [{"Node Type": "Seq Scan", "Parent Relationship": "Outer", "Parallel Aware": true, "Async Capable": false, "Relation Name": "store_sales", "Alias": "store_sales", "Startup Cost": 0.0, "Total Cost": 63697.18, "Plan Rows": 1200118, "Plan Width": 14}, {"Node Type": "Hash", "Parent Relationship": "Inner", "Parallel Aware": true, "Async Capable": false, "Startup Cost": 3889.72, "Total Cost": 3889.72, "Plan Rows": 4, "Plan Width": 4, "Plans": [{"Node Type": "Hash Join", "Parent Relationship": "Outer", "Parallel Aware": true, "Async Capable": false, "Join Type": "Semi", "Startup Cost": 1942.17, "Total Cost": 3889.72, "Plan Rows": 4, "Plan Width": 4, "Inner Unique": false, "Hash Cond": "(date_dim.d_date = date_dim_1.d_date)", "Plans": [{"Node Type": "Seq Scan", "Parent Relationship": "Outer", "Parallel Aware": true, "Async Capable": false, "Relation Name": "date_dim", "Alias": "date_dim", "Startup Cost": 0.0, "Total Cost": 1834.7, "Plan Rows": 42970, "Plan Width": 8}, {"Node Type": "Hash", "Parent Relationship": "Inner", "Parallel Aware": true, "Async Capable": false, "Startup Cost": 1942.12, "Total Cost": 1942.12, "Plan Rows": 4, "Plan Width": 4, "Plans": [{"Node Type": "Seq Scan", "Parent Relationship": "Outer", "Parallel Aware": true, "Async Capable": false, "Relation Name": "date_dim", "Alias": "date_dim_1", "Startup Cost": 0.0, "Total Cost": 1942.12, "Plan Rows": 4, "Plan Width": 4, "Filter": "(d_week_seq = $0)"}]}]}]}]}]}]}]}]}]}]}, {"Node Type": "Materialize", "Parent Relationship": "Inner", "Parallel Aware": false, "Async Capable": false, "Startup Cost": 85724.7, "Total Cost": 85749.2, "Plan Rows": 1, "Plan Width": 98, "Plans": [{"Node Type": "Merge Join", "Parent Relationship": "Outer", "Parallel Aware": false, "Async Capable": false, "Join Type": "Inner", "Startup Cost": 85724.7, "Total Cost": 85749.2, "Plan Rows": 1, "Plan Width": 98, "Inner Unique": true, "Merge Cond": "(item_1.i_item_id = item_2.i_item_id)", "Join Filter": "(((sum(catalog_sales.cs_ext_sales_price)) >= (0.9 * (sum(web_sales.ws_ext_sales_price)))) AND ((sum(catalog_sales.cs_ext_sales_price)) <= (1.1 * (sum(web_sales.ws_ext_sales_price)))) AND ((sum(web_sales.ws_ext_sales_price)) >= (0.9 * (sum(catalog_sales.cs_ext_sales_price)))) AND ((sum(web_sales.ws_ext_sales_price)) <= (1.1 * (sum(catalog_sales.cs_ext_sales_price)))))", "Plans": [{"Node Type": "Aggregate", "Strategy": "Sorted", "Partial Mode": "Finalize", "Parent Relationship": "Outer", "Parallel Aware": false, "Async Capable": false, "Startup Cost": 54250.96, "Total Cost": 54264.03, "Plan Rows": 138, "Plan Width": 49, "Group Key": ["item_1.i_item_id"], "Plans": [{"Node Type": "Seq Scan", "Parent Relationship": "InitPlan", "Subplan Name": "InitPlan 2 (returns $1)", "Parallel Aware": false, "Async Capable": false, "Relation Name": "date_dim", "Alias": "date_dim_7", "Startup Cost": 0.0, "Total Cost": 2318.11, "Plan Rows": 1, "Plan Width": 4, "Filter": "(d_date = '1998-02-19'::date)"}, {"Node Type": "Gather Merge", "Parent Relationship": "Outer", "Parallel Aware": false, "Async Capable": false, "Startup Cost": 51932.85, "Total Cost": 51943.58, "Plan Rows": 81, "Plan Width": 49, "Workers Planned": 1, "Params Evaluated": ["$1"], "Plans": [{"Node Type": "Aggregate", "Strategy": "Sorted", "Partial Mode": "Partial", "Parent Relationship": "Outer", "Parallel Aware": false, "Async Capable": false, "Startup Cost": 50932.84, "Total Cost": 50934.46, "Plan Rows": 81, "Plan Width": 49, "Group Key": ["item_1.i_item_id"], "Plans": [{"Node Type": "Sort", "Parent Relationship": "Outer", "Parallel Aware": false, "Async Capable": false, "Startup Cost": 50932.84, "Total Cost": 50933.04, "Plan Rows": 81, "Plan Width": 23, "Sort Key": ["item_1.i_item_id"], "Plans": [{"Node Type": "Hash Join", "Parent Relationship": "Outer", "Parallel Aware": true, "Async Capable": false, "Join Type": "Inner", "Startup Cost": 49554.35, "Total Cost": 50930.27, "Plan Rows": 81, "Plan Width": 23, "Inner Unique": false, "Hash Cond": "(item_1.i_item_sk = catalog_sales.cs_item_sk)", "Plans": [{"Node Type": "Seq Scan", "Parent Relationship": "Outer", "Parallel Aware": true, "Async Capable": false, "Relation Name": "item", "Alias": "item_1", "Startup Cost": 0.0, "Total Cost": 1335.88, "Plan Rows": 10588, "Plan Width": 21}, {"Node Type": "Hash", "Parent Relationship": "Inner", "Parallel Aware": true, "Async Capable": false, "Startup Cost": 49553.62, "Total Cost": 49553.62, "Plan Rows": 58, "Plan Width": 10, "Plans": [{"Node Type": "Hash Join", "Parent Relationship": "Outer", "Parallel Aware": true, "Async Capable": false, "Join Type": "Inner", "Startup Cost": 3889.77, "Total Cost": 49553.62, "Plan Rows": 58, "Plan Width": 10, "Inner Unique": false, "Hash Cond": "(catalog_sales.cs_sold_date_sk = date_dim_2.d_date_sk)", "Plans": [{"Node Type": "Seq Scan", "Parent Relationship": "Outer", "Parallel Aware": true, "Async Capable": false, "Relation Name": "catalog_sales", "Alias": "catalog_sales", "Startup Cost": 0.0, "Total Cost": 43411.2, "Plan Rows": 600620, "Plan Width": 14}, {"Node Type": "Hash", "Parent Relationship": "Inner", "Parallel Aware": true, "Async Capable": false, "Startup Cost": 3889.72, "Total Cost": 3889.72, "Plan Rows": 4, "Plan Width": 4, "Plans": [{"Node Type": "Hash Join", "Parent Relationship": "Outer", "Parallel Aware": true, "Async Capable": false, "Join Type": "Semi", "Startup Cost": 1942.17, "Total Cost": 3889.72, "Plan Rows": 4, "Plan Width": 4, "Inner Unique": false, "Hash Cond": "(date_dim_2.d_date = date_dim_3.d_date)", "Plans": [{"Node Type": "Seq Scan", "Parent Relationship": "Outer", "Parallel Aware": true, "Async Capable": false, "Relation Name": "date_dim", "Alias": "date_dim_2", "Startup Cost": 0.0, "Total Cost": 1834.7, "Plan Rows": 42970, "Plan Width": 8}, {"Node Type": "Hash", "Parent Relationship": "Inner", "Parallel Aware": true, "Async Capable": false, "Startup Cost": 1942.12, "Total Cost": 1942.12, "Plan Rows": 4, "Plan Width": 4, "Plans": [{"Node Type": "Seq Scan", "Parent Relationship": "Outer", "Parallel Aware": true, "Async Capable": false, "Relation Name": "date_dim", "Alias": "date_dim_3", "Startup Cost": 0.0, "Total Cost": 1942.12, "Plan Rows": 4, "Plan Width": 4, "Filter": "(d_week_seq = $1)"}]}]}]}]}]}]}]}]}]}]}, {"Node Type": "Materialize", "Parent Relationship": "Inner", "Parallel Aware": false, "Async Capable": false, "Startup Cost": 31473.74, "Total Cost": 31481.2, "Plan Rows": 69, "Plan Width": 49, "Plans": [{"Node Type": "Aggregate", "Strategy": "Sorted", "Partial Mode": "Finalize", "Parent Relationship": "Outer", "Parallel Aware": false, "Async Capable": false, "Startup Cost": 31473.74, "Total Cost": 31480.34, "Plan Rows": 69, "Plan Width": 49, "Group Key": ["item_2.i_item_id"], "Plans": [{"Node Type": "Seq Scan", "Parent Relationship": "InitPlan", "Subplan Name": "InitPlan 3 (returns $2)", "Parallel Aware": false, "Async Capable": false, "Relation Name": "date_dim", "Alias": "date_dim_8", "Startup Cost": 0.0, "Total Cost": 2318.11, "Plan Rows": 1, "Plan Width": 4, "Filter": "(d_date = '1998-02-19'::date)"}, {"Node Type": "Gather Merge", "Parent Relationship": "Outer", "Parallel Aware": false, "Async Capable": false, "Startup Cost": 29155.62, "Total Cost": 29161.06, "Plan Rows": 41, "Plan Width": 49, "Workers Planned": 1, "Params Evaluated": ["$2"], "Plans": [{"Node Type": "Aggregate", "Strategy": "Sorted", "Partial Mode": "Partial", "Parent Relationship": "Outer", "Parallel Aware": false, "Async Capable": false, "Startup Cost": 28155.61, "Total Cost": 28156.43, "Plan Rows": 41, "Plan Width": 49, "Group Key": ["item_2.i_item_id"], "Plans": [{"Node Type": "Sort", "Parent Relationship": "Outer", "Parallel Aware": false, "Async Capable": false, "Startup Cost": 28155.61, "Total Cost": 28155.72, "Plan Rows": 41, "Plan Width": 23, "Sort Key": ["item_2.i_item_id"], "Plans": [{"Node Type": "Hash Join", "Parent Relationship": "Outer", "Parallel Aware": true, "Async Capable": false, "Join Type": "Inner", "Startup Cost": 26778.76, "Total Cost": 28154.52, "Plan Rows": 41, "Plan Width": 23, "Inner Unique": false, "Hash Cond": "(item_2.i_item_sk = web_sales.ws_item_sk)", "Plans": [{"Node Type": "Seq Scan", "Parent Relationship": "Outer", "Parallel Aware": true, "Async Capable": false, "Relation Name": "item", "Alias": "item_2", "Startup Cost": 0.0, "Total Cost": 1335.88, "Plan Rows": 10588, "Plan Width": 21}, {"Node Type": "Hash", "Parent Relationship": "Inner", "Parallel Aware": true, "Async Capable": false, "Startup Cost": 26778.4, "Total Cost": 26778.4, "Plan Rows": 29, "Plan Width": 10, "Plans": [{"Node Type": "Hash Join", "Parent Relationship": "Outer", "Parallel Aware": true, "Async Capable": false, "Join Type": "Inner", "Startup Cost": 3889.77, "Total Cost": 26778.4, "Plan Rows": 29, "Plan Width": 10, "Inner Unique": false, "Hash Cond": "(web_sales.ws_sold_date_sk = date_dim_4.d_date_sk)", "Plans": [{"Node Type": "Seq Scan", "Parent Relationship": "Outer", "Parallel Aware": true, "Async Capable": false, "Relation Name": "web_sales", "Alias": "web_sales", "Startup Cost": 0.0, "Total Cost": 21764.43, "Plan Rows": 299743, "Plan Width": 14}, {"Node Type": "Hash", "Parent Relationship": "Inner", "Parallel Aware": true, "Async Capable": false, "Startup Cost": 3889.72, "Total Cost": 3889.72, "Plan Rows": 4, "Plan Width": 4, "Plans": [{"Node Type": "Hash Join", "Parent Relationship": "Outer", "Parallel Aware": true, "Async Capable": false, "Join Type": "Semi", "Startup Cost": 1942.17, "Total Cost": 3889.72, "Plan Rows": 4, "Plan Width": 4, "Inner Unique": false, "Hash Cond": "(date_dim_4.d_date = date_dim_5.d_date)", "Plans": [{"Node Type": "Seq Scan", "Parent Relationship": "Outer", "Parallel Aware": true, "Async Capable": false, "Relation Name": "date_dim", "Alias": "date_dim_4", "Startup Cost": 0.0, "Total Cost": 1834.7, "Plan Rows": 42970, "Plan Width": 8}, {"Node Type": "Hash", "Parent Relationship": "Inner", "Parallel Aware": true, "Async Capable": false, "Startup Cost": 1942.12, "Total Cost": 1942.12, "Plan Rows": 4, "Plan Width": 4, "Plans": [{"Node Type": "Seq Scan", "Parent Relationship": "Outer", "Parallel Aware": true, "Async Capable": false, "Relation Name": "date_dim", "Alias": "date_dim_5", "Startup Cost": 0.0, "Total Cost": 1942.12, "Plan Rows": 4, "Plan Width": 4, "Filter": "(d_week_seq = $2)"}]}]}]}]}]}]}]}]}]}]}]}]}]}]}]}]}, "JIT": {"Functions": 138, "Options": {"Inlining": false, "Optimization": false, "Expressions": true, "Deforming": true}}}]]], [[[{"Plan": {"Node Type": "Limit", "Parallel Aware": false, "Async Capable": false, "Startup Cost": 255402.66, "Total Cost": 255402.66, "Plan Rows": 1, "Plan Width": 414, "Plans": [{"Node Type": "Aggregate", "Strategy": "Sorted", "Partial Mode": "Finalize", "Parent Relationship": "InitPlan", "Subplan Name": "CTE wss", "Parallel Aware": false, "Async Capable": false, "Startup Cost": 226105.46, "Total Cost": 247446.06, "Plan Rows": 62610, "Plan Width": 232, "Group Key": ["date_dim.d_week_seq", "store_sales.ss_store_sk"], "Plans": [{"Node Type": "Gather Merge", "Parent Relationship": "Outer", "Parallel Aware": false, "Async Capable": false, "Startup Cost": 226105.46, "Total Cost": 240715.48, "Plan Rows": 125220, "Plan Width": 232, "Workers Planned": 2, "Plans": [{"Node Type": "Sort", "Parent Relationship": "Outer", "Parallel Aware": false, "Async Capable": false, "Startup Cost": 225105.44, "Total Cost": 225261.96, "Plan Rows": 62610, "Plan Width": 232, "Sort Key": ["date_dim.d_week_seq", "store_sales.ss_store_sk"], "Plans": [{"Node Type": "Aggregate", "Strategy": "Hashed", "Partial Mode": "Partial", "Parent Relationship": "Outer", "Parallel Aware": false, "Async Capable": false, "Startup Cost": 197482.11, "Total Cost": 213267.77, "Plan Rows": 62610, "Plan Width": 232, "Group Key": ["date_dim.d_week_seq", "store_sales.ss_store_sk"], "Planned Partitions": 32, "Plans": [{"Node Type": "Hash Join", "Parent Relationship": "Outer", "Parallel Aware": true, "Async Capable": false, "Join Type": "Inner", "Startup Cost": 2371.82, "Total Cost": 69219.5, "Plan Rows": 1200118, "Plan Width": 24, "Inner Unique": true, "Hash Cond": "(store_sales.ss_sold_date_sk = date_dim.d_date_sk)", "Plans": [{"Node Type": "Seq Scan", "Parent Relationship": "Outer", "Parallel Aware": true, "Async Capable": false, "Relation Name": "store_sales", "Alias": "store_sales", "Startup Cost": 0.0, "Total Cost": 63697.18, "Plan Rows": 1200118, "Plan Width": 14}, {"Node Type": "Hash", "Parent Relationship": "Inner", "Parallel Aware": true, "Async Capable": false, "Startup Cost": 1834.7, "Total Cost": 1834.7, "Plan Rows": 42970, "Plan Width": 18, "Plans": [{"Node Type": "Seq Scan", "Parent Relationship": "Outer", "Parallel Aware": true, "Async Capable": false, "Relation Name": "date_dim", "Alias": "date_dim", "Startup Cost": 0.0, "Total Cost": 1834.7, "Plan Rows": 42970, "Plan Width": 18}]}]}]}]}]}]}, {"Node Type": "Sort", "Parent Relationship": "Outer", "Parallel Aware": false, "Async Capable": false, "Startup Cost": 7956.6, "Total Cost": 7956.61, "Plan Rows": 1, "Plan Width": 414, "Sort Key": ["store.s_store_name", "store.s_store_id", "wss.d_week_seq"], "Plans": [{"Node Type": "Hash Join", "Parent Relationship": "Outer", "Parallel Aware": false, "Async Capable": false, "Join Type": "Inner", "Startup Cost": 5454.26, "Total Cost": 7956.59, "Plan Rows": 1, "Plan Width": 414, "Inner Unique": false, "Hash Cond": "(d_1.d_week_seq = wss_1.d_week_seq)", "Plans": [{"Node Type": "Seq Scan", "Parent Relationship": "Outer", "Parallel Aware": false, "Async Capable": false, "Relation Name": "date_dim", "Alias": "d_1", "Startup Cost": 0.0, "Total Cost": 2500.73, "Plan Rows": 418, "Plan Width": 4, "Filter": "((d_month_seq >= 1197) AND (d_month_seq <= 1208))"}, {"Node Type": "Hash", "Parent Relationship": "Inner", "Parallel Aware": false, "Async Capable": false, "Startup Cost": 5454.21, "Total Cost": 5454.21, "Plan Rows": 4, "Plan Width": 642, "Plans": [{"Node Type": "Hash Join", "Parent Relationship": "Outer", "Parallel Aware": false, "Async Capable": false, "Join Type": "Inner", "Startup Cost": 3973.09, "Total Cost": 5454.21, "Plan Rows": 4, "Plan Width": 642, "Inner Unique": false, "Hash Cond": "(((wss_1.d_week_seq - 52) = d.d_week_seq) AND (store_1.s_store_id = store.s_store_id))", "Plans": [{"Node Type": "Hash Join", "Parent Relationship": "Outer", "Parallel Aware": false, "Async Capable": false, "Join Type": "Inner", "Startup Cost": 1.27, "Total Cost": 1421.3, "Plan Rows": 3757, "Plan Width": 296, "Inner Unique": true, "Hash Cond": "(wss_1.ss_store_sk = store_1.s_store_sk)", "Plans": [{"Node Type": "CTE Scan", "Parent Relationship": "Outer", "Parallel Aware": false, "Async Capable": false, "CTE Name": "wss", "Alias": "wss_1", "Startup Cost": 0.0, "Total Cost": 1252.2, "Plan Rows": 62610, "Plan Width": 232}, {"Node Type": "Hash", "Parent Relationship": "Inner", "Parallel Aware": false, "Async Capable": false, "Startup Cost": 1.12, "Total Cost": 1.12, "Plan Rows": 12, "Plan Width": 72, "Plans": [{"Node Type": "Seq Scan", "Parent Relationship": "Outer", "Parallel Aware": false, "Async Capable": false, "Relation Name": "store", "Alias": "store_1", "Startup Cost": 0.0, "Total Cost": 1.12, "Plan Rows": 12, "Plan Width": 72}]}]}, {"Node Type": "Hash", "Parent Relationship": "Inner", "Parallel Aware": false, "Async Capable": false, "Startup Cost": 3969.93, "Total Cost": 3969.93, "Plan Rows": 126, "Plan Width": 418, "Plans": [{"Node Type": "Hash Join", "Parent Relationship": "Outer", "Parallel Aware": false, "Async Capable": false, "Join Type": "Inner", "Startup Cost": 2506.37, "Total Cost": 3969.93, "Plan Rows": 126, "Plan Width": 418, "Inner Unique": false, "Hash Cond": "(wss.d_week_seq = d.d_week_seq)", "Plans": [{"Node Type": "Hash Join", "Parent Relationship": "Outer", "Parallel Aware": false, "Async Capable": false, "Join Type": "Inner", "Startup Cost": 1.27, "Total Cost": 1421.3, "Plan Rows": 3757, "Plan Width": 414, "Inner Unique": true, "Hash Cond": "(wss.ss_store_sk = store.s_store_sk)", "Plans": [{"Node Type": "CTE Scan", "Parent Relationship": "Outer", "Parallel Aware": false, "Async Capable": false, "CTE Name": "wss", "Alias": "wss", "Startup Cost": 0.0, "Total Cost": 1252.2, "Plan Rows": 62610, "Plan Width": 232}, {"Node Type": "Hash", "Parent Relationship": "Inner", "Parallel Aware": false, "Async Capable": false, "Startup Cost": 1.12, "Total Cost": 1.12, "Plan Rows": 12, "Plan Width": 190, "Plans": [{"Node Type": "Seq Scan", "Parent Relationship": "Outer", "Parallel Aware": false, "Async Capable": false, "Relation Name": "store", "Alias": "store", "Startup Cost": 0.0, "Total Cost": 1.12, "Plan Rows": 12, "Plan Width": 190}]}]}, {"Node Type": "Hash", "Parent Relationship": "Inner", "Parallel Aware": false, "Async Capable": false, "Startup Cost": 2500.73, "Total Cost": 2500.73, "Plan Rows": 349, "Plan Width": 4, "Plans": [{"Node Type": "Seq Scan", "Parent Relationship": "Outer", "Parallel Aware": false, "Async Capable": false, "Relation Name": "date_dim", "Alias": "d", "Startup Cost": 0.0, "Total Cost": 2500.73, "Plan Rows": 349, "Plan Width": 4, "Filter": "((d_month_seq >= 1185) AND (d_month_seq <= 1196))"}]}]}]}]}]}]}]}]}, "JIT": {"Functions": 67, "Options": {"Inlining": false, "Optimization": false, "Expressions": true, "Deforming": true}}}]]], [[[{"Plan": {"Node Type": "Limit", "Parallel Aware": false, "Async Capable": false, "Startup Cost": 156857.25, "Total Cost": 156857.5, "Plan Rows": 100, "Plan Width": 49, "Plans": [{"Node Type": "Sort", "Parent Relationship": "Outer", "Parallel Aware": false, "Async Capable": false, "Startup Cost": 156857.25, "Total Cost": 156857.7, "Plan Rows": 181, "Plan Width": 49, "Sort Key": ["item.i_item_id", "(sum((sum(store_sales.ss_ext_sales_price))))"], "Plans": [{"Node Type": "Aggregate", "Strategy": "Sorted", "Partial Mode": "Simple", "Parent Relationship": "Outer", "Parallel Aware": false, "Async Capable": false, "Startup Cost": 156820.85, "Total Cost": 156850.46, "Plan Rows": 181, "Plan Width": 49, "Group Key": ["item.i_item_id"], "Plans": [{"Node Type": "Merge Append", "Parent Relationship": "Outer", "Parallel Aware": false, "Async Capable": false, "Startup Cost": 156820.85, "Total Cost": 156847.3, "Plan Rows": 181, "Plan Width": 49, "Sort Key": ["item.i_item_id"], "Subplans Removed": 0, "Plans": [{"Node Type": "Aggregate", "Strategy": "Sorted", "Partial Mode": "Finalize", "Parent Relationship": "Member", "Parallel Aware": false, "Async Capable": false, "Startup Cost": 74385.29, "Total Cost": 74406.03, "Plan Rows": 103, "Plan Width": 49, "Group Key": ["item.i_item_id"], "Plans": [{"Node Type": "Gather Merge", "Parent Relationship": "Outer", "Parallel Aware": false, "Async Capable": false, "Startup Cost": 74385.29, "Total Cost": 74404.28, "Plan Rows": 61, "Plan Width": 49, "Workers Planned": 1, "Plans": [{"Node Type": "Aggregate", "Strategy": "Sorted", "Partial Mode": "Partial", "Parent Relationship": "Outer", "Parallel Aware": false, "Async Capable": false, "Startup Cost": 73385.28, "Total Cost": 73397.41, "Plan Rows": 61, "Plan Width": 49, "Group Key": ["item.i_item_id"], "Plans": [{"Node Type": "Merge Join", "Parent Relationship": "Outer", "Parallel Aware": false, "Async Capable": false, "Join Type": "Semi", "Startup Cost": 73385.28, "Total Cost": 73396.34, "Plan Rows": 61, "Plan Width": 23, "Inner Unique": false, "Merge Cond": "(item.i_item_id = item_1.i_item_id)", "Plans": [{"Node Type": "Sort", "Parent Relationship": "Outer", "Parallel Aware": false, "Async Capable": false, "Startup Cost": 71833.81, "Total Cost": 71834.57, "Plan Rows": 305, "Plan Width": 23, "Sort Key": ["item.i_item_id"], "Plans": [{"Node Type": "Hash Join", "Parent Relationship": "Outer", "Parallel Aware": true, "Async Capable": false, "Join Type": "Inner", "Startup Cost": 70443.85, "Total Cost": 71821.22, "Plan Rows": 305, "Plan Width": 23, "Inner Unique": false, "Hash Cond": "(item.i_item_sk = store_sales.ss_item_sk)", "Plans": [{"Node Type": "Seq Scan", "Parent Relationship": "Outer", "Parallel Aware": true, "Async Capable": false, "Relation Name": "item", "Alias": "item", "Startup Cost": 0.0, "Total Cost": 1335.88, "Plan Rows": 10588, "Plan Width": 21}, {"Node Type": "Hash", "Parent Relationship": "Inner", "Parallel Aware": true, "Async Capable": false, "Startup Cost": 70440.03, "Total Cost": 70440.03, "Plan Rows": 305, "Plan Width": 10, "Plans": [{"Node Type": "Hash Join", "Parent Relationship": "Outer", "Parallel Aware": true, "Async Capable": false, "Join Type": "Inner", "Startup Cost": 68903.61, "Total Cost": 70440.03, "Plan Rows": 305, "Plan Width": 10, "Inner Unique": false, "Hash Cond": "(customer_address.ca_address_sk = store_sales.ss_addr_sk)", "Plans": [{"Node Type": "Seq Scan", "Parent Relationship": "Outer", "Parallel Aware": true, "Async Capable": false, "Relation Name": "customer_address", "Alias": "customer_address", "Startup Cost": 0.0, "Total Cost": 1454.65, "Plan Rows": 12891, "Plan Width": 4, "Filter": "(ca_gmt_offset = '-6'::numeric)"}, {"Node Type": "Hash", "Parent Relationship": "Inner", "Parallel Aware": true, "Async Capable": false, "Startup Cost": 68897.45, "Total Cost": 68897.45, "Plan Rows": 493, "Plan Width": 14, "Plans": [{"Node Type": "Hash Join", "Parent Relationship": "Outer", "Parallel Aware": true, "Async Capable": false, "Join Type": "Inner", "Startup Cost": 2049.78, "Total Cost": 68897.45, "Plan Rows": 493, "Plan Width": 14, "Inner Unique": true, "Hash Cond": "(store_sales.ss_sold_date_sk = date_dim.d_date_sk)", "Plans": [{"Node Type": "Seq Scan", "Parent Relationship": "Outer", "Parallel Aware": true, "Async Capable": false, "Relation Name": "store_sales", "Alias": "store_sales", "Startup Cost": 0.0, "Total Cost": 63697.18, "Plan Rows": 1200118, "Plan Width": 18}, {"Node Type": "Hash", "Parent Relationship": "Inner", "Parallel Aware": true, "Async Capable": false, "Startup Cost": 2049.55, "Total Cost": 2049.55, "Plan Rows": 18, "Plan Width": 4, "Plans": [{"Node Type": "Seq Scan", "Parent Relationship": "Outer", "Parallel Aware": true, "Async Capable": false, "Relation Name": "date_dim", "Alias": "date_dim", "Startup Cost": 0.0, "Total Cost": 2049.55, "Plan Rows": 18, "Plan Width": 4, "Filter": "((d_year = 1999) AND (d_moy = 9))"}]}]}]}]}]}]}]}, {"Node Type": "Sort", "Parent Relationship": "Inner", "Parallel Aware": false, "Async Capable": false, "Startup Cost": 1551.47, "Total Cost": 1555.93, "Plan Rows": 1786, "Plan Width": 17, "Sort Key": ["item_1.i_item_id"], "Plans": [{"Node Type": "Seq Scan", "Parent Relationship": "Outer", "Parallel Aware": false, "Async Capable": false, "Relation Name": "item", "Alias": "item_1", "Startup Cost": 0.0, "Total Cost": 1455.0, "Plan Rows": 1786, "Plan Width": 17, "Filter": "(i_category = 'Children'::bpchar)"}]}]}]}]}]}, {"Node Type": "Aggregate", "Strategy": "Sorted", "Partial Mode": "Simple", "Parent Relationship": "Member", "Parallel Aware": false, "Async Capable": false, "Startup Cost": 52461.1, "Total Cost": 52462.14, "Plan Rows": 52, "Plan Width": 49, "Group Key": ["item_2.i_item_id"], "Plans": [{"Node Type": "Sort", "Parent Relationship": "Outer", "Parallel Aware": false, "Async Capable": false, "Startup Cost": 52461.1, "Total Cost": 52461.23, "Plan Rows": 52, "Plan Width": 23, "Sort Key": ["item_2.i_item_id"], "Plans": [{"Node Type": "Hash Join", "Parent Relationship": "Outer", "Parallel Aware": false, "Async Capable": false, "Join Type": "Semi", "Startup Cost": 51055.85, "Total Cost": 52459.62, "Plan Rows": 52, "Plan Width": 23, "Inner Unique": false, "Hash Cond": "(item_2.i_item_id = item_3.i_item_id)", "Plans": [{"Node Type": "Gather", "Parent Relationship": "Outer", "Parallel Aware": false, "Async Capable": false, "Startup Cost": 49578.52, "Total Cost": 50980.9, "Plan Rows": 259, "Plan Width": 23, "Workers Planned": 1, "Single Copy": false, "Plans": [{"Node Type": "Hash Join", "Parent Relationship": "Outer", "Parallel Aware": true, "Async Capable": false, "Join Type": "Inner", "Startup Cost": 48578.52, "Total Cost": 49955.0, "Plan Rows": 152, "Plan Width": 23, "Inner Unique": false, "Hash Cond": "(item_2.i_item_sk = catalog_sales.cs_item_sk)", "Plans": [{"Node Type": "Seq Scan", "Parent Relationship": "Outer", "Parallel Aware": true, "Async Capable": false, "Relation Name": "item", "Alias": "item_2", "Startup Cost": 0.0, "Total Cost": 1335.88, "Plan Rows": 10588, "Plan Width": 21}, {"Node Type": "Hash", "Parent Relationship": "Inner", "Parallel Aware": true, "Async Capable": false, "Startup Cost": 48576.62, "Total Cost": 48576.62, "Plan Rows": 152, "Plan Width": 10, "Plans": [{"Node Type": "Hash Join", "Parent Relationship": "Outer", "Parallel Aware": true, "Async Capable": false, "Join Type": "Inner", "Startup Cost": 47040.78, "Total Cost": 48576.62, "Plan Rows": 152, "Plan Width": 10, "Inner Unique": false, "Hash Cond": "(customer_address_1.ca_address_sk = catalog_sales.cs_bill_addr_sk)", "Plans": [{"Node Type": "Seq Scan", "Parent Relationship": "Outer", "Parallel Aware": true, "Async Capable": false, "Relation Name": "customer_address", "Alias": "customer_address_1", "Startup Cost": 0.0, "Total Cost": 1454.65, "Plan Rows": 12891, "Plan Width": 4, "Filter": "(ca_gmt_offset = '-6'::numeric)"}, {"Node Type": "Hash", "Parent Relationship": "Inner", "Parallel Aware": true, "Async Capable": false, "Startup Cost": 47037.69, "Total Cost": 47037.69, "Plan Rows": 247, "Plan Width": 14, "Plans": [{"Node Type": "Hash Join", "Parent Relationship": "Outer", "Parallel Aware": true, "Async Capable": false, "Join Type": "Inner", "Startup Cost": 2049.78, "Total Cost": 47037.69, "Plan Rows": 247, "Plan Width": 14, "Inner Unique": true, "Hash Cond": "(catalog_sales.cs_sold_date_sk = date_dim_1.d_date_sk)", "Plans": [{"Node Type": "Seq Scan", "Parent Relationship": "Outer", "Parallel Aware": true, "Async Capable": false, "Relation Name": "catalog_sales", "Alias": "catalog_sales", "Startup Cost": 0.0, "Total Cost": 43411.2, "Plan Rows": 600620, "Plan Width": 18}, {"Node Type": "Hash", "Parent Relationship": "Inner", "Parallel Aware": true, "Async Capable": false, "Startup Cost": 2049.55, "Total Cost": 2049.55, "Plan Rows": 18, "Plan Width": 4, "Plans": [{"Node Type": "Seq Scan", "Parent Relationship": "Outer", "Parallel Aware": true, "Async Capable": false, "Relation Name": "date_dim", "Alias": "date_dim_1", "Startup Cost": 0.0, "Total Cost": 2049.55, "Plan Rows": 18, "Plan Width": 4, "Filter": "((d_year = 1999) AND (d_moy = 9))"}]}]}]}]}]}]}]}, {"Node Type": "Hash", "Parent Relationship": "Inner", "Parallel Aware": false, "Async Capable": false, "Startup Cost": 1455.0, "Total Cost": 1455.0, "Plan Rows": 1786, "Plan Width": 17, "Plans": [{"Node Type": "Seq Scan", "Parent Relationship": "Outer", "Parallel Aware": false, "Async Capable": false, "Relation Name": "item", "Alias": "item_3", "Startup Cost": 0.0, "Total Cost": 1455.0, "Plan Rows": 1786, "Plan Width": 17, "Filter": "(i_category = 'Children'::bpchar)"}]}]}]}]}, {"Node Type": "Aggregate", "Strategy": "Sorted", "Partial Mode": "Simple", "Parent Relationship": "Member", "Parallel Aware": false, "Async Capable": false, "Startup Cost": 29974.44, "Total Cost": 29974.96, "Plan Rows": 26, "Plan Width": 49, "Group Key": ["item_4.i_item_id"], "Plans": [{"Node Type": "Sort", "Parent Relationship": "Outer", "Parallel Aware": false, "Async Capable": false, "Startup Cost": 29974.44, "Total Cost": 29974.51, "Plan Rows": 26, "Plan Width": 23, "Sort Key": ["item_4.i_item_id"], "Plans": [{"Node Type": "Hash Join", "Parent Relationship": "Outer", "Parallel Aware": false, "Async Capable": false, "Join Type": "Semi", "Startup Cost": 28584.2, "Total Cost": 29973.83, "Plan Rows": 26, "Plan Width": 23, "Inner Unique": false, "Hash Cond": "(item_4.i_item_id = item_5.i_item_id)", "Plans": [{"Node Type": "Gather", "Parent Relationship": "Outer", "Parallel Aware": false, "Async Capable": false, "Startup Cost": 27106.87, "Total Cost": 28495.81, "Plan Rows": 129, "Plan Width": 23, "Workers Planned": 1, "Single Copy": false, "Plans": [{"Node Type": "Hash Join", "Parent Relationship": "Outer", "Parallel Aware": true, "Async Capable": false, "Join Type": "Inner", "Startup Cost": 26106.87, "Total Cost": 27482.91, "Plan Rows": 76, "Plan Width": 23, "Inner Unique": false, "Hash Cond": "(item_4.i_item_sk = web_sales.ws_item_sk)", "Plans": [{"Node Type": "Seq Scan", "Parent Relationship": "Outer", "Parallel Aware": true, "Async Capable": false, "Relation Name": "item", "Alias": "item_4", "Startup Cost": 0.0, "Total Cost": 1335.88, "Plan Rows": 10588, "Plan Width": 21}, {"Node Type": "Hash", "Parent Relationship": "Inner", "Parallel Aware": true, "Async Capable": false, "Startup Cost": 26105.92, "Total Cost": 26105.92, "Plan Rows": 76, "Plan Width": 10, "Plans": [{"Node Type": "Hash Join", "Parent Relationship": "Outer", "Parallel Aware": true, "Async Capable": false, "Join Type": "Inner", "Startup Cost": 24602.62, "Total Cost": 26105.92, "Plan Rows": 76, "Plan Width": 10, "Inner Unique": false, "Hash Cond": "(customer_address_2.ca_address_sk = web_sales.ws_bill_addr_sk)", "Plans": [{"Node Type": "Seq Scan", "Parent Relationship": "Outer", "Parallel Aware": true, "Async Capable": false, "Relation Name": "customer_address", "Alias": "customer_address_2", "Startup Cost": 0.0, "Total Cost": 1454.65, "Plan Rows": 12891, "Plan Width": 4, "Filter": "(ca_gmt_offset = '-6'::numeric)"}, {"Node Type": "Hash", "Parent Relationship": "Inner", "Parallel Aware": true, "Async Capable": false, "Startup Cost": 24601.08, "Total Cost": 24601.08, "Plan Rows": 123, "Plan Width": 14, "Plans": [{"Node Type": "Hash Join", "Parent Relationship": "Outer", "Parallel Aware": true, "Async Capable": false, "Join Type": "Inner", "Startup Cost": 2049.78, "Total Cost": 24601.08, "Plan Rows": 123, "Plan Width": 14, "Inner Unique": true, "Hash Cond": "(web_sales.ws_sold_date_sk = date_dim_2.d_date_sk)", "Plans": [{"Node Type": "Seq Scan", "Parent Relationship": "Outer", "Parallel Aware": true, "Async Capable": false, "Relation Name": "web_sales", "Alias": "web_sales", "Startup Cost": 0.0, "Total Cost": 21764.43, "Plan Rows": 299743, "Plan Width": 18}, {"Node Type": "Hash", "Parent Relationship": "Inner", "Parallel Aware": true, "Async Capable": false, "Startup Cost": 2049.55, "Total Cost": 2049.55, "Plan Rows": 18, "Plan Width": 4, "Plans": [{"Node Type": "Seq Scan", "Parent Relationship": "Outer", "Parallel Aware": true, "Async Capable": false, "Relation Name": "date_dim", "Alias": "date_dim_2", "Startup Cost": 0.0, "Total Cost": 2049.55, "Plan Rows": 18, "Plan Width": 4, "Filter": "((d_year = 1999) AND (d_moy = 9))"}]}]}]}]}]}]}]}, {"Node Type": "Hash", "Parent Relationship": "Inner", "Parallel Aware": false, "Async Capable": false, "Startup Cost": 1455.0, "Total Cost": 1455.0, "Plan Rows": 1786, "Plan Width": 17, "Plans": [{"Node Type": "Seq Scan", "Parent Relationship": "Outer", "Parallel Aware": false, "Async Capable": false, "Relation Name": "item", "Alias": "item_5", "Startup Cost": 0.0, "Total Cost": 1455.0, "Plan Rows": 1786, "Plan Width": 17, "Filter": "(i_category = 'Children'::bpchar)"}]}]}]}]}]}]}]}]}, "JIT": {"Functions": 141, "Options": {"Inlining": false, "Optimization": false, "Expressions": true, "Deforming": true}}}]]], [[[{"Plan": {"Node Type": "Limit", "Parallel Aware": false, "Async Capable": false, "Startup Cost": 10000152769.38, "Total Cost": 10000152769.39, "Plan Rows": 1, "Plan Width": 96, "Plans": [{"Node Type": "Sort", "Parent Relationship": "Outer", "Parallel Aware": false, "Async Capable": false, "Startup Cost": 10000152769.38, "Total Cost": 10000152769.39, "Plan Rows": 1, "Plan Width": 96, "Sort Key": ["(sum(store_sales.ss_ext_sales_price))", "(sum(store_sales_1.ss_ext_sales_price))"], "Plans": [{"Node Type": "Nested Loop", "Parent Relationship": "Outer", "Parallel Aware": false, "Async Capable": false, "Join Type": "Inner", "Startup Cost": 10000152769.31, "Total Cost": 10000152769.37, "Plan Rows": 1, "Plan Width": 96, "Inner Unique": false, "Plans": [{"Node Type": "Aggregate", "Strategy": "Plain", "Partial Mode": "Simple", "Parent Relationship": "Outer", "Parallel Aware": false, "Async Capable": false, "Startup Cost": 76392.17, "Total Cost": 76392.18, "Plan Rows": 1, "Plan Width": 32, "Plans": [{"Node Type": "Gather", "Parent Relationship": "Outer", "Parallel Aware": false, "Async Capable": false, "Startup Cost": 72776.55, "Total Cost": 76392.17, "Plan Rows": 1, "Plan Width": 6, "Workers Planned": 1, "Single Copy": false, "Plans": [{"Node Type": "Hash Join", "Parent Relationship": "Outer", "Parallel Aware": true, "Async Capable": false, "Join Type": "Inner", "Startup Cost": 71776.55, "Total Cost": 75392.07, "Plan Rows": 1, "Plan Width": 6, "Inner Unique": false, "Hash Cond": "(customer.c_customer_sk = store_sales.ss_customer_sk)", "Plans": [{"Node Type": "Hash Join", "Parent Relationship": "Outer", "Parallel Aware": true, "Async Capable": false, "Join Type": "Inner", "Startup Cost": 1494.38, "Total Cost": 5086.04, "Plan Rows": 6359, "Plan Width": 4, "Inner Unique": true, "Hash Cond": "(customer.c_current_addr_sk = customer_address.ca_address_sk)", "Plans": [{"Node Type": "Seq Scan", "Parent Relationship": "Outer", "Parallel Aware": true, "Async Capable": false, "Relation Name": "customer", "Alias": "customer", "Startup Cost": 0.0, "Total Cost": 3437.24, "Plan Rows": 58824, "Plan Width": 8}, {"Node Type": "Hash", "Parent Relationship": "Inner", "Parallel Aware": true, "Async Capable": false, "Startup Cost": 1454.65, "Total Cost": 1454.65, "Plan Rows": 3179, "Plan Width": 4, "Plans": [{"Node Type": "Seq Scan", "Parent Relationship": "Outer", "Parallel Aware": true, "Async Capable": false, "Relation Name": "customer_address", "Alias": "customer_address", "Startup Cost": 0.0, "Total Cost": 1454.65, "Plan Rows": 3179, "Plan Width": 4, "Filter": "(ca_gmt_offset = '-7'::numeric)"}]}]}, {"Node Type": "Hash", "Parent Relationship": "Inner", "Parallel Aware": true, "Async Capable": false, "Startup Cost": 70282.13, "Total Cost": 70282.13, "Plan Rows": 3, "Plan Width": 10, "Plans": [{"Node Type": "Hash Join", "Parent Relationship": "Outer", "Parallel Aware": true, "Async Capable": false, "Join Type": "Inner", "Startup Cost": 68915.94, "Total Cost": 70282.13, "Plan Rows": 3, "Plan Width": 10, "Inner Unique": false, "Hash Cond": "(item.i_item_sk = store_sales.ss_item_sk)", "Plans": [{"Node Type": "Seq Scan", "Parent Relationship": "Outer", "Parallel Aware": true, "Async Capable": false, "Relation Name": "item", "Alias": "item", "Startup Cost": 0.0, "Total Cost": 1362.35, "Plan Rows": 1019, "Plan Width": 4, "Filter": "(i_category = 'Books'::bpchar)"}, {"Node Type": "Hash", "Parent Relationship": "Inner", "Parallel Aware": true, "Async Capable": false, "Startup Cost": 68915.67, "Total Cost": 68915.67, "Plan Rows": 22, "Plan Width": 14, "Plans": [{"Node Type": "Hash Join", "Parent Relationship": "Outer", "Parallel Aware": false, "Async Capable": false, "Join Type": "Inner", "Startup Cost": 2066.16, "Total Cost": 68915.67, "Plan Rows": 22, "Plan Width": 14, "Inner Unique": true, "Hash Cond": "(store_sales.ss_promo_sk = promotion.p_promo_sk)", "Plans": [{"Node Type": "Hash Join", "Parent Relationship": "Outer", "Parallel Aware": false, "Async Capable": false, "Join Type": "Inner", "Startup Cost": 2050.94, "Total Cost": 68900.34, "Plan Rows": 41, "Plan Width": 18, "Inner Unique": true, "Hash Cond": "(store_sales.ss_store_sk = store.s_store_sk)", "Plans": [{"Node Type": "Hash Join", "Parent Relationship": "Outer", "Parallel Aware": true, "Async Capable": false, "Join Type": "Inner", "Startup Cost": 2049.78, "Total Cost": 68897.45, "Plan Rows": 493, "Plan Width": 22, "Inner Unique": true, "Hash Cond": "(store_sales.ss_sold_date_sk = date_dim.d_date_sk)", "Plans": [{"Node Type": "Seq Scan", "Parent Relationship": "Outer", "Parallel Aware": true, "Async Capable": false, "Relation Name": "store_sales", "Alias": "store_sales", "Startup Cost": 0.0, "Total Cost": 63697.18, "Plan Rows": 1200118, "Plan Width": 26}, {"Node Type": "Hash", "Parent Relationship": "Inner", "Parallel Aware": true, "Async Capable": false, "Startup Cost": 2049.55, "Total Cost": 2049.55, "Plan Rows": 18, "Plan Width": 4, "Plans": [{"Node Type": "Seq Scan", "Parent Relationship": "Outer", "Parallel Aware": true, "Async Capable": false, "Relation Name": "date_dim", "Alias": "date_dim", "Startup Cost": 0.0, "Total Cost": 2049.55, "Plan Rows": 18, "Plan Width": 4, "Filter": "((d_year = 1999) AND (d_moy = 11))"}]}]}, {"Node Type": "Hash", "Parent Relationship": "Inner", "Parallel Aware": false, "Async Capable": false, "Startup Cost": 1.15, "Total Cost": 1.15, "Plan Rows": 1, "Plan Width": 4, "Plans": [{"Node Type": "Seq Scan", "Parent Relationship": "Outer", "Parallel Aware": false, "Async Capable": false, "Relation Name": "store", "Alias": "store", "Startup Cost": 0.0, "Total Cost": 1.15, "Plan Rows": 1, "Plan Width": 4, "Filter": "(s_gmt_offset = '-7'::numeric)"}]}]}, {"Node Type": "Hash", "Parent Relationship": "Inner", "Parallel Aware": false, "Async Capable": false, "Startup Cost": 13.25, "Total Cost": 13.25, "Plan Rows": 158, "Plan Width": 4, "Plans": [{"Node Type": "Seq Scan", "Parent Relationship": "Outer", "Parallel Aware": false, "Async Capable": false, "Relation Name": "promotion", "Alias": "promotion", "Startup Cost": 0.0, "Total Cost": 13.25, "Plan Rows": 158, "Plan Width": 4, "Filter": "((p_channel_dmail = 'Y'::bpchar) OR (p_channel_email = 'Y'::bpchar) OR (p_channel_tv = 'Y'::bpchar))"}]}]}]}]}]}]}]}]}, {"Node Type": "Aggregate", "Strategy": "Plain", "Partial Mode": "Finalize", "Parent Relationship": "Inner", "Parallel Aware": false, "Async Capable": false, "Startup Cost": 76377.14, "Total Cost": 76377.15, "Plan Rows": 1, "Plan Width": 32, "Plans": [{"Node Type": "Gather", "Parent Relationship": "Outer", "Parallel Aware": false, "Async Capable": false, "Startup Cost": 76377.02, "Total Cost": 76377.13, "Plan Rows": 1, "Plan Width": 32, "Workers Planned": 1, "Single Copy": false, "Plans": [{"Node Type": "Aggregate", "Strategy": "Plain", "Partial Mode": "Partial", "Parent Relationship": "Outer", "Parallel Aware": false, "Async Capable": false, "Startup Cost": 75377.02, "Total Cost": 75377.03, "Plan Rows": 1, "Plan Width": 32, "Plans": [{"Node Type": "Hash Join", "Parent Relationship": "Outer", "Parallel Aware": true, "Async Capable": false, "Join Type": "Inner", "Startup Cost": 74010.83, "Total Cost": 75377.02, "Plan Rows": 1, "Plan Width": 6, "Inner Unique": false, "Hash Cond": "(item_1.i_item_sk = store_sales_1.ss_item_sk)", "Plans": [{"Node Type": "Seq Scan", "Parent Relationship": "Outer", "Parallel Aware": true, "Async Capable": false, "Relation Name": "item", "Alias": "item_1", "Startup Cost": 0.0, "Total Cost": 1362.35, "Plan Rows": 1019, "Plan Width": 4, "Filter": "(i_category = 'Books'::bpchar)"}, {"Node Type": "Hash", "Parent Relationship": "Inner", "Parallel Aware": true, "Async Capable": false, "Startup Cost": 74010.76, "Total Cost": 74010.76, "Plan Rows": 6, "Plan Width": 10, "Plans": [{"Node Type": "Hash Join", "Parent Relationship": "Outer", "Parallel Aware": true, "Async Capable": false, "Join Type": "Inner", "Startup Cost": 70395.23, "Total Cost": 74010.76, "Plan Rows": 6, "Plan Width": 10, "Inner Unique": false, "Hash Cond": "(customer_1.c_customer_sk = store_sales_1.ss_customer_sk)", "Plans": [{"Node Type": "Hash Join", "Parent Relationship": "Outer", "Parallel Aware": true, "Async Capable": false, "Join Type": "Inner", "Startup Cost": 1494.38, "Total Cost": 5086.04, "Plan Rows": 6359, "Plan Width": 4, "Inner Unique": true, "Hash Cond": "(customer_1.c_current_addr_sk = customer_address_1.ca_address_sk)", "Plans": [{"Node Type": "Seq Scan", "Parent Relationship": "Outer", "Parallel Aware": true, "Async Capable": false, "Relation Name": "customer", "Alias": "customer_1", "Startup Cost": 0.0, "Total Cost": 3437.24, "Plan Rows": 58824, "Plan Width": 8}, {"Node Type": "Hash", "Parent Relationship": "Inner", "Parallel Aware": true, "Async Capable": false, "Startup Cost": 1454.65, "Total Cost": 1454.65, "Plan Rows": 3179, "Plan Width": 4, "Plans": [{"Node Type": "Seq Scan", "Parent Relationship": "Outer", "Parallel Aware": true, "Async Capable": false, "Relation Name": "customer_address", "Alias": "customer_address_1", "Startup Cost": 0.0, "Total Cost": 1454.65, "Plan Rows": 3179, "Plan Width": 4, "Filter": "(ca_gmt_offset = '-7'::numeric)"}]}]}, {"Node Type": "Hash", "Parent Relationship": "Inner", "Parallel Aware": true, "Async Capable": false, "Startup Cost": 68900.34, "Total Cost": 68900.34, "Plan Rows": 41, "Plan Width": 14, "Plans": [{"Node Type": "Hash Join", "Parent Relationship": "Outer", "Parallel Aware": false, "Async Capable": false, "Join Type": "Inner", "Startup Cost": 2050.94, "Total Cost": 68900.34, "Plan Rows": 41, "Plan Width": 14, "Inner Unique": true, "Hash Cond": "(store_sales_1.ss_store_sk = store_1.s_store_sk)", "Plans": [{"Node Type": "Hash Join", "Parent Relationship": "Outer", "Parallel Aware": true, "Async Capable": false, "Join Type": "Inner", "Startup Cost": 2049.78, "Total Cost": 68897.45, "Plan Rows": 493, "Plan Width": 18, "Inner Unique": true, "Hash Cond": "(store_sales_1.ss_sold_date_sk = date_dim_1.d_date_sk)", "Plans": [{"Node Type": "Seq Scan", "Parent Relationship": "Outer", "Parallel Aware": true, "Async Capable": false, "Relation Name": "store_sales", "Alias": "store_sales_1", "Startup Cost": 0.0, "Total Cost": 63697.18, "Plan Rows": 1200118, "Plan Width": 22}, {"Node Type": "Hash", "Parent Relationship": "Inner", "Parallel Aware": true, "Async Capable": false, "Startup Cost": 2049.55, "Total Cost": 2049.55, "Plan Rows": 18, "Plan Width": 4, "Plans": [{"Node Type": "Seq Scan", "Parent Relationship": "Outer", "Parallel Aware": true, "Async Capable": false, "Relation Name": "date_dim", "Alias": "date_dim_1", "Startup Cost": 0.0, "Total Cost": 2049.55, "Plan Rows": 18, "Plan Width": 4, "Filter": "((d_year = 1999) AND (d_moy = 11))"}]}]}, {"Node Type": "Hash", "Parent Relationship": "Inner", "Parallel Aware": false, "Async Capable": false, "Startup Cost": 1.15, "Total Cost": 1.15, "Plan Rows": 1, "Plan Width": 4, "Plans": [{"Node Type": "Seq Scan", "Parent Relationship": "Outer", "Parallel Aware": false, "Async Capable": false, "Relation Name": "store", "Alias": "store_1", "Startup Cost": 0.0, "Total Cost": 1.15, "Plan Rows": 1, "Plan Width": 4, "Filter": "(s_gmt_offset = '-7'::numeric)"}]}]}]}]}]}]}]}]}]}]}]}]}, "JIT": {"Functions": 115, "Options": {"Inlining": true, "Optimization": true, "Expressions": true, "Deforming": true}}}]]], [[[{"Plan": {"Node Type": "Limit", "Parallel Aware": false, "Async Capable": false, "Startup Cost": 25711.77, "Total Cost": 25730.85, "Plan Rows": 100, "Plan Width": 314, "Plans": [{"Node Type": "Aggregate", "Strategy": "Sorted", "Partial Mode": "Finalize", "Parent Relationship": "Outer", "Parallel Aware": false, "Async Capable": false, "Startup Cost": 25711.77, "Total Cost": 26284.3, "Plan Rows": 3000, "Plan Width": 314, "Group Key": ["(substr((warehouse.w_warehouse_name)::text, 1, 20))", "ship_mode.sm_type", "web_site.web_name"], "Plans": [{"Node Type": "Gather Merge", "Parent Relationship": "Outer", "Parallel Aware": false, "Async Capable": false, "Startup Cost": 25711.77, "Total Cost": 26184.92, "Plan Rows": 3094, "Plan Width": 314, "Workers Planned": 2, "Plans": [{"Node Type": "Aggregate", "Strategy": "Sorted", "Partial Mode": "Partial", "Parent Relationship": "Outer", "Parallel Aware": false, "Async Capable": false, "Startup Cost": 24711.74, "Total Cost": 24827.77, "Plan Rows": 1547, "Plan Width": 314, "Group Key": ["(substr((warehouse.w_warehouse_name)::text, 1, 20))", "ship_mode.sm_type", "web_site.web_name"], "Plans": [{"Node Type": "Sort", "Parent Relationship": "Outer", "Parallel Aware": false, "Async Capable": false, "Startup Cost": 24711.74, "Total Cost": 24715.61, "Plan Rows": 1547, "Plan Width": 282, "Sort Key": ["(substr((warehouse.w_warehouse_name)::text, 1, 20))", "ship_mode.sm_type", "web_site.web_name"], "Plans": [{"Node Type": "Hash Join", "Parent Relationship": "Outer", "Parallel Aware": false, "Async Capable": false, "Join Type": "Inner", "Startup Cost": 2057.56, "Total Cost": 24629.79, "Plan Rows": 1547, "Plan Width": 282, "Inner Unique": true, "Hash Cond": "(web_sales.ws_web_site_sk = web_site.web_site_sk)", "Plans": [{"Node Type": "Hash Join", "Parent Relationship": "Outer", "Parallel Aware": false, "Async Capable": false, "Join Type": "Inner", "Startup Cost": 2054.89, "Total Cost": 24618.61, "Plan Rows": 1547, "Plan Width": 194, "Inner Unique": true, "Hash Cond": "(web_sales.ws_ship_mode_sk = ship_mode.sm_ship_mode_sk)", "Plans": [{"Node Type": "Hash Join", "Parent Relationship": "Outer", "Parallel Aware": false, "Async Capable": false, "Join Type": "Inner", "Startup Cost": 2053.44, "Total Cost": 24612.24, "Plan Rows": 1547, "Plan Width": 74, "Inner Unique": true, "Hash Cond": "(web_sales.ws_warehouse_sk = warehouse.w_warehouse_sk)", "Plans": [{"Node Type": "Hash Join", "Parent Relationship": "Outer", "Parallel Aware": true, "Async Capable": false, "Join Type": "Inner", "Startup Cost": 2052.33, "Total Cost": 24603.63, "Plan Rows": 1547, "Plan Width": 20, "Inner Unique": true, "Hash Cond": "(web_sales.ws_ship_date_sk = date_dim.d_date_sk)", "Plans": [{"Node Type": "Seq Scan", "Parent Relationship": "Outer", "Parallel Aware": true, "Async Capable": false, "Relation Name": "web_sales", "Alias": "web_sales", "Startup Cost": 0.0, "Total Cost": 21764.43, "Plan Rows": 299743, "Plan Width": 20}, {"Node Type": "Hash", "Parent Relationship": "Inner", "Parallel Aware": true, "Async Capable": false, "Startup Cost": 2049.55, "Total Cost": 2049.55, "Plan Rows": 222, "Plan Width": 4, "Plans": [{"Node Type": "Seq Scan", "Parent Relationship": "Outer", "Parallel Aware": true, "Async Capable": false, "Relation Name": "date_dim", "Alias": "date_dim", "Startup Cost": 0.0, "Total Cost": 2049.55, "Plan Rows": 222, "Plan Width": 4, "Filter": "((d_month_seq >= 1212) AND (d_month_seq <= 1223))"}]}]}, {"Node Type": "Hash", "Parent Relationship": "Inner", "Parallel Aware": false, "Async Capable": false, "Startup Cost": 1.05, "Total Cost": 1.05, "Plan Rows": 5, "Plan Width": 62, "Plans": [{"Node Type": "Seq Scan", "Parent Relationship": "Outer", "Parallel Aware": false, "Async Capable": false, "Relation Name": "warehouse", "Alias": "warehouse", "Startup Cost": 0.0, "Total Cost": 1.05, "Plan Rows": 5, "Plan Width": 62}]}]}, {"Node Type": "Hash", "Parent Relationship": "Inner", "Parallel Aware": false, "Async Capable": false, "Startup Cost": 1.2, "Total Cost": 1.2, "Plan Rows": 20, "Plan Width": 128, "Plans": [{"Node Type": "Seq Scan", "Parent Relationship": "Outer", "Parallel Aware": false, "Async Capable": false, "Relation Name": "ship_mode", "Alias": "ship_mode", "Startup Cost": 0.0, "Total Cost": 1.2, "Plan Rows": 20, "Plan Width": 128}]}]}, {"Node Type": "Hash", "Parent Relationship": "Inner", "Parallel Aware": false, "Async Capable": false, "Startup Cost": 2.3, "Total Cost": 2.3, "Plan Rows": 30, "Plan Width": 122, "Plans": [{"Node Type": "Seq Scan", "Parent Relationship": "Outer", "Parallel Aware": false, "Async Capable": false, "Relation Name": "web_site", "Alias": "web_site", "Startup Cost": 0.0, "Total Cost": 2.3, "Plan Rows": 30, "Plan Width": 122}]}]}]}]}]}]}]}}]]], [[[{"Plan": {"Node Type": "Limit", "Parallel Aware": false, "Async Capable": false, "Startup Cost": 71538.34, "Total Cost": 71538.36, "Plan Rows": 8, "Plan Width": 68, "Plans": [{"Node Type": "Sort", "Parent Relationship": "Outer", "Parallel Aware": false, "Async Capable": false, "Startup Cost": 71538.34, "Total Cost": 71538.36, "Plan Rows": 8, "Plan Width": 68, "Sort Key": ["tmp1.i_manager_id", "tmp1.avg_monthly_sales", "tmp1.sum_sales"], "Plans": [{"Node Type": "Subquery Scan", "Parent Relationship": "Outer", "Parallel Aware": false, "Async Capable": false, "Alias": "tmp1", "Startup Cost": 71534.34, "Total Cost": 71538.22, "Plan Rows": 8, "Plan Width": 68, "Filter": "(CASE WHEN (tmp1.avg_monthly_sales > '0'::numeric) THEN (abs((tmp1.sum_sales - tmp1.avg_monthly_sales)) / tmp1.avg_monthly_sales) ELSE NULL::numeric END > 0.1)", "Plans": [{"Node Type": "WindowAgg", "Parent Relationship": "Subquery", "Parallel Aware": false, "Async Capable": false, "Startup Cost": 71534.34, "Total Cost": 71537.7, "Plan Rows": 23, "Plan Width": 72, "Plans": [{"Node Type": "Aggregate", "Strategy": "Sorted", "Partial Mode": "Finalize", "Parent Relationship": "Outer", "Parallel Aware": false, "Async Capable": false, "Startup Cost": 71534.34, "Total Cost": 71537.36, "Plan Rows": 23, "Plan Width": 40, "Group Key": ["item.i_manager_id", "date_dim.d_moy"], "Plans": [{"Node Type": "Gather Merge", "Parent Relationship": "Outer", "Parallel Aware": false, "Async Capable": false, "Startup Cost": 71534.34, "Total Cost": 71536.87, "Plan Rows": 20, "Plan Width": 40, "Workers Planned": 2, "Plans": [{"Node Type": "Aggregate", "Strategy": "Sorted", "Partial Mode": "Partial", "Parent Relationship": "Outer", "Parallel Aware": false, "Async Capable": false, "Startup Cost": 70534.31, "Total Cost": 70534.54, "Plan Rows": 10, "Plan Width": 40, "Group Key": ["item.i_manager_id", "date_dim.d_moy"], "Plans": [{"Node Type": "Sort", "Parent Relationship": "Outer", "Parallel Aware": false, "Async Capable": false, "Startup Cost": 70534.31, "Total Cost": 70534.34, "Plan Rows": 10, "Plan Width": 14, "Sort Key": ["item.i_manager_id", "date_dim.d_moy"], "Plans": [{"Node Type": "Hash Join", "Parent Relationship": "Outer", "Parallel Aware": false, "Async Capable": false, "Join Type": "Inner", "Startup Cost": 3680.8, "Total Cost": 70534.15, "Plan Rows": 10, "Plan Width": 14, "Inner Unique": true, "Hash Cond": "(store_sales.ss_store_sk = store.s_store_sk)", "Plans": [{"Node Type": "Hash Join", "Parent Relationship": "Outer", "Parallel Aware": true, "Async Capable": false, "Join Type": "Inner", "Startup Cost": 3679.53, "Total Cost": 70532.84, "Plan Rows": 10, "Plan Width": 18, "Inner Unique": true, "Hash Cond": "(store_sales.ss_sold_date_sk = date_dim.d_date_sk)", "Plans": [{"Node Type": "Hash Join", "Parent Relationship": "Outer", "Parallel Aware": true, "Async Capable": false, "Join Type": "Inner", "Startup Cost": 1627.27, "Total Cost": 68475.51, "Plan Rows": 1933, "Plan Width": 18, "Inner Unique": true, "Hash Cond": "(store_sales.ss_item_sk = item.i_item_sk)", "Plans": [{"Node Type": "Seq Scan", "Parent Relationship": "Outer", "Parallel Aware": true, "Async Capable": false, "Relation Name": "store_sales", "Alias": "store_sales", "Startup Cost": 0.0, "Total Cost": 63697.18, "Plan Rows": 1200118, "Plan Width": 18}, {"Node Type": "Hash", "Parent Relationship": "Inner", "Parallel Aware": true, "Async Capable": false, "Startup Cost": 1627.06, "Total Cost": 1627.06, "Plan Rows": 17, "Plan Width": 8, "Plans": [{"Node Type": "Seq Scan", "Parent Relationship": "Outer", "Parallel Aware": true, "Async Capable": false, "Relation Name": "item", "Alias": "item", "Startup Cost": 0.0, "Total Cost": 1627.06, "Plan Rows": 17, "Plan Width": 8, "Filter": "(((i_category = ANY ('{Books,Children,Electronics}'::bpchar[])) AND (i_class = ANY ('{personal,portable,reference,self-help}'::bpchar[])) AND (i_brand = ANY ('{\"scholaramalgamalg #14\",\"scholaramalgamalg #7\",\"exportiunivamalg #9\",\"scholaramalgamalg #9\"}'::bpchar[]))) OR ((i_category = ANY ('{Women,Music,Men}'::bpchar[])) AND (i_class = ANY ('{accessories,classical,fragrances,pants}'::bpchar[])) AND (i_brand = ANY ('{\"amalgimporto #1\",\"edu packscholar #1\",\"exportiimporto #1\",\"importoamalg #1\"}'::bpchar[]))))"}]}]}, {"Node Type": "Hash", "Parent Relationship": "Inner", "Parallel Aware": true, "Async Capable": false, "Startup Cost": 2049.58, "Total Cost": 2049.58, "Plan Rows": 214, "Plan Width": 8, "Plans": [{"Node Type": "Seq Scan", "Parent Relationship": "Outer", "Parallel Aware": true, "Async Capable": false, "Relation Name": "date_dim", "Alias": "date_dim", "Startup Cost": 0.03, "Total Cost": 2049.58, "Plan Rows": 214, "Plan Width": 8, "Filter": "(d_month_seq = ANY ('{1212,1213,1214,1215,1216,1217,1218,1219,1220,1221,1222,1223}'::integer[]))"}]}]}, {"Node Type": "Hash", "Parent Relationship": "Inner", "Parallel Aware": false, "Async Capable": false, "Startup Cost": 1.12, "Total Cost": 1.12, "Plan Rows": 12, "Plan Width": 4, "Plans": [{"Node Type": "Seq Scan", "Parent Relationship": "Outer", "Parallel Aware": false, "Async Capable": false, "Relation Name": "store", "Alias": "store", "Startup Cost": 0.0, "Total Cost": 1.12, "Plan Rows": 12, "Plan Width": 4}]}]}]}]}]}]}]}]}]}]}}]]], [[[{"Plan": {"Node Type": "Sort", "Parallel Aware": false, "Async Capable": false, "Startup Cost": 207489.91, "Total Cost": 207489.92, "Plan Rows": 1, "Plan Width": 1310, "Sort Key": ["cs1.product_name", "cs1.store_name", "cs2.cnt", "cs1.s1", "cs2.s1"], "Plans": [{"Node Type": "Aggregate", "Strategy": "Sorted", "Partial Mode": "Simple", "Parent Relationship": "InitPlan", "Subplan Name": "CTE cross_sales", "Parallel Aware": false, "Async Capable": false, "Startup Cost": 207489.75, "Total Cost": 207489.82, "Plan Rows": 1, "Plan Width": 413, "Group Key": ["item.i_item_sk", "store.s_store_name", "store.s_zip", "ad1.ca_street_number", "ad1.ca_street_name", "ad1.ca_city", "ad1.ca_zip", "ad2.ca_street_number", "ad2.ca_street_name", "ad2.ca_city", "ad2.ca_zip", "d1.d_year", "d2.d_year", "d3.d_year"], "Plans": [{"Node Type": "Sort", "Parent Relationship": "Outer", "Parallel Aware": false, "Async Capable": false, "Startup Cost": 207489.75, "Total Cost": 207489.75, "Plan Rows": 1, "Plan Width": 324, "Sort Key": ["item.i_item_sk", "store.s_store_name", "store.s_zip", "ad1.ca_street_number", "ad1.ca_street_name", "ad1.ca_city", "ad1.ca_zip", "ad2.ca_street_number", "ad2.ca_street_name", "ad2.ca_city", "ad2.ca_zip", "d1.d_year", "d2.d_year", "d3.d_year"], "Plans": [{"Node Type": "Hash Join", "Parent Relationship": "Outer", "Parallel Aware": false, "Async Capable": false, "Join Type": "Inner", "Startup Cost": 174657.04, "Total Cost": 207489.74, "Plan Rows": 1, "Plan Width": 324, "Inner Unique": true, "Hash Cond": "(hd1.hd_income_band_sk = ib1.ib_income_band_sk)", "Plans": [{"Node Type": "Hash Join", "Parent Relationship": "Outer", "Parallel Aware": false, "Async Capable": false, "Join Type": "Inner", "Startup Cost": 174655.59, "Total Cost": 207488.29, "Plan Rows": 1, "Plan Width": 328, "Inner Unique": true, "Hash Cond": "(store_sales.ss_item_sk = cs_ui.cs_item_sk)", "Plans": [{"Node Type": "Gather", "Parent Relationship": "Outer", "Parallel Aware": false, "Async Capable": false, "Startup Cost": 122079.16, "Total Cost": 154911.85, "Plan Rows": 1, "Plan Width": 336, "Workers Planned": 2, "Single Copy": false, "Plans": [{"Node Type": "Hash Join", "Parent Relationship": "Outer", "Parallel Aware": true, "Async Capable": false, "Join Type": "Inner", "Startup Cost": 121079.16, "Total Cost": 153911.75, "Plan Rows": 1, "Plan Width": 336, "Inner Unique": false, "Hash Cond": "(cd1.cd_demo_sk = store_sales.ss_cdemo_sk)", "Join Filter": "(cd1.cd_marital_status <> cd2.cd_marital_status)", "Plans": [{"Node Type": "Seq Scan", "Parent Relationship": "Outer", "Parallel Aware": true, "Async Capable": false, "Relation Name": "customer_demographics", "Alias": "cd1", "Startup Cost": 0.0, "Total Cost": 29831.33, "Plan Rows": 800333, "Plan Width": 6}, {"Node Type": "Hash", "Parent Relationship": "Inner", "Parallel Aware": true, "Async Capable": false, "Startup Cost": 121079.14, "Total Cost": 121079.14, "Plan Rows": 1, "Plan Width": 342, "Plans": [{"Node Type": "Hash Join", "Parent Relationship": "Outer", "Parallel Aware": true, "Async Capable": false, "Join Type": "Inner", "Startup Cost": 88246.55, "Total Cost": 121079.14, "Plan Rows": 1, "Plan Width": 342, "Inner Unique": false, "Hash Cond": "(cd2.cd_demo_sk = customer.c_current_cdemo_sk)", "Plans": [{"Node Type": "Seq Scan", "Parent Relationship": "Outer", "Parallel Aware": true, "Async Capable": false, "Relation Name": "customer_demographics", "Alias": "cd2", "Startup Cost": 0.0, "Total Cost": 29831.33, "Plan Rows": 800333, "Plan Width": 6}, {"Node Type": "Hash", "Parent Relationship": "Inner", "Parallel Aware": true, "Async Capable": false, "Startup Cost": 88246.54, "Total Cost": 88246.54, "Plan Rows": 1, "Plan Width": 344, "Plans": [{"Node Type": "Hash Join", "Parent Relationship": "Outer", "Parallel Aware": true, "Async Capable": false, "Join Type": "Inner", "Startup Cost": 86250.69, "Total Cost": 88246.54, "Plan Rows": 1, "Plan Width": 344, "Inner Unique": false, "Hash Cond": "(d2.d_date_sk = customer.c_first_sales_date_sk)", "Plans": [{"Node Type": "Seq Scan", "Parent Relationship": "Outer", "Parallel Aware": true, "Async Capable": false, "Relation Name": "date_dim", "Alias": "d2", "Startup Cost": 0.0, "Total Cost": 1834.7, "Plan Rows": 42970, "Plan Width": 8}, {"Node Type": "Hash", "Parent Relationship": "Inner", "Parallel Aware": true, "Async Capable": false, "Startup Cost": 86250.68, "Total Cost": 86250.68, "Plan Rows": 1, "Plan Width": 344, "Plans": [{"Node Type": "Hash Join", "Parent Relationship": "Outer", "Parallel Aware": true, "Async Capable": false, "Join Type": "Inner", "Startup Cost": 84759.26, "Total Cost": 86250.68, "Plan Rows": 1, "Plan Width": 344, "Inner Unique": false, "Hash Cond": "(ad2.ca_address_sk = customer.c_current_addr_sk)", "Plans": [{"Node Type": "Seq Scan", "Parent Relationship": "Outer", "Parallel Aware": true, "Async Capable": false, "Relation Name": "customer_address", "Alias": "ad2", "Startup Cost": 0.0, "Total Cost": 1381.12, "Plan Rows": 29412, "Plan Width": 44}, {"Node Type": "Hash", "Parent Relationship": "Inner", "Parallel Aware": true, "Async Capable": false, "Startup Cost": 84759.24, "Total Cost": 84759.24, "Plan Rows": 1, "Plan Width": 308, "Plans": [{"Node Type": "Hash Join", "Parent Relationship": "Outer", "Parallel Aware": true, "Async Capable": false, "Join Type": "Inner", "Startup Cost": 82763.4, "Total Cost": 84759.24, "Plan Rows": 1, "Plan Width": 308, "Inner Unique": false, "Hash Cond": "(d3.d_date_sk = customer.c_first_shipto_date_sk)", "Plans": [{"Node Type": "Seq Scan", "Parent Relationship": "Outer", "Parallel Aware": true, "Async Capable": false, "Relation Name": "date_dim", "Alias": "d3", "Startup Cost": 0.0, "Total Cost": 1834.7, "Plan Rows": 42970, "Plan Width": 8}, {"Node Type": "Hash", "Parent Relationship": "Inner", "Parallel Aware": true, "Async Capable": false, "Startup Cost": 82763.38, "Total Cost": 82763.38, "Plan Rows": 1, "Plan Width": 308, "Plans": [{"Node Type": "Hash Join", "Parent Relationship": "Outer", "Parallel Aware": false, "Async Capable": false, "Join Type": "Inner", "Startup Cost": 79105.53, "Total Cost": 82763.38, "Plan Rows": 1, "Plan Width": 308, "Inner Unique": false, "Hash Cond": "(customer.c_current_hdemo_sk = hd2.hd_demo_sk)", "Plans": [{"Node Type": "Hash Join", "Parent Relationship": "Outer", "Parallel Aware": true, "Async Capable": false, "Join Type": "Inner", "Startup Cost": 78866.18, "Total Cost": 82524.01, "Plan Rows": 1, "Plan Width": 312, "Inner Unique": false, "Hash Cond": "(customer.c_customer_sk = store_sales.ss_customer_sk)", "Plans": [{"Node Type": "Seq Scan", "Parent Relationship": "Outer", "Parallel Aware": true, "Async Capable": false, "Relation Name": "customer", "Alias": "customer", "Startup Cost": 0.0, "Total Cost": 3437.24, "Plan Rows": 58824, "Plan Width": 24}, {"Node Type": "Hash", "Parent Relationship": "Inner", "Parallel Aware": true, "Async Capable": false, "Startup Cost": 78866.17, "Total Cost": 78866.17, "Plan Rows": 1, "Plan Width": 296, "Plans": [{"Node Type": "Hash Join", "Parent Relationship": "Outer", "Parallel Aware": true, "Async Capable": false, "Join Type": "Inner", "Startup Cost": 77374.74, "Total Cost": 78866.17, "Plan Rows": 1, "Plan Width": 296, "Inner Unique": false, "Hash Cond": "(ad1.ca_address_sk = store_sales.ss_addr_sk)", "Plans": [{"Node Type": "Seq Scan", "Parent Relationship": "Outer", "Parallel Aware": true, "Async Capable": false, "Relation Name": "customer_address", "Alias": "ad1", "Startup Cost": 0.0, "Total Cost": 1381.12, "Plan Rows": 29412, "Plan Width": 44}, {"Node Type": "Hash", "Parent Relationship": "Inner", "Parallel Aware": true, "Async Capable": false, "Startup Cost": 77374.73, "Total Cost": 77374.73, "Plan Rows": 1, "Plan Width": 260, "Plans": [{"Node Type": "Hash Join", "Parent Relationship": "Outer", "Parallel Aware": true, "Async Capable": false, "Join Type": "Inner", "Startup Cost": 70676.69, "Total Cost": 77374.73, "Plan Rows": 1, "Plan Width": 260, "Inner Unique": false, "Hash Cond": "((store_returns.sr_item_sk = store_sales.ss_item_sk) AND (store_returns.sr_ticket_number = store_sales.ss_ticket_number))", "Plans": [{"Node Type": "Index Only Scan", "Parent Relationship": "Outer", "Parallel Aware": true, "Async Capable": false, "Scan Direction": "Forward", "Index Name": "store_returns_pkey", "Relation Name": "store_returns", "Alias": "store_returns", "Startup Cost": 0.42, "Total Cost": 5799.97, "Plan Rows": 119798, "Plan Width": 8}, {"Node Type": "Hash", "Parent Relationship": "Inner", "Parallel Aware": true, "Async Capable": false, "Startup Cost": 70664.97, "Total Cost": 70664.97, "Plan Rows": 753, "Plan Width": 260, "Plans": [{"Node Type": "Hash Join", "Parent Relationship": "Outer", "Parallel Aware": false, "Async Capable": false, "Join Type": "Inner", "Startup Cost": 68610.43, "Total Cost": 70664.97, "Plan Rows": 753, "Plan Width": 260, "Inner Unique": true, "Hash Cond": "(store_sales.ss_promo_sk = promotion.p_promo_sk)", "Plans": [{"Node Type": "Hash Join", "Parent Relationship": "Outer", "Parallel Aware": true, "Async Capable": false, "Join Type": "Inner", "Startup Cost": 68595.68, "Total Cost": 70648.23, "Plan Rows": 753, "Plan Width": 264, "Inner Unique": false, "Hash Cond": "(d1.d_date_sk = store_sales.ss_sold_date_sk)", "Plans": [{"Node Type": "Seq Scan", "Parent Relationship": "Outer", "Parallel Aware": true, "Async Capable": false, "Relation Name": "date_dim", "Alias": "d1", "Startup Cost": 0.0, "Total Cost": 1834.7, "Plan Rows": 42970, "Plan Width": 8}, {"Node Type": "Hash", "Parent Relationship": "Inner", "Parallel Aware": true, "Async Capable": false, "Startup Cost": 68589.01, "Total Cost": 68589.01, "Plan Rows": 533, "Plan Width": 264, "Plans": [{"Node Type": "Hash Join", "Parent Relationship": "Outer", "Parallel Aware": false, "Async Capable": false, "Join Type": "Inner", "Startup Cost": 1737.51, "Total Cost": 68589.01, "Plan Rows": 533, "Plan Width": 264, "Inner Unique": true, "Hash Cond": "(store_sales.ss_hdemo_sk = hd1.hd_demo_sk)", "Plans": [{"Node Type": "Hash Join", "Parent Relationship": "Outer", "Parallel Aware": false, "Async Capable": false, "Join Type": "Inner", "Startup Cost": 1522.51, "Total Cost": 68372.61, "Plan Rows": 533, "Plan Width": 264, "Inner Unique": true, "Hash Cond": "(store_sales.ss_store_sk = store.s_store_sk)", "Plans": [{"Node Type": "Hash Join", "Parent Relationship": "Outer", "Parallel Aware": true, "Async Capable": false, "Join Type": "Inner", "Startup Cost": 1521.24, "Total Cost": 68369.48, "Plan Rows": 533, "Plan Width": 106, "Inner Unique": true, "Hash Cond": "(store_sales.ss_item_sk = item.i_item_sk)", "Plans": [{"Node Type": "Seq Scan", "Parent Relationship": "Outer", "Parallel Aware": true, "Async Capable": false, "Relation Name": "store_sales", "Alias": "store_sales", "Startup Cost": 0.0, "Total Cost": 63697.18, "Plan Rows": 1200118, "Plan Width": 51}, {"Node Type": "Hash", "Parent Relationship": "Inner", "Parallel Aware": true, "Async Capable": false, "Startup Cost": 1521.18, "Total Cost": 1521.18, "Plan Rows": 5, "Plan Width": 55, "Plans": [{"Node Type": "Seq Scan", "Parent Relationship": "Outer", "Parallel Aware": true, "Async Capable": false, "Relation Name": "item", "Alias": "item", "Startup Cost": 0.0, "Total Cost": 1521.18, "Plan Rows": 5, "Plan Width": 55, "Filter": "((i_current_price >= '35'::numeric) AND (i_current_price <= '45'::numeric) AND (i_current_price >= '36'::numeric) AND (i_current_price <= '50'::numeric) AND (i_color = ANY ('{maroon,burnished,dim,steel,navajo,chocolate}'::bpchar[])))"}]}]}, {"Node Type": "Hash", "Parent Relationship": "Inner", "Parallel Aware": false, "Async Capable": false, "Startup Cost": 1.12, "Total Cost": 1.12, "Plan Rows": 12, "Plan Width": 166, "Plans": [{"Node Type": "Seq Scan", "Parent Relationship": "Outer", "Parallel Aware": false, "Async Capable": false, "Relation Name": "store", "Alias": "store", "Startup Cost": 0.0, "Total Cost": 1.12, "Plan Rows": 12, "Plan Width": 166}]}]}, {"Node Type": "Hash", "Parent Relationship": "Inner", "Parallel Aware": false, "Async Capable": false, "Startup Cost": 125.0, "Total Cost": 125.0, "Plan Rows": 7200, "Plan Width": 8, "Plans": [{"Node Type": "Seq Scan", "Parent Relationship": "Outer", "Parallel Aware": false, "Async Capable": false, "Relation Name": "household_demographics", "Alias": "hd1", "Startup Cost": 0.0, "Total Cost": 125.0, "Plan Rows": 7200, "Plan Width": 8}]}]}]}]}, {"Node Type": "Hash", "Parent Relationship": "Inner", "Parallel Aware": false, "Async Capable": false, "Startup Cost": 11.0, "Total Cost": 11.0, "Plan Rows": 300, "Plan Width": 4, "Plans": [{"Node Type": "Seq Scan", "Parent Relationship": "Outer", "Parallel Aware": false, "Async Capable": false, "Relation Name": "promotion", "Alias": "promotion", "Startup Cost": 0.0, "Total Cost": 11.0, "Plan Rows": 300, "Plan Width": 4}]}]}]}]}]}]}]}]}, {"Node Type": "Hash", "Parent Relationship": "Inner", "Parallel Aware": false, "Async Capable": false, "Startup Cost": 149.35, "Total Cost": 149.35, "Plan Rows": 7200, "Plan Width": 4, "Plans": [{"Node Type": "Hash Join", "Parent Relationship": "Outer", "Parallel Aware": false, "Async Capable": false, "Join Type": "Inner", "Startup Cost": 1.45, "Total Cost": 149.35, "Plan Rows": 7200, "Plan Width": 4, "Inner Unique": true, "Hash Cond": "(hd2.hd_income_band_sk = ib2.ib_income_band_sk)", "Plans": [{"Node Type": "Seq Scan", "Parent Relationship": "Outer", "Parallel Aware": false, "Async Capable": false, "Relation Name": "household_demographics", "Alias": "hd2", "Startup Cost": 0.0, "Total Cost": 125.0, "Plan Rows": 7200, "Plan Width": 8}, {"Node Type": "Hash", "Parent Relationship": "Inner", "Parallel Aware": false, "Async Capable": false, "Startup Cost": 1.2, "Total Cost": 1.2, "Plan Rows": 20, "Plan Width": 4, "Plans": [{"Node Type": "Seq Scan", "Parent Relationship": "Outer", "Parallel Aware": false, "Async Capable": false, "Relation Name": "income_band", "Alias": "ib2", "Startup Cost": 0.0, "Total Cost": 1.2, "Plan Rows": 20, "Plan Width": 4}]}]}]}]}]}]}]}]}]}]}]}]}]}]}]}, {"Node Type": "Hash", "Parent Relationship": "Inner", "Parallel Aware": false, "Async Capable": false, "Startup Cost": 52575.99, "Total Cost": 52575.99, "Plan Rows": 35, "Plan Width": 4, "Plans": [{"Node Type": "Subquery Scan", "Parent Relationship": "Outer", "Parallel Aware": false, "Async Capable": false, "Alias": "cs_ui", "Startup Cost": 52561.27, "Total Cost": 52575.99, "Plan Rows": 35, "Plan Width": 4, "Plans": [{"Node Type": "Aggregate", "Strategy": "Sorted", "Partial Mode": "Finalize", "Parent Relationship": "Subquery", "Parallel Aware": false, "Async Capable": false, "Startup Cost": 52561.27, "Total Cost": 52575.64, "Plan Rows": 35, "Plan Width": 68, "Group Key": ["catalog_sales.cs_item_sk"], "Filter": "(sum(catalog_sales.cs_ext_list_price) > ('2'::numeric * sum(((catalog_returns.cr_refunded_cash + catalog_returns.cr_reversed_charge) + catalog_returns.cr_store_credit))))", "Plans": [{"Node Type": "Gather Merge", "Parent Relationship": "Outer", "Parallel Aware": false, "Async Capable": false, "Startup Cost": 52561.27, "Total Cost": 52572.49, "Plan Rows": 86, "Plan Width": 68, "Workers Planned": 2, "Plans": [{"Node Type": "Aggregate", "Strategy": "Sorted", "Partial Mode": "Partial", "Parent Relationship": "Outer", "Parallel Aware": false, "Async Capable": false, "Startup Cost": 51561.25, "Total Cost": 51562.54, "Plan Rows": 43, "Plan Width": 68, "Group Key": ["catalog_sales.cs_item_sk"], "Plans": [{"Node Type": "Sort", "Parent Relationship": "Outer", "Parallel Aware": false, "Async Capable": false, "Startup Cost": 51561.25, "Total Cost": 51561.36, "Plan Rows": 43, "Plan Width": 29, "Sort Key": ["catalog_sales.cs_item_sk"], "Plans": [{"Node Type": "Hash Join", "Parent Relationship": "Outer", "Parallel Aware": true, "Async Capable": false, "Join Type": "Inner", "Startup Cost": 4995.63, "Total Cost": 51560.08, "Plan Rows": 43, "Plan Width": 29, "Inner Unique": true, "Hash Cond": "((catalog_sales.cs_item_sk = catalog_returns.cr_item_sk) AND (catalog_sales.cs_order_number = catalog_returns.cr_order_number))", "Plans": [{"Node Type": "Seq Scan", "Parent Relationship": "Outer", "Parallel Aware": true, "Async Capable": false, "Relation Name": "catalog_sales", "Alias": "catalog_sales", "Startup Cost": 0.0, "Total Cost": 43411.2, "Plan Rows": 600620, "Plan Width": 15}, {"Node Type": "Hash", "Parent Relationship": "Inner", "Parallel Aware": true, "Async Capable": false, "Startup Cost": 3724.45, "Total Cost": 3724.45, "Plan Rows": 84745, "Plan Width": 26, "Plans": [{"Node Type": "Seq Scan", "Parent Relationship": "Outer", "Parallel Aware": true, "Async Capable": false, "Relation Name": "catalog_returns", "Alias": "catalog_returns", "Startup Cost": 0.0, "Total Cost": 3724.45, "Plan Rows": 84745, "Plan Width": 26}]}]}]}]}]}]}]}]}]}, {"Node Type": "Hash", "Parent Relationship": "Inner", "Parallel Aware": false, "Async Capable": false, "Startup Cost": 1.2, "Total Cost": 1.2, "Plan Rows": 20, "Plan Width": 4, "Plans": [{"Node Type": "Seq Scan", "Parent Relationship": "Outer", "Parallel Aware": false, "Async Capable": false, "Relation Name": "income_band", "Alias": "ib1", "Startup Cost": 0.0, "Total Cost": 1.2, "Plan Rows": 20, "Plan Width": 4}]}]}]}]}, {"Node Type": "Hash Join", "Parent Relationship": "Outer", "Parallel Aware": false, "Async Capable": false, "Join Type": "Inner", "Startup Cost": 0.04, "Total Cost": 0.09, "Plan Rows": 1, "Plan Width": 1310, "Inner Unique": false, "Hash Cond": "((cs1.item_sk = cs2.item_sk) AND ((cs1.store_name)::text = (cs2.store_name)::text) AND (cs1.store_zip = cs2.store_zip))", "Join Filter": "(cs2.cnt <= cs1.cnt)", "Plans": [{"Node Type": "CTE Scan", "Parent Relationship": "Outer", "Parallel Aware": false, "Async Capable": false, "CTE Name": "cross_sales", "Alias": "cs1", "Startup Cost": 0.0, "Total Cost": 0.02, "Plan Rows": 1, "Plan Width": 1206, "Filter": "(syear = 2000)"}, {"Node Type": "Hash", "Parent Relationship": "Inner", "Parallel Aware": false, "Async Capable": false, "Startup Cost": 0.02, "Total Cost": 0.02, "Plan Rows": 1, "Plan Width": 274, "Plans": [{"Node Type": "CTE Scan", "Parent Relationship": "Outer", "Parallel Aware": false, "Async Capable": false, "CTE Name": "cross_sales", "Alias": "cs2", "Startup Cost": 0.0, "Total Cost": 0.02, "Plan Rows": 1, "Plan Width": 274, "Filter": "(syear = 2001)"}]}]}]}, "JIT": {"Functions": 198, "Options": {"Inlining": false, "Optimization": false, "Expressions": true, "Deforming": true}}}]]], [[[{"Plan": {"Node Type": "Limit", "Parallel Aware": false, "Async Capable": false, "Startup Cost": 146418.43, "Total Cost": 146418.68, "Plan Rows": 100, "Plan Width": 315, "Plans": [{"Node Type": "Sort", "Parent Relationship": "Outer", "Parallel Aware": false, "Async Capable": false, "Startup Cost": 146418.43, "Total Cost": 146419.17, "Plan Rows": 297, "Plan Width": 315, "Sort Key": ["store.s_store_name", "item.i_item_desc"], "Plans": [{"Node Type": "Hash Join", "Parent Relationship": "Outer", "Parallel Aware": false, "Async Capable": false, "Join Type": "Inner", "Startup Cost": 142216.61, "Total Cost": 146407.08, "Plan Rows": 297, "Plan Width": 315, "Inner Unique": true, "Hash Cond": "(store_sales.ss_item_sk = item.i_item_sk)", "Plans": [{"Node Type": "Merge Join", "Parent Relationship": "Outer", "Parallel Aware": false, "Async Capable": false, "Join Type": "Inner", "Startup Cost": 140581.61, "Total Cost": 144771.3, "Plan Rows": 297, "Plan Width": 154, "Inner Unique": false, "Merge Cond": "(store_sales.ss_store_sk = store_sales_1.ss_store_sk)", "Join Filter": "((sum(store_sales.ss_sales_price)) <= (0.1 * (avg((sum(store_sales_1.ss_sales_price))))))", "Plans": [{"Node Type": "Aggregate", "Strategy": "Sorted", "Partial Mode": "Finalize", "Parent Relationship": "Outer", "Parallel Aware": false, "Async Capable": false, "Startup Cost": 70290.14, "Total Cost": 72169.08, "Plan Rows": 14865, "Plan Width": 40, "Group Key": ["store_sales.ss_store_sk", "store_sales.ss_item_sk"], "Plans": [{"Node Type": "Gather Merge", "Parent Relationship": "Outer", "Parallel Aware": false, "Async Capable": false, "Startup Cost": 70290.14, "Total Cost": 71859.39, "Plan Rows": 12388, "Plan Width": 40, "Workers Planned": 2, "Plans": [{"Node Type": "Aggregate", "Strategy": "Sorted", "Partial Mode": "Partial", "Parent Relationship": "Outer", "Parallel Aware": false, "Async Capable": false, "Startup Cost": 69290.11, "Total Cost": 69429.48, "Plan Rows": 6194, "Plan Width": 40, "Group Key": ["store_sales.ss_store_sk", "store_sales.ss_item_sk"], "Plans": [{"Node Type": "Sort", "Parent Relationship": "Outer", "Parallel Aware": false, "Async Capable": false, "Startup Cost": 69290.11, "Total Cost": 69305.6, "Plan Rows": 6194, "Plan Width": 14, "Sort Key": ["store_sales.ss_store_sk", "store_sales.ss_item_sk"], "Plans": [{"Node Type": "Hash Join", "Parent Relationship": "Outer", "Parallel Aware": true, "Async Capable": false, "Join Type": "Inner", "Startup Cost": 2052.33, "Total Cost": 68900.0, "Plan Rows": 6194, "Plan Width": 14, "Inner Unique": true, "Hash Cond": "(store_sales.ss_sold_date_sk = date_dim.d_date_sk)", "Plans": [{"Node Type": "Seq Scan", "Parent Relationship": "Outer", "Parallel Aware": true, "Async Capable": false, "Relation Name": "store_sales", "Alias": "store_sales", "Startup Cost": 0.0, "Total Cost": 63697.18, "Plan Rows": 1200118, "Plan Width": 18}, {"Node Type": "Hash", "Parent Relationship": "Inner", "Parallel Aware": true, "Async Capable": false, "Startup Cost": 2049.55, "Total Cost": 2049.55, "Plan Rows": 222, "Plan Width": 4, "Plans": [{"Node Type": "Seq Scan", "Parent Relationship": "Outer", "Parallel Aware": true, "Async Capable": false, "Relation Name": "date_dim", "Alias": "date_dim", "Startup Cost": 0.0, "Total Cost": 2049.55, "Plan Rows": 222, "Plan Width": 4, "Filter": "((d_month_seq >= 1212) AND (d_month_seq <= 1223))"}]}]}]}]}]}]}, {"Node Type": "Materialize", "Parent Relationship": "Inner", "Parallel Aware": false, "Async Capable": false, "Startup Cost": 70291.47, "Total Cost": 72398.6, "Plan Rows": 12, "Plan Width": 158, "Plans": [{"Node Type": "Merge Join", "Parent Relationship": "Outer", "Parallel Aware": false, "Async Capable": false, "Join Type": "Inner", "Startup Cost": 70291.47, "Total Cost": 72398.57, "Plan Rows": 12, "Plan Width": 158, "Inner Unique": true, "Merge Cond": "(store.s_store_sk = store_sales_1.ss_store_sk)", "Plans": [{"Node Type": "Sort", "Parent Relationship": "Outer", "Parallel Aware": false, "Async Capable": false, "Startup Cost": 1.34, "Total Cost": 1.37, "Plan Rows": 12, "Plan Width": 122, "Sort Key": ["store.s_store_sk"], "Plans": [{"Node Type": "Seq Scan", "Parent Relationship": "Outer", "Parallel Aware": false, "Async Capable": false, "Relation Name": "store", "Alias": "store", "Startup Cost": 0.0, "Total Cost": 1.12, "Plan Rows": 12, "Plan Width": 122}]}, {"Node Type": "Aggregate", "Strategy": "Sorted", "Partial Mode": "Simple", "Parent Relationship": "Inner", "Parallel Aware": false, "Async Capable": false, "Startup Cost": 70290.14, "Total Cost": 72394.55, "Plan Rows": 200, "Plan Width": 36, "Group Key": ["store_sales_1.ss_store_sk"], "Plans": [{"Node Type": "Aggregate", "Strategy": "Sorted", "Partial Mode": "Finalize", "Parent Relationship": "Outer", "Parallel Aware": false, "Async Capable": false, "Startup Cost": 70290.14, "Total Cost": 72169.08, "Plan Rows": 14865, "Plan Width": 40, "Group Key": ["store_sales_1.ss_store_sk", "store_sales_1.ss_item_sk"], "Plans": [{"Node Type": "Gather Merge", "Parent Relationship": "Outer", "Parallel Aware": false, "Async Capable": false, "Startup Cost": 70290.14, "Total Cost": 71859.39, "Plan Rows": 12388, "Plan Width": 40, "Workers Planned": 2, "Plans": [{"Node Type": "Aggregate", "Strategy": "Sorted", "Partial Mode": "Partial", "Parent Relationship": "Outer", "Parallel Aware": false, "Async Capable": false, "Startup Cost": 69290.11, "Total Cost": 69429.48, "Plan Rows": 6194, "Plan Width": 40, "Group Key": ["store_sales_1.ss_store_sk", "store_sales_1.ss_item_sk"], "Plans": [{"Node Type": "Sort", "Parent Relationship": "Outer", "Parallel Aware": false, "Async Capable": false, "Startup Cost": 69290.11, "Total Cost": 69305.6, "Plan Rows": 6194, "Plan Width": 14, "Sort Key": ["store_sales_1.ss_store_sk", "store_sales_1.ss_item_sk"], "Plans": [{"Node Type": "Hash Join", "Parent Relationship": "Outer", "Parallel Aware": true, "Async Capable": false, "Join Type": "Inner", "Startup Cost": 2052.33, "Total Cost": 68900.0, "Plan Rows": 6194, "Plan Width": 14, "Inner Unique": true, "Hash Cond": "(store_sales_1.ss_sold_date_sk = date_dim_1.d_date_sk)", "Plans": [{"Node Type": "Seq Scan", "Parent Relationship": "Outer", "Parallel Aware": true, "Async Capable": false, "Relation Name": "store_sales", "Alias": "store_sales_1", "Startup Cost": 0.0, "Total Cost": 63697.18, "Plan Rows": 1200118, "Plan Width": 18}, {"Node Type": "Hash", "Parent Relationship": "Inner", "Parallel Aware": true, "Async Capable": false, "Startup Cost": 2049.55, "Total Cost": 2049.55, "Plan Rows": 222, "Plan Width": 4, "Plans": [{"Node Type": "Seq Scan", "Parent Relationship": "Outer", "Parallel Aware": true, "Async Capable": false, "Relation Name": "date_dim", "Alias": "date_dim_1", "Startup Cost": 0.0, "Total Cost": 2049.55, "Plan Rows": 222, "Plan Width": 4, "Filter": "((d_month_seq >= 1212) AND (d_month_seq <= 1223))"}]}]}]}]}]}]}]}]}]}]}, {"Node Type": "Hash", "Parent Relationship": "Inner", "Parallel Aware": false, "Async Capable": false, "Startup Cost": 1410.0, "Total Cost": 1410.0, "Plan Rows": 18000, "Plan Width": 169, "Plans": [{"Node Type": "Seq Scan", "Parent Relationship": "Outer", "Parallel Aware": false, "Async Capable": false, "Relation Name": "item", "Alias": "item", "Startup Cost": 0.0, "Total Cost": 1410.0, "Plan Rows": 18000, "Plan Width": 169}]}]}]}]}, "JIT": {"Functions": 66, "Options": {"Inlining": false, "Optimization": false, "Expressions": true, "Deforming": true}}}]]], [[[{"Plan": {"Node Type": "Limit", "Parallel Aware": false, "Async Capable": false, "Startup Cost": 77909.46, "Total Cost": 78033.76, "Plan Rows": 100, "Plan Width": 1536, "Plans": [{"Node Type": "Aggregate", "Strategy": "Sorted", "Partial Mode": "Simple", "Parent Relationship": "Outer", "Parallel Aware": false, "Async Capable": false, "Startup Cost": 77909.46, "Total Cost": 78158.05, "Plan Rows": 200, "Plan Width": 1536, "Group Key": ["warehouse.w_warehouse_name", "warehouse.w_warehouse_sq_ft", "warehouse.w_city", "warehouse.w_county", "warehouse.w_state", "warehouse.w_country", "('DIAMOND,AIRBORNE'::text)", "date_dim.d_year"], "Plans": [{"Node Type": "Incremental Sort", "Parent Relationship": "Outer", "Parallel Aware": false, "Async Capable": false, "Startup Cost": 77909.46, "Total Cost": 78076.85, "Plan Rows": 360, "Plan Width": 1152, "Sort Key": ["warehouse.w_warehouse_name", "warehouse.w_warehouse_sq_ft", "warehouse.w_city", "warehouse.w_county", "warehouse.w_state", "warehouse.w_country", "('DIAMOND,AIRBORNE'::text)", "date_dim.d_year"], "Presorted Key": ["warehouse.w_warehouse_name", "warehouse.w_warehouse_sq_ft", "warehouse.w_city", "warehouse.w_county", "warehouse.w_state", "warehouse.w_country"], "Plans": [{"Node Type": "Merge Append", "Parent Relationship": "Outer", "Parallel Aware": false, "Async Capable": false, "Startup Cost": 77908.67, "Total Cost": 78064.03, "Plan Rows": 360, "Plan Width": 1152, "Sort Key": ["warehouse.w_warehouse_name", "warehouse.w_warehouse_sq_ft", "warehouse.w_city", "warehouse.w_county", "warehouse.w_state", "warehouse.w_country"], "Subplans Removed": 0, "Plans": [{"Node Type": "Aggregate", "Strategy": "Sorted", "Partial Mode": "Finalize", "Parent Relationship": "Member", "Parallel Aware": false, "Async Capable": false, "Startup Cost": 27730.97, "Total Cost": 27780.55, "Plan Rows": 120, "Plan Width": 1152, "Group Key": ["warehouse.w_warehouse_name", "warehouse.w_warehouse_sq_ft", "warehouse.w_city", "warehouse.w_county", "warehouse.w_state", "warehouse.w_country", "date_dim.d_year"], "Plans": [{"Node Type": "Gather Merge", "Parent Relationship": "Outer", "Parallel Aware": false, "Async Capable": false, "Startup Cost": 27730.97, "Total Cost": 27762.38, "Plan Rows": 71, "Plan Width": 1120, "Workers Planned": 1, "Plans": [{"Node Type": "Aggregate", "Strategy": "Sorted", "Partial Mode": "Partial", "Parent Relationship": "Outer", "Parallel Aware": false, "Async Capable": false, "Startup Cost": 26730.96, "Total Cost": 26754.39, "Plan Rows": 71, "Plan Width": 1120, "Group Key": ["warehouse.w_warehouse_name", "warehouse.w_warehouse_sq_ft", "warehouse.w_city", "warehouse.w_county", "warehouse.w_state", "warehouse.w_country", "date_dim.d_year"], "Plans": [{"Node Type": "Sort", "Parent Relationship": "Outer", "Parallel Aware": false, "Async Capable": false, "Startup Cost": 26730.96, "Total Cost": 26731.13, "Plan Rows": 71, "Plan Width": 373, "Sort Key": ["warehouse.w_warehouse_name", "warehouse.w_warehouse_sq_ft", "warehouse.w_city", "warehouse.w_county", "warehouse.w_state", "warehouse.w_country"], "Plans": [{"Node Type": "Hash Join", "Parent Relationship": "Outer", "Parallel Aware": false, "Async Capable": false, "Join Type": "Inner", "Startup Cost": 24505.11, "Total Cost": 26728.77, "Plan Rows": 71, "Plan Width": 373, "Inner Unique": true, "Hash Cond": "(web_sales.ws_warehouse_sk = warehouse.w_warehouse_sk)", "Plans": [{"Node Type": "Hash Join", "Parent Relationship": "Outer", "Parallel Aware": true, "Async Capable": false, "Join Type": "Inner", "Startup Cost": 24504.0, "Total Cost": 26727.32, "Plan Rows": 71, "Plan Width": 29, "Inner Unique": false, "Hash Cond": "(time_dim.t_time_sk = web_sales.ws_sold_time_sk)", "Plans": [{"Node Type": "Seq Scan", "Parent Relationship": "Outer", "Parallel Aware": true, "Async Capable": false, "Relation Name": "time_dim", "Alias": "time_dim", "Startup Cost": 0.0, "Total Cost": 2159.35, "Plan Rows": 16981, "Plan Width": 4, "Filter": "((t_time >= 49530) AND (t_time <= 78330))"}, {"Node Type": "Hash", "Parent Relationship": "Inner", "Parallel Aware": true, "Async Capable": false, "Startup Cost": 24502.13, "Total Cost": 24502.13, "Plan Rows": 149, "Plan Width": 33, "Plans": [{"Node Type": "Hash Join", "Parent Relationship": "Outer", "Parallel Aware": false, "Async Capable": false, "Join Type": "Inner", "Startup Cost": 1946.08, "Total Cost": 24502.13, "Plan Rows": 149, "Plan Width": 33, "Inner Unique": true, "Hash Cond": "(web_sales.ws_ship_mode_sk = ship_mode.sm_ship_mode_sk)", "Plans": [{"Node Type": "Hash Join", "Parent Relationship": "Outer", "Parallel Aware": true, "Async Capable": false, "Join Type": "Inner", "Startup Cost": 1944.8, "Total Cost": 24496.1, "Plan Rows": 1494, "Plan Width": 37, "Inner Unique": true, "Hash Cond": "(web_sales.ws_sold_date_sk = date_dim.d_date_sk)", "Plans": [{"Node Type": "Seq Scan", "Parent Relationship": "Outer", "Parallel Aware": true, "Async Capable": false, "Relation Name": "web_sales", "Alias": "web_sales", "Startup Cost": 0.0, "Total Cost": 21764.43, "Plan Rows": 299743, "Plan Width": 33}, {"Node Type": "Hash", "Parent Relationship": "Inner", "Parallel Aware": true, "Async Capable": false, "Startup Cost": 1942.12, "Total Cost": 1942.12, "Plan Rows": 214, "Plan Width": 12, "Plans": [{"Node Type": "Seq Scan", "Parent Relationship": "Outer", "Parallel Aware": true, "Async Capable": false, "Relation Name": "date_dim", "Alias": "date_dim", "Startup Cost": 0.0, "Total Cost": 1942.12, "Plan Rows": 214, "Plan Width": 12, "Filter": "(d_year = 2002)"}]}]}, {"Node Type": "Hash", "Parent Relationship": "Inner", "Parallel Aware": false, "Async Capable": false, "Startup Cost": 1.25, "Total Cost": 1.25, "Plan Rows": 2, "Plan Width": 4, "Plans": [{"Node Type": "Seq Scan", "Parent Relationship": "Outer", "Parallel Aware": false, "Async Capable": false, "Relation Name": "ship_mode", "Alias": "ship_mode", "Startup Cost": 0.0, "Total Cost": 1.25, "Plan Rows": 2, "Plan Width": 4, "Filter": "(sm_carrier = ANY ('{DIAMOND,AIRBORNE}'::bpchar[]))"}]}]}]}]}, {"Node Type": "Hash", "Parent Relationship": "Inner", "Parallel Aware": false, "Async Capable": false, "Startup Cost": 1.05, "Total Cost": 1.05, "Plan Rows": 5, "Plan Width": 352, "Plans": [{"Node Type": "Seq Scan", "Parent Relationship": "Outer", "Parallel Aware": false, "Async Capable": false, "Relation Name": "warehouse", "Alias": "warehouse", "Startup Cost": 0.0, "Total Cost": 1.05, "Plan Rows": 5, "Plan Width": 352}]}]}]}]}]}]}, {"Node Type": "Aggregate", "Strategy": "Sorted", "Partial Mode": "Finalize", "Parent Relationship": "Member", "Parallel Aware": false, "Async Capable": false, "Startup Cost": 50177.69, "Total Cost": 50276.27, "Plan Rows": 240, "Plan Width": 1152, "Group Key": ["warehouse_1.w_warehouse_name", "warehouse_1.w_warehouse_sq_ft", "warehouse_1.w_city", "warehouse_1.w_county", "warehouse_1.w_state", "warehouse_1.w_country", "date_dim_1.d_year"], "Plans": [{"Node Type": "Gather Merge", "Parent Relationship": "Outer", "Parallel Aware": false, "Async Capable": false, "Startup Cost": 50177.69, "Total Cost": 50240.08, "Plan Rows": 141, "Plan Width": 1120, "Workers Planned": 1, "Plans": [{"Node Type": "Aggregate", "Strategy": "Sorted", "Partial Mode": "Partial", "Parent Relationship": "Outer", "Parallel Aware": false, "Async Capable": false, "Startup Cost": 49177.68, "Total Cost": 49224.21, "Plan Rows": 141, "Plan Width": 1120, "Group Key": ["warehouse_1.w_warehouse_name", "warehouse_1.w_warehouse_sq_ft", "warehouse_1.w_city", "warehouse_1.w_county", "warehouse_1.w_state", "warehouse_1.w_country", "date_dim_1.d_year"], "Plans": [{"Node Type": "Sort", "Parent Relationship": "Outer", "Parallel Aware": false, "Async Capable": false, "Startup Cost": 49177.68, "Total Cost": 49178.03, "Plan Rows": 141, "Plan Width": 373, "Sort Key": ["warehouse_1.w_warehouse_name", "warehouse_1.w_warehouse_sq_ft", "warehouse_1.w_city", "warehouse_1.w_county", "warehouse_1.w_state", "warehouse_1.w_country"], "Plans": [{"Node Type": "Hash Join", "Parent Relationship": "Outer", "Parallel Aware": false, "Async Capable": false, "Join Type": "Inner", "Startup Cost": 46948.36, "Total Cost": 49172.65, "Plan Rows": 141, "Plan Width": 373, "Inner Unique": true, "Hash Cond": "(catalog_sales.cs_warehouse_sk = warehouse_1.w_warehouse_sk)", "Plans": [{"Node Type": "Hash Join", "Parent Relationship": "Outer", "Parallel Aware": true, "Async Capable": false, "Join Type": "Inner", "Startup Cost": 46947.24, "Total Cost": 49170.85, "Plan Rows": 141, "Plan Width": 29, "Inner Unique": false, "Hash Cond": "(time_dim_1.t_time_sk = catalog_sales.cs_sold_time_sk)", "Plans": [{"Node Type": "Seq Scan", "Parent Relationship": "Outer", "Parallel Aware": true, "Async Capable": false, "Relation Name": "time_dim", "Alias": "time_dim_1", "Startup Cost": 0.0, "Total Cost": 2159.35, "Plan Rows": 16981, "Plan Width": 4, "Filter": "((t_time >= 49530) AND (t_time <= 78330))"}, {"Node Type": "Hash", "Parent Relationship": "Inner", "Parallel Aware": true, "Async Capable": false, "Startup Cost": 46943.51, "Total Cost": 46943.51, "Plan Rows": 299, "Plan Width": 33, "Plans": [{"Node Type": "Hash Join", "Parent Relationship": "Outer", "Parallel Aware": false, "Async Capable": false, "Join Type": "Inner", "Startup Cost": 1946.08, "Total Cost": 46943.51, "Plan Rows": 299, "Plan Width": 33, "Inner Unique": true, "Hash Cond": "(catalog_sales.cs_ship_mode_sk = ship_mode_1.sm_ship_mode_sk)", "Plans": [{"Node Type": "Hash Join", "Parent Relationship": "Outer", "Parallel Aware": true, "Async Capable": false, "Join Type": "Inner", "Startup Cost": 1944.8, "Total Cost": 46932.72, "Plan Rows": 2993, "Plan Width": 37, "Inner Unique": true, "Hash Cond": "(catalog_sales.cs_sold_date_sk = date_dim_1.d_date_sk)", "Plans": [{"Node Type": "Seq Scan", "Parent Relationship": "Outer", "Parallel Aware": true, "Async Capable": false, "Relation Name": "catalog_sales", "Alias": "catalog_sales", "Startup Cost": 0.0, "Total Cost": 43411.2, "Plan Rows": 600620, "Plan Width": 33}, {"Node Type": "Hash", "Parent Relationship": "Inner", "Parallel Aware": true, "Async Capable": false, "Startup Cost": 1942.12, "Total Cost": 1942.12, "Plan Rows": 214, "Plan Width": 12, "Plans": [{"Node Type": "Seq Scan", "Parent Relationship": "Outer", "Parallel Aware": true, "Async Capable": false, "Relation Name": "date_dim", "Alias": "date_dim_1", "Startup Cost": 0.0, "Total Cost": 1942.12, "Plan Rows": 214, "Plan Width": 12, "Filter": "(d_year = 2002)"}]}]}, {"Node Type": "Hash", "Parent Relationship": "Inner", "Parallel Aware": false, "Async Capable": false, "Startup Cost": 1.25, "Total Cost": 1.25, "Plan Rows": 2, "Plan Width": 4, "Plans": [{"Node Type": "Seq Scan", "Parent Relationship": "Outer", "Parallel Aware": false, "Async Capable": false, "Relation Name": "ship_mode", "Alias": "ship_mode_1", "Startup Cost": 0.0, "Total Cost": 1.25, "Plan Rows": 2, "Plan Width": 4, "Filter": "(sm_carrier = ANY ('{DIAMOND,AIRBORNE}'::bpchar[]))"}]}]}]}]}, {"Node Type": "Hash", "Parent Relationship": "Inner", "Parallel Aware": false, "Async Capable": false, "Startup Cost": 1.05, "Total Cost": 1.05, "Plan Rows": 5, "Plan Width": 352, "Plans": [{"Node Type": "Seq Scan", "Parent Relationship": "Outer", "Parallel Aware": false, "Async Capable": false, "Relation Name": "warehouse", "Alias": "warehouse_1", "Startup Cost": 0.0, "Total Cost": 1.05, "Plan Rows": 5, "Plan Width": 352}]}]}]}]}]}]}]}]}]}]}}]]], [[[{"Plan": {"Node Type": "Limit", "Parallel Aware": false, "Async Capable": false, "Startup Cost": 71913.46, "Total Cost": 71968.95, "Plan Rows": 100, "Plan Width": 324, "Plans": [{"Node Type": "Incremental Sort", "Parent Relationship": "Outer", "Parallel Aware": false, "Async Capable": false, "Startup Cost": 71913.46, "Total Cost": 86180.33, "Plan Rows": 25709, "Plan Width": 324, "Sort Key": ["dw2.i_category", "dw2.i_class", "dw2.i_brand", "dw2.i_product_name", "dw2.d_year", "dw2.d_qoy", "dw2.d_moy", "dw2.s_store_id", "dw2.sumsales", "dw2.rk"], "Presorted Key": ["dw2.i_category"], "Plans": [{"Node Type": "Subquery Scan", "Parent Relationship": "Outer", "Parallel Aware": false, "Async Capable": false, "Alias": "dw2", "Startup Cost": 71843.56, "Total Cost": 84359.14, "Plan Rows": 25709, "Plan Width": 324, "Filter": "(dw2.rk <= 100)", "Plans": [{"Node Type": "WindowAgg", "Parent Relationship": "Subquery", "Parallel Aware": false, "Async Capable": false, "Startup Cost": 71843.56, "Total Cost": 83395.06, "Plan Rows": 77126, "Plan Width": 324, "Plans": [{"Node Type": "Incremental Sort", "Parent Relationship": "Outer", "Parallel Aware": false, "Async Capable": false, "Startup Cost": 71843.56, "Total Cost": 82045.36, "Plan Rows": 77126, "Plan Width": 316, "Sort Key": ["dw1.i_category", "dw1.sumsales DESC"], "Presorted Key": ["dw1.i_category"], "Plans": [{"Node Type": "Subquery Scan", "Parent Relationship": "Outer", "Parallel Aware": false, "Async Capable": false, "Alias": "dw1", "Startup Cost": 71797.64, "Total Cost": 75673.04, "Plan Rows": 77126, "Plan Width": 316, "Plans": [{"Node Type": "Aggregate", "Strategy": "Sorted", "Partial Mode": "Simple", "Parent Relationship": "Subquery", "Parallel Aware": false, "Async Capable": false, "Startup Cost": 71797.64, "Total Cost": 74901.78, "Plan Rows": 77126, "Plan Width": 316, "Grouping Sets": [{"Group Keys": [["item.i_category", "item.i_class", "item.i_brand", "item.i_product_name", "date_dim.d_year", "date_dim.d_qoy", "date_dim.d_moy", "store.s_store_id"], ["item.i_category", "item.i_class", "item.i_brand", "item.i_product_name", "date_dim.d_year", "date_dim.d_qoy", "date_dim.d_moy"], ["item.i_category", "item.i_class", "item.i_brand", "item.i_product_name", "date_dim.d_year", "date_dim.d_qoy"], ["item.i_category", "item.i_class", "item.i_brand", "item.i_product_name", "date_dim.d_year"], ["item.i_category", "item.i_class", "item.i_brand", "item.i_product_name"], ["item.i_category", "item.i_class", "item.i_brand"], ["item.i_category", "item.i_class"], ["item.i_category"], []]}], "Plans": [{"Node Type": "Gather Merge", "Parent Relationship": "Outer", "Parallel Aware": false, "Async Capable": false, "Startup Cost": 71797.64, "Total Cost": 73528.92, "Plan Rows": 14865, "Plan Width": 294, "Workers Planned": 2, "Plans": [{"Node Type": "Sort", "Parent Relationship": "Outer", "Parallel Aware": false, "Async Capable": false, "Startup Cost": 70797.62, "Total Cost": 70813.1, "Plan Rows": 6194, "Plan Width": 294, "Sort Key": ["item.i_category", "item.i_class", "item.i_brand", "item.i_product_name", "date_dim.d_year", "date_dim.d_qoy", "date_dim.d_moy", "store.s_store_id"], "Plans": [{"Node Type": "Hash Join", "Parent Relationship": "Outer", "Parallel Aware": true, "Async Capable": false, "Join Type": "Inner", "Startup Cost": 3521.83, "Total Cost": 70407.5, "Plan Rows": 6194, "Plan Width": 294, "Inner Unique": true, "Hash Cond": "(store_sales.ss_item_sk = item.i_item_sk)", "Plans": [{"Node Type": "Hash Join", "Parent Relationship": "Outer", "Parallel Aware": false, "Async Capable": false, "Join Type": "Inner", "Startup Cost": 2053.6, "Total Cost": 68923.01, "Plan Rows": 6194, "Plan Width": 94, "Inner Unique": true, "Hash Cond": "(store_sales.ss_store_sk = store.s_store_sk)", "Plans": [{"Node Type": "Hash Join", "Parent Relationship": "Outer", "Parallel Aware": true, "Async Capable": false, "Join Type": "Inner", "Startup Cost": 2052.33, "Total Cost": 68900.0, "Plan Rows": 6194, "Plan Width": 30, "Inner Unique": true, "Hash Cond": "(store_sales.ss_sold_date_sk = date_dim.d_date_sk)", "Plans": [{"Node Type": "Seq Scan", "Parent Relationship": "Outer", "Parallel Aware": true, "Async Capable": false, "Relation Name": "store_sales", "Alias": "store_sales", "Startup Cost": 0.0, "Total Cost": 63697.18, "Plan Rows": 1200118, "Plan Width": 22}, {"Node Type": "Hash", "Parent Relationship": "Inner", "Parallel Aware": true, "Async Capable": false, "Startup Cost": 2049.55, "Total Cost": 2049.55, "Plan Rows": 222, "Plan Width": 16, "Plans": [{"Node Type": "Seq Scan", "Parent Relationship": "Outer", "Parallel Aware": true, "Async Capable": false, "Relation Name": "date_dim", "Alias": "date_dim", "Startup Cost": 0.0, "Total Cost": 2049.55, "Plan Rows": 222, "Plan Width": 16, "Filter": "((d_month_seq >= 1212) AND (d_month_seq <= 1223))"}]}]}, {"Node Type": "Hash", "Parent Relationship": "Inner", "Parallel Aware": false, "Async Capable": false, "Startup Cost": 1.12, "Total Cost": 1.12, "Plan Rows": 12, "Plan Width": 72, "Plans": [{"Node Type": "Seq Scan", "Parent Relationship": "Outer", "Parallel Aware": false, "Async Capable": false, "Relation Name": "store", "Alias": "store", "Startup Cost": 0.0, "Total Cost": 1.12, "Plan Rows": 12, "Plan Width": 72}]}]}, {"Node Type": "Hash", "Parent Relationship": "Inner", "Parallel Aware": true, "Async Capable": false, "Startup Cost": 1335.88, "Total Cost": 1335.88, "Plan Rows": 10588, "Plan Width": 208, "Plans": [{"Node Type": "Seq Scan", "Parent Relationship": "Outer", "Parallel Aware": true, "Async Capable": false, "Relation Name": "item", "Alias": "item", "Startup Cost": 0.0, "Total Cost": 1335.88, "Plan Rows": 10588, "Plan Width": 208}]}]}]}]}]}]}]}]}]}]}]}}]]], [[[{"Plan": {"Node Type": "Limit", "Parallel Aware": false, "Async Capable": false, "Startup Cost": 78199.99, "Total Cost": 78200.24, "Plan Rows": 100, "Plan Width": 170, "Plans": [{"Node Type": "Sort", "Parent Relationship": "Outer", "Parallel Aware": false, "Async Capable": false, "Startup Cost": 78199.99, "Total Cost": 78200.28, "Plan Rows": 116, "Plan Width": 170, "Sort Key": ["customer.c_last_name", "dn.ss_ticket_number"], "Plans": [{"Node Type": "Hash Join", "Parent Relationship": "Outer", "Parallel Aware": false, "Async Capable": false, "Join Type": "Inner", "Startup Cost": 73970.54, "Total Cost": 78196.01, "Plan Rows": 116, "Plan Width": 170, "Inner Unique": true, "Hash Cond": "(customer.c_current_addr_sk = current_addr.ca_address_sk)", "Join Filter": "((current_addr.ca_city)::text <> (dn.bought_city)::text)", "Plans": [{"Node Type": "Hash Join", "Parent Relationship": "Outer", "Parallel Aware": false, "Async Capable": false, "Join Type": "Inner", "Startup Cost": 71758.54, "Total Cost": 75983.7, "Plan Rows": 116, "Plan Width": 165, "Inner Unique": false, "Hash Cond": "(customer.c_customer_sk = dn.ss_customer_sk)", "Plans": [{"Node Type": "Seq Scan", "Parent Relationship": "Outer", "Parallel Aware": false, "Async Capable": false, "Relation Name": "customer", "Alias": "customer", "Startup Cost": 0.0, "Total Cost": 3849.0, "Plan Rows": 100000, "Plan Width": 60}, {"Node Type": "Hash", "Parent Relationship": "Inner", "Parallel Aware": false, "Async Capable": false, "Startup Cost": 71757.09, "Total Cost": 71757.09, "Plan Rows": 116, "Plan Width": 113, "Plans": [{"Node Type": "Subquery Scan", "Parent Relationship": "Outer", "Parallel Aware": false, "Async Capable": false, "Alias": "dn", "Startup Cost": 71742.0, "Total Cost": 71757.09, "Plan Rows": 116, "Plan Width": 113, "Plans": [{"Node Type": "Aggregate", "Strategy": "Sorted", "Partial Mode": "Finalize", "Parent Relationship": "Subquery", "Parallel Aware": false, "Async Capable": false, "Startup Cost": 71742.0, "Total Cost": 71755.93, "Plan Rows": 116, "Plan Width": 117, "Group Key": ["store_sales.ss_ticket_number", "store_sales.ss_customer_sk", "store_sales.ss_addr_sk", "customer_address.ca_city"], "Plans": [{"Node Type": "Gather Merge", "Parent Relationship": "Outer", "Parallel Aware": false, "Async Capable": false, "Startup Cost": 71742.0, "Total Cost": 71752.2, "Plan Rows": 68, "Plan Width": 117, "Workers Planned": 1, "Plans": [{"Node Type": "Aggregate", "Strategy": "Sorted", "Partial Mode": "Partial", "Parent Relationship": "Outer", "Parallel Aware": false, "Async Capable": false, "Startup Cost": 70741.99, "Total Cost": 70744.54, "Plan Rows": 68, "Plan Width": 117, "Group Key": ["store_sales.ss_ticket_number", "store_sales.ss_customer_sk", "store_sales.ss_addr_sk", "customer_address.ca_city"], "Plans": [{"Node Type": "Sort", "Parent Relationship": "Outer", "Parallel Aware": false, "Async Capable": false, "Startup Cost": 70741.99, "Total Cost": 70742.16, "Plan Rows": 68, "Plan Width": 40, "Sort Key": ["store_sales.ss_ticket_number", "store_sales.ss_customer_sk", "store_sales.ss_addr_sk", "customer_address.ca_city"], "Plans": [{"Node Type": "Hash Join", "Parent Relationship": "Outer", "Parallel Aware": true, "Async Capable": false, "Join Type": "Inner", "Startup Cost": 69248.24, "Total Cost": 70739.92, "Plan Rows": 68, "Plan Width": 40, "Inner Unique": false, "Hash Cond": "(customer_address.ca_address_sk = store_sales.ss_addr_sk)", "Plans": [{"Node Type": "Seq Scan", "Parent Relationship": "Outer", "Parallel Aware": true, "Async Capable": false, "Relation Name": "customer_address", "Alias": "customer_address", "Startup Cost": 0.0, "Total Cost": 1381.12, "Plan Rows": 29412, "Plan Width": 13}, {"Node Type": "Hash", "Parent Relationship": "Inner", "Parallel Aware": true, "Async Capable": false, "Startup Cost": 69247.64, "Total Cost": 69247.64, "Plan Rows": 48, "Plan Width": 31, "Plans": [{"Node Type": "Hash Join", "Parent Relationship": "Outer", "Parallel Aware": false, "Async Capable": false, "Join Type": "Inner", "Startup Cost": 2395.89, "Total Cost": 69247.64, "Plan Rows": 48, "Plan Width": 31, "Inner Unique": true, "Hash Cond": "(store_sales.ss_store_sk = store.s_store_sk)", "Plans": [{"Node Type": "Hash Join", "Parent Relationship": "Outer", "Parallel Aware": false, "Async Capable": false, "Join Type": "Inner", "Startup Cost": 2394.71, "Total Cost": 69245.44, "Plan Rows": 292, "Plan Width": 35, "Inner Unique": true, "Hash Cond": "(store_sales.ss_hdemo_sk = household_demographics.hd_demo_sk)", "Plans": [{"Node Type": "Hash Join", "Parent Relationship": "Outer", "Parallel Aware": true, "Async Capable": false, "Join Type": "Inner", "Startup Cost": 2211.21, "Total Cost": 69058.88, "Plan Rows": 1166, "Plan Width": 39, "Inner Unique": true, "Hash Cond": "(store_sales.ss_sold_date_sk = date_dim.d_date_sk)", "Plans": [{"Node Type": "Seq Scan", "Parent Relationship": "Outer", "Parallel Aware": true, "Async Capable": false, "Relation Name": "store_sales", "Alias": "store_sales", "Startup Cost": 0.0, "Total Cost": 63697.18, "Plan Rows": 1200118, "Plan Width": 43}, {"Node Type": "Hash", "Parent Relationship": "Inner", "Parallel Aware": true, "Async Capable": false, "Startup Cost": 2210.69, "Total Cost": 2210.69, "Plan Rows": 42, "Plan Width": 4, "Plans": [{"Node Type": "Seq Scan", "Parent Relationship": "Outer", "Parallel Aware": true, "Async Capable": false, "Relation Name": "date_dim", "Alias": "date_dim", "Startup Cost": 0.0, "Total Cost": 2210.69, "Plan Rows": 42, "Plan Width": 4, "Filter": "((d_dom >= 1) AND (d_dom <= 2) AND (d_year = ANY ('{1999,2000,2001}'::integer[])))"}]}]}, {"Node Type": "Hash", "Parent Relationship": "Inner", "Parallel Aware": false, "Async Capable": false, "Startup Cost": 161.0, "Total Cost": 161.0, "Plan Rows": 1800, "Plan Width": 4, "Plans": [{"Node Type": "Seq Scan", "Parent Relationship": "Outer", "Parallel Aware": false, "Async Capable": false, "Relation Name": "household_demographics", "Alias": "household_demographics", "Startup Cost": 0.0, "Total Cost": 161.0, "Plan Rows": 1800, "Plan Width": 4, "Filter": "((hd_dep_count = 5) OR (hd_vehicle_count = 3))"}]}]}, {"Node Type": "Hash", "Parent Relationship": "Inner", "Parallel Aware": false, "Async Capable": false, "Startup Cost": 1.15, "Total Cost": 1.15, "Plan Rows": 2, "Plan Width": 4, "Plans": [{"Node Type": "Seq Scan", "Parent Relationship": "Outer", "Parallel Aware": false, "Async Capable": false, "Relation Name": "store", "Alias": "store", "Startup Cost": 0.0, "Total Cost": 1.15, "Plan Rows": 2, "Plan Width": 4, "Filter": "((s_city)::text = ANY ('{Midway,Fairview}'::text[]))"}]}]}]}]}]}]}]}]}]}]}]}, {"Node Type": "Hash", "Parent Relationship": "Inner", "Parallel Aware": false, "Async Capable": false, "Startup Cost": 1587.0, "Total Cost": 1587.0, "Plan Rows": 50000, "Plan Width": 13, "Plans": [{"Node Type": "Seq Scan", "Parent Relationship": "Outer", "Parallel Aware": false, "Async Capable": false, "Relation Name": "customer_address", "Alias": "current_addr", "Startup Cost": 0.0, "Total Cost": 1587.0, "Plan Rows": 50000, "Plan Width": 13}]}]}]}]}}]]], [[[{"Plan": {"Node Type": "Limit", "Parallel Aware": false, "Async Capable": false, "Startup Cost": 179861.38, "Total Cost": 179874.44, "Plan Rows": 100, "Plan Width": 64, "Plans": [{"Node Type": "Aggregate", "Strategy": "Sorted", "Partial Mode": "Finalize", "Parent Relationship": "Outer", "Parallel Aware": false, "Async Capable": false, "Startup Cost": 179861.38, "Total Cost": 179895.73, "Plan Rows": 263, "Plan Width": 64, "Group Key": ["customer_demographics.cd_gender", "customer_demographics.cd_marital_status", "customer_demographics.cd_education_status", "customer_demographics.cd_purchase_estimate", "customer_demographics.cd_credit_rating"], "Plans": [{"Node Type": "Gather Merge", "Parent Relationship": "Outer", "Parallel Aware": false, "Async Capable": false, "Startup Cost": 179861.38, "Total Cost": 179889.8, "Plan Rows": 220, "Plan Width": 48, "Workers Planned": 2, "Plans": [{"Node Type": "Aggregate", "Strategy": "Sorted", "Partial Mode": "Partial", "Parent Relationship": "Outer", "Parallel Aware": false, "Async Capable": false, "Startup Cost": 178861.36, "Total Cost": 178864.38, "Plan Rows": 110, "Plan Width": 48, "Group Key": ["customer_demographics.cd_gender", "customer_demographics.cd_marital_status", "customer_demographics.cd_education_status", "customer_demographics.cd_purchase_estimate", "customer_demographics.cd_credit_rating"], "Plans": [{"Node Type": "Sort", "Parent Relationship": "Outer", "Parallel Aware": false, "Async Capable": false, "Startup Cost": 178861.36, "Total Cost": 178861.63, "Plan Rows": 110, "Plan Width": 40, "Sort Key": ["customer_demographics.cd_gender", "customer_demographics.cd_marital_status", "customer_demographics.cd_education_status", "customer_demographics.cd_purchase_estimate", "customer_demographics.cd_credit_rating"], "Plans": [{"Node Type": "Hash Join", "Parent Relationship": "Outer", "Parallel Aware": true, "Async Capable": false, "Join Type": "Anti", "Startup Cost": 146021.6, "Total Cost": 178857.63, "Plan Rows": 110, "Plan Width": 40, "Inner Unique": false, "Hash Cond": "(c.c_customer_sk = catalog_sales.cs_ship_customer_sk)", "Plans": [{"Node Type": "Hash Join", "Parent Relationship": "Outer", "Parallel Aware": true, "Async Capable": false, "Join Type": "Anti", "Startup Cost": 98866.8, "Total Cost": 131701.43, "Plan Rows": 112, "Plan Width": 44, "Inner Unique": false, "Hash Cond": "(c.c_customer_sk = web_sales.ws_bill_customer_sk)", "Plans": [{"Node Type": "Hash Join", "Parent Relationship": "Outer", "Parallel Aware": true, "Async Capable": false, "Join Type": "Inner", "Startup Cost": 74153.24, "Total Cost": 106986.47, "Plan Rows": 112, "Plan Width": 44, "Inner Unique": false, "Hash Cond": "(customer_demographics.cd_demo_sk = c.c_current_cdemo_sk)", "Plans": [{"Node Type": "Seq Scan", "Parent Relationship": "Outer", "Parallel Aware": true, "Async Capable": false, "Relation Name": "customer_demographics", "Alias": "customer_demographics", "Startup Cost": 0.0, "Total Cost": 29831.33, "Plan Rows": 800333, "Plan Width": 44}, {"Node Type": "Hash", "Parent Relationship": "Inner", "Parallel Aware": true, "Async Capable": false, "Startup Cost": 74151.26, "Total Cost": 74151.26, "Plan Rows": 159, "Plan Width": 8, "Plans": [{"Node Type": "Hash Join", "Parent Relationship": "Outer", "Parallel Aware": true, "Async Capable": false, "Join Type": "Semi", "Startup Cost": 70544.52, "Total Cost": 74151.26, "Plan Rows": 159, "Plan Width": 8, "Inner Unique": false, "Hash Cond": "(c.c_customer_sk = store_sales.ss_customer_sk)", "Plans": [{"Node Type": "Hash Join", "Parent Relationship": "Outer", "Parallel Aware": true, "Async Capable": false, "Join Type": "Inner", "Startup Cost": 1520.72, "Total Cost": 5112.38, "Plan Rows": 4691, "Plan Width": 8, "Inner Unique": true, "Hash Cond": "(c.c_current_addr_sk = ca.ca_address_sk)", "Plans": [{"Node Type": "Seq Scan", "Parent Relationship": "Outer", "Parallel Aware": true, "Async Capable": false, "Relation Name": "customer", "Alias": "c", "Startup Cost": 0.0, "Total Cost": 3437.24, "Plan Rows": 58824, "Plan Width": 12}, {"Node Type": "Hash", "Parent Relationship": "Inner", "Parallel Aware": true, "Async Capable": false, "Startup Cost": 1491.41, "Total Cost": 1491.41, "Plan Rows": 2345, "Plan Width": 4, "Plans": [{"Node Type": "Seq Scan", "Parent Relationship": "Outer", "Parallel Aware": true, "Async Capable": false, "Relation Name": "customer_address", "Alias": "ca", "Startup Cost": 0.0, "Total Cost": 1491.41, "Plan Rows": 2345, "Plan Width": 4, "Filter": "(ca_state = ANY ('{CO,IL,MN}'::bpchar[]))"}]}]}, {"Node Type": "Hash", "Parent Relationship": "Inner", "Parallel Aware": true, "Async Capable": false, "Startup Cost": 69005.31, "Total Cost": 69005.31, "Plan Rows": 1479, "Plan Width": 4, "Plans": [{"Node Type": "Hash Join", "Parent Relationship": "Outer", "Parallel Aware": true, "Async Capable": false, "Join Type": "Inner", "Startup Cost": 2157.64, "Total Cost": 69005.31, "Plan Rows": 1479, "Plan Width": 4, "Inner Unique": true, "Hash Cond": "(store_sales.ss_sold_date_sk = date_dim.d_date_sk)", "Plans": [{"Node Type": "Seq Scan", "Parent Relationship": "Outer", "Parallel Aware": true, "Async Capable": false, "Relation Name": "store_sales", "Alias": "store_sales", "Startup Cost": 0.0, "Total Cost": 63697.18, "Plan Rows": 1200118, "Plan Width": 8}, {"Node Type": "Hash", "Parent Relationship": "Inner", "Parallel Aware": true, "Async Capable": false, "Startup Cost": 2156.97, "Total Cost": 2156.97, "Plan Rows": 53, "Plan Width": 4, "Plans": [{"Node Type": "Seq Scan", "Parent Relationship": "Outer", "Parallel Aware": true, "Async Capable": false, "Relation Name": "date_dim", "Alias": "date_dim", "Startup Cost": 0.0, "Total Cost": 2156.97, "Plan Rows": 53, "Plan Width": 4, "Filter": "((d_moy >= 1) AND (d_moy <= 3) AND (d_year = 1999))"}]}]}]}]}]}]}, {"Node Type": "Hash", "Parent Relationship": "Inner", "Parallel Aware": true, "Async Capable": false, "Startup Cost": 24708.94, "Total Cost": 24708.94, "Plan Rows": 369, "Plan Width": 4, "Plans": [{"Node Type": "Hash Join", "Parent Relationship": "Outer", "Parallel Aware": true, "Async Capable": false, "Join Type": "Inner", "Startup Cost": 2157.64, "Total Cost": 24708.94, "Plan Rows": 369, "Plan Width": 4, "Inner Unique": true, "Hash Cond": "(web_sales.ws_sold_date_sk = date_dim_1.d_date_sk)", "Plans": [{"Node Type": "Seq Scan", "Parent Relationship": "Outer", "Parallel Aware": true, "Async Capable": false, "Relation Name": "web_sales", "Alias": "web_sales", "Startup Cost": 0.0, "Total Cost": 21764.43, "Plan Rows": 299743, "Plan Width": 8}, {"Node Type": "Hash", "Parent Relationship": "Inner", "Parallel Aware": true, "Async Capable": false, "Startup Cost": 2156.97, "Total Cost": 2156.97, "Plan Rows": 53, "Plan Width": 4, "Plans": [{"Node Type": "Seq Scan", "Parent Relationship": "Outer", "Parallel Aware": true, "Async Capable": false, "Relation Name": "date_dim", "Alias": "date_dim_1", "Startup Cost": 0.0, "Total Cost": 2156.97, "Plan Rows": 53, "Plan Width": 4, "Filter": "((d_moy >= 1) AND (d_moy <= 3) AND (d_year = 1999))"}]}]}]}]}, {"Node Type": "Hash", "Parent Relationship": "Inner", "Parallel Aware": true, "Async Capable": false, "Startup Cost": 47145.55, "Total Cost": 47145.55, "Plan Rows": 740, "Plan Width": 4, "Plans": [{"Node Type": "Hash Join", "Parent Relationship": "Outer", "Parallel Aware": true, "Async Capable": false, "Join Type": "Inner", "Startup Cost": 2157.64, "Total Cost": 47145.55, "Plan Rows": 740, "Plan Width": 4, "Inner Unique": true, "Hash Cond": "(catalog_sales.cs_sold_date_sk = date_dim_2.d_date_sk)", "Plans": [{"Node Type": "Seq Scan", "Parent Relationship": "Outer", "Parallel Aware": true, "Async Capable": false, "Relation Name": "catalog_sales", "Alias": "catalog_sales", "Startup Cost": 0.0, "Total Cost": 43411.2, "Plan Rows": 600620, "Plan Width": 8}, {"Node Type": "Hash", "Parent Relationship": "Inner", "Parallel Aware": true, "Async Capable": false, "Startup Cost": 2156.97, "Total Cost": 2156.97, "Plan Rows": 53, "Plan Width": 4, "Plans": [{"Node Type": "Seq Scan", "Parent Relationship": "Outer", "Parallel Aware": true, "Async Capable": false, "Relation Name": "date_dim", "Alias": "date_dim_2", "Startup Cost": 0.0, "Total Cost": 2156.97, "Plan Rows": 53, "Plan Width": 4, "Filter": "((d_moy >= 1) AND (d_moy <= 3) AND (d_year = 1999))"}]}]}]}]}]}]}]}]}]}, "JIT": {"Functions": 80, "Options": {"Inlining": false, "Optimization": false, "Expressions": true, "Deforming": true}}}]]], [[[{"Plan": {"Node Type": "Limit", "Parallel Aware": false, "Async Capable": false, "Startup Cost": 141903.48, "Total Cost": 141903.55, "Plan Rows": 25, "Plan Width": 198, "Plans": [{"Node Type": "Sort", "Parent Relationship": "Outer", "Parallel Aware": false, "Async Capable": false, "Startup Cost": 141903.48, "Total Cost": 141903.55, "Plan Rows": 25, "Plan Width": 198, "Sort Key": ["((GROUPING(store.s_state) + GROUPING(store.s_county))) DESC", "(CASE WHEN (((GROUPING(store.s_state) + GROUPING(store.s_county))) = 0) THEN store.s_state ELSE NULL::bpchar END)", "(rank() OVER (?))"], "Plans": [{"Node Type": "WindowAgg", "Parent Relationship": "Outer", "Parallel Aware": false, "Async Capable": false, "Startup Cost": 141901.78, "Total Cost": 141902.9, "Plan Rows": 25, "Plan Width": 198, "Plans": [{"Node Type": "Sort", "Parent Relationship": "Outer", "Parallel Aware": false, "Async Capable": false, "Startup Cost": 141901.78, "Total Cost": 141901.84, "Plan Rows": 25, "Plan Width": 166, "Sort Key": ["((GROUPING(store.s_state) + GROUPING(store.s_county)))", "(CASE WHEN (GROUPING(store.s_county) = 0) THEN store.s_state ELSE NULL::bpchar END)", "(sum(store_sales.ss_net_profit)) DESC"], "Plans": [{"Node Type": "Aggregate", "Strategy": "Mixed", "Partial Mode": "Simple", "Parent Relationship": "Outer", "Parallel Aware": false, "Async Capable": false, "Startup Cost": 73417.4, "Total Cost": 141901.2, "Plan Rows": 25, "Plan Width": 166, "Grouping Sets": [{"Hash Keys": [["store.s_state", "store.s_county"]]}, {"Hash Keys": [["store.s_state"]]}, {"Group Keys": [[]]}], "Planned Partitions": 0, "Plans": [{"Node Type": "Hash Join", "Parent Relationship": "Outer", "Parallel Aware": false, "Async Capable": false, "Join Type": "Inner", "Startup Cost": 73417.4, "Total Cost": 141826.12, "Plan Rows": 4955, "Plan Width": 96, "Inner Unique": true, "Hash Cond": "(store.s_state = tmp1.s_state)", "Plans": [{"Node Type": "Gather", "Parent Relationship": "Outer", "Parallel Aware": false, "Async Capable": false, "Startup Cost": 3053.6, "Total Cost": 71409.51, "Plan Rows": 14865, "Plan Width": 96, "Workers Planned": 2, "Single Copy": false, "Plans": [{"Node Type": "Hash Join", "Parent Relationship": "Outer", "Parallel Aware": false, "Async Capable": false, "Join Type": "Inner", "Startup Cost": 2053.6, "Total Cost": 68923.01, "Plan Rows": 6194, "Plan Width": 96, "Inner Unique": true, "Hash Cond": "(store_sales.ss_store_sk = store.s_store_sk)", "Plans": [{"Node Type": "Hash Join", "Parent Relationship": "Outer", "Parallel Aware": true, "Async Capable": false, "Join Type": "Inner", "Startup Cost": 2052.33, "Total Cost": 68900.0, "Plan Rows": 6194, "Plan Width": 10, "Inner Unique": true, "Hash Cond": "(store_sales.ss_sold_date_sk = d1.d_date_sk)", "Plans": [{"Node Type": "Seq Scan", "Parent Relationship": "Outer", "Parallel Aware": true, "Async Capable": false, "Relation Name": "store_sales", "Alias": "store_sales", "Startup Cost": 0.0, "Total Cost": 63697.18, "Plan Rows": 1200118, "Plan Width": 14}, {"Node Type": "Hash", "Parent Relationship": "Inner", "Parallel Aware": true, "Async Capable": false, "Startup Cost": 2049.55, "Total Cost": 2049.55, "Plan Rows": 222, "Plan Width": 4, "Plans": [{"Node Type": "Seq Scan", "Parent Relationship": "Outer", "Parallel Aware": true, "Async Capable": false, "Relation Name": "date_dim", "Alias": "d1", "Startup Cost": 0.0, "Total Cost": 2049.55, "Plan Rows": 222, "Plan Width": 4, "Filter": "((d_month_seq >= 1212) AND (d_month_seq <= 1223))"}]}]}, {"Node Type": "Hash", "Parent Relationship": "Inner", "Parallel Aware": false, "Async Capable": false, "Startup Cost": 1.12, "Total Cost": 1.12, "Plan Rows": 12, "Plan Width": 94, "Plans": [{"Node Type": "Seq Scan", "Parent Relationship": "Outer", "Parallel Aware": false, "Async Capable": false, "Relation Name": "store", "Alias": "store", "Startup Cost": 0.0, "Total Cost": 1.12, "Plan Rows": 12, "Plan Width": 94}]}]}]}, {"Node Type": "Hash", "Parent Relationship": "Inner", "Parallel Aware": false, "Async Capable": false, "Startup Cost": 70363.76, "Total Cost": 70363.76, "Plan Rows": 4, "Plan Width": 12, "Plans": [{"Node Type": "Subquery Scan", "Parent Relationship": "Outer", "Parallel Aware": false, "Async Capable": false, "Alias": "tmp1", "Startup Cost": 70317.3, "Total Cost": 70363.76, "Plan Rows": 4, "Plan Width": 12, "Filter": "(tmp1.ranking <= 5)", "Plans": [{"Node Type": "WindowAgg", "Parent Relationship": "Subquery", "Parallel Aware": false, "Async Capable": false, "Startup Cost": 70317.3, "Total Cost": 70363.61, "Plan Rows": 12, "Plan Width": 52, "Plans": [{"Node Type": "Incremental Sort", "Parent Relationship": "Outer", "Parallel Aware": false, "Async Capable": false, "Startup Cost": 70317.3, "Total Cost": 70363.4, "Plan Rows": 12, "Plan Width": 44, "Sort Key": ["store_1.s_state", "(sum(store_sales_1.ss_net_profit)) DESC"], "Presorted Key": ["store_1.s_state"], "Plans": [{"Node Type": "Aggregate", "Strategy": "Sorted", "Partial Mode": "Finalize", "Parent Relationship": "Outer", "Parallel Aware": false, "Async Capable": false, "Startup Cost": 70313.15, "Total Cost": 70362.86, "Plan Rows": 12, "Plan Width": 44, "Group Key": ["store_1.s_state"], "Plans": [{"Node Type": "Gather Merge", "Parent Relationship": "Outer", "Parallel Aware": false, "Async Capable": false, "Startup Cost": 70313.15, "Total Cost": 70362.53, "Plan Rows": 24, "Plan Width": 44, "Workers Planned": 2, "Plans": [{"Node Type": "Aggregate", "Strategy": "Sorted", "Partial Mode": "Partial", "Parent Relationship": "Outer", "Parallel Aware": false, "Async Capable": false, "Startup Cost": 69313.13, "Total Cost": 69359.73, "Plan Rows": 12, "Plan Width": 44, "Group Key": ["store_1.s_state"], "Plans": [{"Node Type": "Sort", "Parent Relationship": "Outer", "Parallel Aware": false, "Async Capable": false, "Startup Cost": 69313.13, "Total Cost": 69328.61, "Plan Rows": 6194, "Plan Width": 18, "Sort Key": ["store_1.s_state"], "Plans": [{"Node Type": "Hash Join", "Parent Relationship": "Outer", "Parallel Aware": false, "Async Capable": false, "Join Type": "Inner", "Startup Cost": 2053.6, "Total Cost": 68923.01, "Plan Rows": 6194, "Plan Width": 18, "Inner Unique": true, "Hash Cond": "(store_sales_1.ss_store_sk = store_1.s_store_sk)", "Plans": [{"Node Type": "Hash Join", "Parent Relationship": "Outer", "Parallel Aware": true, "Async Capable": false, "Join Type": "Inner", "Startup Cost": 2052.33, "Total Cost": 68900.0, "Plan Rows": 6194, "Plan Width": 10, "Inner Unique": true, "Hash Cond": "(store_sales_1.ss_sold_date_sk = date_dim.d_date_sk)", "Plans": [{"Node Type": "Seq Scan", "Parent Relationship": "Outer", "Parallel Aware": true, "Async Capable": false, "Relation Name": "store_sales", "Alias": "store_sales_1", "Startup Cost": 0.0, "Total Cost": 63697.18, "Plan Rows": 1200118, "Plan Width": 14}, {"Node Type": "Hash", "Parent Relationship": "Inner", "Parallel Aware": true, "Async Capable": false, "Startup Cost": 2049.55, "Total Cost": 2049.55, "Plan Rows": 222, "Plan Width": 4, "Plans": [{"Node Type": "Seq Scan", "Parent Relationship": "Outer", "Parallel Aware": true, "Async Capable": false, "Relation Name": "date_dim", "Alias": "date_dim", "Startup Cost": 0.0, "Total Cost": 2049.55, "Plan Rows": 222, "Plan Width": 4, "Filter": "((d_month_seq >= 1212) AND (d_month_seq <= 1223))"}]}]}, {"Node Type": "Hash", "Parent Relationship": "Inner", "Parallel Aware": false, "Async Capable": false, "Startup Cost": 1.12, "Total Cost": 1.12, "Plan Rows": 12, "Plan Width": 16, "Plans": [{"Node Type": "Seq Scan", "Parent Relationship": "Outer", "Parallel Aware": false, "Async Capable": false, "Relation Name": "store", "Alias": "store_1", "Startup Cost": 0.0, "Total Cost": 1.12, "Plan Rows": 12, "Plan Width": 16}]}]}]}]}]}]}]}]}]}]}]}]}]}]}]}]}, "JIT": {"Functions": 66, "Options": {"Inlining": false, "Optimization": false, "Expressions": true, "Deforming": true}}}]]], [[[{"Plan": {"Node Type": "Sort", "Parallel Aware": false, "Async Capable": false, "Startup Cost": 145168.12, "Total Cost": 145168.15, "Plan Rows": 10, "Plan Width": 95, "Sort Key": ["(sum(\"*SELECT* 3\".ext_price)) DESC", "item.i_brand_id"], "Plans": [{"Node Type": "Aggregate", "Strategy": "Sorted", "Partial Mode": "Finalize", "Parent Relationship": "Outer", "Parallel Aware": false, "Async Capable": false, "Startup Cost": 145166.9, "Total Cost": 145167.96, "Plan Rows": 10, "Plan Width": 95, "Group Key": ["item.i_brand", "item.i_brand_id", "time_dim.t_hour", "time_dim.t_minute"], "Plans": [{"Node Type": "Gather Merge", "Parent Relationship": "Outer", "Parallel Aware": false, "Async Capable": false, "Startup Cost": 145166.9, "Total Cost": 145167.74, "Plan Rows": 6, "Plan Width": 95, "Workers Planned": 1, "Plans": [{"Node Type": "Aggregate", "Strategy": "Sorted", "Partial Mode": "Partial", "Parent Relationship": "Outer", "Parallel Aware": false, "Async Capable": false, "Startup Cost": 144166.89, "Total Cost": 144167.06, "Plan Rows": 6, "Plan Width": 95, "Group Key": ["item.i_brand", "item.i_brand_id", "time_dim.t_hour", "time_dim.t_minute"], "Plans": [{"Node Type": "Sort", "Parent Relationship": "Outer", "Parallel Aware": false, "Async Capable": false, "Startup Cost": 144166.89, "Total Cost": 144166.91, "Plan Rows": 6, "Plan Width": 69, "Sort Key": ["item.i_brand", "item.i_brand_id", "time_dim.t_hour", "time_dim.t_minute"], "Plans": [{"Node Type": "Hash Join", "Parent Relationship": "Outer", "Parallel Aware": true, "Async Capable": false, "Join Type": "Inner", "Startup Cost": 141938.83, "Total Cost": 144166.81, "Plan Rows": 6, "Plan Width": 69, "Inner Unique": false, "Hash Cond": "(time_dim.t_time_sk = \"*SELECT* 3\".time_sk)", "Plans": [{"Node Type": "Seq Scan", "Parent Relationship": "Outer", "Parallel Aware": true, "Async Capable": false, "Relation Name": "time_dim", "Alias": "time_dim", "Startup Cost": 0.0, "Total Cost": 2159.35, "Plan Rows": 13720, "Plan Width": 12, "Filter": "((t_meal_time = 'breakfast'::bpchar) OR (t_meal_time = 'dinner'::bpchar))"}, {"Node Type": "Hash", "Parent Relationship": "Inner", "Parallel Aware": true, "Async Capable": false, "Startup Cost": 141938.63, "Total Cost": 141938.63, "Plan Rows": 16, "Plan Width": 65, "Plans": [{"Node Type": "Hash Join", "Parent Relationship": "Outer", "Parallel Aware": true, "Async Capable": false, "Join Type": "Inner", "Startup Cost": 3414.49, "Total Cost": 141938.63, "Plan Rows": 16, "Plan Width": 65, "Inner Unique": true, "Hash Cond": "(\"*SELECT* 3\".sold_item_sk = item.i_item_sk)", "Plans": [{"Node Type": "Append", "Parent Relationship": "Outer", "Parallel Aware": true, "Async Capable": false, "Startup Cost": 2049.78, "Total Cost": 140568.3, "Plan Rows": 2139, "Plan Width": 14, "Subplans Removed": 0, "Plans": [{"Node Type": "Subquery Scan", "Parent Relationship": "Member", "Parallel Aware": false, "Async Capable": false, "Alias": "*SELECT* 3", "Startup Cost": 2049.78, "Total Cost": 68909.67, "Plan Rows": 1222, "Plan Width": 14, "Plans": [{"Node Type": "Hash Join", "Parent Relationship": "Subquery", "Parallel Aware": true, "Async Capable": false, "Join Type": "Inner", "Startup Cost": 2049.78, "Total Cost": 68897.45, "Plan Rows": 509, "Plan Width": 18, "Inner Unique": true, "Hash Cond": "(store_sales.ss_sold_date_sk = date_dim.d_date_sk)", "Plans": [{"Node Type": "Seq Scan", "Parent Relationship": "Outer", "Parallel Aware": true, "Async Capable": false, "Relation Name": "store_sales", "Alias": "store_sales", "Startup Cost": 0.0, "Total Cost": 63697.18, "Plan Rows": 1200118, "Plan Width": 18}, {"Node Type": "Hash", "Parent Relationship": "Inner", "Parallel Aware": true, "Async Capable": false, "Startup Cost": 2049.55, "Total Cost": 2049.55, "Plan Rows": 18, "Plan Width": 4, "Plans": [{"Node Type": "Seq Scan", "Parent Relationship": "Outer", "Parallel Aware": true, "Async Capable": false, "Relation Name": "date_dim", "Alias": "date_dim", "Startup Cost": 0.0, "Total Cost": 2049.55, "Plan Rows": 18, "Plan Width": 4, "Filter": "((d_moy = 12) AND (d_year = 2000))"}]}]}]}, {"Node Type": "Subquery Scan", "Parent Relationship": "Member", "Parallel Aware": false, "Async Capable": false, "Alias": "*SELECT* 2", "Startup Cost": 2049.78, "Total Cost": 47043.81, "Plan Rows": 612, "Plan Width": 14, "Plans": [{"Node Type": "Hash Join", "Parent Relationship": "Subquery", "Parallel Aware": true, "Async Capable": false, "Join Type": "Inner", "Startup Cost": 2049.78, "Total Cost": 47037.69, "Plan Rows": 255, "Plan Width": 18, "Inner Unique": true, "Hash Cond": "(catalog_sales.cs_sold_date_sk = date_dim_1.d_date_sk)", "Plans": [{"Node Type": "Seq Scan", "Parent Relationship": "Outer", "Parallel Aware": true, "Async Capable": false, "Relation Name": "catalog_sales", "Alias": "catalog_sales", "Startup Cost": 0.0, "Total Cost": 43411.2, "Plan Rows": 600620, "Plan Width": 18}, {"Node Type": "Hash", "Parent Relationship": "Inner", "Parallel Aware": true, "Async Capable": false, "Startup Cost": 2049.55, "Total Cost": 2049.55, "Plan Rows": 18, "Plan Width": 4, "Plans": [{"Node Type": "Seq Scan", "Parent Relationship": "Outer", "Parallel Aware": true, "Async Capable": false, "Relation Name": "date_dim", "Alias": "date_dim_1", "Startup Cost": 0.0, "Total Cost": 2049.55, "Plan Rows": 18, "Plan Width": 4, "Filter": "((d_moy = 12) AND (d_year = 2000))"}]}]}]}, {"Node Type": "Subquery Scan", "Parent Relationship": "Member", "Parallel Aware": false, "Async Capable": false, "Alias": "*SELECT* 1", "Startup Cost": 2049.78, "Total Cost": 24604.13, "Plan Rows": 305, "Plan Width": 14, "Plans": [{"Node Type": "Hash Join", "Parent Relationship": "Subquery", "Parallel Aware": true, "Async Capable": false, "Join Type": "Inner", "Startup Cost": 2049.78, "Total Cost": 24601.08, "Plan Rows": 127, "Plan Width": 18, "Inner Unique": true, "Hash Cond": "(web_sales.ws_sold_date_sk = date_dim_2.d_date_sk)", "Plans": [{"Node Type": "Seq Scan", "Parent Relationship": "Outer", "Parallel Aware": true, "Async Capable": false, "Relation Name": "web_sales", "Alias": "web_sales", "Startup Cost": 0.0, "Total Cost": 21764.43, "Plan Rows": 299743, "Plan Width": 18}, {"Node Type": "Hash", "Parent Relationship": "Inner", "Parallel Aware": true, "Async Capable": false, "Startup Cost": 2049.55, "Total Cost": 2049.55, "Plan Rows": 18, "Plan Width": 4, "Plans": [{"Node Type": "Seq Scan", "Parent Relationship": "Outer", "Parallel Aware": true, "Async Capable": false, "Relation Name": "date_dim", "Alias": "date_dim_2", "Startup Cost": 0.0, "Total Cost": 2049.55, "Plan Rows": 18, "Plan Width": 4, "Filter": "((d_moy = 12) AND (d_year = 2000))"}]}]}]}]}, {"Node Type": "Hash", "Parent Relationship": "Inner", "Parallel Aware": true, "Async Capable": false, "Startup Cost": 1362.35, "Total Cost": 1362.35, "Plan Rows": 189, "Plan Width": 59, "Plans": [{"Node Type": "Seq Scan", "Parent Relationship": "Outer", "Parallel Aware": true, "Async Capable": false, "Relation Name": "item", "Alias": "item", "Startup Cost": 0.0, "Total Cost": 1362.35, "Plan Rows": 189, "Plan Width": 59, "Filter": "(i_manager_id = 1)"}]}]}]}]}]}]}]}]}]}, "JIT": {"Functions": 68, "Options": {"Inlining": false, "Optimization": false, "Expressions": true, "Deforming": true}}}]]], [[[{"Plan": {"Node Type": "Limit", "Parallel Aware": false, "Async Capable": false, "Startup Cost": 217661.51, "Total Cost": 217661.52, "Plan Rows": 2, "Plan Width": 188, "Plans": [{"Node Type": "Sort", "Parent Relationship": "Outer", "Parallel Aware": false, "Async Capable": false, "Startup Cost": 217661.51, "Total Cost": 217661.52, "Plan Rows": 2, "Plan Width": 188, "Sort Key": ["(count(*)) DESC", "item.i_item_desc", "warehouse.w_warehouse_name", "d1.d_week_seq"], "Plans": [{"Node Type": "Aggregate", "Strategy": "Sorted", "Partial Mode": "Finalize", "Parent Relationship": "Outer", "Parallel Aware": false, "Async Capable": false, "Startup Cost": 217661.32, "Total Cost": 217661.5, "Plan Rows": 2, "Plan Width": 188, "Group Key": ["item.i_item_desc", "warehouse.w_warehouse_name", "d1.d_week_seq"], "Plans": [{"Node Type": "Gather Merge", "Parent Relationship": "Outer", "Parallel Aware": false, "Async Capable": false, "Startup Cost": 217661.32, "Total Cost": 217661.47, "Plan Rows": 1, "Plan Width": 188, "Workers Planned": 1, "Plans": [{"Node Type": "Aggregate", "Strategy": "Sorted", "Partial Mode": "Partial", "Parent Relationship": "Outer", "Parallel Aware": false, "Async Capable": false, "Startup Cost": 216661.31, "Total Cost": 216661.34, "Plan Rows": 1, "Plan Width": 188, "Group Key": ["item.i_item_desc", "warehouse.w_warehouse_name", "d1.d_week_seq"], "Plans": [{"Node Type": "Sort", "Parent Relationship": "Outer", "Parallel Aware": false, "Async Capable": false, "Startup Cost": 216661.31, "Total Cost": 216661.32, "Plan Rows": 1, "Plan Width": 168, "Sort Key": ["item.i_item_desc", "warehouse.w_warehouse_name", "d1.d_week_seq"], "Plans": [{"Node Type": "Hash Join", "Parent Relationship": "Outer", "Parallel Aware": false, "Async Capable": false, "Join Type": "Left", "Startup Cost": 214665.43, "Total Cost": 216661.3, "Plan Rows": 1, "Plan Width": 168, "Inner Unique": true, "Hash Cond": "(catalog_sales.cs_promo_sk = promotion.p_promo_sk)", "Plans": [{"Node Type": "Hash Join", "Parent Relationship": "Outer", "Parallel Aware": true, "Async Capable": false, "Join Type": "Inner", "Startup Cost": 214650.68, "Total Cost": 216646.55, "Plan Rows": 1, "Plan Width": 168, "Inner Unique": false, "Hash Cond": "(d3.d_date_sk = catalog_sales.cs_ship_date_sk)", "Join Filter": "(d3.d_date > (d1.d_date + 5))", "Plans": [{"Node Type": "Seq Scan", "Parent Relationship": "Outer", "Parallel Aware": true, "Async Capable": false, "Relation Name": "date_dim", "Alias": "d3", "Startup Cost": 0.0, "Total Cost": 1834.7, "Plan Rows": 42970, "Plan Width": 8}, {"Node Type": "Hash", "Parent Relationship": "Inner", "Parallel Aware": true, "Async Capable": false, "Startup Cost": 214650.64, "Total Cost": 214650.64, "Plan Rows": 3, "Plan Width": 176, "Plans": [{"Node Type": "Hash Join", "Parent Relationship": "Outer", "Parallel Aware": true, "Async Capable": false, "Join Type": "Inner", "Startup Cost": 213275.05, "Total Cost": 214650.64, "Plan Rows": 3, "Plan Width": 176, "Inner Unique": false, "Hash Cond": "(item.i_item_sk = catalog_sales.cs_item_sk)", "Plans": [{"Node Type": "Seq Scan", "Parent Relationship": "Outer", "Parallel Aware": true, "Async Capable": false, "Relation Name": "item", "Alias": "item", "Startup Cost": 0.0, "Total Cost": 1335.88, "Plan Rows": 10588, "Plan Width": 106}, {"Node Type": "Hash", "Parent Relationship": "Inner", "Parallel Aware": true, "Async Capable": false, "Startup Cost": 213275.02, "Total Cost": 213275.02, "Plan Rows": 2, "Plan Width": 82, "Plans": [{"Node Type": "Hash Join", "Parent Relationship": "Outer", "Parallel Aware": false, "Async Capable": false, "Join Type": "Inner", "Startup Cost": 82011.42, "Total Cost": 213275.02, "Plan Rows": 2, "Plan Width": 82, "Inner Unique": true, "Hash Cond": "(inventory.inv_warehouse_sk = warehouse.w_warehouse_sk)", "Plans": [{"Node Type": "Hash Join", "Parent Relationship": "Outer", "Parallel Aware": true, "Async Capable": false, "Join Type": "Inner", "Startup Cost": 82010.31, "Total Cost": 213273.9, "Plan Rows": 2, "Plan Width": 28, "Inner Unique": true, "Hash Cond": "((inventory.inv_date_sk = d2.d_date_sk) AND (d1.d_week_seq = d2.d_week_seq))", "Plans": [{"Node Type": "Hash Join", "Parent Relationship": "Outer", "Parallel Aware": true, "Async Capable": false, "Join Type": "Inner", "Startup Cost": 79531.06, "Total Cost": 210671.45, "Plan Rows": 23467, "Plan Width": 32, "Inner Unique": false, "Hash Cond": "(inventory.inv_item_sk = catalog_sales.cs_item_sk)", "Join Filter": "(inventory.inv_quantity_on_hand < catalog_sales.cs_quantity)", "Plans": [{"Node Type": "Seq Scan", "Parent Relationship": "Outer", "Parallel Aware": true, "Async Capable": false, "Relation Name": "inventory", "Alias": "inventory", "Startup Cost": 0.0, "Total Cost": 112424.06, "Plan Rows": 4893706, "Plan Width": 16}, {"Node Type": "Hash", "Parent Relationship": "Inner", "Parallel Aware": true, "Async Capable": false, "Startup Cost": 79529.83, "Total Cost": 79529.83, "Plan Rows": 98, "Plan Width": 24, "Plans": [{"Node Type": "Hash Join", "Parent Relationship": "Outer", "Parallel Aware": true, "Async Capable": false, "Join Type": "Inner", "Startup Cost": 47104.81, "Total Cost": 79529.83, "Plan Rows": 98, "Plan Width": 24, "Inner Unique": false, "Hash Cond": "(customer_demographics.cd_demo_sk = catalog_sales.cs_bill_cdemo_sk)", "Plans": [{"Node Type": "Seq Scan", "Parent Relationship": "Outer", "Parallel Aware": true, "Async Capable": false, "Relation Name": "customer_demographics", "Alias": "customer_demographics", "Startup Cost": 0.0, "Total Cost": 31832.17, "Plan Rows": 157986, "Plan Width": 4, "Filter": "(cd_marital_status = 'M'::bpchar)"}, {"Node Type": "Hash", "Parent Relationship": "Inner", "Parallel Aware": true, "Async Capable": false, "Startup Cost": 47098.57, "Total Cost": 47098.57, "Plan Rows": 499, "Plan Width": 28, "Plans": [{"Node Type": "Hash Join", "Parent Relationship": "Outer", "Parallel Aware": false, "Async Capable": false, "Join Type": "Inner", "Startup Cost": 2102.8, "Total Cost": 47098.57, "Plan Rows": 499, "Plan Width": 28, "Inner Unique": true, "Hash Cond": "(catalog_sales.cs_bill_hdemo_sk = household_demographics.hd_demo_sk)", "Plans": [{"Node Type": "Hash Join", "Parent Relationship": "Outer", "Parallel Aware": true, "Async Capable": false, "Join Type": "Inner", "Startup Cost": 1944.8, "Total Cost": 46932.72, "Plan Rows": 2993, "Plan Width": 32, "Inner Unique": true, "Hash Cond": "(catalog_sales.cs_sold_date_sk = d1.d_date_sk)", "Plans": [{"Node Type": "Seq Scan", "Parent Relationship": "Outer", "Parallel Aware": true, "Async Capable": false, "Relation Name": "catalog_sales", "Alias": "catalog_sales", "Startup Cost": 0.0, "Total Cost": 43411.2, "Plan Rows": 600620, "Plan Width": 32}, {"Node Type": "Hash", "Parent Relationship": "Inner", "Parallel Aware": true, "Async Capable": false, "Startup Cost": 1942.12, "Total Cost": 1942.12, "Plan Rows": 214, "Plan Width": 12, "Plans": [{"Node Type": "Seq Scan", "Parent Relationship": "Outer", "Parallel Aware": true, "Async Capable": false, "Relation Name": "date_dim", "Alias": "d1", "Startup Cost": 0.0, "Total Cost": 1942.12, "Plan Rows": 214, "Plan Width": 12, "Filter": "(d_year = 2001)"}]}]}, {"Node Type": "Hash", "Parent Relationship": "Inner", "Parallel Aware": false, "Async Capable": false, "Startup Cost": 143.0, "Total Cost": 143.0, "Plan Rows": 1200, "Plan Width": 4, "Plans": [{"Node Type": "Seq Scan", "Parent Relationship": "Outer", "Parallel Aware": false, "Async Capable": false, "Relation Name": "household_demographics", "Alias": "household_demographics", "Startup Cost": 0.0, "Total Cost": 143.0, "Plan Rows": 1200, "Plan Width": 4, "Filter": "(hd_buy_potential = '1001-5000'::bpchar)"}]}]}]}]}]}]}, {"Node Type": "Hash", "Parent Relationship": "Inner", "Parallel Aware": true, "Async Capable": false, "Startup Cost": 1834.7, "Total Cost": 1834.7, "Plan Rows": 42970, "Plan Width": 8, "Plans": [{"Node Type": "Seq Scan", "Parent Relationship": "Outer", "Parallel Aware": true, "Async Capable": false, "Relation Name": "date_dim", "Alias": "d2", "Startup Cost": 0.0, "Total Cost": 1834.7, "Plan Rows": 42970, "Plan Width": 8}]}]}, {"Node Type": "Hash", "Parent Relationship": "Inner", "Parallel Aware": false, "Async Capable": false, "Startup Cost": 1.05, "Total Cost": 1.05, "Plan Rows": 5, "Plan Width": 62, "Plans": [{"Node Type": "Seq Scan", "Parent Relationship": "Outer", "Parallel Aware": false, "Async Capable": false, "Relation Name": "warehouse", "Alias": "warehouse", "Startup Cost": 0.0, "Total Cost": 1.05, "Plan Rows": 5, "Plan Width": 62}]}]}]}]}]}]}, {"Node Type": "Hash", "Parent Relationship": "Inner", "Parallel Aware": false, "Async Capable": false, "Startup Cost": 11.0, "Total Cost": 11.0, "Plan Rows": 300, "Plan Width": 4, "Plans": [{"Node Type": "Seq Scan", "Parent Relationship": "Outer", "Parallel Aware": false, "Async Capable": false, "Relation Name": "promotion", "Alias": "promotion", "Startup Cost": 0.0, "Total Cost": 11.0, "Plan Rows": 300, "Plan Width": 4}]}]}]}]}]}]}]}]}, "JIT": {"Functions": 98, "Options": {"Inlining": false, "Optimization": false, "Expressions": true, "Deforming": true}}}]]], [[[{"Plan": {"Node Type": "Sort", "Parallel Aware": false, "Async Capable": false, "Startup Cost": 74535.38, "Total Cost": 74535.4, "Plan Rows": 7, "Plan Width": 77, "Sort Key": ["dj.cnt DESC", "customer.c_last_name"], "Plans": [{"Node Type": "Hash Join", "Parent Relationship": "Outer", "Parallel Aware": false, "Async Capable": false, "Join Type": "Inner", "Startup Cost": 70311.21, "Total Cost": 74535.28, "Plan Rows": 7, "Plan Width": 77, "Inner Unique": false, "Hash Cond": "(customer.c_customer_sk = dj.ss_customer_sk)", "Plans": [{"Node Type": "Seq Scan", "Parent Relationship": "Outer", "Parallel Aware": false, "Async Capable": false, "Relation Name": "customer", "Alias": "customer", "Startup Cost": 0.0, "Total Cost": 3849.0, "Plan Rows": 100000, "Plan Width": 69}, {"Node Type": "Hash", "Parent Relationship": "Inner", "Parallel Aware": false, "Async Capable": false, "Startup Cost": 70311.12, "Total Cost": 70311.12, "Plan Rows": 7, "Plan Width": 16, "Plans": [{"Node Type": "Subquery Scan", "Parent Relationship": "Outer", "Parallel Aware": false, "Async Capable": false, "Alias": "dj", "Startup Cost": 70303.2, "Total Cost": 70311.12, "Plan Rows": 7, "Plan Width": 16, "Plans": [{"Node Type": "Aggregate", "Strategy": "Sorted", "Partial Mode": "Finalize", "Parent Relationship": "Subquery", "Parallel Aware": false, "Async Capable": false, "Startup Cost": 70303.2, "Total Cost": 70311.05, "Plan Rows": 7, "Plan Width": 16, "Group Key": ["store_sales.ss_ticket_number", "store_sales.ss_customer_sk"], "Filter": "((count(*) >= 1) AND (count(*) <= 5))", "Plans": [{"Node Type": "Gather Merge", "Parent Relationship": "Outer", "Parallel Aware": false, "Async Capable": false, "Startup Cost": 70303.2, "Total Cost": 70309.72, "Plan Rows": 52, "Plan Width": 16, "Workers Planned": 2, "Plans": [{"Node Type": "Aggregate", "Strategy": "Sorted", "Partial Mode": "Partial", "Parent Relationship": "Outer", "Parallel Aware": false, "Async Capable": false, "Startup Cost": 69303.17, "Total Cost": 69303.69, "Plan Rows": 26, "Plan Width": 16, "Group Key": ["store_sales.ss_ticket_number", "store_sales.ss_customer_sk"], "Plans": [{"Node Type": "Sort", "Parent Relationship": "Outer", "Parallel Aware": false, "Async Capable": false, "Startup Cost": 69303.17, "Total Cost": 69303.24, "Plan Rows": 26, "Plan Width": 8, "Sort Key": ["store_sales.ss_ticket_number", "store_sales.ss_customer_sk"], "Plans": [{"Node Type": "Hash Join", "Parent Relationship": "Outer", "Parallel Aware": false, "Async Capable": false, "Join Type": "Inner", "Startup Cost": 2451.56, "Total Cost": 69302.56, "Plan Rows": 26, "Plan Width": 8, "Inner Unique": true, "Hash Cond": "(store_sales.ss_store_sk = store.s_store_sk)", "Plans": [{"Node Type": "Hash Join", "Parent Relationship": "Outer", "Parallel Aware": false, "Async Capable": false, "Join Type": "Inner", "Startup Cost": 2450.33, "Total Cost": 69301.06, "Plan Rows": 79, "Plan Width": 12, "Inner Unique": true, "Hash Cond": "(store_sales.ss_hdemo_sk = household_demographics.hd_demo_sk)", "Plans": [{"Node Type": "Hash Join", "Parent Relationship": "Outer", "Parallel Aware": true, "Async Capable": false, "Join Type": "Inner", "Startup Cost": 2211.21, "Total Cost": 69058.88, "Plan Rows": 1166, "Plan Width": 16, "Inner Unique": true, "Hash Cond": "(store_sales.ss_sold_date_sk = date_dim.d_date_sk)", "Plans": [{"Node Type": "Seq Scan", "Parent Relationship": "Outer", "Parallel Aware": true, "Async Capable": false, "Relation Name": "store_sales", "Alias": "store_sales", "Startup Cost": 0.0, "Total Cost": 63697.18, "Plan Rows": 1200118, "Plan Width": 20}, {"Node Type": "Hash", "Parent Relationship": "Inner", "Parallel Aware": true, "Async Capable": false, "Startup Cost": 2210.69, "Total Cost": 2210.69, "Plan Rows": 42, "Plan Width": 4, "Plans": [{"Node Type": "Seq Scan", "Parent Relationship": "Outer", "Parallel Aware": true, "Async Capable": false, "Relation Name": "date_dim", "Alias": "date_dim", "Startup Cost": 0.0, "Total Cost": 2210.69, "Plan Rows": 42, "Plan Width": 4, "Filter": "((d_dom >= 1) AND (d_dom <= 2) AND (d_year = ANY ('{1998,1999,2000}'::integer[])))"}]}]}, {"Node Type": "Hash", "Parent Relationship": "Inner", "Parallel Aware": false, "Async Capable": false, "Startup Cost": 233.0, "Total Cost": 233.0, "Plan Rows": 489, "Plan Width": 4, "Plans": [{"Node Type": "Seq Scan", "Parent Relationship": "Outer", "Parallel Aware": false, "Async Capable": false, "Relation Name": "household_demographics", "Alias": "household_demographics", "Startup Cost": 0.0, "Total Cost": 233.0, "Plan Rows": 489, "Plan Width": 4, "Filter": "((hd_vehicle_count > 0) AND ((hd_buy_potential = '>10000'::bpchar) OR (hd_buy_potential = 'Unknown'::bpchar)) AND (CASE WHEN (hd_vehicle_count > 0) THEN (hd_dep_count / hd_vehicle_count) ELSE NULL::integer END > 1))"}]}]}, {"Node Type": "Hash", "Parent Relationship": "Inner", "Parallel Aware": false, "Async Capable": false, "Startup Cost": 1.18, "Total Cost": 1.18, "Plan Rows": 4, "Plan Width": 4, "Plans": [{"Node Type": "Seq Scan", "Parent Relationship": "Outer", "Parallel Aware": false, "Async Capable": false, "Relation Name": "store", "Alias": "store", "Startup Cost": 0.0, "Total Cost": 1.18, "Plan Rows": 4, "Plan Width": 4, "Filter": "((s_county)::text = ANY ('{\"Williamson County\",\"Williamson County\",\"Williamson County\",\"Williamson County\"}'::text[]))"}]}]}]}]}]}]}]}]}]}]}}]]], [[[{"Plan": {"Node Type": "Limit", "Parallel Aware": false, "Async Capable": false, "Startup Cost": 113150.4, "Total Cost": 113150.4, "Plan Rows": 1, "Plan Width": 276, "Plans": [{"Node Type": "Append", "Parent Relationship": "InitPlan", "Subplan Name": "CTE year_total", "Parallel Aware": false, "Async Capable": false, "Startup Cost": 74809.15, "Total Cost": 109383.52, "Plan Rows": 35874, "Plan Width": 137, "Subplans Removed": 0, "Plans": [{"Node Type": "Aggregate", "Strategy": "Sorted", "Partial Mode": "Finalize", "Parent Relationship": "Member", "Parallel Aware": false, "Async Capable": false, "Startup Cost": 74809.15, "Total Cost": 78455.16, "Plan Rows": 28705, "Plan Width": 137, "Group Key": ["customer.c_customer_id", "customer.c_first_name", "customer.c_last_name", "date_dim.d_year"], "Plans": [{"Node Type": "Gather Merge", "Parent Relationship": "Outer", "Parallel Aware": false, "Async Capable": false, "Startup Cost": 74809.15, "Total Cost": 77869.11, "Plan Rows": 23920, "Plan Width": 105, "Workers Planned": 2, "Plans": [{"Node Type": "Aggregate", "Strategy": "Sorted", "Partial Mode": "Partial", "Parent Relationship": "Outer", "Parallel Aware": false, "Async Capable": false, "Startup Cost": 73809.12, "Total Cost": 74108.12, "Plan Rows": 11960, "Plan Width": 105, "Group Key": ["customer.c_customer_id", "customer.c_first_name", "customer.c_last_name", "date_dim.d_year"], "Plans": [{"Node Type": "Sort", "Parent Relationship": "Outer", "Parallel Aware": false, "Async Capable": false, "Startup Cost": 73809.12, "Total Cost": 73839.02, "Plan Rows": 11960, "Plan Width": 79, "Sort Key": ["customer.c_customer_id", "customer.c_first_name", "customer.c_last_name", "date_dim.d_year"], "Plans": [{"Node Type": "Hash Join", "Parent Relationship": "Outer", "Parallel Aware": true, "Async Capable": false, "Join Type": "Inner", "Startup Cost": 6120.01, "Total Cost": 72999.08, "Plan Rows": 11960, "Plan Width": 79, "Inner Unique": true, "Hash Cond": "(store_sales.ss_customer_sk = customer.c_customer_sk)", "Plans": [{"Node Type": "Hash Join", "Parent Relationship": "Outer", "Parallel Aware": true, "Async Capable": false, "Join Type": "Inner", "Startup Cost": 1947.47, "Total Cost": 68795.15, "Plan Rows": 11960, "Plan Width": 14, "Inner Unique": true, "Hash Cond": "(store_sales.ss_sold_date_sk = date_dim.d_date_sk)", "Plans": [{"Node Type": "Seq Scan", "Parent Relationship": "Outer", "Parallel Aware": true, "Async Capable": false, "Relation Name": "store_sales", "Alias": "store_sales", "Startup Cost": 0.0, "Total Cost": 63697.18, "Plan Rows": 1200118, "Plan Width": 14}, {"Node Type": "Hash", "Parent Relationship": "Inner", "Parallel Aware": true, "Async Capable": false, "Startup Cost": 1942.12, "Total Cost": 1942.12, "Plan Rows": 428, "Plan Width": 8, "Plans": [{"Node Type": "Seq Scan", "Parent Relationship": "Outer", "Parallel Aware": true, "Async Capable": false, "Relation Name": "date_dim", "Alias": "date_dim", "Startup Cost": 0.0, "Total Cost": 1942.12, "Plan Rows": 428, "Plan Width": 8, "Filter": "(d_year = ANY ('{2001,2002}'::integer[]))"}]}]}, {"Node Type": "Hash", "Parent Relationship": "Inner", "Parallel Aware": true, "Async Capable": false, "Startup Cost": 3437.24, "Total Cost": 3437.24, "Plan Rows": 58824, "Plan Width": 73, "Plans": [{"Node Type": "Seq Scan", "Parent Relationship": "Outer", "Parallel Aware": true, "Async Capable": false, "Relation Name": "customer", "Alias": "customer", "Startup Cost": 0.0, "Total Cost": 3437.24, "Plan Rows": 58824, "Plan Width": 73}]}]}]}]}]}]}, {"Node Type": "Aggregate", "Strategy": "Sorted", "Partial Mode": "Finalize", "Parent Relationship": "Member", "Parallel Aware": false, "Async Capable": false, "Startup Cost": 29686.02, "Total Cost": 30390.26, "Plan Rows": 7169, "Plan Width": 137, "Group Key": ["customer_1.c_customer_id", "customer_1.c_first_name", "customer_1.c_last_name", "date_dim_1.d_year"], "Plans": [{"Node Type": "Gather Merge", "Parent Relationship": "Outer", "Parallel Aware": false, "Async Capable": false, "Startup Cost": 29686.02, "Total Cost": 30265.85, "Plan Rows": 4217, "Plan Width": 105, "Workers Planned": 1, "Plans": [{"Node Type": "Aggregate", "Strategy": "Sorted", "Partial Mode": "Partial", "Parent Relationship": "Outer", "Parallel Aware": false, "Async Capable": false, "Startup Cost": 28686.01, "Total Cost": 28791.43, "Plan Rows": 4217, "Plan Width": 105, "Group Key": ["customer_1.c_customer_id", "customer_1.c_first_name", "customer_1.c_last_name", "date_dim_1.d_year"], "Plans": [{"Node Type": "Sort", "Parent Relationship": "Outer", "Parallel Aware": false, "Async Capable": false, "Startup Cost": 28686.01, "Total Cost": 28696.55, "Plan Rows": 4217, "Plan Width": 79, "Sort Key": ["customer_1.c_customer_id", "customer_1.c_first_name", "customer_1.c_last_name", "date_dim_1.d_year"], "Plans": [{"Node Type": "Hash Join", "Parent Relationship": "Outer", "Parallel Aware": true, "Async Capable": false, "Join Type": "Inner", "Startup Cost": 24536.12, "Total Cost": 28432.1, "Plan Rows": 4217, "Plan Width": 79, "Inner Unique": false, "Hash Cond": "(customer_1.c_customer_sk = web_sales.ws_bill_customer_sk)", "Plans": [{"Node Type": "Seq Scan", "Parent Relationship": "Outer", "Parallel Aware": true, "Async Capable": false, "Relation Name": "customer", "Alias": "customer_1", "Startup Cost": 0.0, "Total Cost": 3437.24, "Plan Rows": 58824, "Plan Width": 73}, {"Node Type": "Hash", "Parent Relationship": "Inner", "Parallel Aware": true, "Async Capable": false, "Startup Cost": 24498.78, "Total Cost": 24498.78, "Plan Rows": 2987, "Plan Width": 14, "Plans": [{"Node Type": "Hash Join", "Parent Relationship": "Outer", "Parallel Aware": true, "Async Capable": false, "Join Type": "Inner", "Startup Cost": 1947.47, "Total Cost": 24498.78, "Plan Rows": 2987, "Plan Width": 14, "Inner Unique": true, "Hash Cond": "(web_sales.ws_sold_date_sk = date_dim_1.d_date_sk)", "Plans": [{"Node Type": "Seq Scan", "Parent Relationship": "Outer", "Parallel Aware": true, "Async Capable": false, "Relation Name": "web_sales", "Alias": "web_sales", "Startup Cost": 0.0, "Total Cost": 21764.43, "Plan Rows": 299743, "Plan Width": 14}, {"Node Type": "Hash", "Parent Relationship": "Inner", "Parallel Aware": true, "Async Capable": false, "Startup Cost": 1942.12, "Total Cost": 1942.12, "Plan Rows": 428, "Plan Width": 8, "Plans": [{"Node Type": "Seq Scan", "Parent Relationship": "Outer", "Parallel Aware": true, "Async Capable": false, "Relation Name": "date_dim", "Alias": "date_dim_1", "Startup Cost": 0.0, "Total Cost": 1942.12, "Plan Rows": 428, "Plan Width": 8, "Filter": "(d_year = ANY ('{2001,2002}'::integer[]))"}]}]}]}]}]}]}]}]}]}, {"Node Type": "Sort", "Parent Relationship": "Outer", "Parallel Aware": false, "Async Capable": false, "Startup Cost": 3766.87, "Total Cost": 3766.88, "Plan Rows": 1, "Plan Width": 276, "Sort Key": ["t_s_secyear.customer_first_name", "t_s_secyear.customer_id", "t_s_secyear.customer_last_name"], "Plans": [{"Node Type": "Hash Join", "Parent Relationship": "Outer", "Parallel Aware": false, "Async Capable": false, "Join Type": "Inner", "Startup Cost": 2780.27, "Total Cost": 3766.86, "Plan Rows": 1, "Plan Width": 276, "Inner Unique": false, "Hash Cond": "(t_s_secyear.customer_id = t_w_secyear.customer_id)", "Join Filter": "(CASE WHEN (t_w_firstyear.year_total > '0'::numeric) THEN (t_w_secyear.year_total / t_w_firstyear.year_total) ELSE NULL::numeric END > CASE WHEN (t_s_firstyear.year_total > '0'::numeric) THEN (t_s_secyear.year_total / t_s_firstyear.year_total) ELSE NULL::numeric END)", "Plans": [{"Node Type": "Hash Join", "Parent Relationship": "Outer", "Parallel Aware": false, "Async Capable": false, "Join Type": "Inner", "Startup Cost": 1883.41, "Total Cost": 2869.97, "Plan Rows": 1, "Plan Width": 508, "Inner Unique": false, "Hash Cond": "(t_s_secyear.customer_id = t_w_firstyear.customer_id)", "Plans": [{"Node Type": "Hash Join", "Parent Relationship": "Outer", "Parallel Aware": false, "Async Capable": false, "Join Type": "Inner", "Startup Cost": 896.86, "Total Cost": 1883.41, "Plan Rows": 1, "Plan Width": 408, "Inner Unique": false, "Hash Cond": "(t_s_firstyear.customer_id = t_s_secyear.customer_id)", "Plans": [{"Node Type": "CTE Scan", "Parent Relationship": "Outer", "Parallel Aware": false, "Async Capable": false, "CTE Name": "year_total", "Alias": "t_s_firstyear", "Startup Cost": 0.0, "Total Cost": 986.54, "Plan Rows": 1, "Plan Width": 100, "Filter": "((year_total > '0'::numeric) AND (sale_type = 's'::text) AND (year = 2001))"}, {"Node Type": "Hash", "Parent Relationship": "Inner", "Parallel Aware": false, "Async Capable": false, "Startup Cost": 896.85, "Total Cost": 896.85, "Plan Rows": 1, "Plan Width": 308, "Plans": [{"Node Type": "CTE Scan", "Parent Relationship": "Outer", "Parallel Aware": false, "Async Capable": false, "CTE Name": "year_total", "Alias": "t_s_secyear", "Startup Cost": 0.0, "Total Cost": 896.85, "Plan Rows": 1, "Plan Width": 308, "Filter": "((sale_type = 's'::text) AND (year = 2002))"}]}]}, {"Node Type": "Hash", "Parent Relationship": "Inner", "Parallel Aware": false, "Async Capable": false, "Startup Cost": 986.54, "Total Cost": 986.54, "Plan Rows": 1, "Plan Width": 100, "Plans": [{"Node Type": "CTE Scan", "Parent Relationship": "Outer", "Parallel Aware": false, "Async Capable": false, "CTE Name": "year_total", "Alias": "t_w_firstyear", "Startup Cost": 0.0, "Total Cost": 986.54, "Plan Rows": 1, "Plan Width": 100, "Filter": "((year_total > '0'::numeric) AND (sale_type = 'w'::text) AND (year = 2001))"}]}]}, {"Node Type": "Hash", "Parent Relationship": "Inner", "Parallel Aware": false, "Async Capable": false, "Startup Cost": 896.85, "Total Cost": 896.85, "Plan Rows": 1, "Plan Width": 100, "Plans": [{"Node Type": "CTE Scan", "Parent Relationship": "Outer", "Parallel Aware": false, "Async Capable": false, "CTE Name": "year_total", "Alias": "t_w_secyear", "Startup Cost": 0.0, "Total Cost": 896.85, "Plan Rows": 1, "Plan Width": 100, "Filter": "((sale_type = 'w'::text) AND (year = 2002))"}]}]}]}]}, "JIT": {"Functions": 96, "Options": {"Inlining": false, "Optimization": false, "Expressions": true, "Deforming": true}}}]]], [[[{"Plan": {"Node Type": "Limit", "Parallel Aware": false, "Async Capable": false, "Startup Cost": 316122.22, "Total Cost": 316122.23, "Plan Rows": 1, "Plan Width": 80, "Plans": [{"Node Type": "Aggregate", "Strategy": "Sorted", "Partial Mode": "Simple", "Parent Relationship": "InitPlan", "Subplan Name": "CTE all_sales", "Parallel Aware": false, "Async Capable": false, "Startup Cost": 289492.85, "Total Cost": 313836.36, "Plan Rows": 49935, "Plan Width": 60, "Group Key": ["date_dim.d_year", "item.i_brand_id", "item.i_class_id", "item.i_category_id", "item.i_manufact_id"], "Plans": [{"Node Type": "Unique", "Parent Relationship": "Outer", "Parallel Aware": false, "Async Capable": false, "Startup Cost": 289492.85, "Total Cost": 299479.93, "Plan Rows": 499354, "Plan Width": 56, "Plans": [{"Node Type": "Sort", "Parent Relationship": "Outer", "Parallel Aware": false, "Async Capable": false, "Startup Cost": 289492.85, "Total Cost": 290741.24, "Plan Rows": 499354, "Plan Width": 56, "Sort Key": ["date_dim.d_year", "item.i_brand_id", "item.i_class_id", "item.i_category_id", "item.i_manufact_id", "((store_sales.ss_quantity - COALESCE(store_returns.sr_return_quantity, 0)))", "((store_sales.ss_ext_sales_price - COALESCE(store_returns.sr_return_amt, 0.0)))"], "Plans": [{"Node Type": "Gather", "Parent Relationship": "Outer", "Parallel Aware": false, "Async Capable": false, "Startup Cost": 9742.92, "Total Cost": 225160.24, "Plan Rows": 499354, "Plan Width": 56, "Workers Planned": 2, "Single Copy": false, "Plans": [{"Node Type": "Append", "Parent Relationship": "Outer", "Parallel Aware": true, "Async Capable": false, "Startup Cost": 8742.92, "Total Cost": 174224.84, "Plan Rows": 499354, "Plan Width": 56, "Subplans Removed": 0, "Plans": [{"Node Type": "Hash Join", "Parent Relationship": "Member", "Parallel Aware": true, "Async Capable": false, "Join Type": "Left", "Startup Cost": 12235.24, "Total Cost": 83174.05, "Plan Rows": 118878, "Plan Width": 56, "Inner Unique": true, "Hash Cond": "((store_sales.ss_ticket_number = store_returns.sr_ticket_number) AND (store_sales.ss_item_sk = store_returns.sr_item_sk))", "Plans": [{"Node Type": "Hash Join", "Parent Relationship": "Outer", "Parallel Aware": true, "Async Capable": false, "Join Type": "Inner", "Startup Cost": 3747.29, "Total Cost": 70907.61, "Plan Rows": 118878, "Plan Width": 38, "Inner Unique": true, "Hash Cond": "(store_sales.ss_sold_date_sk = date_dim.d_date_sk)", "Plans": [{"Node Type": "Hash Join", "Parent Relationship": "Outer", "Parallel Aware": true, "Async Capable": false, "Join Type": "Inner", "Startup Cost": 1375.47, "Total Cost": 68223.7, "Plan Rows": 118878, "Plan Width": 38, "Inner Unique": true, "Hash Cond": "(store_sales.ss_item_sk = item.i_item_sk)", "Plans": [{"Node Type": "Seq Scan", "Parent Relationship": "Outer", "Parallel Aware": true, "Async Capable": false, "Relation Name": "store_sales", "Alias": "store_sales", "Startup Cost": 0.0, "Total Cost": 63697.18, "Plan Rows": 1200118, "Plan Width": 22}, {"Node Type": "Hash", "Parent Relationship": "Inner", "Parallel Aware": true, "Async Capable": false, "Startup Cost": 1362.35, "Total Cost": 1362.35, "Plan Rows": 1049, "Plan Width": 20, "Plans": [{"Node Type": "Seq Scan", "Parent Relationship": "Outer", "Parallel Aware": true, "Async Capable": false, "Relation Name": "item", "Alias": "item", "Startup Cost": 0.0, "Total Cost": 1362.35, "Plan Rows": 1049, "Plan Width": 20, "Filter": "(i_category = 'Sports'::bpchar)"}]}]}, {"Node Type": "Hash", "Parent Relationship": "Inner", "Parallel Aware": true, "Async Capable": false, "Startup Cost": 1834.7, "Total Cost": 1834.7, "Plan Rows": 42970, "Plan Width": 8, "Plans": [{"Node Type": "Seq Scan", "Parent Relationship": "Outer", "Parallel Aware": true, "Async Capable": false, "Relation Name": "date_dim", "Alias": "date_dim", "Startup Cost": 0.0, "Total Cost": 1834.7, "Plan Rows": 42970, "Plan Width": 8}]}]}, {"Node Type": "Hash", "Parent Relationship": "Inner", "Parallel Aware": true, "Async Capable": false, "Startup Cost": 5988.98, "Total Cost": 5988.98, "Plan Rows": 119798, "Plan Width": 18, "Plans": [{"Node Type": "Seq Scan", "Parent Relationship": "Outer", "Parallel Aware": true, "Async Capable": false, "Relation Name": "store_returns", "Alias": "store_returns", "Startup Cost": 0.0, "Total Cost": 5988.98, "Plan Rows": 119798, "Plan Width": 18}]}]}, {"Node Type": "Hash Join", "Parent Relationship": "Member", "Parallel Aware": true, "Async Capable": false, "Join Type": "Left", "Startup Cost": 8742.92, "Total Cost": 54497.12, "Plan Rows": 59495, "Plan Width": 56, "Inner Unique": true, "Hash Cond": "((catalog_sales.cs_order_number = catalog_returns.cr_order_number) AND (catalog_sales.cs_item_sk = catalog_returns.cr_item_sk))", "Plans": [{"Node Type": "Hash Join", "Parent Relationship": "Outer", "Parallel Aware": true, "Async Capable": false, "Join Type": "Inner", "Startup Cost": 3747.29, "Total Cost": 48891.67, "Plan Rows": 59495, "Plan Width": 38, "Inner Unique": true, "Hash Cond": "(catalog_sales.cs_sold_date_sk = date_dim_1.d_date_sk)", "Plans": [{"Node Type": "Hash Join", "Parent Relationship": "Outer", "Parallel Aware": true, "Async Capable": false, "Join Type": "Inner", "Startup Cost": 1375.47, "Total Cost": 46363.66, "Plan Rows": 59495, "Plan Width": 38, "Inner Unique": true, "Hash Cond": "(catalog_sales.cs_item_sk = item_1.i_item_sk)", "Plans": [{"Node Type": "Seq Scan", "Parent Relationship": "Outer", "Parallel Aware": true, "Async Capable": false, "Relation Name": "catalog_sales", "Alias": "catalog_sales", "Startup Cost": 0.0, "Total Cost": 43411.2, "Plan Rows": 600620, "Plan Width": 22}, {"Node Type": "Hash", "Parent Relationship": "Inner", "Parallel Aware": true, "Async Capable": false, "Startup Cost": 1362.35, "Total Cost": 1362.35, "Plan Rows": 1049, "Plan Width": 20, "Plans": [{"Node Type": "Seq Scan", "Parent Relationship": "Outer", "Parallel Aware": true, "Async Capable": false, "Relation Name": "item", "Alias": "item_1", "Startup Cost": 0.0, "Total Cost": 1362.35, "Plan Rows": 1049, "Plan Width": 20, "Filter": "(i_category = 'Sports'::bpchar)"}]}]}, {"Node Type": "Hash", "Parent Relationship": "Inner", "Parallel Aware": true, "Async Capable": false, "Startup Cost": 1834.7, "Total Cost": 1834.7, "Plan Rows": 42970, "Plan Width": 8, "Plans": [{"Node Type": "Seq Scan", "Parent Relationship": "Outer", "Parallel Aware": true, "Async Capable": false, "Relation Name": "date_dim", "Alias": "date_dim_1", "Startup Cost": 0.0, "Total Cost": 1834.7, "Plan Rows": 42970, "Plan Width": 8}]}]}, {"Node Type": "Hash", "Parent Relationship": "Inner", "Parallel Aware": true, "Async Capable": false, "Startup Cost": 3724.45, "Total Cost": 3724.45, "Plan Rows": 84745, "Plan Width": 18, "Plans": [{"Node Type": "Seq Scan", "Parent Relationship": "Outer", "Parallel Aware": true, "Async Capable": false, "Relation Name": "catalog_returns", "Alias": "catalog_returns", "Startup Cost": 0.0, "Total Cost": 3724.45, "Plan Rows": 84745, "Plan Width": 18}]}]}, {"Node Type": "Hash Join", "Parent Relationship": "Member", "Parallel Aware": true, "Async Capable": false, "Join Type": "Left", "Startup Cost": 6129.64, "Total Cost": 29063.36, "Plan Rows": 29691, "Plan Width": 56, "Inner Unique": true, "Hash Cond": "((web_sales.ws_order_number = web_returns.wr_order_number) AND (web_sales.ws_item_sk = web_returns.wr_item_sk))", "Plans": [{"Node Type": "Hash Join", "Parent Relationship": "Outer", "Parallel Aware": true, "Async Capable": false, "Join Type": "Inner", "Startup Cost": 3747.29, "Total Cost": 26376.68, "Plan Rows": 29691, "Plan Width": 38, "Inner Unique": true, "Hash Cond": "(web_sales.ws_sold_date_sk = date_dim_2.d_date_sk)", "Plans": [{"Node Type": "Hash Join", "Parent Relationship": "Outer", "Parallel Aware": true, "Async Capable": false, "Join Type": "Inner", "Startup Cost": 1375.47, "Total Cost": 23926.91, "Plan Rows": 29691, "Plan Width": 38, "Inner Unique": true, "Hash Cond": "(web_sales.ws_item_sk = item_2.i_item_sk)", "Plans": [{"Node Type": "Seq Scan", "Parent Relationship": "Outer", "Parallel Aware": true, "Async Capable": false, "Relation Name": "web_sales", "Alias": "web_sales", "Startup Cost": 0.0, "Total Cost": 21764.43, "Plan Rows": 299743, "Plan Width": 22}, {"Node Type": "Hash", "Parent Relationship": "Inner", "Parallel Aware": true, "Async Capable": false, "Startup Cost": 1362.35, "Total Cost": 1362.35, "Plan Rows": 1049, "Plan Width": 20, "Plans": [{"Node Type": "Seq Scan", "Parent Relationship": "Outer", "Parallel Aware": true, "Async Capable": false, "Relation Name": "item", "Alias": "item_2", "Startup Cost": 0.0, "Total Cost": 1362.35, "Plan Rows": 1049, "Plan Width": 20, "Filter": "(i_category = 'Sports'::bpchar)"}]}]}, {"Node Type": "Hash", "Parent Relationship": "Inner", "Parallel Aware": true, "Async Capable": false, "Startup Cost": 1834.7, "Total Cost": 1834.7, "Plan Rows": 42970, "Plan Width": 8, "Plans": [{"Node Type": "Seq Scan", "Parent Relationship": "Outer", "Parallel Aware": true, "Async Capable": false, "Relation Name": "date_dim", "Alias": "date_dim_2", "Startup Cost": 0.0, "Total Cost": 1834.7, "Plan Rows": 42970, "Plan Width": 8}]}]}, {"Node Type": "Hash", "Parent Relationship": "Inner", "Parallel Aware": true, "Async Capable": false, "Startup Cost": 1749.14, "Total Cost": 1749.14, "Plan Rows": 42214, "Plan Width": 18, "Plans": [{"Node Type": "Seq Scan", "Parent Relationship": "Outer", "Parallel Aware": true, "Async Capable": false, "Relation Name": "web_returns", "Alias": "web_returns", "Startup Cost": 0.0, "Total Cost": 1749.14, "Plan Rows": 42214, "Plan Width": 18}]}]}]}]}]}]}]}, {"Node Type": "Sort", "Parent Relationship": "Outer", "Parallel Aware": false, "Async Capable": false, "Startup Cost": 2285.87, "Total Cost": 2285.87, "Plan Rows": 1, "Plan Width": 80, "Sort Key": ["((curr_yr.sales_cnt - prev_yr.sales_cnt))", "((curr_yr.sales_amt - prev_yr.sales_amt))"], "Plans": [{"Node Type": "Hash Join", "Parent Relationship": "Outer", "Parallel Aware": false, "Async Capable": false, "Join Type": "Inner", "Startup Cost": 1128.54, "Total Cost": 2285.86, "Plan Rows": 1, "Plan Width": 80, "Inner Unique": false, "Hash Cond": "((curr_yr.i_brand_id = prev_yr.i_brand_id) AND (curr_yr.i_class_id = prev_yr.i_class_id) AND (curr_yr.i_category_id = prev_yr.i_category_id) AND (curr_yr.i_manufact_id = prev_yr.i_manufact_id))", "Join Filter": "(((curr_yr.sales_cnt)::numeric(17,2) / (prev_yr.sales_cnt)::numeric(17,2)) < 0.9)", "Plans": [{"Node Type": "CTE Scan", "Parent Relationship": "Outer", "Parallel Aware": false, "Async Capable": false, "CTE Name": "all_sales", "Alias": "curr_yr", "Startup Cost": 0.0, "Total Cost": 1123.54, "Plan Rows": 250, "Plan Width": 60, "Filter": "(d_year = 2002)"}, {"Node Type": "Hash", "Parent Relationship": "Inner", "Parallel Aware": false, "Async Capable": false, "Startup Cost": 1123.54, "Total Cost": 1123.54, "Plan Rows": 250, "Plan Width": 60, "Plans": [{"Node Type": "CTE Scan", "Parent Relationship": "Outer", "Parallel Aware": false, "Async Capable": false, "CTE Name": "all_sales", "Alias": "prev_yr", "Startup Cost": 0.0, "Total Cost": 1123.54, "Plan Rows": 250, "Plan Width": 60, "Filter": "(d_year = 2001)"}]}]}]}]}, "JIT": {"Functions": 127, "Options": {"Inlining": false, "Optimization": false, "Expressions": true, "Deforming": true}}}]]], [[[{"Plan": {"Node Type": "Limit", "Parallel Aware": false, "Async Capable": false, "Startup Cost": 164652.99, "Total Cost": 164702.58, "Plan Rows": 100, "Plan Width": 163, "Plans": [{"Node Type": "Aggregate", "Strategy": "Sorted", "Partial Mode": "Finalize", "Parent Relationship": "Outer", "Parallel Aware": false, "Async Capable": false, "Startup Cost": 164652.99, "Total Cost": 171403.95, "Plan Rows": 13615, "Plan Width": 163, "Group Key": ["('store'::text)", "('ss_addr_sk'::text)", "date_dim.d_year", "date_dim.d_qoy", "item.i_category"], "Plans": [{"Node Type": "Gather Merge", "Parent Relationship": "Outer", "Parallel Aware": false, "Async Capable": false, "Startup Cost": 164652.99, "Total Cost": 170689.16, "Plan Rows": 27230, "Plan Width": 163, "Workers Planned": 2, "Plans": [{"Node Type": "Aggregate", "Strategy": "Sorted", "Partial Mode": "Partial", "Parent Relationship": "Outer", "Parallel Aware": false, "Async Capable": false, "Startup Cost": 163652.97, "Total Cost": 166546.12, "Plan Rows": 13615, "Plan Width": 163, "Group Key": ["('store'::text)", "('ss_addr_sk'::text)", "date_dim.d_year", "date_dim.d_qoy", "item.i_category"], "Plans": [{"Node Type": "Sort", "Parent Relationship": "Outer", "Parallel Aware": false, "Async Capable": false, "Startup Cost": 163652.97, "Total Cost": 163993.34, "Plan Rows": 136148, "Plan Width": 129, "Sort Key": ["('store'::text)", "('ss_addr_sk'::text)", "date_dim.d_year", "date_dim.d_qoy", "item.i_category"], "Plans": [{"Node Type": "Append", "Parent Relationship": "Outer", "Parallel Aware": true, "Async Capable": false, "Startup Cost": 3840.06, "Total Cost": 142733.08, "Plan Rows": 136148, "Plan Width": 129, "Subplans Removed": 0, "Plans": [{"Node Type": "Hash Join", "Parent Relationship": "Member", "Parallel Aware": true, "Async Capable": false, "Join Type": "Inner", "Startup Cost": 3840.06, "Total Cost": 67819.76, "Plan Rows": 53805, "Plan Width": 129, "Inner Unique": true, "Hash Cond": "(store_sales.ss_sold_date_sk = date_dim.d_date_sk)", "Plans": [{"Node Type": "Hash Join", "Parent Relationship": "Outer", "Parallel Aware": true, "Async Capable": false, "Join Type": "Inner", "Startup Cost": 1468.23, "Total Cost": 65306.69, "Plan Rows": 53805, "Plan Width": 61, "Inner Unique": true, "Hash Cond": "(store_sales.ss_item_sk = item.i_item_sk)", "Plans": [{"Node Type": "Seq Scan", "Parent Relationship": "Outer", "Parallel Aware": true, "Async Capable": false, "Relation Name": "store_sales", "Alias": "store_sales", "Startup Cost": 0.0, "Total Cost": 63697.18, "Plan Rows": 53805, "Plan Width": 14, "Filter": "(ss_addr_sk IS NULL)"}, {"Node Type": "Hash", "Parent Relationship": "Inner", "Parallel Aware": true, "Async Capable": false, "Startup Cost": 1335.88, "Total Cost": 1335.88, "Plan Rows": 10588, "Plan Width": 55, "Plans": [{"Node Type": "Seq Scan", "Parent Relationship": "Outer", "Parallel Aware": true, "Async Capable": false, "Relation Name": "item", "Alias": "item", "Startup Cost": 0.0, "Total Cost": 1335.88, "Plan Rows": 10588, "Plan Width": 55}]}]}, {"Node Type": "Hash", "Parent Relationship": "Inner", "Parallel Aware": true, "Async Capable": false, "Startup Cost": 1834.7, "Total Cost": 1834.7, "Plan Rows": 42970, "Plan Width": 12, "Plans": [{"Node Type": "Seq Scan", "Parent Relationship": "Outer", "Parallel Aware": true, "Async Capable": false, "Relation Name": "date_dim", "Alias": "date_dim", "Startup Cost": 0.0, "Total Cost": 1834.7, "Plan Rows": 42970, "Plan Width": 12}]}]}, {"Node Type": "Hash Join", "Parent Relationship": "Member", "Parallel Aware": true, "Async Capable": false, "Join Type": "Inner", "Startup Cost": 3840.06, "Total Cost": 47266.29, "Plan Rows": 2863, "Plan Width": 129, "Inner Unique": true, "Hash Cond": "(catalog_sales.cs_sold_date_sk = date_dim_1.d_date_sk)", "Plans": [{"Node Type": "Hash Join", "Parent Relationship": "Outer", "Parallel Aware": true, "Async Capable": false, "Join Type": "Inner", "Startup Cost": 1468.23, "Total Cost": 44886.95, "Plan Rows": 2863, "Plan Width": 61, "Inner Unique": true, "Hash Cond": "(catalog_sales.cs_item_sk = item_1.i_item_sk)", "Plans": [{"Node Type": "Seq Scan", "Parent Relationship": "Outer", "Parallel Aware": true, "Async Capable": false, "Relation Name": "catalog_sales", "Alias": "catalog_sales", "Startup Cost": 0.0, "Total Cost": 43411.2, "Plan Rows": 2863, "Plan Width": 14, "Filter": "(cs_warehouse_sk IS NULL)"}, {"Node Type": "Hash", "Parent Relationship": "Inner", "Parallel Aware": true, "Async Capable": false, "Startup Cost": 1335.88, "Total Cost": 1335.88, "Plan Rows": 10588, "Plan Width": 55, "Plans": [{"Node Type": "Seq Scan", "Parent Relationship": "Outer", "Parallel Aware": true, "Async Capable": false, "Relation Name": "item", "Alias": "item_1", "Startup Cost": 0.0, "Total Cost": 1335.88, "Plan Rows": 10588, "Plan Width": 55}]}]}, {"Node Type": "Hash", "Parent Relationship": "Inner", "Parallel Aware": true, "Async Capable": false, "Startup Cost": 1834.7, "Total Cost": 1834.7, "Plan Rows": 42970, "Plan Width": 12, "Plans": [{"Node Type": "Seq Scan", "Parent Relationship": "Outer", "Parallel Aware": true, "Async Capable": false, "Relation Name": "date_dim", "Alias": "date_dim_1", "Startup Cost": 0.0, "Total Cost": 1834.7, "Plan Rows": 42970, "Plan Width": 12}]}]}, {"Node Type": "Hash Join", "Parent Relationship": "Member", "Parallel Aware": true, "Async Capable": false, "Join Type": "Inner", "Startup Cost": 3840.06, "Total Cost": 25604.81, "Plan Rows": 60, "Plan Width": 129, "Inner Unique": true, "Hash Cond": "(web_sales.ws_sold_date_sk = date_dim_2.d_date_sk)", "Plans": [{"Node Type": "Hash Join", "Parent Relationship": "Outer", "Parallel Aware": true, "Async Capable": false, "Join Type": "Inner", "Startup Cost": 1468.23, "Total Cost": 23232.82, "Plan Rows": 60, "Plan Width": 61, "Inner Unique": true, "Hash Cond": "(web_sales.ws_item_sk = item_2.i_item_sk)", "Plans": [{"Node Type": "Seq Scan", "Parent Relationship": "Outer", "Parallel Aware": true, "Async Capable": false, "Relation Name": "web_sales", "Alias": "web_sales", "Startup Cost": 0.0, "Total Cost": 21764.43, "Plan Rows": 60, "Plan Width": 14, "Filter": "(ws_web_page_sk IS NULL)"}, {"Node Type": "Hash", "Parent Relationship": "Inner", "Parallel Aware": true, "Async Capable": false, "Startup Cost": 1335.88, "Total Cost": 1335.88, "Plan Rows": 10588, "Plan Width": 55, "Plans": [{"Node Type": "Seq Scan", "Parent Relationship": "Outer", "Parallel Aware": true, "Async Capable": false, "Relation Name": "item", "Alias": "item_2", "Startup Cost": 0.0, "Total Cost": 1335.88, "Plan Rows": 10588, "Plan Width": 55}]}]}, {"Node Type": "Hash", "Parent Relationship": "Inner", "Parallel Aware": true, "Async Capable": false, "Startup Cost": 1834.7, "Total Cost": 1834.7, "Plan Rows": 42970, "Plan Width": 12, "Plans": [{"Node Type": "Seq Scan", "Parent Relationship": "Outer", "Parallel Aware": true, "Async Capable": false, "Relation Name": "date_dim", "Alias": "date_dim_2", "Startup Cost": 0.0, "Total Cost": 1834.7, "Plan Rows": 42970, "Plan Width": 12}]}]}]}]}]}]}]}]}, "JIT": {"Functions": 72, "Options": {"Inlining": false, "Optimization": false, "Expressions": true, "Deforming": true}}}]]], [[[{"Plan": {"Node Type": "Limit", "Parallel Aware": false, "Async Capable": false, "Startup Cost": 10000164725.41, "Total Cost": 10000164727.91, "Plan Rows": 100, "Plan Width": 132, "Plans": [{"Node Type": "Aggregate", "Strategy": "Sorted", "Partial Mode": "Simple", "Parent Relationship": "Outer", "Parallel Aware": false, "Async Capable": false, "Startup Cost": 10000164725.41, "Total Cost": 10000164730.83, "Plan Rows": 217, "Plan Width": 132, "Grouping Sets": [{"Group Keys": [["('store channel'::text)", "store.s_store_sk"], ["('store channel'::text)"], []]}], "Plans": [{"Node Type": "Sort", "Parent Relationship": "Outer", "Parallel Aware": false, "Async Capable": false, "Startup Cost": 10000164725.41, "Total Cost": 10000164725.68, "Plan Rows": 108, "Plan Width": 132, "Sort Key": ["('store channel'::text)", "store.s_store_sk"], "Plans": [{"Node Type": "Append", "Parent Relationship": "Outer", "Parallel Aware": false, "Async Capable": false, "Startup Cost": 79277.74, "Total Cost": 10000164721.76, "Plan Rows": 108, "Plan Width": 132, "Subplans Removed": 0, "Plans": [{"Node Type": "Merge Join", "Parent Relationship": "Member", "Parallel Aware": false, "Async Capable": false, "Join Type": "Left", "Startup Cost": 79277.74, "Total Cost": 79297.52, "Plan Rows": 12, "Plan Width": 132, "Inner Unique": true, "Merge Cond": "(store.s_store_sk = store_1.s_store_sk)", "Plans": [{"Node Type": "Aggregate", "Strategy": "Sorted", "Partial Mode": "Finalize", "Parent Relationship": "Outer", "Parallel Aware": false, "Async Capable": false, "Startup Cost": 69921.69, "Total Cost": 69936.4, "Plan Rows": 12, "Plan Width": 68, "Group Key": ["store.s_store_sk"], "Plans": [{"Node Type": "Gather Merge", "Parent Relationship": "Outer", "Parallel Aware": false, "Async Capable": false, "Startup Cost": 69921.69, "Total Cost": 69935.92, "Plan Rows": 24, "Plan Width": 68, "Workers Planned": 2, "Plans": [{"Node Type": "Aggregate", "Strategy": "Sorted", "Partial Mode": "Partial", "Parent Relationship": "Outer", "Parallel Aware": false, "Async Capable": false, "Startup Cost": 68921.66, "Total Cost": 68933.13, "Plan Rows": 12, "Plan Width": 68, "Group Key": ["store.s_store_sk"], "Plans": [{"Node Type": "Merge Join", "Parent Relationship": "Outer", "Parallel Aware": false, "Async Capable": false, "Join Type": "Inner", "Startup Cost": 68921.66, "Total Cost": 68929.13, "Plan Rows": 509, "Plan Width": 16, "Inner Unique": true, "Merge Cond": "(store_sales.ss_store_sk = store.s_store_sk)", "Plans": [{"Node Type": "Sort", "Parent Relationship": "Outer", "Parallel Aware": false, "Async Capable": false, "Startup Cost": 68920.33, "Total Cost": 68921.6, "Plan Rows": 509, "Plan Width": 16, "Sort Key": ["store_sales.ss_store_sk"], "Plans": [{"Node Type": "Hash Join", "Parent Relationship": "Outer", "Parallel Aware": true, "Async Capable": false, "Join Type": "Inner", "Startup Cost": 2049.78, "Total Cost": 68897.45, "Plan Rows": 509, "Plan Width": 16, "Inner Unique": true, "Hash Cond": "(store_sales.ss_sold_date_sk = date_dim.d_date_sk)", "Plans": [{"Node Type": "Seq Scan", "Parent Relationship": "Outer", "Parallel Aware": true, "Async Capable": false, "Relation Name": "store_sales", "Alias": "store_sales", "Startup Cost": 0.0, "Total Cost": 63697.18, "Plan Rows": 1200118, "Plan Width": 20}, {"Node Type": "Hash", "Parent Relationship": "Inner", "Parallel Aware": true, "Async Capable": false, "Startup Cost": 2049.55, "Total Cost": 2049.55, "Plan Rows": 18, "Plan Width": 4, "Plans": [{"Node Type": "Seq Scan", "Parent Relationship": "Outer", "Parallel Aware": true, "Async Capable": false, "Relation Name": "date_dim", "Alias": "date_dim", "Startup Cost": 0.0, "Total Cost": 2049.55, "Plan Rows": 18, "Plan Width": 4, "Filter": "((d_date >= '1998-08-04'::date) AND (d_date <= '1998-09-03 00:00:00'::timestamp without time zone))"}]}]}]}, {"Node Type": "Sort", "Parent Relationship": "Inner", "Parallel Aware": false, "Async Capable": false, "Startup Cost": 1.34, "Total Cost": 1.37, "Plan Rows": 12, "Plan Width": 4, "Sort Key": ["store.s_store_sk"], "Plans": [{"Node Type": "Seq Scan", "Parent Relationship": "Outer", "Parallel Aware": false, "Async Capable": false, "Relation Name": "store", "Alias": "store", "Startup Cost": 0.0, "Total Cost": 1.12, "Plan Rows": 12, "Plan Width": 4}]}]}]}]}]}, {"Node Type": "Aggregate", "Strategy": "Sorted", "Partial Mode": "Finalize", "Parent Relationship": "Inner", "Parallel Aware": false, "Async Capable": false, "Startup Cost": 9356.05, "Total Cost": 9360.67, "Plan Rows": 12, "Plan Width": 68, "Group Key": ["store_1.s_store_sk"], "Plans": [{"Node Type": "Gather Merge", "Parent Relationship": "Outer", "Parallel Aware": false, "Async Capable": false, "Startup Cost": 9356.05, "Total Cost": 9360.19, "Plan Rows": 24, "Plan Width": 68, "Workers Planned": 2, "Plans": [{"Node Type": "Aggregate", "Strategy": "Sorted", "Partial Mode": "Partial", "Parent Relationship": "Outer", "Parallel Aware": false, "Async Capable": false, "Startup Cost": 8356.02, "Total Cost": 8357.39, "Plan Rows": 12, "Plan Width": 68, "Group Key": ["store_1.s_store_sk"], "Plans": [{"Node Type": "Merge Join", "Parent Relationship": "Outer", "Parallel Aware": false, "Async Capable": false, "Join Type": "Inner", "Startup Cost": 8356.02, "Total Cost": 8356.83, "Plan Rows": 51, "Plan Width": 16, "Inner Unique": true, "Merge Cond": "(store_returns.sr_store_sk = store_1.s_store_sk)", "Plans": [{"Node Type": "Sort", "Parent Relationship": "Outer", "Parallel Aware": false, "Async Capable": false, "Startup Cost": 8354.69, "Total Cost": 8354.82, "Plan Rows": 51, "Plan Width": 16, "Sort Key": ["store_returns.sr_store_sk"], "Plans": [{"Node Type": "Hash Join", "Parent Relationship": "Outer", "Parallel Aware": true, "Async Capable": false, "Join Type": "Inner", "Startup Cost": 2049.78, "Total Cost": 8353.24, "Plan Rows": 51, "Plan Width": 16, "Inner Unique": true, "Hash Cond": "(store_returns.sr_returned_date_sk = date_dim_1.d_date_sk)", "Plans": [{"Node Type": "Seq Scan", "Parent Relationship": "Outer", "Parallel Aware": true, "Async Capable": false, "Relation Name": "store_returns", "Alias": "store_returns", "Startup Cost": 0.0, "Total Cost": 5988.98, "Plan Rows": 119798, "Plan Width": 20}, {"Node Type": "Hash", "Parent Relationship": "Inner", "Parallel Aware": true, "Async Capable": false, "Startup Cost": 2049.55, "Total Cost": 2049.55, "Plan Rows": 18, "Plan Width": 4, "Plans": [{"Node Type": "Seq Scan", "Parent Relationship": "Outer", "Parallel Aware": true, "Async Capable": false, "Relation Name": "date_dim", "Alias": "date_dim_1", "Startup Cost": 0.0, "Total Cost": 2049.55, "Plan Rows": 18, "Plan Width": 4, "Filter": "((d_date >= '1998-08-04'::date) AND (d_date <= '1998-09-03 00:00:00'::timestamp without time zone))"}]}]}]}, {"Node Type": "Sort", "Parent Relationship": "Inner", "Parallel Aware": false, "Async Capable": false, "Startup Cost": 1.34, "Total Cost": 1.37, "Plan Rows": 12, "Plan Width": 4, "Sort Key": ["store_1.s_store_sk"], "Plans": [{"Node Type": "Seq Scan", "Parent Relationship": "Outer", "Parallel Aware": false, "Async Capable": false, "Relation Name": "store", "Alias": "store_1", "Startup Cost": 0.0, "Total Cost": 1.12, "Plan Rows": 12, "Plan Width": 4}]}]}]}]}]}]}, {"Node Type": "Nested Loop", "Parent Relationship": "Member", "Parallel Aware": false, "Async Capable": false, "Join Type": "Inner", "Startup Cost": 10000055045.54, "Total Cost": 10000055051.77, "Plan Rows": 36, "Plan Width": 132, "Inner Unique": false, "Plans": [{"Node Type": "Aggregate", "Strategy": "Sorted", "Partial Mode": "Finalize", "Parent Relationship": "Outer", "Parallel Aware": false, "Async Capable": false, "Startup Cost": 48047.91, "Total Cost": 48052.17, "Plan Rows": 6, "Plan Width": 68, "Group Key": ["catalog_sales.cs_call_center_sk"], "Plans": [{"Node Type": "Gather Merge", "Parent Relationship": "Outer", "Parallel Aware": false, "Async Capable": false, "Startup Cost": 48047.91, "Total Cost": 48051.93, "Plan Rows": 12, "Plan Width": 68, "Workers Planned": 2, "Plans": [{"Node Type": "Aggregate", "Strategy": "Sorted", "Partial Mode": "Partial", "Parent Relationship": "Outer", "Parallel Aware": false, "Async Capable": false, "Startup Cost": 47047.88, "Total Cost": 47050.52, "Plan Rows": 6, "Plan Width": 68, "Group Key": ["catalog_sales.cs_call_center_sk"], "Plans": [{"Node Type": "Sort", "Parent Relationship": "Outer", "Parallel Aware": false, "Async Capable": false, "Startup Cost": 47047.88, "Total Cost": 47048.52, "Plan Rows": 255, "Plan Width": 16, "Sort Key": ["catalog_sales.cs_call_center_sk"], "Plans": [{"Node Type": "Hash Join", "Parent Relationship": "Outer", "Parallel Aware": true, "Async Capable": false, "Join Type": "Inner", "Startup Cost": 2049.78, "Total Cost": 47037.69, "Plan Rows": 255, "Plan Width": 16, "Inner Unique": true, "Hash Cond": "(catalog_sales.cs_sold_date_sk = date_dim_2.d_date_sk)", "Plans": [{"Node Type": "Seq Scan", "Parent Relationship": "Outer", "Parallel Aware": true, "Async Capable": false, "Relation Name": "catalog_sales", "Alias": "catalog_sales", "Startup Cost": 0.0, "Total Cost": 43411.2, "Plan Rows": 600620, "Plan Width": 20}, {"Node Type": "Hash", "Parent Relationship": "Inner", "Parallel Aware": true, "Async Capable": false, "Startup Cost": 2049.55, "Total Cost": 2049.55, "Plan Rows": 18, "Plan Width": 4, "Plans": [{"Node Type": "Seq Scan", "Parent Relationship": "Outer", "Parallel Aware": true, "Async Capable": false, "Relation Name": "date_dim", "Alias": "date_dim_2", "Startup Cost": 0.0, "Total Cost": 2049.55, "Plan Rows": 18, "Plan Width": 4, "Filter": "((d_date >= '1998-08-04'::date) AND (d_date <= '1998-09-03 00:00:00'::timestamp without time zone))"}]}]}]}]}]}]}, {"Node Type": "Materialize", "Parent Relationship": "Inner", "Parallel Aware": false, "Async Capable": false, "Startup Cost": 6997.64, "Total Cost": 6999.02, "Plan Rows": 6, "Plan Width": 64, "Plans": [{"Node Type": "Subquery Scan", "Parent Relationship": "Outer", "Parallel Aware": false, "Async Capable": false, "Alias": "cr", "Startup Cost": 6997.64, "Total Cost": 6998.99, "Plan Rows": 6, "Plan Width": 64, "Plans": [{"Node Type": "Aggregate", "Strategy": "Sorted", "Partial Mode": "Finalize", "Parent Relationship": "Subquery", "Parallel Aware": false, "Async Capable": false, "Startup Cost": 6997.64, "Total Cost": 6998.93, "Plan Rows": 6, "Plan Width": 68, "Group Key": ["catalog_returns.cr_call_center_sk"], "Plans": [{"Node Type": "Gather Merge", "Parent Relationship": "Outer", "Parallel Aware": false, "Async Capable": false, "Startup Cost": 6997.64, "Total Cost": 6998.76, "Plan Rows": 6, "Plan Width": 68, "Workers Planned": 1, "Plans": [{"Node Type": "Aggregate", "Strategy": "Sorted", "Partial Mode": "Partial", "Parent Relationship": "Outer", "Parallel Aware": false, "Async Capable": false, "Startup Cost": 5997.63, "Total Cost": 5998.08, "Plan Rows": 6, "Plan Width": 68, "Group Key": ["catalog_returns.cr_call_center_sk"], "Plans": [{"Node Type": "Sort", "Parent Relationship": "Outer", "Parallel Aware": false, "Async Capable": false, "Startup Cost": 5997.63, "Total Cost": 5997.72, "Plan Rows": 36, "Plan Width": 16, "Sort Key": ["catalog_returns.cr_call_center_sk"], "Plans": [{"Node Type": "Hash Join", "Parent Relationship": "Outer", "Parallel Aware": true, "Async Capable": false, "Join Type": "Inner", "Startup Cost": 2049.78, "Total Cost": 5996.69, "Plan Rows": 36, "Plan Width": 16, "Inner Unique": true, "Hash Cond": "(catalog_returns.cr_returned_date_sk = date_dim_3.d_date_sk)", "Plans": [{"Node Type": "Seq Scan", "Parent Relationship": "Outer", "Parallel Aware": true, "Async Capable": false, "Relation Name": "catalog_returns", "Alias": "catalog_returns", "Startup Cost": 0.0, "Total Cost": 3724.45, "Plan Rows": 84745, "Plan Width": 20}, {"Node Type": "Hash", "Parent Relationship": "Inner", "Parallel Aware": true, "Async Capable": false, "Startup Cost": 2049.55, "Total Cost": 2049.55, "Plan Rows": 18, "Plan Width": 4, "Plans": [{"Node Type": "Seq Scan", "Parent Relationship": "Outer", "Parallel Aware": true, "Async Capable": false, "Relation Name": "date_dim", "Alias": "date_dim_3", "Startup Cost": 0.0, "Total Cost": 2049.55, "Plan Rows": 18, "Plan Width": 4, "Filter": "((d_date >= '1998-08-04'::date) AND (d_date <= '1998-09-03 00:00:00'::timestamp without time zone))"}]}]}]}]}]}]}]}]}]}, {"Node Type": "Merge Join", "Parent Relationship": "Member", "Parallel Aware": false, "Async Capable": false, "Join Type": "Left", "Startup Cost": 30348.22, "Total Cost": 30370.85, "Plan Rows": 60, "Plan Width": 132, "Inner Unique": true, "Merge Cond": "(web_page.wp_web_page_sk = web_page_1.wp_web_page_sk)", "Plans": [{"Node Type": "Aggregate", "Strategy": "Sorted", "Partial Mode": "Finalize", "Parent Relationship": "Outer", "Parallel Aware": false, "Async Capable": false, "Startup Cost": 25609.91, "Total Cost": 25630.22, "Plan Rows": 60, "Plan Width": 68, "Group Key": ["web_page.wp_web_page_sk"], "Plans": [{"Node Type": "Gather Merge", "Parent Relationship": "Outer", "Parallel Aware": false, "Async Capable": false, "Startup Cost": 25609.91, "Total Cost": 25627.82, "Plan Rows": 120, "Plan Width": 68, "Workers Planned": 2, "Plans": [{"Node Type": "Aggregate", "Strategy": "Sorted", "Partial Mode": "Partial", "Parent Relationship": "Outer", "Parallel Aware": false, "Async Capable": false, "Startup Cost": 24609.89, "Total Cost": 24613.95, "Plan Rows": 60, "Plan Width": 68, "Group Key": ["web_page.wp_web_page_sk"], "Plans": [{"Node Type": "Merge Join", "Parent Relationship": "Outer", "Parallel Aware": false, "Async Capable": false, "Join Type": "Inner", "Startup Cost": 24609.89, "Total Cost": 24612.09, "Plan Rows": 127, "Plan Width": 16, "Inner Unique": true, "Merge Cond": "(web_sales.ws_web_page_sk = web_page.wp_web_page_sk)", "Plans": [{"Node Type": "Sort", "Parent Relationship": "Outer", "Parallel Aware": false, "Async Capable": false, "Startup Cost": 24605.52, "Total Cost": 24605.83, "Plan Rows": 127, "Plan Width": 16, "Sort Key": ["web_sales.ws_web_page_sk"], "Plans": [{"Node Type": "Hash Join", "Parent Relationship": "Outer", "Parallel Aware": true, "Async Capable": false, "Join Type": "Inner", "Startup Cost": 2049.78, "Total Cost": 24601.08, "Plan Rows": 127, "Plan Width": 16, "Inner Unique": true, "Hash Cond": "(web_sales.ws_sold_date_sk = date_dim_4.d_date_sk)", "Plans": [{"Node Type": "Seq Scan", "Parent Relationship": "Outer", "Parallel Aware": true, "Async Capable": false, "Relation Name": "web_sales", "Alias": "web_sales", "Startup Cost": 0.0, "Total Cost": 21764.43, "Plan Rows": 299743, "Plan Width": 20}, {"Node Type": "Hash", "Parent Relationship": "Inner", "Parallel Aware": true, "Async Capable": false, "Startup Cost": 2049.55, "Total Cost": 2049.55, "Plan Rows": 18, "Plan Width": 4, "Plans": [{"Node Type": "Seq Scan", "Parent Relationship": "Outer", "Parallel Aware": true, "Async Capable": false, "Relation Name": "date_dim", "Alias": "date_dim_4", "Startup Cost": 0.0, "Total Cost": 2049.55, "Plan Rows": 18, "Plan Width": 4, "Filter": "((d_date >= '1998-08-04'::date) AND (d_date <= '1998-09-03 00:00:00'::timestamp without time zone))"}]}]}]}, {"Node Type": "Sort", "Parent Relationship": "Inner", "Parallel Aware": false, "Async Capable": false, "Startup Cost": 4.37, "Total Cost": 4.52, "Plan Rows": 60, "Plan Width": 4, "Sort Key": ["web_page.wp_web_page_sk"], "Plans": [{"Node Type": "Seq Scan", "Parent Relationship": "Outer", "Parallel Aware": false, "Async Capable": false, "Relation Name": "web_page", "Alias": "web_page", "Startup Cost": 0.0, "Total Cost": 2.6, "Plan Rows": 60, "Plan Width": 4}]}]}]}]}]}, {"Node Type": "Aggregate", "Strategy": "Sorted", "Partial Mode": "Simple", "Parent Relationship": "Inner", "Parallel Aware": false, "Async Capable": false, "Startup Cost": 4738.31, "Total Cost": 4739.06, "Plan Rows": 30, "Plan Width": 68, "Group Key": ["web_page_1.wp_web_page_sk"], "Plans": [{"Node Type": "Sort", "Parent Relationship": "Outer", "Parallel Aware": false, "Async Capable": false, "Startup Cost": 4738.31, "Total Cost": 4738.38, "Plan Rows": 30, "Plan Width": 16, "Sort Key": ["web_page_1.wp_web_page_sk"], "Plans": [{"Node Type": "Hash Join", "Parent Relationship": "Outer", "Parallel Aware": false, "Async Capable": false, "Join Type": "Inner", "Startup Cost": 2504.47, "Total Cost": 4737.57, "Plan Rows": 30, "Plan Width": 16, "Inner Unique": true, "Hash Cond": "(web_returns.wr_web_page_sk = web_page_1.wp_web_page_sk)", "Plans": [{"Node Type": "Hash Join", "Parent Relationship": "Outer", "Parallel Aware": false, "Async Capable": false, "Join Type": "Inner", "Startup Cost": 2501.12, "Total Cost": 4734.14, "Plan Rows": 30, "Plan Width": 16, "Inner Unique": true, "Hash Cond": "(web_returns.wr_returned_date_sk = date_dim_5.d_date_sk)", "Plans": [{"Node Type": "Seq Scan", "Parent Relationship": "Outer", "Parallel Aware": false, "Async Capable": false, "Relation Name": "web_returns", "Alias": "web_returns", "Startup Cost": 0.0, "Total Cost": 2044.63, "Plan Rows": 71763, "Plan Width": 20}, {"Node Type": "Hash", "Parent Relationship": "Inner", "Parallel Aware": false, "Async Capable": false, "Startup Cost": 2500.73, "Total Cost": 2500.73, "Plan Rows": 31, "Plan Width": 4, "Plans": [{"Node Type": "Seq Scan", "Parent Relationship": "Outer", "Parallel Aware": false, "Async Capable": false, "Relation Name": "date_dim", "Alias": "date_dim_5", "Startup Cost": 0.0, "Total Cost": 2500.73, "Plan Rows": 31, "Plan Width": 4, "Filter": "((d_date >= '1998-08-04'::date) AND (d_date <= '1998-09-03 00:00:00'::timestamp without time zone))"}]}]}, {"Node Type": "Hash", "Parent Relationship": "Inner", "Parallel Aware": false, "Async Capable": false, "Startup Cost": 2.6, "Total Cost": 2.6, "Plan Rows": 60, "Plan Width": 4, "Plans": [{"Node Type": "Seq Scan", "Parent Relationship": "Outer", "Parallel Aware": false, "Async Capable": false, "Relation Name": "web_page", "Alias": "web_page_1", "Startup Cost": 0.0, "Total Cost": 2.6, "Plan Rows": 60, "Plan Width": 4}]}]}]}]}]}]}]}]}]}, "JIT": {"Functions": 162, "Options": {"Inlining": true, "Optimization": true, "Expressions": true, "Deforming": true}}}]]], [[[{"Plan": {"Node Type": "Limit", "Parallel Aware": false, "Async Capable": false, "Startup Cost": 149521.79, "Total Cost": 151078.09, "Plan Rows": 100, "Plan Width": 188, "Plans": [{"Node Type": "Incremental Sort", "Parent Relationship": "Outer", "Parallel Aware": false, "Async Capable": false, "Startup Cost": 149521.79, "Total Cost": 159310.88, "Plan Rows": 629, "Plan Width": 188, "Sort Key": ["store_sales.ss_item_sk", "store_sales.ss_customer_sk", "(sum(store_sales.ss_quantity)) DESC", "(sum(store_sales.ss_wholesale_cost)) DESC", "(sum(store_sales.ss_sales_price)) DESC", "((COALESCE((sum(web_sales.ws_quantity)), '0'::bigint) + COALESCE((sum(catalog_sales.cs_quantity)), '0'::bigint)))", "((COALESCE((sum(web_sales.ws_wholesale_cost)), '0'::numeric) + COALESCE((sum(catalog_sales.cs_wholesale_cost)), '0'::numeric)))", "((COALESCE((sum(web_sales.ws_sales_price)), '0'::numeric) + COALESCE((sum(catalog_sales.cs_sales_price)), '0'::numeric)))", "(round((((sum(store_sales.ss_quantity)) / (COALESCE((sum(web_sales.ws_quantity)), '0'::bigint) + COALESCE((sum(catalog_sales.cs_quantity)), '0'::bigint))))::numeric, 2))"], "Presorted Key": ["store_sales.ss_item_sk", "store_sales.ss_customer_sk"], "Plans": [{"Node Type": "Merge Join", "Parent Relationship": "Outer", "Parallel Aware": false, "Async Capable": false, "Join Type": "Left", "Startup Cost": 149472.67, "Total Cost": 159287.67, "Plan Rows": 629, "Plan Width": 188, "Inner Unique": true, "Merge Cond": "((store_sales.ss_item_sk = web_sales.ws_item_sk) AND (store_sales.ss_customer_sk = web_sales.ws_bill_customer_sk))", "Join Filter": "(date_dim_2.d_year = date_dim.d_year)", "Filter": "((COALESCE((sum(web_sales.ws_quantity)), '0'::bigint) > 0) OR (COALESCE((sum(catalog_sales.cs_quantity)), '0'::bigint) > 0))", "Plans": [{"Node Type": "Merge Join", "Parent Relationship": "Outer", "Parallel Aware": false, "Async Capable": false, "Join Type": "Left", "Startup Cost": 122020.55, "Total Cost": 131582.89, "Plan Rows": 1132, "Plan Width": 156, "Inner Unique": true, "Merge Cond": "((store_sales.ss_item_sk = catalog_sales.cs_item_sk) AND (store_sales.ss_customer_sk = catalog_sales.cs_bill_customer_sk))", "Join Filter": "(date_dim_1.d_year = date_dim.d_year)", "Plans": [{"Node Type": "Aggregate", "Strategy": "Sorted", "Partial Mode": "Finalize", "Parent Relationship": "Outer", "Parallel Aware": false, "Async Capable": false, "Startup Cost": 70187.03, "Total Cost": 79307.4, "Plan Rows": 1132, "Plan Width": 84, "Group Key": ["date_dim.d_year", "store_sales.ss_item_sk", "store_sales.ss_customer_sk"], "Plans": [{"Node Type": "Gather Merge", "Parent Relationship": "Outer", "Parallel Aware": false, "Async Capable": false, "Startup Cost": 70187.03, "Total Cost": 79271.54, "Plan Rows": 944, "Plan Width": 84, "Workers Planned": 2, "Plans": [{"Node Type": "Aggregate", "Strategy": "Sorted", "Partial Mode": "Partial", "Parent Relationship": "Outer", "Parallel Aware": false, "Async Capable": false, "Startup Cost": 69187.01, "Total Cost": 78162.56, "Plan Rows": 472, "Plan Width": 84, "Group Key": ["date_dim.d_year", "store_sales.ss_item_sk", "store_sales.ss_customer_sk"], "Plans": [{"Node Type": "Incremental Sort", "Parent Relationship": "Outer", "Parallel Aware": false, "Async Capable": false, "Startup Cost": 69187.01, "Total Cost": 78148.4, "Plan Rows": 472, "Plan Width": 28, "Sort Key": ["store_sales.ss_item_sk", "store_sales.ss_customer_sk"], "Presorted Key": ["store_sales.ss_item_sk"], "Plans": [{"Node Type": "Merge Join", "Parent Relationship": "Outer", "Parallel Aware": false, "Async Capable": false, "Join Type": "Anti", "Startup Cost": 69168.02, "Total Cost": 78127.16, "Plan Rows": 472, "Plan Width": 28, "Inner Unique": false, "Merge Cond": "((store_sales.ss_item_sk = store_returns.sr_item_sk) AND (store_sales.ss_ticket_number = store_returns.sr_ticket_number))", "Plans": [{"Node Type": "Sort", "Parent Relationship": "Outer", "Parallel Aware": false, "Async Capable": false, "Startup Cost": 69167.59, "Total Cost": 69182.54, "Plan Rows": 5980, "Plan Width": 32, "Sort Key": ["store_sales.ss_item_sk", "store_sales.ss_ticket_number"], "Plans": [{"Node Type": "Hash Join", "Parent Relationship": "Outer", "Parallel Aware": true, "Async Capable": false, "Join Type": "Inner", "Startup Cost": 1944.8, "Total Cost": 68792.47, "Plan Rows": 5980, "Plan Width": 32, "Inner Unique": true, "Hash Cond": "(store_sales.ss_sold_date_sk = date_dim.d_date_sk)", "Plans": [{"Node Type": "Seq Scan", "Parent Relationship": "Outer", "Parallel Aware": true, "Async Capable": false, "Relation Name": "store_sales", "Alias": "store_sales", "Startup Cost": 0.0, "Total Cost": 63697.18, "Plan Rows": 1200118, "Plan Width": 32}, {"Node Type": "Hash", "Parent Relationship": "Inner", "Parallel Aware": true, "Async Capable": false, "Startup Cost": 1942.12, "Total Cost": 1942.12, "Plan Rows": 214, "Plan Width": 8, "Plans": [{"Node Type": "Seq Scan", "Parent Relationship": "Outer", "Parallel Aware": true, "Async Capable": false, "Relation Name": "date_dim", "Alias": "date_dim", "Startup Cost": 0.0, "Total Cost": 1942.12, "Plan Rows": 214, "Plan Width": 8, "Filter": "(d_year = 2000)"}]}]}]}, {"Node Type": "Index Only Scan", "Parent Relationship": "Inner", "Parallel Aware": false, "Async Capable": false, "Scan Direction": "Forward", "Index Name": "store_returns_pkey", "Relation Name": "store_returns", "Alias": "store_returns", "Startup Cost": 0.42, "Total Cost": 7477.13, "Plan Rows": 287514, "Plan Width": 8}]}]}]}]}]}, {"Node Type": "Materialize", "Parent Relationship": "Inner", "Parallel Aware": false, "Async Capable": false, "Startup Cost": 51833.52, "Total Cost": 52244.22, "Plan Rows": 2668, "Plan Width": 84, "Plans": [{"Node Type": "Aggregate", "Strategy": "Sorted", "Partial Mode": "Finalize", "Parent Relationship": "Outer", "Parallel Aware": false, "Async Capable": false, "Startup Cost": 51833.52, "Total Cost": 52210.87, "Plan Rows": 2668, "Plan Width": 84, "Group Key": ["date_dim_1.d_year", "catalog_sales.cs_item_sk", "catalog_sales.cs_bill_customer_sk"], "Plans": [{"Node Type": "Gather Merge", "Parent Relationship": "Outer", "Parallel Aware": false, "Async Capable": false, "Startup Cost": 51833.52, "Total Cost": 52126.37, "Plan Rows": 2224, "Plan Width": 84, "Workers Planned": 2, "Plans": [{"Node Type": "Aggregate", "Strategy": "Sorted", "Partial Mode": "Partial", "Parent Relationship": "Outer", "Parallel Aware": false, "Async Capable": false, "Startup Cost": 50833.5, "Total Cost": 50869.64, "Plan Rows": 1112, "Plan Width": 84, "Group Key": ["date_dim_1.d_year", "catalog_sales.cs_item_sk", "catalog_sales.cs_bill_customer_sk"], "Plans": [{"Node Type": "Sort", "Parent Relationship": "Outer", "Parallel Aware": false, "Async Capable": false, "Startup Cost": 50833.5, "Total Cost": 50836.28, "Plan Rows": 1112, "Plan Width": 28, "Sort Key": ["catalog_sales.cs_item_sk", "catalog_sales.cs_bill_customer_sk"], "Plans": [{"Node Type": "Hash Join", "Parent Relationship": "Outer", "Parallel Aware": true, "Async Capable": false, "Join Type": "Anti", "Startup Cost": 5758.25, "Total Cost": 50777.24, "Plan Rows": 1112, "Plan Width": 28, "Inner Unique": false, "Hash Cond": "((catalog_sales.cs_item_sk = catalog_returns.cr_item_sk) AND (catalog_sales.cs_order_number = catalog_returns.cr_order_number))", "Plans": [{"Node Type": "Hash Join", "Parent Relationship": "Outer", "Parallel Aware": true, "Async Capable": false, "Join Type": "Inner", "Startup Cost": 1944.8, "Total Cost": 46932.72, "Plan Rows": 2993, "Plan Width": 32, "Inner Unique": true, "Hash Cond": "(catalog_sales.cs_sold_date_sk = date_dim_1.d_date_sk)", "Plans": [{"Node Type": "Seq Scan", "Parent Relationship": "Outer", "Parallel Aware": true, "Async Capable": false, "Relation Name": "catalog_sales", "Alias": "catalog_sales", "Startup Cost": 0.0, "Total Cost": 43411.2, "Plan Rows": 600620, "Plan Width": 32}, {"Node Type": "Hash", "Parent Relationship": "Inner", "Parallel Aware": true, "Async Capable": false, "Startup Cost": 1942.12, "Total Cost": 1942.12, "Plan Rows": 214, "Plan Width": 8, "Plans": [{"Node Type": "Seq Scan", "Parent Relationship": "Outer", "Parallel Aware": true, "Async Capable": false, "Relation Name": "date_dim", "Alias": "date_dim_1", "Startup Cost": 0.0, "Total Cost": 1942.12, "Plan Rows": 214, "Plan Width": 8, "Filter": "(d_year = 2000)"}]}]}, {"Node Type": "Hash", "Parent Relationship": "Inner", "Parallel Aware": true, "Async Capable": false, "Startup Cost": 2913.03, "Total Cost": 2913.03, "Plan Rows": 60028, "Plan Width": 8, "Plans": [{"Node Type": "Index Only Scan", "Parent Relationship": "Outer", "Parallel Aware": true, "Async Capable": false, "Scan Direction": "Forward", "Index Name": "catalog_returns_pkey", "Relation Name": "catalog_returns", "Alias": "catalog_returns", "Startup Cost": 0.42, "Total Cost": 2913.03, "Plan Rows": 60028, "Plan Width": 8}]}]}]}]}]}]}]}]}, {"Node Type": "Materialize", "Parent Relationship": "Inner", "Parallel Aware": false, "Async Capable": false, "Startup Cost": 27452.11, "Total Cost": 27679.98, "Plan Rows": 1480, "Plan Width": 84, "Plans": [{"Node Type": "Aggregate", "Strategy": "Sorted", "Partial Mode": "Finalize", "Parent Relationship": "Outer", "Parallel Aware": false, "Async Capable": false, "Startup Cost": 27452.11, "Total Cost": 27661.48, "Plan Rows": 1480, "Plan Width": 84, "Group Key": ["date_dim_2.d_year", "web_sales.ws_item_sk", "web_sales.ws_bill_customer_sk"], "Plans": [{"Node Type": "Gather Merge", "Parent Relationship": "Outer", "Parallel Aware": false, "Async Capable": false, "Startup Cost": 27452.11, "Total Cost": 27614.6, "Plan Rows": 1234, "Plan Width": 84, "Workers Planned": 2, "Plans": [{"Node Type": "Aggregate", "Strategy": "Sorted", "Partial Mode": "Partial", "Parent Relationship": "Outer", "Parallel Aware": false, "Async Capable": false, "Startup Cost": 26452.09, "Total Cost": 26472.14, "Plan Rows": 617, "Plan Width": 84, "Group Key": ["date_dim_2.d_year", "web_sales.ws_item_sk", "web_sales.ws_bill_customer_sk"], "Plans": [{"Node Type": "Sort", "Parent Relationship": "Outer", "Parallel Aware": false, "Async Capable": false, "Startup Cost": 26452.09, "Total Cost": 26453.63, "Plan Rows": 617, "Plan Width": 28, "Sort Key": ["web_sales.ws_item_sk", "web_sales.ws_bill_customer_sk"], "Plans": [{"Node Type": "Hash Join", "Parent Relationship": "Outer", "Parallel Aware": true, "Async Capable": false, "Join Type": "Anti", "Startup Cost": 3847.43, "Total Cost": 26423.49, "Plan Rows": 617, "Plan Width": 28, "Inner Unique": false, "Hash Cond": "((web_sales.ws_item_sk = web_returns.wr_item_sk) AND (web_sales.ws_order_number = web_returns.wr_order_number))", "Plans": [{"Node Type": "Hash Join", "Parent Relationship": "Outer", "Parallel Aware": true, "Async Capable": false, "Join Type": "Inner", "Startup Cost": 1944.8, "Total Cost": 24496.1, "Plan Rows": 1494, "Plan Width": 32, "Inner Unique": true, "Hash Cond": "(web_sales.ws_sold_date_sk = date_dim_2.d_date_sk)", "Plans": [{"Node Type": "Seq Scan", "Parent Relationship": "Outer", "Parallel Aware": true, "Async Capable": false, "Relation Name": "web_sales", "Alias": "web_sales", "Startup Cost": 0.0, "Total Cost": 21764.43, "Plan Rows": 299743, "Plan Width": 32}, {"Node Type": "Hash", "Parent Relationship": "Inner", "Parallel Aware": true, "Async Capable": false, "Startup Cost": 1942.12, "Total Cost": 1942.12, "Plan Rows": 214, "Plan Width": 8, "Plans": [{"Node Type": "Seq Scan", "Parent Relationship": "Outer", "Parallel Aware": true, "Async Capable": false, "Relation Name": "date_dim", "Alias": "date_dim_2", "Startup Cost": 0.0, "Total Cost": 1942.12, "Plan Rows": 214, "Plan Width": 8, "Filter": "(d_year = 2000)"}]}]}, {"Node Type": "Hash", "Parent Relationship": "Inner", "Parallel Aware": true, "Async Capable": false, "Startup Cost": 1454.12, "Total Cost": 1454.12, "Plan Rows": 29901, "Plan Width": 8, "Plans": [{"Node Type": "Index Only Scan", "Parent Relationship": "Outer", "Parallel Aware": true, "Async Capable": false, "Scan Direction": "Forward", "Index Name": "web_returns_pkey", "Relation Name": "web_returns", "Alias": "web_returns", "Startup Cost": 0.29, "Total Cost": 1454.12, "Plan Rows": 29901, "Plan Width": 8}]}]}]}]}]}]}]}]}]}]}, "JIT": {"Functions": 110, "Options": {"Inlining": false, "Optimization": false, "Expressions": true, "Deforming": true}}}]]], [[[{"Plan": {"Node Type": "Limit", "Parallel Aware": false, "Async Capable": false, "Startup Cost": 75996.67, "Total Cost": 75996.92, "Plan Rows": 100, "Plan Width": 152, "Plans": [{"Node Type": "Sort", "Parent Relationship": "Outer", "Parallel Aware": false, "Async Capable": false, "Startup Cost": 75996.67, "Total Cost": 75997.56, "Plan Rows": 359, "Plan Width": 152, "Sort Key": ["customer.c_last_name", "customer.c_first_name", "(substr((ms.s_city)::text, 1, 30))", "ms.profit"], "Plans": [{"Node Type": "Merge Join", "Parent Relationship": "Outer", "Parallel Aware": false, "Async Capable": false, "Join Type": "Inner", "Startup Cost": 70262.29, "Total Cost": 75982.95, "Plan Rows": 359, "Plan Width": 152, "Inner Unique": false, "Merge Cond": "(customer.c_customer_sk = ms.ss_customer_sk)", "Plans": [{"Node Type": "Index Scan", "Parent Relationship": "Outer", "Parallel Aware": false, "Async Capable": false, "Scan Direction": "Forward", "Index Name": "customer_pkey", "Relation Name": "customer", "Alias": "customer", "Startup Cost": 0.29, "Total Cost": 5464.67, "Plan Rows": 100000, "Plan Width": 56}, {"Node Type": "Sort", "Parent Relationship": "Inner", "Parallel Aware": false, "Async Capable": false, "Startup Cost": 70261.99, "Total Cost": 70262.89, "Plan Rows": 359, "Plan Width": 210, "Sort Key": ["ms.ss_customer_sk"], "Plans": [{"Node Type": "Subquery Scan", "Parent Relationship": "Outer", "Parallel Aware": false, "Async Capable": false, "Alias": "ms", "Startup Cost": 70192.28, "Total Cost": 70246.76, "Plan Rows": 359, "Plan Width": 210, "Plans": [{"Node Type": "Aggregate", "Strategy": "Sorted", "Partial Mode": "Finalize", "Parent Relationship": "Subquery", "Parallel Aware": false, "Async Capable": false, "Startup Cost": 70192.28, "Total Cost": 70243.17, "Plan Rows": 359, "Plan Width": 214, "Group Key": ["store_sales.ss_ticket_number", "store_sales.ss_customer_sk", "store_sales.ss_addr_sk", "store.s_city"], "Plans": [{"Node Type": "Gather Merge", "Parent Relationship": "Outer", "Parallel Aware": false, "Async Capable": false, "Startup Cost": 70192.28, "Total Cost": 70231.78, "Plan Rows": 300, "Plan Width": 214, "Workers Planned": 2, "Plans": [{"Node Type": "Aggregate", "Strategy": "Sorted", "Partial Mode": "Partial", "Parent Relationship": "Outer", "Parallel Aware": false, "Async Capable": false, "Startup Cost": 69192.26, "Total Cost": 69197.13, "Plan Rows": 150, "Plan Width": 214, "Group Key": ["store_sales.ss_ticket_number", "store_sales.ss_customer_sk", "store_sales.ss_addr_sk", "store.s_city"], "Plans": [{"Node Type": "Sort", "Parent Relationship": "Outer", "Parallel Aware": false, "Async Capable": false, "Startup Cost": 69192.26, "Total Cost": 69192.63, "Plan Rows": 150, "Plan Width": 159, "Sort Key": ["store_sales.ss_ticket_number", "store_sales.ss_customer_sk", "store_sales.ss_addr_sk", "store.s_city"], "Plans": [{"Node Type": "Hash Join", "Parent Relationship": "Outer", "Parallel Aware": false, "Async Capable": false, "Join Type": "Inner", "Startup Cost": 2329.6, "Total Cost": 69186.84, "Plan Rows": 150, "Plan Width": 159, "Inner Unique": true, "Hash Cond": "(store_sales.ss_hdemo_sk = household_demographics.hd_demo_sk)", "Plans": [{"Node Type": "Hash Join", "Parent Relationship": "Outer", "Parallel Aware": false, "Async Capable": false, "Join Type": "Inner", "Startup Cost": 2105.6, "Total Cost": 68962.27, "Plan Rows": 214, "Plan Width": 163, "Inner Unique": true, "Hash Cond": "(store_sales.ss_store_sk = store.s_store_sk)", "Plans": [{"Node Type": "Hash Join", "Parent Relationship": "Outer", "Parallel Aware": true, "Async Capable": false, "Join Type": "Inner", "Startup Cost": 2104.41, "Total Cost": 68952.08, "Plan Rows": 2563, "Plan Width": 29, "Inner Unique": true, "Hash Cond": "(store_sales.ss_sold_date_sk = date_dim.d_date_sk)", "Plans": [{"Node Type": "Seq Scan", "Parent Relationship": "Outer", "Parallel Aware": true, "Async Capable": false, "Relation Name": "store_sales", "Alias": "store_sales", "Startup Cost": 0.0, "Total Cost": 63697.18, "Plan Rows": 1200118, "Plan Width": 33}, {"Node Type": "Hash", "Parent Relationship": "Inner", "Parallel Aware": true, "Async Capable": false, "Startup Cost": 2103.26, "Total Cost": 2103.26, "Plan Rows": 92, "Plan Width": 4, "Plans": [{"Node Type": "Seq Scan", "Parent Relationship": "Outer", "Parallel Aware": true, "Async Capable": false, "Relation Name": "date_dim", "Alias": "date_dim", "Startup Cost": 0.0, "Total Cost": 2103.26, "Plan Rows": 92, "Plan Width": 4, "Filter": "((d_dow = 1) AND (d_year = ANY ('{1998,1999,2000}'::integer[])))"}]}]}, {"Node Type": "Hash", "Parent Relationship": "Inner", "Parallel Aware": false, "Async Capable": false, "Startup Cost": 1.18, "Total Cost": 1.18, "Plan Rows": 1, "Plan Width": 142, "Plans": [{"Node Type": "Seq Scan", "Parent Relationship": "Outer", "Parallel Aware": false, "Async Capable": false, "Relation Name": "store", "Alias": "store", "Startup Cost": 0.0, "Total Cost": 1.18, "Plan Rows": 1, "Plan Width": 142, "Filter": "((s_number_employees >= 200) AND (s_number_employees <= 295))"}]}]}, {"Node Type": "Hash", "Parent Relationship": "Inner", "Parallel Aware": false, "Async Capable": false, "Startup Cost": 161.0, "Total Cost": 161.0, "Plan Rows": 5040, "Plan Width": 4, "Plans": [{"Node Type": "Seq Scan", "Parent Relationship": "Outer", "Parallel Aware": false, "Async Capable": false, "Relation Name": "household_demographics", "Alias": "household_demographics", "Startup Cost": 0.0, "Total Cost": 161.0, "Plan Rows": 5040, "Plan Width": 4, "Filter": "((hd_dep_count = 8) OR (hd_vehicle_count > 0))"}]}]}]}]}]}]}]}]}]}]}]}}]]], [[[{"Plan": {"Node Type": "Limit", "Parallel Aware": false, "Async Capable": false, "Startup Cost": 164793.28, "Total Cost": 164795.77, "Plan Rows": 100, "Plan Width": 160, "Plans": [{"Node Type": "Aggregate", "Strategy": "Sorted", "Partial Mode": "Simple", "Parent Relationship": "Outer", "Parallel Aware": false, "Async Capable": false, "Startup Cost": 164793.28, "Total Cost": 164796.55, "Plan Rows": 131, "Plan Width": 160, "Grouping Sets": [{"Group Keys": [["('store channel'::text)", "(('store'::text || (ssr.store_id)::text))"], ["('store channel'::text)"], []]}], "Plans": [{"Node Type": "Sort", "Parent Relationship": "Outer", "Parallel Aware": false, "Async Capable": false, "Startup Cost": 164793.28, "Total Cost": 164793.44, "Plan Rows": 65, "Plan Width": 160, "Sort Key": ["('store channel'::text)", "(('store'::text || (ssr.store_id)::text))"], "Plans": [{"Node Type": "Append", "Parent Relationship": "Outer", "Parallel Aware": false, "Async Capable": false, "Startup Cost": 80486.29, "Total Cost": 164791.32, "Plan Rows": 65, "Plan Width": 160, "Subplans Removed": 0, "Plans": [{"Node Type": "Subquery Scan", "Parent Relationship": "Member", "Parallel Aware": false, "Async Capable": false, "Alias": "ssr", "Startup Cost": 80486.29, "Total Cost": 80490.52, "Plan Rows": 12, "Plan Width": 160, "Plans": [{"Node Type": "Aggregate", "Strategy": "Sorted", "Partial Mode": "Finalize", "Parent Relationship": "Subquery", "Parallel Aware": false, "Async Capable": false, "Startup Cost": 80486.29, "Total Cost": 80490.34, "Plan Rows": 12, "Plan Width": 164, "Group Key": ["store.s_store_id"], "Plans": [{"Node Type": "Gather Merge", "Parent Relationship": "Outer", "Parallel Aware": false, "Async Capable": false, "Startup Cost": 80486.29, "Total Cost": 80489.71, "Plan Rows": 24, "Plan Width": 164, "Workers Planned": 2, "Plans": [{"Node Type": "Aggregate", "Strategy": "Sorted", "Partial Mode": "Partial", "Parent Relationship": "Outer", "Parallel Aware": false, "Async Capable": false, "Startup Cost": 79486.27, "Total Cost": 79486.91, "Plan Rows": 12, "Plan Width": 164, "Group Key": ["store.s_store_id"], "Plans": [{"Node Type": "Sort", "Parent Relationship": "Outer", "Parallel Aware": false, "Async Capable": false, "Startup Cost": 79486.27, "Total Cost": 79486.34, "Plan Rows": 29, "Plan Width": 92, "Sort Key": ["store.s_store_id"], "Plans": [{"Node Type": "Hash Join", "Parent Relationship": "Outer", "Parallel Aware": false, "Async Capable": false, "Join Type": "Inner", "Startup Cost": 11924.51, "Total Cost": 79485.56, "Plan Rows": 29, "Plan Width": 92, "Inner Unique": true, "Hash Cond": "(store_sales.ss_store_sk = store.s_store_sk)", "Plans": [{"Node Type": "Hash Join", "Parent Relationship": "Outer", "Parallel Aware": true, "Async Capable": false, "Join Type": "Inner", "Startup Cost": 11923.24, "Total Cost": 79484.19, "Plan Rows": 29, "Plan Width": 28, "Inner Unique": true, "Hash Cond": "(store_sales.ss_item_sk = item.i_item_sk)", "Plans": [{"Node Type": "Hash Join", "Parent Relationship": "Outer", "Parallel Aware": true, "Async Capable": false, "Join Type": "Left", "Startup Cost": 10553.15, "Total Cost": 78112.79, "Plan Rows": 499, "Plan Width": 32, "Inner Unique": true, "Hash Cond": "((store_sales.ss_item_sk = store_returns.sr_item_sk) AND (store_sales.ss_ticket_number = store_returns.sr_ticket_number))", "Plans": [{"Node Type": "Hash Join", "Parent Relationship": "Outer", "Parallel Aware": false, "Async Capable": false, "Join Type": "Inner", "Startup Cost": 2065.2, "Total Cost": 68914.23, "Plan Rows": 499, "Plan Width": 24, "Inner Unique": true, "Hash Cond": "(store_sales.ss_promo_sk = promotion.p_promo_sk)", "Plans": [{"Node Type": "Hash Join", "Parent Relationship": "Outer", "Parallel Aware": true, "Async Capable": false, "Join Type": "Inner", "Startup Cost": 2049.78, "Total Cost": 68897.45, "Plan Rows": 509, "Plan Width": 28, "Inner Unique": true, "Hash Cond": "(store_sales.ss_sold_date_sk = date_dim.d_date_sk)", "Plans": [{"Node Type": "Seq Scan", "Parent Relationship": "Outer", "Parallel Aware": true, "Async Capable": false, "Relation Name": "store_sales", "Alias": "store_sales", "Startup Cost": 0.0, "Total Cost": 63697.18, "Plan Rows": 1200118, "Plan Width": 32}, {"Node Type": "Hash", "Parent Relationship": "Inner", "Parallel Aware": true, "Async Capable": false, "Startup Cost": 2049.55, "Total Cost": 2049.55, "Plan Rows": 18, "Plan Width": 4, "Plans": [{"Node Type": "Seq Scan", "Parent Relationship": "Outer", "Parallel Aware": true, "Async Capable": false, "Relation Name": "date_dim", "Alias": "date_dim", "Startup Cost": 0.0, "Total Cost": 2049.55, "Plan Rows": 18, "Plan Width": 4, "Filter": "((d_date >= '1998-08-04'::date) AND (d_date <= '1998-09-03 00:00:00'::timestamp without time zone))"}]}]}, {"Node Type": "Hash", "Parent Relationship": "Inner", "Parallel Aware": false, "Async Capable": false, "Startup Cost": 11.75, "Total Cost": 11.75, "Plan Rows": 294, "Plan Width": 4, "Plans": [{"Node Type": "Seq Scan", "Parent Relationship": "Outer", "Parallel Aware": false, "Async Capable": false, "Relation Name": "promotion", "Alias": "promotion", "Startup Cost": 0.0, "Total Cost": 11.75, "Plan Rows": 294, "Plan Width": 4, "Filter": "(p_channel_tv = 'N'::bpchar)"}]}]}, {"Node Type": "Hash", "Parent Relationship": "Inner", "Parallel Aware": true, "Async Capable": false, "Startup Cost": 5988.98, "Total Cost": 5988.98, "Plan Rows": 119798, "Plan Width": 20, "Plans": [{"Node Type": "Seq Scan", "Parent Relationship": "Outer", "Parallel Aware": true, "Async Capable": false, "Relation Name": "store_returns", "Alias": "store_returns", "Startup Cost": 0.0, "Total Cost": 5988.98, "Plan Rows": 119798, "Plan Width": 20}]}]}, {"Node Type": "Hash", "Parent Relationship": "Inner", "Parallel Aware": true, "Async Capable": false, "Startup Cost": 1362.35, "Total Cost": 1362.35, "Plan Rows": 619, "Plan Width": 4, "Plans": [{"Node Type": "Seq Scan", "Parent Relationship": "Outer", "Parallel Aware": true, "Async Capable": false, "Relation Name": "item", "Alias": "item", "Startup Cost": 0.0, "Total Cost": 1362.35, "Plan Rows": 619, "Plan Width": 4, "Filter": "(i_current_price > '50'::numeric)"}]}]}, {"Node Type": "Hash", "Parent Relationship": "Inner", "Parallel Aware": false, "Async Capable": false, "Startup Cost": 1.12, "Total Cost": 1.12, "Plan Rows": 12, "Plan Width": 72, "Plans": [{"Node Type": "Seq Scan", "Parent Relationship": "Outer", "Parallel Aware": false, "Async Capable": false, "Relation Name": "store", "Alias": "store", "Startup Cost": 0.0, "Total Cost": 1.12, "Plan Rows": 12, "Plan Width": 72}]}]}]}]}]}]}]}, {"Node Type": "Subquery Scan", "Parent Relationship": "Member", "Parallel Aware": false, "Async Capable": false, "Alias": "csr", "Startup Cost": 54924.81, "Total Cost": 54929.36, "Plan Rows": 35, "Plan Width": 160, "Plans": [{"Node Type": "Aggregate", "Strategy": "Sorted", "Partial Mode": "Finalize", "Parent Relationship": "Subquery", "Parallel Aware": false, "Async Capable": false, "Startup Cost": 54924.81, "Total Cost": 54928.83, "Plan Rows": 35, "Plan Width": 113, "Group Key": ["catalog_page.cp_catalog_page_id"], "Plans": [{"Node Type": "Gather Merge", "Parent Relationship": "Outer", "Parallel Aware": false, "Async Capable": false, "Startup Cost": 54924.81, "Total Cost": 54927.85, "Plan Rows": 21, "Plan Width": 113, "Workers Planned": 1, "Plans": [{"Node Type": "Aggregate", "Strategy": "Sorted", "Partial Mode": "Partial", "Parent Relationship": "Outer", "Parallel Aware": false, "Async Capable": false, "Startup Cost": 53924.8, "Total Cost": 53925.48, "Plan Rows": 21, "Plan Width": 113, "Group Key": ["catalog_page.cp_catalog_page_id"], "Plans": [{"Node Type": "Sort", "Parent Relationship": "Outer", "Parallel Aware": false, "Async Capable": false, "Startup Cost": 53924.8, "Total Cost": 53924.85, "Plan Rows": 21, "Plan Width": 41, "Sort Key": ["catalog_page.cp_catalog_page_id"], "Plans": [{"Node Type": "Hash Join", "Parent Relationship": "Outer", "Parallel Aware": false, "Async Capable": false, "Join Type": "Inner", "Startup Cost": 52559.52, "Total Cost": 53924.34, "Plan Rows": 21, "Plan Width": 41, "Inner Unique": true, "Hash Cond": "(catalog_sales.cs_catalog_page_sk = catalog_page.cp_catalog_page_sk)", "Plans": [{"Node Type": "Hash Join", "Parent Relationship": "Outer", "Parallel Aware": true, "Async Capable": false, "Join Type": "Inner", "Startup Cost": 52053.86, "Total Cost": 53418.63, "Plan Rows": 21, "Plan Width": 28, "Inner Unique": false, "Hash Cond": "(item_1.i_item_sk = catalog_sales.cs_item_sk)", "Plans": [{"Node Type": "Seq Scan", "Parent Relationship": "Outer", "Parallel Aware": true, "Async Capable": false, "Relation Name": "item", "Alias": "item_1", "Startup Cost": 0.0, "Total Cost": 1362.35, "Plan Rows": 619, "Plan Width": 4, "Filter": "(i_current_price > '50'::numeric)"}, {"Node Type": "Hash", "Parent Relationship": "Inner", "Parallel Aware": true, "Async Capable": false, "Startup Cost": 52050.74, "Total Cost": 52050.74, "Plan Rows": 250, "Plan Width": 32, "Plans": [{"Node Type": "Hash Join", "Parent Relationship": "Outer", "Parallel Aware": true, "Async Capable": false, "Join Type": "Left", "Startup Cost": 7060.83, "Total Cost": 52050.74, "Plan Rows": 250, "Plan Width": 32, "Inner Unique": true, "Hash Cond": "((catalog_sales.cs_item_sk = catalog_returns.cr_item_sk) AND (catalog_sales.cs_order_number = catalog_returns.cr_order_number))", "Plans": [{"Node Type": "Hash Join", "Parent Relationship": "Outer", "Parallel Aware": false, "Async Capable": false, "Join Type": "Inner", "Startup Cost": 2065.2, "Total Cost": 47053.8, "Plan Rows": 250, "Plan Width": 24, "Inner Unique": true, "Hash Cond": "(catalog_sales.cs_promo_sk = promotion_1.p_promo_sk)", "Plans": [{"Node Type": "Hash Join", "Parent Relationship": "Outer", "Parallel Aware": true, "Async Capable": false, "Join Type": "Inner", "Startup Cost": 2049.78, "Total Cost": 47037.69, "Plan Rows": 255, "Plan Width": 28, "Inner Unique": true, "Hash Cond": "(catalog_sales.cs_sold_date_sk = date_dim_1.d_date_sk)", "Plans": [{"Node Type": "Seq Scan", "Parent Relationship": "Outer", "Parallel Aware": true, "Async Capable": false, "Relation Name": "catalog_sales", "Alias": "catalog_sales", "Startup Cost": 0.0, "Total Cost": 43411.2, "Plan Rows": 600620, "Plan Width": 32}, {"Node Type": "Hash", "Parent Relationship": "Inner", "Parallel Aware": true, "Async Capable": false, "Startup Cost": 2049.55, "Total Cost": 2049.55, "Plan Rows": 18, "Plan Width": 4, "Plans": [{"Node Type": "Seq Scan", "Parent Relationship": "Outer", "Parallel Aware": true, "Async Capable": false, "Relation Name": "date_dim", "Alias": "date_dim_1", "Startup Cost": 0.0, "Total Cost": 2049.55, "Plan Rows": 18, "Plan Width": 4, "Filter": "((d_date >= '1998-08-04'::date) AND (d_date <= '1998-09-03 00:00:00'::timestamp without time zone))"}]}]}, {"Node Type": "Hash", "Parent Relationship": "Inner", "Parallel Aware": false, "Async Capable": false, "Startup Cost": 11.75, "Total Cost": 11.75, "Plan Rows": 294, "Plan Width": 4, "Plans": [{"Node Type": "Seq Scan", "Parent Relationship": "Outer", "Parallel Aware": false, "Async Capable": false, "Relation Name": "promotion", "Alias": "promotion_1", "Startup Cost": 0.0, "Total Cost": 11.75, "Plan Rows": 294, "Plan Width": 4, "Filter": "(p_channel_tv = 'N'::bpchar)"}]}]}, {"Node Type": "Hash", "Parent Relationship": "Inner", "Parallel Aware": true, "Async Capable": false, "Startup Cost": 3724.45, "Total Cost": 3724.45, "Plan Rows": 84745, "Plan Width": 20, "Plans": [{"Node Type": "Seq Scan", "Parent Relationship": "Outer", "Parallel Aware": true, "Async Capable": false, "Relation Name": "catalog_returns", "Alias": "catalog_returns", "Startup Cost": 0.0, "Total Cost": 3724.45, "Plan Rows": 84745, "Plan Width": 20}]}]}]}]}, {"Node Type": "Hash", "Parent Relationship": "Inner", "Parallel Aware": false, "Async Capable": false, "Startup Cost": 359.18, "Total Cost": 359.18, "Plan Rows": 11718, "Plan Width": 21, "Plans": [{"Node Type": "Seq Scan", "Parent Relationship": "Outer", "Parallel Aware": false, "Async Capable": false, "Relation Name": "catalog_page", "Alias": "catalog_page", "Startup Cost": 0.0, "Total Cost": 359.18, "Plan Rows": 11718, "Plan Width": 21}]}]}]}]}]}]}]}, {"Node Type": "Subquery Scan", "Parent Relationship": "Member", "Parallel Aware": false, "Async Capable": false, "Alias": "wsr", "Startup Cost": 29368.75, "Total Cost": 29371.12, "Plan Rows": 18, "Plan Width": 160, "Plans": [{"Node Type": "Aggregate", "Strategy": "Sorted", "Partial Mode": "Finalize", "Parent Relationship": "Subquery", "Parallel Aware": false, "Async Capable": false, "Startup Cost": 29368.75, "Total Cost": 29370.85, "Plan Rows": 18, "Plan Width": 164, "Group Key": ["web_site.web_site_id"], "Plans": [{"Node Type": "Gather Merge", "Parent Relationship": "Outer", "Parallel Aware": false, "Async Capable": false, "Startup Cost": 29368.75, "Total Cost": 29370.34, "Plan Rows": 11, "Plan Width": 164, "Workers Planned": 1, "Plans": [{"Node Type": "Aggregate", "Strategy": "Sorted", "Partial Mode": "Partial", "Parent Relationship": "Outer", "Parallel Aware": false, "Async Capable": false, "Startup Cost": 28368.74, "Total Cost": 28369.1, "Plan Rows": 11, "Plan Width": 164, "Group Key": ["web_site.web_site_id"], "Plans": [{"Node Type": "Sort", "Parent Relationship": "Outer", "Parallel Aware": false, "Async Capable": false, "Startup Cost": 28368.74, "Total Cost": 28368.77, "Plan Rows": 11, "Plan Width": 92, "Sort Key": ["web_site.web_site_id"], "Plans": [{"Node Type": "Hash Join", "Parent Relationship": "Outer", "Parallel Aware": false, "Async Capable": false, "Join Type": "Inner", "Startup Cost": 27003.78, "Total Cost": 28368.55, "Plan Rows": 11, "Plan Width": 92, "Inner Unique": true, "Hash Cond": "(web_sales.ws_promo_sk = promotion_2.p_promo_sk)", "Plans": [{"Node Type": "Hash Join", "Parent Relationship": "Outer", "Parallel Aware": false, "Async Capable": false, "Join Type": "Inner", "Startup Cost": 26988.35, "Total Cost": 28353.1, "Plan Rows": 11, "Plan Width": 96, "Inner Unique": true, "Hash Cond": "(web_sales.ws_web_site_sk = web_site.web_site_sk)", "Plans": [{"Node Type": "Hash Join", "Parent Relationship": "Outer", "Parallel Aware": true, "Async Capable": false, "Join Type": "Inner", "Startup Cost": 26985.68, "Total Cost": 28350.39, "Plan Rows": 11, "Plan Width": 32, "Inner Unique": false, "Hash Cond": "(item_2.i_item_sk = web_sales.ws_item_sk)", "Plans": [{"Node Type": "Seq Scan", "Parent Relationship": "Outer", "Parallel Aware": true, "Async Capable": false, "Relation Name": "item", "Alias": "item_2", "Startup Cost": 0.0, "Total Cost": 1362.35, "Plan Rows": 619, "Plan Width": 4, "Filter": "(i_current_price > '50'::numeric)"}, {"Node Type": "Hash", "Parent Relationship": "Inner", "Parallel Aware": true, "Async Capable": false, "Startup Cost": 26984.09, "Total Cost": 26984.09, "Plan Rows": 127, "Plan Width": 36, "Plans": [{"Node Type": "Hash Join", "Parent Relationship": "Outer", "Parallel Aware": true, "Async Capable": false, "Join Type": "Left", "Startup Cost": 4432.12, "Total Cost": 26984.09, "Plan Rows": 127, "Plan Width": 36, "Inner Unique": true, "Hash Cond": "((web_sales.ws_item_sk = web_returns.wr_item_sk) AND (web_sales.ws_order_number = web_returns.wr_order_number))", "Plans": [{"Node Type": "Hash Join", "Parent Relationship": "Outer", "Parallel Aware": true, "Async Capable": false, "Join Type": "Inner", "Startup Cost": 2049.78, "Total Cost": 24601.08, "Plan Rows": 127, "Plan Width": 28, "Inner Unique": true, "Hash Cond": "(web_sales.ws_sold_date_sk = date_dim_2.d_date_sk)", "Plans": [{"Node Type": "Seq Scan", "Parent Relationship": "Outer", "Parallel Aware": true, "Async Capable": false, "Relation Name": "web_sales", "Alias": "web_sales", "Startup Cost": 0.0, "Total Cost": 21764.43, "Plan Rows": 299743, "Plan Width": 32}, {"Node Type": "Hash", "Parent Relationship": "Inner", "Parallel Aware": true, "Async Capable": false, "Startup Cost": 2049.55, "Total Cost": 2049.55, "Plan Rows": 18, "Plan Width": 4, "Plans": [{"Node Type": "Seq Scan", "Parent Relationship": "Outer", "Parallel Aware": true, "Async Capable": false, "Relation Name": "date_dim", "Alias": "date_dim_2", "Startup Cost": 0.0, "Total Cost": 2049.55, "Plan Rows": 18, "Plan Width": 4, "Filter": "((d_date >= '1998-08-04'::date) AND (d_date <= '1998-09-03 00:00:00'::timestamp without time zone))"}]}]}, {"Node Type": "Hash", "Parent Relationship": "Inner", "Parallel Aware": true, "Async Capable": false, "Startup Cost": 1749.14, "Total Cost": 1749.14, "Plan Rows": 42214, "Plan Width": 20, "Plans": [{"Node Type": "Seq Scan", "Parent Relationship": "Outer", "Parallel Aware": true, "Async Capable": false, "Relation Name": "web_returns", "Alias": "web_returns", "Startup Cost": 0.0, "Total Cost": 1749.14, "Plan Rows": 42214, "Plan Width": 20}]}]}]}]}, {"Node Type": "Hash", "Parent Relationship": "Inner", "Parallel Aware": false, "Async Capable": false, "Startup Cost": 2.3, "Total Cost": 2.3, "Plan Rows": 30, "Plan Width": 72, "Plans": [{"Node Type": "Seq Scan", "Parent Relationship": "Outer", "Parallel Aware": false, "Async Capable": false, "Relation Name": "web_site", "Alias": "web_site", "Startup Cost": 0.0, "Total Cost": 2.3, "Plan Rows": 30, "Plan Width": 72}]}]}, {"Node Type": "Hash", "Parent Relationship": "Inner", "Parallel Aware": false, "Async Capable": false, "Startup Cost": 11.75, "Total Cost": 11.75, "Plan Rows": 294, "Plan Width": 4, "Plans": [{"Node Type": "Seq Scan", "Parent Relationship": "Outer", "Parallel Aware": false, "Async Capable": false, "Relation Name": "promotion", "Alias": "promotion_2", "Startup Cost": 0.0, "Total Cost": 11.75, "Plan Rows": 294, "Plan Width": 4, "Filter": "(p_channel_tv = 'N'::bpchar)"}]}]}]}]}]}]}]}]}]}]}]}, "JIT": {"Functions": 180, "Options": {"Inlining": false, "Optimization": false, "Expressions": true, "Deforming": true}}}]]], [[[{"Plan": {"Node Type": "Limit", "Parallel Aware": false, "Async Capable": false, "Startup Cost": 26072.57, "Total Cost": 26072.59, "Plan Rows": 8, "Plan Width": 236, "Plans": [{"Node Type": "Aggregate", "Strategy": "Sorted", "Partial Mode": "Finalize", "Parent Relationship": "InitPlan", "Subplan Name": "CTE customer_total_return", "Parallel Aware": false, "Async Capable": false, "Startup Cost": 8482.78, "Total Cost": 8552.94, "Plan Rows": 718, "Plan Width": 39, "Group Key": ["catalog_returns.cr_returning_customer_sk", "customer_address_1.ca_state"], "Plans": [{"Node Type": "Gather Merge", "Parent Relationship": "Outer", "Parallel Aware": false, "Async Capable": false, "Startup Cost": 8482.78, "Total Cost": 8539.75, "Plan Rows": 422, "Plan Width": 39, "Workers Planned": 1, "Plans": [{"Node Type": "Aggregate", "Strategy": "Sorted", "Partial Mode": "Partial", "Parent Relationship": "Outer", "Parallel Aware": false, "Async Capable": false, "Startup Cost": 7482.77, "Total Cost": 7492.26, "Plan Rows": 422, "Plan Width": 39, "Group Key": ["catalog_returns.cr_returning_customer_sk", "customer_address_1.ca_state"], "Plans": [{"Node Type": "Sort", "Parent Relationship": "Outer", "Parallel Aware": false, "Async Capable": false, "Startup Cost": 7482.77, "Total Cost": 7483.82, "Plan Rows": 422, "Plan Width": 13, "Sort Key": ["catalog_returns.cr_returning_customer_sk", "customer_address_1.ca_state"], "Plans": [{"Node Type": "Hash Join", "Parent Relationship": "Outer", "Parallel Aware": true, "Async Capable": false, "Join Type": "Inner", "Startup Cost": 5896.99, "Total Cost": 7464.37, "Plan Rows": 422, "Plan Width": 13, "Inner Unique": false, "Hash Cond": "(customer_address_1.ca_address_sk = catalog_returns.cr_returning_addr_sk)", "Plans": [{"Node Type": "Seq Scan", "Parent Relationship": "Outer", "Parallel Aware": true, "Async Capable": false, "Relation Name": "customer_address", "Alias": "customer_address_1", "Startup Cost": 0.0, "Total Cost": 1381.12, "Plan Rows": 29412, "Plan Width": 7}, {"Node Type": "Hash", "Parent Relationship": "Inner", "Parallel Aware": true, "Async Capable": false, "Startup Cost": 5891.72, "Total Cost": 5891.72, "Plan Rows": 422, "Plan Width": 14, "Plans": [{"Node Type": "Hash Join", "Parent Relationship": "Outer", "Parallel Aware": true, "Async Capable": false, "Join Type": "Inner", "Startup Cost": 1944.8, "Total Cost": 5891.72, "Plan Rows": 422, "Plan Width": 14, "Inner Unique": true, "Hash Cond": "(catalog_returns.cr_returned_date_sk = date_dim.d_date_sk)", "Plans": [{"Node Type": "Seq Scan", "Parent Relationship": "Outer", "Parallel Aware": true, "Async Capable": false, "Relation Name": "catalog_returns", "Alias": "catalog_returns", "Startup Cost": 0.0, "Total Cost": 3724.45, "Plan Rows": 84745, "Plan Width": 18}, {"Node Type": "Hash", "Parent Relationship": "Inner", "Parallel Aware": true, "Async Capable": false, "Startup Cost": 1942.12, "Total Cost": 1942.12, "Plan Rows": 214, "Plan Width": 4, "Plans": [{"Node Type": "Seq Scan", "Parent Relationship": "Outer", "Parallel Aware": true, "Async Capable": false, "Relation Name": "date_dim", "Alias": "date_dim", "Startup Cost": 0.0, "Total Cost": 1942.12, "Plan Rows": 214, "Plan Width": 4, "Filter": "(d_year = 1998)"}]}]}]}]}]}]}]}]}, {"Node Type": "Sort", "Parent Relationship": "Outer", "Parallel Aware": false, "Async Capable": false, "Startup Cost": 17519.63, "Total Cost": 17519.65, "Plan Rows": 8, "Plan Width": 236, "Sort Key": ["customer.c_customer_id", "customer.c_salutation", "customer.c_first_name", "customer.c_last_name", "customer_address.ca_street_number", "customer_address.ca_street_name", "customer_address.ca_street_type", "customer_address.ca_suite_number", "customer_address.ca_city", "customer_address.ca_county", "customer_address.ca_zip", "customer_address.ca_country", "customer_address.ca_gmt_offset", "customer_address.ca_location_type", "ctr1.ctr_total_return"], "Plans": [{"Node Type": "Hash Join", "Parent Relationship": "Outer", "Parallel Aware": false, "Async Capable": false, "Join Type": "Inner", "Startup Cost": 5885.13, "Total Cost": 17519.51, "Plan Rows": 8, "Plan Width": 236, "Inner Unique": false, "Hash Cond": "(ctr1.ctr_customer_sk = customer.c_customer_sk)", "Plans": [{"Node Type": "CTE Scan", "Parent Relationship": "Outer", "Parallel Aware": false, "Async Capable": false, "CTE Name": "customer_total_return", "Alias": "ctr1", "Startup Cost": 0.0, "Total Cost": 11633.4, "Plan Rows": 239, "Plan Width": 36, "Filter": "(ctr_total_return > (SubPlan 2))", "Plans": [{"Node Type": "Aggregate", "Strategy": "Plain", "Partial Mode": "Simple", "Parent Relationship": "SubPlan", "Subplan Name": "SubPlan 2", "Parallel Aware": false, "Async Capable": false, "Startup Cost": 16.17, "Total Cost": 16.18, "Plan Rows": 1, "Plan Width": 32, "Plans": [{"Node Type": "CTE Scan", "Parent Relationship": "Outer", "Parallel Aware": false, "Async Capable": false, "CTE Name": "customer_total_return", "Alias": "ctr2", "Startup Cost": 0.0, "Total Cost": 16.16, "Plan Rows": 4, "Plan Width": 32, "Filter": "(ctr1.ctr_state = ctr_state)"}]}]}, {"Node Type": "Hash", "Parent Relationship": "Inner", "Parallel Aware": false, "Async Capable": false, "Startup Cost": 5844.06, "Total Cost": 5844.06, "Plan Rows": 3286, "Plan Width": 208, "Plans": [{"Node Type": "Hash Join", "Parent Relationship": "Outer", "Parallel Aware": false, "Async Capable": false, "Join Type": "Inner", "Startup Cost": 1732.54, "Total Cost": 5844.06, "Plan Rows": 3286, "Plan Width": 208, "Inner Unique": true, "Hash Cond": "(customer.c_current_addr_sk = customer_address.ca_address_sk)", "Plans": [{"Node Type": "Seq Scan", "Parent Relationship": "Outer", "Parallel Aware": false, "Async Capable": false, "Relation Name": "customer", "Alias": "customer", "Startup Cost": 0.0, "Total Cost": 3849.0, "Plan Rows": 100000, "Plan Width": 88}, {"Node Type": "Hash", "Parent Relationship": "Inner", "Parallel Aware": false, "Async Capable": false, "Startup Cost": 1712.0, "Total Cost": 1712.0, "Plan Rows": 1643, "Plan Width": 128, "Plans": [{"Node Type": "Seq Scan", "Parent Relationship": "Outer", "Parallel Aware": false, "Async Capable": false, "Relation Name": "customer_address", "Alias": "customer_address", "Startup Cost": 0.0, "Total Cost": 1712.0, "Plan Rows": 1643, "Plan Width": 128, "Filter": "(ca_state = 'IL'::bpchar)"}]}]}]}]}]}]}}]]], [[[{"Plan": {"Node Type": "Limit", "Parallel Aware": false, "Async Capable": false, "Startup Cost": 207422.52, "Total Cost": 207423.68, "Plan Rows": 2, "Plan Width": 125, "Plans": [{"Node Type": "Group", "Parent Relationship": "Outer", "Parallel Aware": false, "Async Capable": false, "Startup Cost": 207422.52, "Total Cost": 207423.68, "Plan Rows": 2, "Plan Width": 125, "Group Key": ["item.i_item_id", "item.i_item_desc", "item.i_current_price"], "Plans": [{"Node Type": "Gather Merge", "Parent Relationship": "Outer", "Parallel Aware": false, "Async Capable": false, "Startup Cost": 207422.52, "Total Cost": 207423.65, "Plan Rows": 4, "Plan Width": 125, "Workers Planned": 2, "Plans": [{"Node Type": "Group", "Parent Relationship": "Outer", "Parallel Aware": false, "Async Capable": false, "Startup Cost": 206422.5, "Total Cost": 206423.17, "Plan Rows": 2, "Plan Width": 125, "Group Key": ["item.i_item_id", "item.i_item_desc", "item.i_current_price"], "Plans": [{"Node Type": "Sort", "Parent Relationship": "Outer", "Parallel Aware": false, "Async Capable": false, "Startup Cost": 206422.5, "Total Cost": 206422.66, "Plan Rows": 67, "Plan Width": 125, "Sort Key": ["item.i_item_id", "item.i_item_desc", "item.i_current_price"], "Plans": [{"Node Type": "Hash Join", "Parent Relationship": "Outer", "Parallel Aware": true, "Async Capable": false, "Join Type": "Inner", "Startup Cost": 145415.44, "Total Cost": 206420.46, "Plan Rows": 67, "Plan Width": 125, "Inner Unique": false, "Hash Cond": "(item.i_item_sk = inventory.inv_item_sk)", "Plans": [{"Node Type": "Merge Join", "Parent Relationship": "Outer", "Parallel Aware": false, "Async Capable": false, "Join Type": "Inner", "Startup Cost": 1590.44, "Total Cost": 62594.68, "Plan Rows": 133, "Plan Width": 133, "Inner Unique": true, "Merge Cond": "(store_sales.ss_item_sk = item.i_item_sk)", "Plans": [{"Node Type": "Index Only Scan", "Parent Relationship": "Outer", "Parallel Aware": true, "Async Capable": false, "Scan Direction": "Forward", "Index Name": "store_sales_pkey", "Relation Name": "store_sales", "Alias": "store_sales", "Startup Cost": 0.43, "Total Cost": 58003.03, "Plan Rows": 1200118, "Plan Width": 4}, {"Node Type": "Sort", "Parent Relationship": "Inner", "Parallel Aware": false, "Async Capable": false, "Startup Cost": 1590.01, "Total Cost": 1590.02, "Plan Rows": 2, "Plan Width": 129, "Sort Key": ["item.i_item_sk"], "Plans": [{"Node Type": "Seq Scan", "Parent Relationship": "Outer", "Parallel Aware": false, "Async Capable": false, "Relation Name": "item", "Alias": "item", "Startup Cost": 0.0, "Total Cost": 1590.0, "Plan Rows": 2, "Plan Width": 129, "Filter": "((i_current_price >= '30'::numeric) AND (i_current_price <= '60'::numeric) AND (i_manufact_id = ANY ('{437,129,727,663}'::integer[])))"}]}]}, {"Node Type": "Hash", "Parent Relationship": "Inner", "Parallel Aware": true, "Async Capable": false, "Startup Cost": 143805.35, "Total Cost": 143805.35, "Plan Rows": 1572, "Plan Width": 4, "Plans": [{"Node Type": "Hash Join", "Parent Relationship": "Outer", "Parallel Aware": true, "Async Capable": false, "Join Type": "Inner", "Startup Cost": 2050.0, "Total Cost": 143805.35, "Plan Rows": 1572, "Plan Width": 4, "Inner Unique": true, "Hash Cond": "(inventory.inv_date_sk = date_dim.d_date_sk)", "Plans": [{"Node Type": "Seq Scan", "Parent Relationship": "Outer", "Parallel Aware": true, "Async Capable": false, "Relation Name": "inventory", "Alias": "inventory", "Startup Cost": 0.0, "Total Cost": 136892.59, "Plan Rows": 1852375, "Plan Width": 8, "Filter": "((inv_quantity_on_hand >= 100) AND (inv_quantity_on_hand <= 500))"}, {"Node Type": "Hash", "Parent Relationship": "Inner", "Parallel Aware": true, "Async Capable": false, "Startup Cost": 2049.55, "Total Cost": 2049.55, "Plan Rows": 36, "Plan Width": 4, "Plans": [{"Node Type": "Seq Scan", "Parent Relationship": "Outer", "Parallel Aware": true, "Async Capable": false, "Relation Name": "date_dim", "Alias": "date_dim", "Startup Cost": 0.0, "Total Cost": 2049.55, "Plan Rows": 36, "Plan Width": 4, "Filter": "((d_date >= '2002-05-30'::date) AND (d_date <= '2002-07-29 00:00:00'::timestamp without time zone))"}]}]}]}]}]}]}]}]}]}, "JIT": {"Functions": 34, "Options": {"Inlining": false, "Optimization": false, "Expressions": true, "Deforming": true}}}]]], [[[{"Plan": {"Node Type": "Limit", "Parallel Aware": false, "Async Capable": false, "Startup Cost": 37208.67, "Total Cost": 37208.69, "Plan Rows": 10, "Plan Width": 169, "Plans": [{"Node Type": "Sort", "Parent Relationship": "Outer", "Parallel Aware": false, "Async Capable": false, "Startup Cost": 37208.67, "Total Cost": 37208.69, "Plan Rows": 10, "Plan Width": 169, "Sort Key": ["item.i_item_id", "(sum(store_returns.sr_return_quantity))"], "Plans": [{"Node Type": "Merge Join", "Parent Relationship": "Outer", "Parallel Aware": false, "Async Capable": false, "Join Type": "Inner", "Startup Cost": 37192.85, "Total Cost": 37208.5, "Plan Rows": 10, "Plan Width": 169, "Inner Unique": true, "Merge Cond": "(item.i_item_id = item_2.i_item_id)", "Plans": [{"Node Type": "Merge Join", "Parent Relationship": "Outer", "Parallel Aware": false, "Async Capable": false, "Join Type": "Inner", "Startup Cost": 24882.44, "Total Cost": 24893.23, "Plan Rows": 21, "Plan Width": 50, "Inner Unique": true, "Merge Cond": "(item.i_item_id = item_1.i_item_id)", "Plans": [{"Node Type": "Aggregate", "Strategy": "Sorted", "Partial Mode": "Finalize", "Parent Relationship": "Outer", "Parallel Aware": false, "Async Capable": false, "Startup Cost": 14707.46, "Total Cost": 14714.91, "Plan Rows": 83, "Plan Width": 25, "Group Key": ["item.i_item_id"], "Plans": [{"Node Type": "Gather Merge", "Parent Relationship": "Outer", "Parallel Aware": false, "Async Capable": false, "Startup Cost": 14707.46, "Total Cost": 14713.83, "Plan Rows": 49, "Plan Width": 25, "Workers Planned": 1, "Plans": [{"Node Type": "Aggregate", "Strategy": "Sorted", "Partial Mode": "Partial", "Parent Relationship": "Outer", "Parallel Aware": false, "Async Capable": false, "Startup Cost": 13707.45, "Total Cost": 13708.31, "Plan Rows": 49, "Plan Width": 25, "Group Key": ["item.i_item_id"], "Plans": [{"Node Type": "Sort", "Parent Relationship": "Outer", "Parallel Aware": false, "Async Capable": false, "Startup Cost": 13707.45, "Total Cost": 13707.58, "Plan Rows": 49, "Plan Width": 21, "Sort Key": ["item.i_item_id"], "Plans": [{"Node Type": "Hash Join", "Parent Relationship": "Outer", "Parallel Aware": true, "Async Capable": false, "Join Type": "Inner", "Startup Cost": 12330.28, "Total Cost": 13706.08, "Plan Rows": 49, "Plan Width": 21, "Inner Unique": false, "Hash Cond": "(item.i_item_sk = store_returns.sr_item_sk)", "Plans": [{"Node Type": "Seq Scan", "Parent Relationship": "Outer", "Parallel Aware": true, "Async Capable": false, "Relation Name": "item", "Alias": "item", "Startup Cost": 0.0, "Total Cost": 1335.88, "Plan Rows": 10588, "Plan Width": 21}, {"Node Type": "Hash", "Parent Relationship": "Inner", "Parallel Aware": true, "Async Capable": false, "Startup Cost": 12329.84, "Total Cost": 12329.84, "Plan Rows": 35, "Plan Width": 8, "Plans": [{"Node Type": "Hash Join", "Parent Relationship": "Outer", "Parallel Aware": true, "Async Capable": false, "Join Type": "Inner", "Startup Cost": 5891.44, "Total Cost": 12329.84, "Plan Rows": 35, "Plan Width": 8, "Inner Unique": false, "Hash Cond": "(store_returns.sr_returned_date_sk = date_dim.d_date_sk)", "Plans": [{"Node Type": "Seq Scan", "Parent Relationship": "Outer", "Parallel Aware": true, "Async Capable": false, "Relation Name": "store_returns", "Alias": "store_returns", "Startup Cost": 0.0, "Total Cost": 5988.98, "Plan Rows": 119798, "Plan Width": 12}, {"Node Type": "Hash", "Parent Relationship": "Inner", "Parallel Aware": true, "Async Capable": false, "Startup Cost": 5891.29, "Total Cost": 5891.29, "Plan Rows": 12, "Plan Width": 4, "Plans": [{"Node Type": "Hash Join", "Parent Relationship": "Outer", "Parallel Aware": true, "Async Capable": false, "Join Type": "Semi", "Startup Cost": 3943.66, "Total Cost": 5891.29, "Plan Rows": 12, "Plan Width": 4, "Inner Unique": false, "Hash Cond": "(date_dim.d_date = date_dim_1.d_date)", "Plans": [{"Node Type": "Seq Scan", "Parent Relationship": "Outer", "Parallel Aware": true, "Async Capable": false, "Relation Name": "date_dim", "Alias": "date_dim", "Startup Cost": 0.0, "Total Cost": 1834.7, "Plan Rows": 42970, "Plan Width": 8}, {"Node Type": "Hash", "Parent Relationship": "Inner", "Parallel Aware": true, "Async Capable": false, "Startup Cost": 3943.51, "Total Cost": 3943.51, "Plan Rows": 12, "Plan Width": 4, "Plans": [{"Node Type": "Hash Join", "Parent Relationship": "Outer", "Parallel Aware": true, "Async Capable": false, "Join Type": "Semi", "Startup Cost": 1995.86, "Total Cost": 3943.51, "Plan Rows": 12, "Plan Width": 4, "Inner Unique": false, "Hash Cond": "(date_dim_1.d_week_seq = date_dim_2.d_week_seq)", "Plans": [{"Node Type": "Seq Scan", "Parent Relationship": "Outer", "Parallel Aware": true, "Async Capable": false, "Relation Name": "date_dim", "Alias": "date_dim_1", "Startup Cost": 0.0, "Total Cost": 1834.7, "Plan Rows": 42970, "Plan Width": 8}, {"Node Type": "Hash", "Parent Relationship": "Inner", "Parallel Aware": true, "Async Capable": false, "Startup Cost": 1995.84, "Total Cost": 1995.84, "Plan Rows": 2, "Plan Width": 4, "Plans": [{"Node Type": "Seq Scan", "Parent Relationship": "Outer", "Parallel Aware": true, "Async Capable": false, "Relation Name": "date_dim", "Alias": "date_dim_2", "Startup Cost": 0.0, "Total Cost": 1995.84, "Plan Rows": 2, "Plan Width": 4, "Filter": "(d_date = ANY ('{1998-01-02,1998-10-15,1998-11-10}'::date[]))"}]}]}]}]}]}]}]}]}]}]}]}]}, {"Node Type": "Aggregate", "Strategy": "Sorted", "Partial Mode": "Finalize", "Parent Relationship": "Inner", "Parallel Aware": false, "Async Capable": false, "Startup Cost": 10174.98, "Total Cost": 10176.81, "Plan Rows": 21, "Plan Width": 25, "Group Key": ["item_1.i_item_id"], "Plans": [{"Node Type": "Gather Merge", "Parent Relationship": "Outer", "Parallel Aware": false, "Async Capable": false, "Startup Cost": 10174.98, "Total Cost": 10176.54, "Plan Rows": 12, "Plan Width": 25, "Workers Planned": 1, "Plans": [{"Node Type": "Aggregate", "Strategy": "Sorted", "Partial Mode": "Partial", "Parent Relationship": "Outer", "Parallel Aware": false, "Async Capable": false, "Startup Cost": 9174.97, "Total Cost": 9175.18, "Plan Rows": 12, "Plan Width": 25, "Group Key": ["item_1.i_item_id"], "Plans": [{"Node Type": "Sort", "Parent Relationship": "Outer", "Parallel Aware": false, "Async Capable": false, "Startup Cost": 9174.97, "Total Cost": 9175.0, "Plan Rows": 12, "Plan Width": 21, "Sort Key": ["item_1.i_item_id"], "Plans": [{"Node Type": "Hash Join", "Parent Relationship": "Outer", "Parallel Aware": true, "Async Capable": false, "Join Type": "Inner", "Startup Cost": 7799.09, "Total Cost": 9174.75, "Plan Rows": 12, "Plan Width": 21, "Inner Unique": false, "Hash Cond": "(item_1.i_item_sk = web_returns.wr_item_sk)", "Plans": [{"Node Type": "Seq Scan", "Parent Relationship": "Outer", "Parallel Aware": true, "Async Capable": false, "Relation Name": "item", "Alias": "item_1", "Startup Cost": 0.0, "Total Cost": 1335.88, "Plan Rows": 10588, "Plan Width": 21}, {"Node Type": "Hash", "Parent Relationship": "Inner", "Parallel Aware": true, "Async Capable": false, "Startup Cost": 7798.94, "Total Cost": 7798.94, "Plan Rows": 12, "Plan Width": 8, "Plans": [{"Node Type": "Hash Join", "Parent Relationship": "Outer", "Parallel Aware": true, "Async Capable": false, "Join Type": "Inner", "Startup Cost": 5891.44, "Total Cost": 7798.94, "Plan Rows": 12, "Plan Width": 8, "Inner Unique": false, "Hash Cond": "(web_returns.wr_returned_date_sk = date_dim_3.d_date_sk)", "Plans": [{"Node Type": "Seq Scan", "Parent Relationship": "Outer", "Parallel Aware": true, "Async Capable": false, "Relation Name": "web_returns", "Alias": "web_returns", "Startup Cost": 0.0, "Total Cost": 1749.14, "Plan Rows": 42214, "Plan Width": 12}, {"Node Type": "Hash", "Parent Relationship": "Inner", "Parallel Aware": true, "Async Capable": false, "Startup Cost": 5891.29, "Total Cost": 5891.29, "Plan Rows": 12, "Plan Width": 4, "Plans": [{"Node Type": "Hash Join", "Parent Relationship": "Outer", "Parallel Aware": true, "Async Capable": false, "Join Type": "Semi", "Startup Cost": 3943.66, "Total Cost": 5891.29, "Plan Rows": 12, "Plan Width": 4, "Inner Unique": false, "Hash Cond": "(date_dim_3.d_date = date_dim_4.d_date)", "Plans": [{"Node Type": "Seq Scan", "Parent Relationship": "Outer", "Parallel Aware": true, "Async Capable": false, "Relation Name": "date_dim", "Alias": "date_dim_3", "Startup Cost": 0.0, "Total Cost": 1834.7, "Plan Rows": 42970, "Plan Width": 8}, {"Node Type": "Hash", "Parent Relationship": "Inner", "Parallel Aware": true, "Async Capable": false, "Startup Cost": 3943.51, "Total Cost": 3943.51, "Plan Rows": 12, "Plan Width": 4, "Plans": [{"Node Type": "Hash Join", "Parent Relationship": "Outer", "Parallel Aware": true, "Async Capable": false, "Join Type": "Semi", "Startup Cost": 1995.86, "Total Cost": 3943.51, "Plan Rows": 12, "Plan Width": 4, "Inner Unique": false, "Hash Cond": "(date_dim_4.d_week_seq = date_dim_5.d_week_seq)", "Plans": [{"Node Type": "Seq Scan", "Parent Relationship": "Outer", "Parallel Aware": true, "Async Capable": false, "Relation Name": "date_dim", "Alias": "date_dim_4", "Startup Cost": 0.0, "Total Cost": 1834.7, "Plan Rows": 42970, "Plan Width": 8}, {"Node Type": "Hash", "Parent Relationship": "Inner", "Parallel Aware": true, "Async Capable": false, "Startup Cost": 1995.84, "Total Cost": 1995.84, "Plan Rows": 2, "Plan Width": 4, "Plans": [{"Node Type": "Seq Scan", "Parent Relationship": "Outer", "Parallel Aware": true, "Async Capable": false, "Relation Name": "date_dim", "Alias": "date_dim_5", "Startup Cost": 0.0, "Total Cost": 1995.84, "Plan Rows": 2, "Plan Width": 4, "Filter": "(d_date = ANY ('{1998-01-02,1998-10-15,1998-11-10}'::date[]))"}]}]}]}]}]}]}]}]}]}]}]}]}]}, {"Node Type": "Aggregate", "Strategy": "Sorted", "Partial Mode": "Finalize", "Parent Relationship": "Inner", "Parallel Aware": false, "Async Capable": false, "Startup Cost": 12310.41, "Total Cost": 12314.06, "Plan Rows": 41, "Plan Width": 25, "Group Key": ["item_2.i_item_id"], "Plans": [{"Node Type": "Gather Merge", "Parent Relationship": "Outer", "Parallel Aware": false, "Async Capable": false, "Startup Cost": 12310.41, "Total Cost": 12313.53, "Plan Rows": 24, "Plan Width": 25, "Workers Planned": 1, "Plans": [{"Node Type": "Aggregate", "Strategy": "Sorted", "Partial Mode": "Partial", "Parent Relationship": "Outer", "Parallel Aware": false, "Async Capable": false, "Startup Cost": 11310.4, "Total Cost": 11310.82, "Plan Rows": 24, "Plan Width": 25, "Group Key": ["item_2.i_item_id"], "Plans": [{"Node Type": "Sort", "Parent Relationship": "Outer", "Parallel Aware": false, "Async Capable": false, "Startup Cost": 11310.4, "Total Cost": 11310.46, "Plan Rows": 24, "Plan Width": 21, "Sort Key": ["item_2.i_item_id"], "Plans": [{"Node Type": "Hash Join", "Parent Relationship": "Outer", "Parallel Aware": true, "Async Capable": false, "Join Type": "Inner", "Startup Cost": 9934.12, "Total Cost": 11309.85, "Plan Rows": 24, "Plan Width": 21, "Inner Unique": false, "Hash Cond": "(item_2.i_item_sk = catalog_returns.cr_item_sk)", "Plans": [{"Node Type": "Seq Scan", "Parent Relationship": "Outer", "Parallel Aware": true, "Async Capable": false, "Relation Name": "item", "Alias": "item_2", "Startup Cost": 0.0, "Total Cost": 1335.88, "Plan Rows": 10588, "Plan Width": 21}, {"Node Type": "Hash", "Parent Relationship": "Inner", "Parallel Aware": true, "Async Capable": false, "Startup Cost": 9933.82, "Total Cost": 9933.82, "Plan Rows": 24, "Plan Width": 8, "Plans": [{"Node Type": "Hash Join", "Parent Relationship": "Outer", "Parallel Aware": true, "Async Capable": false, "Join Type": "Inner", "Startup Cost": 5891.44, "Total Cost": 9933.82, "Plan Rows": 24, "Plan Width": 8, "Inner Unique": false, "Hash Cond": "(catalog_returns.cr_returned_date_sk = date_dim_6.d_date_sk)", "Plans": [{"Node Type": "Seq Scan", "Parent Relationship": "Outer", "Parallel Aware": true, "Async Capable": false, "Relation Name": "catalog_returns", "Alias": "catalog_returns", "Startup Cost": 0.0, "Total Cost": 3724.45, "Plan Rows": 84745, "Plan Width": 12}, {"Node Type": "Hash", "Parent Relationship": "Inner", "Parallel Aware": true, "Async Capable": false, "Startup Cost": 5891.29, "Total Cost": 5891.29, "Plan Rows": 12, "Plan Width": 4, "Plans": [{"Node Type": "Hash Join", "Parent Relationship": "Outer", "Parallel Aware": true, "Async Capable": false, "Join Type": "Semi", "Startup Cost": 3943.66, "Total Cost": 5891.29, "Plan Rows": 12, "Plan Width": 4, "Inner Unique": false, "Hash Cond": "(date_dim_6.d_date = date_dim_7.d_date)", "Plans": [{"Node Type": "Seq Scan", "Parent Relationship": "Outer", "Parallel Aware": true, "Async Capable": false, "Relation Name": "date_dim", "Alias": "date_dim_6", "Startup Cost": 0.0, "Total Cost": 1834.7, "Plan Rows": 42970, "Plan Width": 8}, {"Node Type": "Hash", "Parent Relationship": "Inner", "Parallel Aware": true, "Async Capable": false, "Startup Cost": 3943.51, "Total Cost": 3943.51, "Plan Rows": 12, "Plan Width": 4, "Plans": [{"Node Type": "Hash Join", "Parent Relationship": "Outer", "Parallel Aware": true, "Async Capable": false, "Join Type": "Semi", "Startup Cost": 1995.86, "Total Cost": 3943.51, "Plan Rows": 12, "Plan Width": 4, "Inner Unique": false, "Hash Cond": "(date_dim_7.d_week_seq = date_dim_8.d_week_seq)", "Plans": [{"Node Type": "Seq Scan", "Parent Relationship": "Outer", "Parallel Aware": true, "Async Capable": false, "Relation Name": "date_dim", "Alias": "date_dim_7", "Startup Cost": 0.0, "Total Cost": 1834.7, "Plan Rows": 42970, "Plan Width": 8}, {"Node Type": "Hash", "Parent Relationship": "Inner", "Parallel Aware": true, "Async Capable": false, "Startup Cost": 1995.84, "Total Cost": 1995.84, "Plan Rows": 2, "Plan Width": 4, "Plans": [{"Node Type": "Seq Scan", "Parent Relationship": "Outer", "Parallel Aware": true, "Async Capable": false, "Relation Name": "date_dim", "Alias": "date_dim_8", "Startup Cost": 0.0, "Total Cost": 1995.84, "Plan Rows": 2, "Plan Width": 4, "Filter": "(d_date = ANY ('{1998-01-02,1998-10-15,1998-11-10}'::date[]))"}]}]}]}]}]}]}]}]}]}]}]}]}]}]}]}}]]], [[[{"Plan": {"Node Type": "Limit", "Parallel Aware": false, "Async Capable": false, "Startup Cost": 45482.25, "Total Cost": 45483.42, "Plan Rows": 10, "Plan Width": 49, "Plans": [{"Node Type": "Gather Merge", "Parent Relationship": "Outer", "Parallel Aware": false, "Async Capable": false, "Startup Cost": 45482.25, "Total Cost": 45483.42, "Plan Rows": 10, "Plan Width": 49, "Workers Planned": 2, "Plans": [{"Node Type": "Sort", "Parent Relationship": "Outer", "Parallel Aware": false, "Async Capable": false, "Startup Cost": 44482.23, "Total Cost": 44482.24, "Plan Rows": 5, "Plan Width": 49, "Sort Key": ["customer.c_customer_id"], "Plans": [{"Node Type": "Hash Join", "Parent Relationship": "Outer", "Parallel Aware": true, "Async Capable": false, "Join Type": "Inner", "Startup Cost": 38043.88, "Total Cost": 44482.17, "Plan Rows": 5, "Plan Width": 49, "Inner Unique": false, "Hash Cond": "(store_returns.sr_cdemo_sk = customer_demographics.cd_demo_sk)", "Plans": [{"Node Type": "Seq Scan", "Parent Relationship": "Outer", "Parallel Aware": true, "Async Capable": false, "Relation Name": "store_returns", "Alias": "store_returns", "Startup Cost": 0.0, "Total Cost": 5988.98, "Plan Rows": 119798, "Plan Width": 4}, {"Node Type": "Hash", "Parent Relationship": "Inner", "Parallel Aware": true, "Async Capable": false, "Startup Cost": 38043.44, "Total Cost": 38043.44, "Plan Rows": 35, "Plan Width": 77, "Plans": [{"Node Type": "Hash Join", "Parent Relationship": "Outer", "Parallel Aware": true, "Async Capable": false, "Join Type": "Inner", "Startup Cost": 5210.66, "Total Cost": 38043.44, "Plan Rows": 35, "Plan Width": 77, "Inner Unique": false, "Hash Cond": "(customer_demographics.cd_demo_sk = customer.c_current_cdemo_sk)", "Plans": [{"Node Type": "Seq Scan", "Parent Relationship": "Outer", "Parallel Aware": true, "Async Capable": false, "Relation Name": "customer_demographics", "Alias": "customer_demographics", "Startup Cost": 0.0, "Total Cost": 29831.33, "Plan Rows": 800333, "Plan Width": 4}, {"Node Type": "Hash", "Parent Relationship": "Inner", "Parallel Aware": true, "Async Capable": false, "Startup Cost": 5210.04, "Total Cost": 5210.04, "Plan Rows": 50, "Plan Width": 73, "Plans": [{"Node Type": "Hash Join", "Parent Relationship": "Outer", "Parallel Aware": false, "Async Capable": false, "Join Type": "Inner", "Startup Cost": 1616.01, "Total Cost": 5210.04, "Plan Rows": 50, "Plan Width": 73, "Inner Unique": false, "Hash Cond": "(customer.c_current_hdemo_sk = household_demographics.hd_demo_sk)", "Plans": [{"Node Type": "Hash Join", "Parent Relationship": "Outer", "Parallel Aware": true, "Async Capable": false, "Join Type": "Inner", "Startup Cost": 1457.78, "Total Cost": 5049.44, "Plan Rows": 502, "Plan Width": 77, "Inner Unique": true, "Hash Cond": "(customer.c_current_addr_sk = customer_address.ca_address_sk)", "Plans": [{"Node Type": "Seq Scan", "Parent Relationship": "Outer", "Parallel Aware": true, "Async Capable": false, "Relation Name": "customer", "Alias": "customer", "Startup Cost": 0.0, "Total Cost": 3437.24, "Plan Rows": 58824, "Plan Width": 81}, {"Node Type": "Hash", "Parent Relationship": "Inner", "Parallel Aware": true, "Async Capable": false, "Startup Cost": 1454.65, "Total Cost": 1454.65, "Plan Rows": 251, "Plan Width": 4, "Plans": [{"Node Type": "Seq Scan", "Parent Relationship": "Outer", "Parallel Aware": true, "Async Capable": false, "Relation Name": "customer_address", "Alias": "customer_address", "Startup Cost": 0.0, "Total Cost": 1454.65, "Plan Rows": 251, "Plan Width": 4, "Filter": "((ca_city)::text = 'Hopewell'::text)"}]}]}, {"Node Type": "Hash", "Parent Relationship": "Inner", "Parallel Aware": false, "Async Capable": false, "Startup Cost": 149.23, "Total Cost": 149.23, "Plan Rows": 720, "Plan Width": 4, "Plans": [{"Node Type": "Hash Join", "Parent Relationship": "Outer", "Parallel Aware": false, "Async Capable": false, "Join Type": "Inner", "Startup Cost": 1.32, "Total Cost": 149.23, "Plan Rows": 720, "Plan Width": 4, "Inner Unique": true, "Hash Cond": "(household_demographics.hd_income_band_sk = income_band.ib_income_band_sk)", "Plans": [{"Node Type": "Seq Scan", "Parent Relationship": "Outer", "Parallel Aware": false, "Async Capable": false, "Relation Name": "household_demographics", "Alias": "household_demographics", "Startup Cost": 0.0, "Total Cost": 125.0, "Plan Rows": 7200, "Plan Width": 8}, {"Node Type": "Hash", "Parent Relationship": "Inner", "Parallel Aware": false, "Async Capable": false, "Startup Cost": 1.3, "Total Cost": 1.3, "Plan Rows": 2, "Plan Width": 4, "Plans": [{"Node Type": "Seq Scan", "Parent Relationship": "Outer", "Parallel Aware": false, "Async Capable": false, "Relation Name": "income_band", "Alias": "income_band", "Startup Cost": 0.0, "Total Cost": 1.3, "Plan Rows": 2, "Plan Width": 4, "Filter": "((ib_lower_bound >= 32287) AND (ib_upper_bound <= 82287))"}]}]}]}]}]}]}]}]}]}]}]}}]]], [[[{"Plan": {"Node Type": "Limit", "Parallel Aware": false, "Async Capable": false, "Startup Cost": 112947.36, "Total Cost": 112947.36, "Plan Rows": 1, "Plan Width": 532, "Plans": [{"Node Type": "Sort", "Parent Relationship": "Outer", "Parallel Aware": false, "Async Capable": false, "Startup Cost": 112947.36, "Total Cost": 112947.36, "Plan Rows": 1, "Plan Width": 532, "Sort Key": ["(substr((reason.r_reason_desc)::text, 1, 20))", "(avg(web_sales.ws_quantity))", "(avg(web_returns.wr_refunded_cash))", "(avg(web_returns.wr_fee))"], "Plans": [{"Node Type": "Aggregate", "Strategy": "Sorted", "Partial Mode": "Simple", "Parent Relationship": "Outer", "Parallel Aware": false, "Async Capable": false, "Startup Cost": 112947.31, "Total Cost": 112947.35, "Plan Rows": 1, "Plan Width": 532, "Group Key": ["reason.r_reason_desc"], "Plans": [{"Node Type": "Sort", "Parent Relationship": "Outer", "Parallel Aware": false, "Async Capable": false, "Startup Cost": 112947.31, "Total Cost": 112947.31, "Plan Rows": 1, "Plan Width": 420, "Sort Key": ["reason.r_reason_desc"], "Plans": [{"Node Type": "Hash Join", "Parent Relationship": "Outer", "Parallel Aware": false, "Async Capable": false, "Join Type": "Inner", "Startup Cost": 70362.81, "Total Cost": 112947.3, "Plan Rows": 1, "Plan Width": 420, "Inner Unique": true, "Hash Cond": "(web_returns.wr_reason_sk = reason.r_reason_sk)", "Plans": [{"Node Type": "Hash Join", "Parent Relationship": "Outer", "Parallel Aware": false, "Async Capable": false, "Join Type": "Inner", "Startup Cost": 70361.02, "Total Cost": 112945.51, "Plan Rows": 1, "Plan Width": 20, "Inner Unique": true, "Hash Cond": "(web_sales.ws_web_page_sk = web_page.wp_web_page_sk)", "Plans": [{"Node Type": "Gather", "Parent Relationship": "Outer", "Parallel Aware": false, "Async Capable": false, "Startup Cost": 70357.67, "Total Cost": 112942.16, "Plan Rows": 1, "Plan Width": 24, "Workers Planned": 2, "Single Copy": false, "Plans": [{"Node Type": "Hash Join", "Parent Relationship": "Outer", "Parallel Aware": true, "Async Capable": false, "Join Type": "Inner", "Startup Cost": 69357.67, "Total Cost": 111942.06, "Plan Rows": 1, "Plan Width": 24, "Inner Unique": false, "Hash Cond": "((cd1.cd_demo_sk = web_returns.wr_refunded_cdemo_sk) AND (cd1.cd_marital_status = cd2.cd_marital_status) AND (cd1.cd_education_status = cd2.cd_education_status))", "Join Filter": "(((cd1.cd_marital_status = 'M'::bpchar) AND (cd1.cd_education_status = '4 yr Degree'::bpchar) AND (web_sales.ws_sales_price >= 100.00) AND (web_sales.ws_sales_price <= 150.00)) OR ((cd1.cd_marital_status = 'D'::bpchar) AND (cd1.cd_education_status = 'Primary'::bpchar) AND (web_sales.ws_sales_price >= 50.00) AND (web_sales.ws_sales_price <= 100.00)) OR ((cd1.cd_marital_status = 'U'::bpchar) AND (cd1.cd_education_status = 'Advanced Degree'::bpchar) AND (web_sales.ws_sales_price >= 150.00) AND (web_sales.ws_sales_price <= 200.00)))", "Plans": [{"Node Type": "Seq Scan", "Parent Relationship": "Outer", "Parallel Aware": true, "Async Capable": false, "Relation Name": "customer_demographics", "Alias": "cd1", "Startup Cost": 0.0, "Total Cost": 41836.33, "Plan Rows": 66490, "Plan Width": 27, "Filter": "(((cd_marital_status = 'M'::bpchar) AND (cd_education_status = '4 yr Degree'::bpchar)) OR ((cd_marital_status = 'D'::bpchar) AND (cd_education_status = 'Primary'::bpchar)) OR ((cd_marital_status = 'U'::bpchar) AND (cd_education_status = 'Advanced Degree'::bpchar)))"}, {"Node Type": "Hash", "Parent Relationship": "Inner", "Parallel Aware": true, "Async Capable": false, "Startup Cost": 69357.65, "Total Cost": 69357.65, "Plan Rows": 1, "Plan Width": 57, "Plans": [{"Node Type": "Hash Join", "Parent Relationship": "Outer", "Parallel Aware": true, "Async Capable": false, "Join Type": "Inner", "Startup Cost": 36525.06, "Total Cost": 69357.65, "Plan Rows": 1, "Plan Width": 57, "Inner Unique": false, "Hash Cond": "(cd2.cd_demo_sk = web_returns.wr_returning_cdemo_sk)", "Plans": [{"Node Type": "Seq Scan", "Parent Relationship": "Outer", "Parallel Aware": true, "Async Capable": false, "Relation Name": "customer_demographics", "Alias": "cd2", "Startup Cost": 0.0, "Total Cost": 29831.33, "Plan Rows": 800333, "Plan Width": 27}, {"Node Type": "Hash", "Parent Relationship": "Inner", "Parallel Aware": true, "Async Capable": false, "Startup Cost": 36525.05, "Total Cost": 36525.05, "Plan Rows": 1, "Plan Width": 38, "Plans": [{"Node Type": "Hash Join", "Parent Relationship": "Outer", "Parallel Aware": true, "Async Capable": false, "Join Type": "Inner", "Startup Cost": 34600.84, "Total Cost": 36525.05, "Plan Rows": 1, "Plan Width": 38, "Inner Unique": false, "Hash Cond": "((web_returns.wr_item_sk = web_sales.ws_item_sk) AND (web_returns.wr_order_number = web_sales.ws_order_number))", "Join Filter": "(((customer_address.ca_state = ANY ('{KY,GA,NM}'::bpchar[])) AND (web_sales.ws_net_profit >= '100'::numeric) AND (web_sales.ws_net_profit <= '200'::numeric)) OR ((customer_address.ca_state = ANY ('{MT,OR,IN}'::bpchar[])) AND (web_sales.ws_net_profit >= '150'::numeric) AND (web_sales.ws_net_profit <= '300'::numeric)) OR ((customer_address.ca_state = ANY ('{WI,MO,WV}'::bpchar[])) AND (web_sales.ws_net_profit >= '50'::numeric) AND (web_sales.ws_net_profit <= '250'::numeric)))", "Plans": [{"Node Type": "Hash Join", "Parent Relationship": "Outer", "Parallel Aware": true, "Async Capable": false, "Join Type": "Inner", "Startup Cost": 1860.1, "Total Cost": 3720.06, "Plan Rows": 8562, "Plan Width": 35, "Inner Unique": true, "Hash Cond": "(web_returns.wr_refunded_addr_sk = customer_address.ca_address_sk)", "Plans": [{"Node Type": "Seq Scan", "Parent Relationship": "Outer", "Parallel Aware": true, "Async Capable": false, "Relation Name": "web_returns", "Alias": "web_returns", "Startup Cost": 0.0, "Total Cost": 1749.14, "Plan Rows": 42214, "Plan Width": 36}, {"Node Type": "Hash", "Parent Relationship": "Inner", "Parallel Aware": true, "Async Capable": false, "Startup Cost": 1785.53, "Total Cost": 1785.53, "Plan Rows": 5966, "Plan Width": 7, "Plans": [{"Node Type": "Seq Scan", "Parent Relationship": "Outer", "Parallel Aware": true, "Async Capable": false, "Relation Name": "customer_address", "Alias": "customer_address", "Startup Cost": 0.0, "Total Cost": 1785.53, "Plan Rows": 5966, "Plan Width": 7, "Filter": "(((ca_country)::text = 'United States'::text) AND ((ca_state = ANY ('{KY,GA,NM}'::bpchar[])) OR (ca_state = ANY ('{MT,OR,IN}'::bpchar[])) OR (ca_state = ANY ('{WI,MO,WV}'::bpchar[]))))"}]}]}, {"Node Type": "Hash", "Parent Relationship": "Inner", "Parallel Aware": true, "Async Capable": false, "Startup Cost": 32739.65, "Total Cost": 32739.65, "Plan Rows": 72, "Plan Width": 28, "Plans": [{"Node Type": "Hash Join", "Parent Relationship": "Outer", "Parallel Aware": true, "Async Capable": false, "Join Type": "Inner", "Startup Cost": 1944.8, "Total Cost": 32739.65, "Plan Rows": 72, "Plan Width": 28, "Inner Unique": true, "Hash Cond": "(web_sales.ws_sold_date_sk = date_dim.d_date_sk)", "Plans": [{"Node Type": "Seq Scan", "Parent Relationship": "Outer", "Parallel Aware": true, "Async Capable": false, "Relation Name": "web_sales", "Alias": "web_sales", "Startup Cost": 0.0, "Total Cost": 30756.73, "Plan Rows": 14522, "Plan Width": 32, "Filter": "((((ws_sales_price >= 100.00) AND (ws_sales_price <= 150.00)) OR ((ws_sales_price >= 50.00) AND (ws_sales_price <= 100.00)) OR ((ws_sales_price >= 150.00) AND (ws_sales_price <= 200.00))) AND (((ws_net_profit >= '100'::numeric) AND (ws_net_profit <= '200'::numeric)) OR ((ws_net_profit >= '150'::numeric) AND (ws_net_profit <= '300'::numeric)) OR ((ws_net_profit >= '50'::numeric) AND (ws_net_profit <= '250'::numeric))))"}, {"Node Type": "Hash", "Parent Relationship": "Inner", "Parallel Aware": true, "Async Capable": false, "Startup Cost": 1942.12, "Total Cost": 1942.12, "Plan Rows": 214, "Plan Width": 4, "Plans": [{"Node Type": "Seq Scan", "Parent Relationship": "Outer", "Parallel Aware": true, "Async Capable": false, "Relation Name": "date_dim", "Alias": "date_dim", "Startup Cost": 0.0, "Total Cost": 1942.12, "Plan Rows": 214, "Plan Width": 4, "Filter": "(d_year = 1998)"}]}]}]}]}]}]}]}]}]}, {"Node Type": "Hash", "Parent Relationship": "Inner", "Parallel Aware": false, "Async Capable": false, "Startup Cost": 2.6, "Total Cost": 2.6, "Plan Rows": 60, "Plan Width": 4, "Plans": [{"Node Type": "Seq Scan", "Parent Relationship": "Outer", "Parallel Aware": false, "Async Capable": false, "Relation Name": "web_page", "Alias": "web_page", "Startup Cost": 0.0, "Total Cost": 2.6, "Plan Rows": 60, "Plan Width": 4}]}]}, {"Node Type": "Hash", "Parent Relationship": "Inner", "Parallel Aware": false, "Async Capable": false, "Startup Cost": 1.35, "Total Cost": 1.35, "Plan Rows": 35, "Plan Width": 408, "Plans": [{"Node Type": "Seq Scan", "Parent Relationship": "Outer", "Parallel Aware": false, "Async Capable": false, "Relation Name": "reason", "Alias": "reason", "Startup Cost": 0.0, "Total Cost": 1.35, "Plan Rows": 35, "Plan Width": 408}]}]}]}]}]}]}, "JIT": {"Functions": 86, "Options": {"Inlining": false, "Optimization": false, "Expressions": true, "Deforming": true}}}]]], [[[{"Plan": {"Node Type": "Limit", "Parallel Aware": false, "Async Capable": false, "Startup Cost": 27756.27, "Total Cost": 27756.52, "Plan Rows": 100, "Plan Width": 210, "Plans": [{"Node Type": "Sort", "Parent Relationship": "Outer", "Parallel Aware": false, "Async Capable": false, "Startup Cost": 27756.27, "Total Cost": 27758.77, "Plan Rows": 1001, "Plan Width": 210, "Sort Key": ["((GROUPING(item.i_category) + GROUPING(item.i_class))) DESC", "(CASE WHEN (((GROUPING(item.i_category) + GROUPING(item.i_class))) = 0) THEN item.i_category ELSE NULL::bpchar END)", "(rank() OVER (?))"], "Plans": [{"Node Type": "WindowAgg", "Parent Relationship": "Outer", "Parallel Aware": false, "Async Capable": false, "Startup Cost": 27672.97, "Total Cost": 27718.01, "Plan Rows": 1001, "Plan Width": 210, "Plans": [{"Node Type": "Sort", "Parent Relationship": "Outer", "Parallel Aware": false, "Async Capable": false, "Startup Cost": 27672.97, "Total Cost": 27675.47, "Plan Rows": 1001, "Plan Width": 178, "Sort Key": ["((GROUPING(item.i_category) + GROUPING(item.i_class)))", "(CASE WHEN (GROUPING(item.i_class) = 0) THEN item.i_category ELSE NULL::bpchar END)", "(sum(web_sales.ws_net_paid)) DESC"], "Plans": [{"Node Type": "Aggregate", "Strategy": "Sorted", "Partial Mode": "Simple", "Parent Relationship": "Outer", "Parallel Aware": false, "Async Capable": false, "Startup Cost": 27142.03, "Total Cost": 27623.08, "Plan Rows": 1001, "Plan Width": 178, "Grouping Sets": [{"Group Keys": [["item.i_category", "item.i_class"], ["item.i_category"], []]}], "Plans": [{"Node Type": "Gather Merge", "Parent Relationship": "Outer", "Parallel Aware": false, "Async Capable": false, "Startup Cost": 27142.03, "Total Cost": 27565.2, "Plan Rows": 3713, "Plan Width": 108, "Workers Planned": 1, "Plans": [{"Node Type": "Sort", "Parent Relationship": "Outer", "Parallel Aware": false, "Async Capable": false, "Startup Cost": 26142.02, "Total Cost": 26147.48, "Plan Rows": 2184, "Plan Width": 108, "Sort Key": ["item.i_category", "item.i_class"], "Plans": [{"Node Type": "Hash Join", "Parent Relationship": "Outer", "Parallel Aware": true, "Async Capable": false, "Join Type": "Inner", "Startup Cost": 24622.97, "Total Cost": 26020.89, "Plan Rows": 2184, "Plan Width": 108, "Inner Unique": false, "Hash Cond": "(item.i_item_sk = web_sales.ws_item_sk)", "Plans": [{"Node Type": "Seq Scan", "Parent Relationship": "Outer", "Parallel Aware": true, "Async Capable": false, "Relation Name": "item", "Alias": "item", "Startup Cost": 0.0, "Total Cost": 1335.88, "Plan Rows": 10588, "Plan Width": 106}, {"Node Type": "Hash", "Parent Relationship": "Inner", "Parallel Aware": true, "Async Capable": false, "Startup Cost": 24603.63, "Total Cost": 24603.63, "Plan Rows": 1547, "Plan Width": 10, "Plans": [{"Node Type": "Hash Join", "Parent Relationship": "Outer", "Parallel Aware": true, "Async Capable": false, "Join Type": "Inner", "Startup Cost": 2052.33, "Total Cost": 24603.63, "Plan Rows": 1547, "Plan Width": 10, "Inner Unique": true, "Hash Cond": "(web_sales.ws_sold_date_sk = d1.d_date_sk)", "Plans": [{"Node Type": "Seq Scan", "Parent Relationship": "Outer", "Parallel Aware": true, "Async Capable": false, "Relation Name": "web_sales", "Alias": "web_sales", "Startup Cost": 0.0, "Total Cost": 21764.43, "Plan Rows": 299743, "Plan Width": 14}, {"Node Type": "Hash", "Parent Relationship": "Inner", "Parallel Aware": true, "Async Capable": false, "Startup Cost": 2049.55, "Total Cost": 2049.55, "Plan Rows": 222, "Plan Width": 4, "Plans": [{"Node Type": "Seq Scan", "Parent Relationship": "Outer", "Parallel Aware": true, "Async Capable": false, "Relation Name": "date_dim", "Alias": "d1", "Startup Cost": 0.0, "Total Cost": 2049.55, "Plan Rows": 222, "Plan Width": 4, "Filter": "((d_month_seq >= 1212) AND (d_month_seq <= 1223))"}]}]}]}]}]}]}]}]}]}]}]}}]]], [[[{"Plan": {"Node Type": "Aggregate", "Strategy": "Plain", "Partial Mode": "Simple", "Parallel Aware": false, "Async Capable": false, "Startup Cost": 160527.34, "Total Cost": 160527.35, "Plan Rows": 1, "Plan Width": 8, "Plans": [{"Node Type": "Subquery Scan", "Parent Relationship": "Outer", "Parallel Aware": false, "Async Capable": false, "Alias": "cool_cust", "Startup Cost": 74610.15, "Total Cost": 160490.18, "Plan Rows": 14865, "Plan Width": 0, "Plans": [{"Node Type": "SetOp", "Strategy": "Hashed", "Parent Relationship": "Subquery", "Parallel Aware": false, "Async Capable": false, "Command": "Except", "Startup Cost": 74610.15, "Total Cost": 160341.53, "Plan Rows": 14865, "Plan Width": 216, "Plans": [{"Node Type": "Append", "Parent Relationship": "Outer", "Parallel Aware": false, "Async Capable": false, "Startup Cost": 74610.15, "Total Cost": 160202.2, "Plan Rows": 18578, "Plan Width": 216, "Subplans Removed": 0, "Plans": [{"Node Type": "Result", "Parent Relationship": "Member", "Parallel Aware": false, "Async Capable": false, "Startup Cost": 74610.15, "Total Cost": 129989.53, "Plan Rows": 14865, "Plan Width": 216, "Plans": [{"Node Type": "SetOp", "Strategy": "Hashed", "Parent Relationship": "Outer", "Parallel Aware": false, "Async Capable": false, "Command": "Except", "Startup Cost": 74610.15, "Total Cost": 129840.88, "Plan Rows": 14865, "Plan Width": 216, "Plans": [{"Node Type": "Append", "Parent Relationship": "Outer", "Parallel Aware": false, "Async Capable": false, "Startup Cost": 74610.15, "Total Cost": 129673.6, "Plan Rows": 22304, "Plan Width": 216, "Subplans Removed": 0, "Plans": [{"Node Type": "Subquery Scan", "Parent Relationship": "Member", "Parallel Aware": false, "Async Capable": false, "Alias": "*SELECT* 1", "Startup Cost": 74610.15, "Total Cost": 76564.46, "Plan Rows": 14865, "Plan Width": 60, "Plans": [{"Node Type": "Unique", "Parent Relationship": "Subquery", "Parallel Aware": false, "Async Capable": false, "Startup Cost": 74610.15, "Total Cost": 76415.81, "Plan Rows": 14865, "Plan Width": 56, "Plans": [{"Node Type": "Gather Merge", "Parent Relationship": "Outer", "Parallel Aware": false, "Async Capable": false, "Startup Cost": 74610.15, "Total Cost": 76304.32, "Plan Rows": 14865, "Plan Width": 56, "Workers Planned": 1, "Plans": [{"Node Type": "Sort", "Parent Relationship": "Outer", "Parallel Aware": false, "Async Capable": false, "Startup Cost": 73610.14, "Total Cost": 73632.0, "Plan Rows": 8744, "Plan Width": 56, "Sort Key": ["customer.c_last_name", "customer.c_first_name", "date_dim.d_date"], "Plans": [{"Node Type": "Hash Join", "Parent Relationship": "Outer", "Parallel Aware": true, "Async Capable": false, "Join Type": "Inner", "Startup Cost": 68977.42, "Total Cost": 73037.67, "Plan Rows": 8744, "Plan Width": 56, "Inner Unique": false, "Hash Cond": "(customer.c_customer_sk = store_sales.ss_customer_sk)", "Plans": [{"Node Type": "Seq Scan", "Parent Relationship": "Outer", "Parallel Aware": true, "Async Capable": false, "Relation Name": "customer", "Alias": "customer", "Startup Cost": 0.0, "Total Cost": 3437.24, "Plan Rows": 58824, "Plan Width": 56}, {"Node Type": "Hash", "Parent Relationship": "Inner", "Parallel Aware": true, "Async Capable": false, "Startup Cost": 68900.0, "Total Cost": 68900.0, "Plan Rows": 6194, "Plan Width": 8, "Plans": [{"Node Type": "Hash Join", "Parent Relationship": "Outer", "Parallel Aware": true, "Async Capable": false, "Join Type": "Inner", "Startup Cost": 2052.33, "Total Cost": 68900.0, "Plan Rows": 6194, "Plan Width": 8, "Inner Unique": true, "Hash Cond": "(store_sales.ss_sold_date_sk = date_dim.d_date_sk)", "Plans": [{"Node Type": "Seq Scan", "Parent Relationship": "Outer", "Parallel Aware": true, "Async Capable": false, "Relation Name": "store_sales", "Alias": "store_sales", "Startup Cost": 0.0, "Total Cost": 63697.18, "Plan Rows": 1200118, "Plan Width": 8}, {"Node Type": "Hash", "Parent Relationship": "Inner", "Parallel Aware": true, "Async Capable": false, "Startup Cost": 2049.55, "Total Cost": 2049.55, "Plan Rows": 222, "Plan Width": 8, "Plans": [{"Node Type": "Seq Scan", "Parent Relationship": "Outer", "Parallel Aware": true, "Async Capable": false, "Relation Name": "date_dim", "Alias": "date_dim", "Startup Cost": 0.0, "Total Cost": 2049.55, "Plan Rows": 222, "Plan Width": 8, "Filter": "((d_month_seq >= 1212) AND (d_month_seq <= 1223))"}]}]}]}]}]}]}]}]}, {"Node Type": "Subquery Scan", "Parent Relationship": "Member", "Parallel Aware": false, "Async Capable": false, "Alias": "*SELECT* 2", "Startup Cost": 52019.61, "Total Cost": 52997.62, "Plan Rows": 7439, "Plan Width": 60, "Plans": [{"Node Type": "Unique", "Parent Relationship": "Subquery", "Parallel Aware": false, "Async Capable": false, "Startup Cost": 52019.61, "Total Cost": 52923.23, "Plan Rows": 7439, "Plan Width": 56, "Plans": [{"Node Type": "Gather Merge", "Parent Relationship": "Outer", "Parallel Aware": false, "Async Capable": false, "Startup Cost": 52019.61, "Total Cost": 52867.44, "Plan Rows": 7439, "Plan Width": 56, "Workers Planned": 1, "Plans": [{"Node Type": "Sort", "Parent Relationship": "Outer", "Parallel Aware": false, "Async Capable": false, "Startup Cost": 51019.6, "Total Cost": 51030.54, "Plan Rows": 4376, "Plan Width": 56, "Sort Key": ["customer_1.c_last_name", "customer_1.c_first_name", "date_dim_1.d_date"], "Plans": [{"Node Type": "Hash Join", "Parent Relationship": "Outer", "Parallel Aware": true, "Async Capable": false, "Join Type": "Inner", "Startup Cost": 47078.99, "Total Cost": 50754.96, "Plan Rows": 4376, "Plan Width": 56, "Inner Unique": false, "Hash Cond": "(customer_1.c_customer_sk = catalog_sales.cs_bill_customer_sk)", "Plans": [{"Node Type": "Seq Scan", "Parent Relationship": "Outer", "Parallel Aware": true, "Async Capable": false, "Relation Name": "customer", "Alias": "customer_1", "Startup Cost": 0.0, "Total Cost": 3437.24, "Plan Rows": 58824, "Plan Width": 56}, {"Node Type": "Hash", "Parent Relationship": "Inner", "Parallel Aware": true, "Async Capable": false, "Startup Cost": 47040.24, "Total Cost": 47040.24, "Plan Rows": 3100, "Plan Width": 8, "Plans": [{"Node Type": "Hash Join", "Parent Relationship": "Outer", "Parallel Aware": true, "Async Capable": false, "Join Type": "Inner", "Startup Cost": 2052.33, "Total Cost": 47040.24, "Plan Rows": 3100, "Plan Width": 8, "Inner Unique": true, "Hash Cond": "(catalog_sales.cs_sold_date_sk = date_dim_1.d_date_sk)", "Plans": [{"Node Type": "Seq Scan", "Parent Relationship": "Outer", "Parallel Aware": true, "Async Capable": false, "Relation Name": "catalog_sales", "Alias": "catalog_sales", "Startup Cost": 0.0, "Total Cost": 43411.2, "Plan Rows": 600620, "Plan Width": 8}, {"Node Type": "Hash", "Parent Relationship": "Inner", "Parallel Aware": true, "Async Capable": false, "Startup Cost": 2049.55, "Total Cost": 2049.55, "Plan Rows": 222, "Plan Width": 8, "Plans": [{"Node Type": "Seq Scan", "Parent Relationship": "Outer", "Parallel Aware": true, "Async Capable": false, "Relation Name": "date_dim", "Alias": "date_dim_1", "Startup Cost": 0.0, "Total Cost": 2049.55, "Plan Rows": 222, "Plan Width": 8, "Filter": "((d_month_seq >= 1212) AND (d_month_seq <= 1223))"}]}]}]}]}]}]}]}]}]}]}]}, {"Node Type": "Subquery Scan", "Parent Relationship": "Member", "Parallel Aware": false, "Async Capable": false, "Alias": "*SELECT* 3", "Startup Cost": 29631.62, "Total Cost": 30119.77, "Plan Rows": 3713, "Plan Width": 60, "Plans": [{"Node Type": "Unique", "Parent Relationship": "Subquery", "Parallel Aware": false, "Async Capable": false, "Startup Cost": 29631.62, "Total Cost": 30082.64, "Plan Rows": 3713, "Plan Width": 56, "Plans": [{"Node Type": "Gather Merge", "Parent Relationship": "Outer", "Parallel Aware": false, "Async Capable": false, "Startup Cost": 29631.62, "Total Cost": 30054.8, "Plan Rows": 3713, "Plan Width": 56, "Workers Planned": 1, "Plans": [{"Node Type": "Sort", "Parent Relationship": "Outer", "Parallel Aware": false, "Async Capable": false, "Startup Cost": 28631.61, "Total Cost": 28637.07, "Plan Rows": 2184, "Plan Width": 56, "Sort Key": ["customer_2.c_last_name", "customer_2.c_first_name", "date_dim_2.d_date"], "Plans": [{"Node Type": "Hash Join", "Parent Relationship": "Outer", "Parallel Aware": true, "Async Capable": false, "Join Type": "Inner", "Startup Cost": 24622.97, "Total Cost": 28510.48, "Plan Rows": 2184, "Plan Width": 56, "Inner Unique": false, "Hash Cond": "(customer_2.c_customer_sk = web_sales.ws_bill_customer_sk)", "Plans": [{"Node Type": "Seq Scan", "Parent Relationship": "Outer", "Parallel Aware": true, "Async Capable": false, "Relation Name": "customer", "Alias": "customer_2", "Startup Cost": 0.0, "Total Cost": 3437.24, "Plan Rows": 58824, "Plan Width": 56}, {"Node Type": "Hash", "Parent Relationship": "Inner", "Parallel Aware": true, "Async Capable": false, "Startup Cost": 24603.63, "Total Cost": 24603.63, "Plan Rows": 1547, "Plan Width": 8, "Plans": [{"Node Type": "Hash Join", "Parent Relationship": "Outer", "Parallel Aware": true, "Async Capable": false, "Join Type": "Inner", "Startup Cost": 2052.33, "Total Cost": 24603.63, "Plan Rows": 1547, "Plan Width": 8, "Inner Unique": true, "Hash Cond": "(web_sales.ws_sold_date_sk = date_dim_2.d_date_sk)", "Plans": [{"Node Type": "Seq Scan", "Parent Relationship": "Outer", "Parallel Aware": true, "Async Capable": false, "Relation Name": "web_sales", "Alias": "web_sales", "Startup Cost": 0.0, "Total Cost": 21764.43, "Plan Rows": 299743, "Plan Width": 8}, {"Node Type": "Hash", "Parent Relationship": "Inner", "Parallel Aware": true, "Async Capable": false, "Startup Cost": 2049.55, "Total Cost": 2049.55, "Plan Rows": 222, "Plan Width": 8, "Plans": [{"Node Type": "Seq Scan", "Parent Relationship": "Outer", "Parallel Aware": true, "Async Capable": false, "Relation Name": "date_dim", "Alias": "date_dim_2", "Startup Cost": 0.0, "Total Cost": 2049.55, "Plan Rows": 222, "Plan Width": 8, "Filter": "((d_month_seq >= 1212) AND (d_month_seq <= 1223))"}]}]}]}]}]}]}]}]}]}]}]}]}, "JIT": {"Functions": 87, "Options": {"Inlining": false, "Optimization": false, "Expressions": true, "Deforming": true}}}]]], [[[{"Plan": {"Node Type": "Nested Loop", "Parallel Aware": false, "Async Capable": false, "Join Type": "Inner", "Startup Cost": 70000562890.32, "Total Cost": 70000562890.55, "Plan Rows": 1, "Plan Width": 64, "Inner Unique": false, "Plans": [{"Node Type": "Nested Loop", "Parent Relationship": "Outer", "Parallel Aware": false, "Async Capable": false, "Join Type": "Inner", "Startup Cost": 60000492525.96, "Total Cost": 60000492526.16, "Plan Rows": 1, "Plan Width": 56, "Inner Unique": false, "Plans": [{"Node Type": "Nested Loop", "Parent Relationship": "Outer", "Parallel Aware": false, "Async Capable": false, "Join Type": "Inner", "Startup Cost": 50000422167.17, "Total Cost": 50000422167.34, "Plan Rows": 1, "Plan Width": 48, "Inner Unique": false, "Plans": [{"Node Type": "Nested Loop", "Parent Relationship": "Outer", "Parallel Aware": false, "Async Capable": false, "Join Type": "Inner", "Startup Cost": 40000351807.48, "Total Cost": 40000351807.62, "Plan Rows": 1, "Plan Width": 40, "Inner Unique": false, "Plans": [{"Node Type": "Nested Loop", "Parent Relationship": "Outer", "Parallel Aware": false, "Async Capable": false, "Join Type": "Inner", "Startup Cost": 30000281446.23, "Total Cost": 30000281446.34, "Plan Rows": 1, "Plan Width": 32, "Inner Unique": false, "Plans": [{"Node Type": "Nested Loop", "Parent Relationship": "Outer", "Parallel Aware": false, "Async Capable": false, "Join Type": "Inner", "Startup Cost": 20000211084.1, "Total Cost": 20000211084.18, "Plan Rows": 1, "Plan Width": 24, "Inner Unique": false, "Plans": [{"Node Type": "Nested Loop", "Parent Relationship": "Outer", "Parallel Aware": false, "Async Capable": false, "Join Type": "Inner", "Startup Cost": 10000140724.64, "Total Cost": 10000140724.69, "Plan Rows": 1, "Plan Width": 16, "Inner Unique": false, "Plans": [{"Node Type": "Aggregate", "Strategy": "Plain", "Partial Mode": "Finalize", "Parent Relationship": "Outer", "Parallel Aware": false, "Async Capable": false, "Startup Cost": 70364.36, "Total Cost": 70364.37, "Plan Rows": 1, "Plan Width": 8, "Plans": [{"Node Type": "Gather", "Parent Relationship": "Outer", "Parallel Aware": false, "Async Capable": false, "Startup Cost": 70364.14, "Total Cost": 70364.35, "Plan Rows": 2, "Plan Width": 8, "Workers Planned": 2, "Single Copy": false, "Plans": [{"Node Type": "Aggregate", "Strategy": "Plain", "Partial Mode": "Partial", "Parent Relationship": "Outer", "Parallel Aware": false, "Async Capable": false, "Startup Cost": 69364.14, "Total Cost": 69364.15, "Plan Rows": 1, "Plan Width": 8, "Plans": [{"Node Type": "Hash Join", "Parent Relationship": "Outer", "Parallel Aware": false, "Async Capable": false, "Join Type": "Inner", "Startup Cost": 2427.72, "Total Cost": 69362.92, "Plan Rows": 489, "Plan Width": 0, "Inner Unique": true, "Hash Cond": "(store_sales.ss_store_sk = store.s_store_sk)", "Plans": [{"Node Type": "Hash Join", "Parent Relationship": "Outer", "Parallel Aware": false, "Async Capable": false, "Join Type": "Inner", "Startup Cost": 2426.55, "Total Cost": 69341.17, "Plan Rows": 5865, "Plan Width": 4, "Inner Unique": true, "Hash Cond": "(store_sales.ss_hdemo_sk = household_demographics.hd_demo_sk)", "Plans": [{"Node Type": "Hash Join", "Parent Relationship": "Outer", "Parallel Aware": true, "Async Capable": false, "Join Type": "Inner", "Startup Cost": 2172.85, "Total Cost": 69020.49, "Plan Rows": 25502, "Plan Width": 8, "Inner Unique": true, "Hash Cond": "(store_sales.ss_sold_time_sk = time_dim.t_time_sk)", "Plans": [{"Node Type": "Seq Scan", "Parent Relationship": "Outer", "Parallel Aware": true, "Async Capable": false, "Relation Name": "store_sales", "Alias": "store_sales", "Startup Cost": 0.0, "Total Cost": 63697.18, "Plan Rows": 1200118, "Plan Width": 12}, {"Node Type": "Hash", "Parent Relationship": "Inner", "Parallel Aware": true, "Async Capable": false, "Startup Cost": 2159.35, "Total Cost": 2159.35, "Plan Rows": 1080, "Plan Width": 4, "Plans": [{"Node Type": "Seq Scan", "Parent Relationship": "Outer", "Parallel Aware": true, "Async Capable": false, "Relation Name": "time_dim", "Alias": "time_dim", "Startup Cost": 0.0, "Total Cost": 2159.35, "Plan Rows": 1080, "Plan Width": 4, "Filter": "((t_minute >= 30) AND (t_hour = 8))"}]}]}, {"Node Type": "Hash", "Parent Relationship": "Inner", "Parallel Aware": false, "Async Capable": false, "Startup Cost": 233.0, "Total Cost": 233.0, "Plan Rows": 1656, "Plan Width": 4, "Plans": [{"Node Type": "Seq Scan", "Parent Relationship": "Outer", "Parallel Aware": false, "Async Capable": false, "Relation Name": "household_demographics", "Alias": "household_demographics", "Startup Cost": 0.0, "Total Cost": 233.0, "Plan Rows": 1656, "Plan Width": 4, "Filter": "(((hd_dep_count = 3) AND (hd_vehicle_count <= 5)) OR ((hd_dep_count = 0) AND (hd_vehicle_count <= 2)) OR ((hd_dep_count = 1) AND (hd_vehicle_count <= 3)))"}]}]}, {"Node Type": "Hash", "Parent Relationship": "Inner", "Parallel Aware": false, "Async Capable": false, "Startup Cost": 1.15, "Total Cost": 1.15, "Plan Rows": 1, "Plan Width": 4, "Plans": [{"Node Type": "Seq Scan", "Parent Relationship": "Outer", "Parallel Aware": false, "Async Capable": false, "Relation Name": "store", "Alias": "store", "Startup Cost": 0.0, "Total Cost": 1.15, "Plan Rows": 1, "Plan Width": 4, "Filter": "((s_store_name)::text = 'ese'::text)"}]}]}]}]}]}, {"Node Type": "Aggregate", "Strategy": "Plain", "Partial Mode": "Finalize", "Parent Relationship": "Inner", "Parallel Aware": false, "Async Capable": false, "Startup Cost": 70360.29, "Total Cost": 70360.3, "Plan Rows": 1, "Plan Width": 8, "Plans": [{"Node Type": "Gather", "Parent Relationship": "Outer", "Parallel Aware": false, "Async Capable": false, "Startup Cost": 70360.07, "Total Cost": 70360.28, "Plan Rows": 2, "Plan Width": 8, "Workers Planned": 2, "Single Copy": false, "Plans": [{"Node Type": "Aggregate", "Strategy": "Plain", "Partial Mode": "Partial", "Parent Relationship": "Outer", "Parallel Aware": false, "Async Capable": false, "Startup Cost": 69360.07, "Total Cost": 69360.08, "Plan Rows": 1, "Plan Width": 8, "Plans": [{"Node Type": "Hash Join", "Parent Relationship": "Outer", "Parallel Aware": false, "Async Capable": false, "Join Type": "Inner", "Startup Cost": 2427.18, "Total Cost": 69358.9, "Plan Rows": 469, "Plan Width": 0, "Inner Unique": true, "Hash Cond": "(store_sales_1.ss_store_sk = store_1.s_store_sk)", "Plans": [{"Node Type": "Hash Join", "Parent Relationship": "Outer", "Parallel Aware": false, "Async Capable": false, "Join Type": "Inner", "Startup Cost": 2426.02, "Total Cost": 69337.97, "Plan Rows": 5632, "Plan Width": 4, "Inner Unique": true, "Hash Cond": "(store_sales_1.ss_hdemo_sk = household_demographics_1.hd_demo_sk)", "Plans": [{"Node Type": "Hash Join", "Parent Relationship": "Outer", "Parallel Aware": true, "Async Capable": false, "Join Type": "Inner", "Startup Cost": 2172.32, "Total Cost": 69019.95, "Plan Rows": 24488, "Plan Width": 8, "Inner Unique": true, "Hash Cond": "(store_sales_1.ss_sold_time_sk = time_dim_1.t_time_sk)", "Plans": [{"Node Type": "Seq Scan", "Parent Relationship": "Outer", "Parallel Aware": true, "Async Capable": false, "Relation Name": "store_sales", "Alias": "store_sales_1", "Startup Cost": 0.0, "Total Cost": 63697.18, "Plan Rows": 1200118, "Plan Width": 12}, {"Node Type": "Hash", "Parent Relationship": "Inner", "Parallel Aware": true, "Async Capable": false, "Startup Cost": 2159.35, "Total Cost": 2159.35, "Plan Rows": 1037, "Plan Width": 4, "Plans": [{"Node Type": "Seq Scan", "Parent Relationship": "Outer", "Parallel Aware": true, "Async Capable": false, "Relation Name": "time_dim", "Alias": "time_dim_1", "Startup Cost": 0.0, "Total Cost": 2159.35, "Plan Rows": 1037, "Plan Width": 4, "Filter": "((t_minute < 30) AND (t_hour = 9))"}]}]}, {"Node Type": "Hash", "Parent Relationship": "Inner", "Parallel Aware": false, "Async Capable": false, "Startup Cost": 233.0, "Total Cost": 233.0, "Plan Rows": 1656, "Plan Width": 4, "Plans": [{"Node Type": "Seq Scan", "Parent Relationship": "Outer", "Parallel Aware": false, "Async Capable": false, "Relation Name": "household_demographics", "Alias": "household_demographics_1", "Startup Cost": 0.0, "Total Cost": 233.0, "Plan Rows": 1656, "Plan Width": 4, "Filter": "(((hd_dep_count = 3) AND (hd_vehicle_count <= 5)) OR ((hd_dep_count = 0) AND (hd_vehicle_count <= 2)) OR ((hd_dep_count = 1) AND (hd_vehicle_count <= 3)))"}]}]}, {"Node Type": "Hash", "Parent Relationship": "Inner", "Parallel Aware": false, "Async Capable": false, "Startup Cost": 1.15, "Total Cost": 1.15, "Plan Rows": 1, "Plan Width": 4, "Plans": [{"Node Type": "Seq Scan", "Parent Relationship": "Outer", "Parallel Aware": false, "Async Capable": false, "Relation Name": "store", "Alias": "store_1", "Startup Cost": 0.0, "Total Cost": 1.15, "Plan Rows": 1, "Plan Width": 4, "Filter": "((s_store_name)::text = 'ese'::text)"}]}]}]}]}]}]}, {"Node Type": "Aggregate", "Strategy": "Plain", "Partial Mode": "Finalize", "Parent Relationship": "Inner", "Parallel Aware": false, "Async Capable": false, "Startup Cost": 70359.46, "Total Cost": 70359.47, "Plan Rows": 1, "Plan Width": 8, "Plans": [{"Node Type": "Gather", "Parent Relationship": "Outer", "Parallel Aware": false, "Async Capable": false, "Startup Cost": 70359.25, "Total Cost": 70359.46, "Plan Rows": 2, "Plan Width": 8, "Workers Planned": 2, "Single Copy": false, "Plans": [{"Node Type": "Aggregate", "Strategy": "Plain", "Partial Mode": "Partial", "Parent Relationship": "Outer", "Parallel Aware": false, "Async Capable": false, "Startup Cost": 69359.25, "Total Cost": 69359.26, "Plan Rows": 1, "Plan Width": 8, "Plans": [{"Node Type": "Hash Join", "Parent Relationship": "Outer", "Parallel Aware": false, "Async Capable": false, "Join Type": "Inner", "Startup Cost": 2427.07, "Total Cost": 69358.08, "Plan Rows": 465, "Plan Width": 0, "Inner Unique": true, "Hash Cond": "(store_sales_2.ss_store_sk = store_2.s_store_sk)", "Plans": [{"Node Type": "Hash Join", "Parent Relationship": "Outer", "Parallel Aware": false, "Async Capable": false, "Join Type": "Inner", "Startup Cost": 2425.9, "Total Cost": 69337.31, "Plan Rows": 5585, "Plan Width": 4, "Inner Unique": true, "Hash Cond": "(store_sales_2.ss_hdemo_sk = household_demographics_2.hd_demo_sk)", "Plans": [{"Node Type": "Hash Join", "Parent Relationship": "Outer", "Parallel Aware": true, "Async Capable": false, "Join Type": "Inner", "Startup Cost": 2172.2, "Total Cost": 69019.84, "Plan Rows": 24280, "Plan Width": 8, "Inner Unique": true, "Hash Cond": "(store_sales_2.ss_sold_time_sk = time_dim_2.t_time_sk)", "Plans": [{"Node Type": "Seq Scan", "Parent Relationship": "Outer", "Parallel Aware": true, "Async Capable": false, "Relation Name": "store_sales", "Alias": "store_sales_2", "Startup Cost": 0.0, "Total Cost": 63697.18, "Plan Rows": 1200118, "Plan Width": 12}, {"Node Type": "Hash", "Parent Relationship": "Inner", "Parallel Aware": true, "Async Capable": false, "Startup Cost": 2159.35, "Total Cost": 2159.35, "Plan Rows": 1028, "Plan Width": 4, "Plans": [{"Node Type": "Seq Scan", "Parent Relationship": "Outer", "Parallel Aware": true, "Async Capable": false, "Relation Name": "time_dim", "Alias": "time_dim_2", "Startup Cost": 0.0, "Total Cost": 2159.35, "Plan Rows": 1028, "Plan Width": 4, "Filter": "((t_minute >= 30) AND (t_hour = 9))"}]}]}, {"Node Type": "Hash", "Parent Relationship": "Inner", "Parallel Aware": false, "Async Capable": false, "Startup Cost": 233.0, "Total Cost": 233.0, "Plan Rows": 1656, "Plan Width": 4, "Plans": [{"Node Type": "Seq Scan", "Parent Relationship": "Outer", "Parallel Aware": false, "Async Capable": false, "Relation Name": "household_demographics", "Alias": "household_demographics_2", "Startup Cost": 0.0, "Total Cost": 233.0, "Plan Rows": 1656, "Plan Width": 4, "Filter": "(((hd_dep_count = 3) AND (hd_vehicle_count <= 5)) OR ((hd_dep_count = 0) AND (hd_vehicle_count <= 2)) OR ((hd_dep_count = 1) AND (hd_vehicle_count <= 3)))"}]}]}, {"Node Type": "Hash", "Parent Relationship": "Inner", "Parallel Aware": false, "Async Capable": false, "Startup Cost": 1.15, "Total Cost": 1.15, "Plan Rows": 1, "Plan Width": 4, "Plans": [{"Node Type": "Seq Scan", "Parent Relationship": "Outer", "Parallel Aware": false, "Async Capable": false, "Relation Name": "store", "Alias": "store_2", "Startup Cost": 0.0, "Total Cost": 1.15, "Plan Rows": 1, "Plan Width": 4, "Filter": "((s_store_name)::text = 'ese'::text)"}]}]}]}]}]}]}, {"Node Type": "Aggregate", "Strategy": "Plain", "Partial Mode": "Finalize", "Parent Relationship": "Inner", "Parallel Aware": false, "Async Capable": false, "Startup Cost": 70362.13, "Total Cost": 70362.14, "Plan Rows": 1, "Plan Width": 8, "Plans": [{"Node Type": "Gather", "Parent Relationship": "Outer", "Parallel Aware": false, "Async Capable": false, "Startup Cost": 70361.91, "Total Cost": 70362.12, "Plan Rows": 2, "Plan Width": 8, "Workers Planned": 2, "Single Copy": false, "Plans": [{"Node Type": "Aggregate", "Strategy": "Plain", "Partial Mode": "Partial", "Parent Relationship": "Outer", "Parallel Aware": false, "Async Capable": false, "Startup Cost": 69361.91, "Total Cost": 69361.92, "Plan Rows": 1, "Plan Width": 8, "Plans": [{"Node Type": "Hash Join", "Parent Relationship": "Outer", "Parallel Aware": false, "Async Capable": false, "Join Type": "Inner", "Startup Cost": 2427.42, "Total Cost": 69360.72, "Plan Rows": 478, "Plan Width": 0, "Inner Unique": true, "Hash Cond": "(store_sales_3.ss_store_sk = store_3.s_store_sk)", "Plans": [{"Node Type": "Hash Join", "Parent Relationship": "Outer", "Parallel Aware": false, "Async Capable": false, "Join Type": "Inner", "Startup Cost": 2426.25, "Total Cost": 69339.41, "Plan Rows": 5738, "Plan Width": 4, "Inner Unique": true, "Hash Cond": "(store_sales_3.ss_hdemo_sk = household_demographics_3.hd_demo_sk)", "Plans": [{"Node Type": "Hash Join", "Parent Relationship": "Outer", "Parallel Aware": true, "Async Capable": false, "Join Type": "Inner", "Startup Cost": 2172.55, "Total Cost": 69020.19, "Plan Rows": 24947, "Plan Width": 8, "Inner Unique": true, "Hash Cond": "(store_sales_3.ss_sold_time_sk = time_dim_3.t_time_sk)", "Plans": [{"Node Type": "Seq Scan", "Parent Relationship": "Outer", "Parallel Aware": true, "Async Capable": false, "Relation Name": "store_sales", "Alias": "store_sales_3", "Startup Cost": 0.0, "Total Cost": 63697.18, "Plan Rows": 1200118, "Plan Width": 12}, {"Node Type": "Hash", "Parent Relationship": "Inner", "Parallel Aware": true, "Async Capable": false, "Startup Cost": 2159.35, "Total Cost": 2159.35, "Plan Rows": 1056, "Plan Width": 4, "Plans": [{"Node Type": "Seq Scan", "Parent Relationship": "Outer", "Parallel Aware": true, "Async Capable": false, "Relation Name": "time_dim", "Alias": "time_dim_3", "Startup Cost": 0.0, "Total Cost": 2159.35, "Plan Rows": 1056, "Plan Width": 4, "Filter": "((t_minute < 30) AND (t_hour = 10))"}]}]}, {"Node Type": "Hash", "Parent Relationship": "Inner", "Parallel Aware": false, "Async Capable": false, "Startup Cost": 233.0, "Total Cost": 233.0, "Plan Rows": 1656, "Plan Width": 4, "Plans": [{"Node Type": "Seq Scan", "Parent Relationship": "Outer", "Parallel Aware": false, "Async Capable": false, "Relation Name": "household_demographics", "Alias": "household_demographics_3", "Startup Cost": 0.0, "Total Cost": 233.0, "Plan Rows": 1656, "Plan Width": 4, "Filter": "(((hd_dep_count = 3) AND (hd_vehicle_count <= 5)) OR ((hd_dep_count = 0) AND (hd_vehicle_count <= 2)) OR ((hd_dep_count = 1) AND (hd_vehicle_count <= 3)))"}]}]}, {"Node Type": "Hash", "Parent Relationship": "Inner", "Parallel Aware": false, "Async Capable": false, "Startup Cost": 1.15, "Total Cost": 1.15, "Plan Rows": 1, "Plan Width": 4, "Plans": [{"Node Type": "Seq Scan", "Parent Relationship": "Outer", "Parallel Aware": false, "Async Capable": false, "Relation Name": "store", "Alias": "store_3", "Startup Cost": 0.0, "Total Cost": 1.15, "Plan Rows": 1, "Plan Width": 4, "Filter": "((s_store_name)::text = 'ese'::text)"}]}]}]}]}]}]}, {"Node Type": "Aggregate", "Strategy": "Plain", "Partial Mode": "Finalize", "Parent Relationship": "Inner", "Parallel Aware": false, "Async Capable": false, "Startup Cost": 70361.25, "Total Cost": 70361.26, "Plan Rows": 1, "Plan Width": 8, "Plans": [{"Node Type": "Gather", "Parent Relationship": "Outer", "Parallel Aware": false, "Async Capable": false, "Startup Cost": 70361.03, "Total Cost": 70361.24, "Plan Rows": 2, "Plan Width": 8, "Workers Planned": 2, "Single Copy": false, "Plans": [{"Node Type": "Aggregate", "Strategy": "Plain", "Partial Mode": "Partial", "Parent Relationship": "Outer", "Parallel Aware": false, "Async Capable": false, "Startup Cost": 69361.03, "Total Cost": 69361.04, "Plan Rows": 1, "Plan Width": 8, "Plans": [{"Node Type": "Hash Join", "Parent Relationship": "Outer", "Parallel Aware": false, "Async Capable": false, "Join Type": "Inner", "Startup Cost": 2427.3, "Total Cost": 69359.85, "Plan Rows": 474, "Plan Width": 0, "Inner Unique": true, "Hash Cond": "(store_sales_4.ss_store_sk = store_4.s_store_sk)", "Plans": [{"Node Type": "Hash Join", "Parent Relationship": "Outer", "Parallel Aware": false, "Async Capable": false, "Join Type": "Inner", "Startup Cost": 2426.14, "Total Cost": 69338.71, "Plan Rows": 5687, "Plan Width": 4, "Inner Unique": true, "Hash Cond": "(store_sales_4.ss_hdemo_sk = household_demographics_4.hd_demo_sk)", "Plans": [{"Node Type": "Hash Join", "Parent Relationship": "Outer", "Parallel Aware": true, "Async Capable": false, "Join Type": "Inner", "Startup Cost": 2172.44, "Total Cost": 69020.08, "Plan Rows": 24725, "Plan Width": 8, "Inner Unique": true, "Hash Cond": "(store_sales_4.ss_sold_time_sk = time_dim_4.t_time_sk)", "Plans": [{"Node Type": "Seq Scan", "Parent Relationship": "Outer", "Parallel Aware": true, "Async Capable": false, "Relation Name": "store_sales", "Alias": "store_sales_4", "Startup Cost": 0.0, "Total Cost": 63697.18, "Plan Rows": 1200118, "Plan Width": 12}, {"Node Type": "Hash", "Parent Relationship": "Inner", "Parallel Aware": true, "Async Capable": false, "Startup Cost": 2159.35, "Total Cost": 2159.35, "Plan Rows": 1047, "Plan Width": 4, "Plans": [{"Node Type": "Seq Scan", "Parent Relationship": "Outer", "Parallel Aware": true, "Async Capable": false, "Relation Name": "time_dim", "Alias": "time_dim_4", "Startup Cost": 0.0, "Total Cost": 2159.35, "Plan Rows": 1047, "Plan Width": 4, "Filter": "((t_minute >= 30) AND (t_hour = 10))"}]}]}, {"Node Type": "Hash", "Parent Relationship": "Inner", "Parallel Aware": false, "Async Capable": false, "Startup Cost": 233.0, "Total Cost": 233.0, "Plan Rows": 1656, "Plan Width": 4, "Plans": [{"Node Type": "Seq Scan", "Parent Relationship": "Outer", "Parallel Aware": false, "Async Capable": false, "Relation Name": "household_demographics", "Alias": "household_demographics_4", "Startup Cost": 0.0, "Total Cost": 233.0, "Plan Rows": 1656, "Plan Width": 4, "Filter": "(((hd_dep_count = 3) AND (hd_vehicle_count <= 5)) OR ((hd_dep_count = 0) AND (hd_vehicle_count <= 2)) OR ((hd_dep_count = 1) AND (hd_vehicle_count <= 3)))"}]}]}, {"Node Type": "Hash", "Parent Relationship": "Inner", "Parallel Aware": false, "Async Capable": false, "Startup Cost": 1.15, "Total Cost": 1.15, "Plan Rows": 1, "Plan Width": 4, "Plans": [{"Node Type": "Seq Scan", "Parent Relationship": "Outer", "Parallel Aware": false, "Async Capable": false, "Relation Name": "store", "Alias": "store_4", "Startup Cost": 0.0, "Total Cost": 1.15, "Plan Rows": 1, "Plan Width": 4, "Filter": "((s_store_name)::text = 'ese'::text)"}]}]}]}]}]}]}, {"Node Type": "Aggregate", "Strategy": "Plain", "Partial Mode": "Finalize", "Parent Relationship": "Inner", "Parallel Aware": false, "Async Capable": false, "Startup Cost": 70359.69, "Total Cost": 70359.7, "Plan Rows": 1, "Plan Width": 8, "Plans": [{"Node Type": "Gather", "Parent Relationship": "Outer", "Parallel Aware": false, "Async Capable": false, "Startup Cost": 70359.47, "Total Cost": 70359.68, "Plan Rows": 2, "Plan Width": 8, "Workers Planned": 2, "Single Copy": false, "Plans": [{"Node Type": "Aggregate", "Strategy": "Plain", "Partial Mode": "Partial", "Parent Relationship": "Outer", "Parallel Aware": false, "Async Capable": false, "Startup Cost": 69359.47, "Total Cost": 69359.48, "Plan Rows": 1, "Plan Width": 8, "Plans": [{"Node Type": "Hash Join", "Parent Relationship": "Outer", "Parallel Aware": false, "Async Capable": false, "Join Type": "Inner", "Startup Cost": 2427.1, "Total Cost": 69358.31, "Plan Rows": 466, "Plan Width": 0, "Inner Unique": true, "Hash Cond": "(store_sales_5.ss_store_sk = store_5.s_store_sk)", "Plans": [{"Node Type": "Hash Join", "Parent Relationship": "Outer", "Parallel Aware": false, "Async Capable": false, "Join Type": "Inner", "Startup Cost": 2425.94, "Total Cost": 69337.49, "Plan Rows": 5597, "Plan Width": 4, "Inner Unique": true, "Hash Cond": "(store_sales_5.ss_hdemo_sk = household_demographics_5.hd_demo_sk)", "Plans": [{"Node Type": "Hash Join", "Parent Relationship": "Outer", "Parallel Aware": true, "Async Capable": false, "Join Type": "Inner", "Startup Cost": 2172.24, "Total Cost": 69019.88, "Plan Rows": 24336, "Plan Width": 8, "Inner Unique": true, "Hash Cond": "(store_sales_5.ss_sold_time_sk = time_dim_5.t_time_sk)", "Plans": [{"Node Type": "Seq Scan", "Parent Relationship": "Outer", "Parallel Aware": true, "Async Capable": false, "Relation Name": "store_sales", "Alias": "store_sales_5", "Startup Cost": 0.0, "Total Cost": 63697.18, "Plan Rows": 1200118, "Plan Width": 12}, {"Node Type": "Hash", "Parent Relationship": "Inner", "Parallel Aware": true, "Async Capable": false, "Startup Cost": 2159.35, "Total Cost": 2159.35, "Plan Rows": 1031, "Plan Width": 4, "Plans": [{"Node Type": "Seq Scan", "Parent Relationship": "Outer", "Parallel Aware": true, "Async Capable": false, "Relation Name": "time_dim", "Alias": "time_dim_5", "Startup Cost": 0.0, "Total Cost": 2159.35, "Plan Rows": 1031, "Plan Width": 4, "Filter": "((t_minute < 30) AND (t_hour = 11))"}]}]}, {"Node Type": "Hash", "Parent Relationship": "Inner", "Parallel Aware": false, "Async Capable": false, "Startup Cost": 233.0, "Total Cost": 233.0, "Plan Rows": 1656, "Plan Width": 4, "Plans": [{"Node Type": "Seq Scan", "Parent Relationship": "Outer", "Parallel Aware": false, "Async Capable": false, "Relation Name": "household_demographics", "Alias": "household_demographics_5", "Startup Cost": 0.0, "Total Cost": 233.0, "Plan Rows": 1656, "Plan Width": 4, "Filter": "(((hd_dep_count = 3) AND (hd_vehicle_count <= 5)) OR ((hd_dep_count = 0) AND (hd_vehicle_count <= 2)) OR ((hd_dep_count = 1) AND (hd_vehicle_count <= 3)))"}]}]}, {"Node Type": "Hash", "Parent Relationship": "Inner", "Parallel Aware": false, "Async Capable": false, "Startup Cost": 1.15, "Total Cost": 1.15, "Plan Rows": 1, "Plan Width": 4, "Plans": [{"Node Type": "Seq Scan", "Parent Relationship": "Outer", "Parallel Aware": false, "Async Capable": false, "Relation Name": "store", "Alias": "store_5", "Startup Cost": 0.0, "Total Cost": 1.15, "Plan Rows": 1, "Plan Width": 4, "Filter": "((s_store_name)::text = 'ese'::text)"}]}]}]}]}]}]}, {"Node Type": "Aggregate", "Strategy": "Plain", "Partial Mode": "Finalize", "Parent Relationship": "Inner", "Parallel Aware": false, "Async Capable": false, "Startup Cost": 70358.79, "Total Cost": 70358.8, "Plan Rows": 1, "Plan Width": 8, "Plans": [{"Node Type": "Gather", "Parent Relationship": "Outer", "Parallel Aware": false, "Async Capable": false, "Startup Cost": 70358.58, "Total Cost": 70358.79, "Plan Rows": 2, "Plan Width": 8, "Workers Planned": 2, "Single Copy": false, "Plans": [{"Node Type": "Aggregate", "Strategy": "Plain", "Partial Mode": "Partial", "Parent Relationship": "Outer", "Parallel Aware": false, "Async Capable": false, "Startup Cost": 69358.58, "Total Cost": 69358.59, "Plan Rows": 1, "Plan Width": 8, "Plans": [{"Node Type": "Hash Join", "Parent Relationship": "Outer", "Parallel Aware": false, "Async Capable": false, "Join Type": "Inner", "Startup Cost": 2426.98, "Total Cost": 69357.42, "Plan Rows": 462, "Plan Width": 0, "Inner Unique": true, "Hash Cond": "(store_sales_6.ss_store_sk = store_6.s_store_sk)", "Plans": [{"Node Type": "Hash Join", "Parent Relationship": "Outer", "Parallel Aware": false, "Async Capable": false, "Join Type": "Inner", "Startup Cost": 2425.82, "Total Cost": 69336.78, "Plan Rows": 5546, "Plan Width": 4, "Inner Unique": true, "Hash Cond": "(store_sales_6.ss_hdemo_sk = household_demographics_6.hd_demo_sk)", "Plans": [{"Node Type": "Hash Join", "Parent Relationship": "Outer", "Parallel Aware": true, "Async Capable": false, "Join Type": "Inner", "Startup Cost": 2172.12, "Total Cost": 69019.75, "Plan Rows": 24113, "Plan Width": 8, "Inner Unique": true, "Hash Cond": "(store_sales_6.ss_sold_time_sk = time_dim_6.t_time_sk)", "Plans": [{"Node Type": "Seq Scan", "Parent Relationship": "Outer", "Parallel Aware": true, "Async Capable": false, "Relation Name": "store_sales", "Alias": "store_sales_6", "Startup Cost": 0.0, "Total Cost": 63697.18, "Plan Rows": 1200118, "Plan Width": 12}, {"Node Type": "Hash", "Parent Relationship": "Inner", "Parallel Aware": true, "Async Capable": false, "Startup Cost": 2159.35, "Total Cost": 2159.35, "Plan Rows": 1021, "Plan Width": 4, "Plans": [{"Node Type": "Seq Scan", "Parent Relationship": "Outer", "Parallel Aware": true, "Async Capable": false, "Relation Name": "time_dim", "Alias": "time_dim_6", "Startup Cost": 0.0, "Total Cost": 2159.35, "Plan Rows": 1021, "Plan Width": 4, "Filter": "((t_minute >= 30) AND (t_hour = 11))"}]}]}, {"Node Type": "Hash", "Parent Relationship": "Inner", "Parallel Aware": false, "Async Capable": false, "Startup Cost": 233.0, "Total Cost": 233.0, "Plan Rows": 1656, "Plan Width": 4, "Plans": [{"Node Type": "Seq Scan", "Parent Relationship": "Outer", "Parallel Aware": false, "Async Capable": false, "Relation Name": "household_demographics", "Alias": "household_demographics_6", "Startup Cost": 0.0, "Total Cost": 233.0, "Plan Rows": 1656, "Plan Width": 4, "Filter": "(((hd_dep_count = 3) AND (hd_vehicle_count <= 5)) OR ((hd_dep_count = 0) AND (hd_vehicle_count <= 2)) OR ((hd_dep_count = 1) AND (hd_vehicle_count <= 3)))"}]}]}, {"Node Type": "Hash", "Parent Relationship": "Inner", "Parallel Aware": false, "Async Capable": false, "Startup Cost": 1.15, "Total Cost": 1.15, "Plan Rows": 1, "Plan Width": 4, "Plans": [{"Node Type": "Seq Scan", "Parent Relationship": "Outer", "Parallel Aware": false, "Async Capable": false, "Relation Name": "store", "Alias": "store_6", "Startup Cost": 0.0, "Total Cost": 1.15, "Plan Rows": 1, "Plan Width": 4, "Filter": "((s_store_name)::text = 'ese'::text)"}]}]}]}]}]}]}, {"Node Type": "Aggregate", "Strategy": "Plain", "Partial Mode": "Finalize", "Parent Relationship": "Inner", "Parallel Aware": false, "Async Capable": false, "Startup Cost": 70364.36, "Total Cost": 70364.37, "Plan Rows": 1, "Plan Width": 8, "Plans": [{"Node Type": "Gather", "Parent Relationship": "Outer", "Parallel Aware": false, "Async Capable": false, "Startup Cost": 70364.14, "Total Cost": 70364.35, "Plan Rows": 2, "Plan Width": 8, "Workers Planned": 2, "Single Copy": false, "Plans": [{"Node Type": "Aggregate", "Strategy": "Plain", "Partial Mode": "Partial", "Parent Relationship": "Outer", "Parallel Aware": false, "Async Capable": false, "Startup Cost": 69364.14, "Total Cost": 69364.15, "Plan Rows": 1, "Plan Width": 8, "Plans": [{"Node Type": "Hash Join", "Parent Relationship": "Outer", "Parallel Aware": false, "Async Capable": false, "Join Type": "Inner", "Startup Cost": 2427.72, "Total Cost": 69362.92, "Plan Rows": 489, "Plan Width": 0, "Inner Unique": true, "Hash Cond": "(store_sales_7.ss_store_sk = store_7.s_store_sk)", "Plans": [{"Node Type": "Hash Join", "Parent Relationship": "Outer", "Parallel Aware": false, "Async Capable": false, "Join Type": "Inner", "Startup Cost": 2426.55, "Total Cost": 69341.17, "Plan Rows": 5865, "Plan Width": 4, "Inner Unique": true, "Hash Cond": "(store_sales_7.ss_hdemo_sk = household_demographics_7.hd_demo_sk)", "Plans": [{"Node Type": "Hash Join", "Parent Relationship": "Outer", "Parallel Aware": true, "Async Capable": false, "Join Type": "Inner", "Startup Cost": 2172.85, "Total Cost": 69020.49, "Plan Rows": 25502, "Plan Width": 8, "Inner Unique": true, "Hash Cond": "(store_sales_7.ss_sold_time_sk = time_dim_7.t_time_sk)", "Plans": [{"Node Type": "Seq Scan", "Parent Relationship": "Outer", "Parallel Aware": true, "Async Capable": false, "Relation Name": "store_sales", "Alias": "store_sales_7", "Startup Cost": 0.0, "Total Cost": 63697.18, "Plan Rows": 1200118, "Plan Width": 12}, {"Node Type": "Hash", "Parent Relationship": "Inner", "Parallel Aware": true, "Async Capable": false, "Startup Cost": 2159.35, "Total Cost": 2159.35, "Plan Rows": 1080, "Plan Width": 4, "Plans": [{"Node Type": "Seq Scan", "Parent Relationship": "Outer", "Parallel Aware": true, "Async Capable": false, "Relation Name": "time_dim", "Alias": "time_dim_7", "Startup Cost": 0.0, "Total Cost": 2159.35, "Plan Rows": 1080, "Plan Width": 4, "Filter": "((t_minute < 30) AND (t_hour = 12))"}]}]}, {"Node Type": "Hash", "Parent Relationship": "Inner", "Parallel Aware": false, "Async Capable": false, "Startup Cost": 233.0, "Total Cost": 233.0, "Plan Rows": 1656, "Plan Width": 4, "Plans": [{"Node Type": "Seq Scan", "Parent Relationship": "Outer", "Parallel Aware": false, "Async Capable": false, "Relation Name": "household_demographics", "Alias": "household_demographics_7", "Startup Cost": 0.0, "Total Cost": 233.0, "Plan Rows": 1656, "Plan Width": 4, "Filter": "(((hd_dep_count = 3) AND (hd_vehicle_count <= 5)) OR ((hd_dep_count = 0) AND (hd_vehicle_count <= 2)) OR ((hd_dep_count = 1) AND (hd_vehicle_count <= 3)))"}]}]}, {"Node Type": "Hash", "Parent Relationship": "Inner", "Parallel Aware": false, "Async Capable": false, "Startup Cost": 1.15, "Total Cost": 1.15, "Plan Rows": 1, "Plan Width": 4, "Plans": [{"Node Type": "Seq Scan", "Parent Relationship": "Outer", "Parallel Aware": false, "Async Capable": false, "Relation Name": "store", "Alias": "store_7", "Startup Cost": 0.0, "Total Cost": 1.15, "Plan Rows": 1, "Plan Width": 4, "Filter": "((s_store_name)::text = 'ese'::text)"}]}]}]}]}]}]}, "JIT": {"Functions": 279, "Options": {"Inlining": true, "Optimization": true, "Expressions": true, "Deforming": true}}}]]], [[[{"Plan": {"Node Type": "Limit", "Parallel Aware": false, "Async Capable": false, "Startup Cost": 71390.52, "Total Cost": 71390.77, "Plan Rows": 100, "Plan Width": 489, "Plans": [{"Node Type": "Sort", "Parent Relationship": "Outer", "Parallel Aware": false, "Async Capable": false, "Startup Cost": 71390.52, "Total Cost": 71390.78, "Plan Rows": 104, "Plan Width": 489, "Sort Key": ["((tmp1.sum_sales - tmp1.avg_monthly_sales))", "tmp1.s_store_name"], "Plans": [{"Node Type": "Subquery Scan", "Parent Relationship": "Outer", "Parallel Aware": false, "Async Capable": false, "Alias": "tmp1", "Startup Cost": 71317.67, "Total Cost": 71387.03, "Plan Rows": 104, "Plan Width": 489, "Filter": "(CASE WHEN (tmp1.avg_monthly_sales <> '0'::numeric) THEN (abs((tmp1.sum_sales - tmp1.avg_monthly_sales)) / tmp1.avg_monthly_sales) ELSE NULL::numeric END > 0.1)", "Plans": [{"Node Type": "WindowAgg", "Parent Relationship": "Subquery", "Parallel Aware": false, "Async Capable": false, "Startup Cost": 71317.67, "Total Cost": 71379.78, "Plan Rows": 311, "Plan Width": 457, "Plans": [{"Node Type": "Incremental Sort", "Parent Relationship": "Outer", "Parallel Aware": false, "Async Capable": false, "Startup Cost": 71317.67, "Total Cost": 71372.78, "Plan Rows": 311, "Plan Width": 425, "Sort Key": ["item.i_category", "item.i_brand", "store.s_store_name", "store.s_company_name"], "Presorted Key": ["item.i_category"], "Plans": [{"Node Type": "Aggregate", "Strategy": "Sorted", "Partial Mode": "Finalize", "Parent Relationship": "Outer", "Parallel Aware": false, "Async Capable": false, "Startup Cost": 71312.05, "Total Cost": 71355.37, "Plan Rows": 311, "Plan Width": 425, "Group Key": ["item.i_category", "item.i_class", "item.i_brand", "store.s_store_name", "store.s_company_name", "date_dim.d_moy"], "Plans": [{"Node Type": "Gather Merge", "Parent Relationship": "Outer", "Parallel Aware": false, "Async Capable": false, "Startup Cost": 71312.05, "Total Cost": 71346.28, "Plan Rows": 260, "Plan Width": 425, "Workers Planned": 2, "Plans": [{"Node Type": "Aggregate", "Strategy": "Sorted", "Partial Mode": "Partial", "Parent Relationship": "Outer", "Parallel Aware": false, "Async Capable": false, "Startup Cost": 70312.02, "Total Cost": 70316.25, "Plan Rows": 130, "Plan Width": 425, "Group Key": ["item.i_category", "item.i_class", "item.i_brand", "store.s_store_name", "store.s_company_name", "date_dim.d_moy"], "Plans": [{"Node Type": "Sort", "Parent Relationship": "Outer", "Parallel Aware": false, "Async Capable": false, "Startup Cost": 70312.02, "Total Cost": 70312.35, "Plan Rows": 130, "Plan Width": 399, "Sort Key": ["item.i_category", "item.i_class", "item.i_brand", "store.s_store_name", "store.s_company_name", "date_dim.d_moy"], "Plans": [{"Node Type": "Hash Join", "Parent Relationship": "Outer", "Parallel Aware": false, "Async Capable": false, "Join Type": "Inner", "Startup Cost": 3443.64, "Total Cost": 70307.46, "Plan Rows": 130, "Plan Width": 399, "Inner Unique": true, "Hash Cond": "(store_sales.ss_store_sk = store.s_store_sk)", "Plans": [{"Node Type": "Hash Join", "Parent Relationship": "Outer", "Parallel Aware": true, "Async Capable": false, "Join Type": "Inner", "Startup Cost": 3442.37, "Total Cost": 70305.74, "Plan Rows": 130, "Plan Width": 167, "Inner Unique": true, "Hash Cond": "(store_sales.ss_item_sk = item.i_item_sk)", "Plans": [{"Node Type": "Hash Join", "Parent Relationship": "Outer", "Parallel Aware": true, "Async Capable": false, "Join Type": "Inner", "Startup Cost": 1944.8, "Total Cost": 68792.47, "Plan Rows": 5980, "Plan Width": 18, "Inner Unique": true, "Hash Cond": "(store_sales.ss_sold_date_sk = date_dim.d_date_sk)", "Plans": [{"Node Type": "Seq Scan", "Parent Relationship": "Outer", "Parallel Aware": true, "Async Capable": false, "Relation Name": "store_sales", "Alias": "store_sales", "Startup Cost": 0.0, "Total Cost": 63697.18, "Plan Rows": 1200118, "Plan Width": 18}, {"Node Type": "Hash", "Parent Relationship": "Inner", "Parallel Aware": true, "Async Capable": false, "Startup Cost": 1942.12, "Total Cost": 1942.12, "Plan Rows": 214, "Plan Width": 8, "Plans": [{"Node Type": "Seq Scan", "Parent Relationship": "Outer", "Parallel Aware": true, "Async Capable": false, "Relation Name": "date_dim", "Alias": "date_dim", "Startup Cost": 0.0, "Total Cost": 1942.12, "Plan Rows": 214, "Plan Width": 8, "Filter": "(d_year = 2000)"}]}]}, {"Node Type": "Hash", "Parent Relationship": "Inner", "Parallel Aware": true, "Async Capable": false, "Startup Cost": 1494.71, "Total Cost": 1494.71, "Plan Rows": 229, "Plan Width": 157, "Plans": [{"Node Type": "Seq Scan", "Parent Relationship": "Outer", "Parallel Aware": true, "Async Capable": false, "Relation Name": "item", "Alias": "item", "Startup Cost": 0.0, "Total Cost": 1494.71, "Plan Rows": 229, "Plan Width": 157, "Filter": "(((i_category = ANY ('{Home,Books,Electronics}'::bpchar[])) AND (i_class = ANY ('{wallpaper,parenting,musical}'::bpchar[]))) OR ((i_category = ANY ('{Shoes,Jewelry,Men}'::bpchar[])) AND (i_class = ANY ('{womens,birdal,pants}'::bpchar[]))))"}]}]}, {"Node Type": "Hash", "Parent Relationship": "Inner", "Parallel Aware": false, "Async Capable": false, "Startup Cost": 1.12, "Total Cost": 1.12, "Plan Rows": 12, "Plan Width": 240, "Plans": [{"Node Type": "Seq Scan", "Parent Relationship": "Outer", "Parallel Aware": false, "Async Capable": false, "Relation Name": "store", "Alias": "store", "Startup Cost": 0.0, "Total Cost": 1.12, "Plan Rows": 12, "Plan Width": 240}]}]}]}]}]}]}]}]}]}]}]}}]]], [[[{"Plan": {"Node Type": "Limit", "Parallel Aware": false, "Async Capable": false, "Startup Cost": 10000051953.85, "Total Cost": 10000051953.85, "Plan Rows": 1, "Plan Width": 32, "Plans": [{"Node Type": "Sort", "Parent Relationship": "Outer", "Parallel Aware": false, "Async Capable": false, "Startup Cost": 10000051953.85, "Total Cost": 10000051953.85, "Plan Rows": 1, "Plan Width": 32, "Sort Key": ["((((count(*)))::numeric(15,4) / ((count(*)))::numeric(15,4)))"], "Plans": [{"Node Type": "Nested Loop", "Parent Relationship": "Outer", "Parallel Aware": false, "Async Capable": false, "Join Type": "Inner", "Startup Cost": 10000051953.78, "Total Cost": 10000051953.84, "Plan Rows": 1, "Plan Width": 32, "Inner Unique": false, "Plans": [{"Node Type": "Aggregate", "Strategy": "Plain", "Partial Mode": "Finalize", "Parent Relationship": "Outer", "Parallel Aware": false, "Async Capable": false, "Startup Cost": 25976.51, "Total Cost": 25976.52, "Plan Rows": 1, "Plan Width": 8, "Plans": [{"Node Type": "Gather", "Parent Relationship": "Outer", "Parallel Aware": false, "Async Capable": false, "Startup Cost": 25976.39, "Total Cost": 25976.5, "Plan Rows": 1, "Plan Width": 8, "Workers Planned": 1, "Single Copy": false, "Plans": [{"Node Type": "Aggregate", "Strategy": "Plain", "Partial Mode": "Partial", "Parent Relationship": "Outer", "Parallel Aware": false, "Async Capable": false, "Startup Cost": 24976.39, "Total Cost": 24976.4, "Plan Rows": 1, "Plan Width": 8, "Plans": [{"Node Type": "Hash Join", "Parent Relationship": "Outer", "Parallel Aware": true, "Async Capable": false, "Join Type": "Inner", "Startup Cost": 22800.48, "Total Cost": 24976.1, "Plan Rows": 117, "Plan Width": 0, "Inner Unique": false, "Hash Cond": "(time_dim.t_time_sk = web_sales.ws_sold_time_sk)", "Plans": [{"Node Type": "Seq Scan", "Parent Relationship": "Outer", "Parallel Aware": true, "Async Capable": false, "Relation Name": "time_dim", "Alias": "time_dim", "Startup Cost": 0.0, "Total Cost": 2159.35, "Plan Rows": 4208, "Plan Width": 4, "Filter": "((t_hour >= 6) AND (t_hour <= 7))"}, {"Node Type": "Hash", "Parent Relationship": "Inner", "Parallel Aware": true, "Async Capable": false, "Startup Cost": 22787.99, "Total Cost": 22787.99, "Plan Rows": 999, "Plan Width": 4, "Plans": [{"Node Type": "Hash Join", "Parent Relationship": "Outer", "Parallel Aware": false, "Async Capable": false, "Join Type": "Inner", "Startup Cost": 154.93, "Total Cost": 22787.99, "Plan Rows": 999, "Plan Width": 4, "Inner Unique": true, "Hash Cond": "(web_sales.ws_ship_hdemo_sk = household_demographics.hd_demo_sk)", "Plans": [{"Node Type": "Hash Join", "Parent Relationship": "Outer", "Parallel Aware": false, "Async Capable": false, "Join Type": "Inner", "Startup Cost": 2.92, "Total Cost": 22609.75, "Plan Rows": 9991, "Plan Width": 8, "Inner Unique": true, "Hash Cond": "(web_sales.ws_web_page_sk = web_page.wp_web_page_sk)", "Plans": [{"Node Type": "Seq Scan", "Parent Relationship": "Outer", "Parallel Aware": true, "Async Capable": false, "Relation Name": "web_sales", "Alias": "web_sales", "Startup Cost": 0.0, "Total Cost": 21764.43, "Plan Rows": 299743, "Plan Width": 12}, {"Node Type": "Hash", "Parent Relationship": "Inner", "Parallel Aware": false, "Async Capable": false, "Startup Cost": 2.9, "Total Cost": 2.9, "Plan Rows": 2, "Plan Width": 4, "Plans": [{"Node Type": "Seq Scan", "Parent Relationship": "Outer", "Parallel Aware": false, "Async Capable": false, "Relation Name": "web_page", "Alias": "web_page", "Startup Cost": 0.0, "Total Cost": 2.9, "Plan Rows": 2, "Plan Width": 4, "Filter": "((wp_char_count >= 5000) AND (wp_char_count <= 5200))"}]}]}, {"Node Type": "Hash", "Parent Relationship": "Inner", "Parallel Aware": false, "Async Capable": false, "Startup Cost": 143.0, "Total Cost": 143.0, "Plan Rows": 720, "Plan Width": 4, "Plans": [{"Node Type": "Seq Scan", "Parent Relationship": "Outer", "Parallel Aware": false, "Async Capable": false, "Relation Name": "household_demographics", "Alias": "household_demographics", "Startup Cost": 0.0, "Total Cost": 143.0, "Plan Rows": 720, "Plan Width": 4, "Filter": "(hd_dep_count = 8)"}]}]}]}]}]}]}]}, {"Node Type": "Aggregate", "Strategy": "Plain", "Partial Mode": "Finalize", "Parent Relationship": "Inner", "Parallel Aware": false, "Async Capable": false, "Startup Cost": 25977.27, "Total Cost": 25977.28, "Plan Rows": 1, "Plan Width": 8, "Plans": [{"Node Type": "Gather", "Parent Relationship": "Outer", "Parallel Aware": false, "Async Capable": false, "Startup Cost": 25977.16, "Total Cost": 25977.27, "Plan Rows": 1, "Plan Width": 8, "Workers Planned": 1, "Single Copy": false, "Plans": [{"Node Type": "Aggregate", "Strategy": "Plain", "Partial Mode": "Partial", "Parent Relationship": "Outer", "Parallel Aware": false, "Async Capable": false, "Startup Cost": 24977.16, "Total Cost": 24977.17, "Plan Rows": 1, "Plan Width": 8, "Plans": [{"Node Type": "Hash Join", "Parent Relationship": "Outer", "Parallel Aware": true, "Async Capable": false, "Join Type": "Inner", "Startup Cost": 22800.48, "Total Cost": 24976.85, "Plan Rows": 122, "Plan Width": 0, "Inner Unique": false, "Hash Cond": "(time_dim_1.t_time_sk = web_sales_1.ws_sold_time_sk)", "Plans": [{"Node Type": "Seq Scan", "Parent Relationship": "Outer", "Parallel Aware": true, "Async Capable": false, "Relation Name": "time_dim", "Alias": "time_dim_1", "Startup Cost": 0.0, "Total Cost": 2159.35, "Plan Rows": 4403, "Plan Width": 4, "Filter": "((t_hour >= 14) AND (t_hour <= 15))"}, {"Node Type": "Hash", "Parent Relationship": "Inner", "Parallel Aware": true, "Async Capable": false, "Startup Cost": 22787.99, "Total Cost": 22787.99, "Plan Rows": 999, "Plan Width": 4, "Plans": [{"Node Type": "Hash Join", "Parent Relationship": "Outer", "Parallel Aware": false, "Async Capable": false, "Join Type": "Inner", "Startup Cost": 154.93, "Total Cost": 22787.99, "Plan Rows": 999, "Plan Width": 4, "Inner Unique": true, "Hash Cond": "(web_sales_1.ws_ship_hdemo_sk = household_demographics_1.hd_demo_sk)", "Plans": [{"Node Type": "Hash Join", "Parent Relationship": "Outer", "Parallel Aware": false, "Async Capable": false, "Join Type": "Inner", "Startup Cost": 2.92, "Total Cost": 22609.75, "Plan Rows": 9991, "Plan Width": 8, "Inner Unique": true, "Hash Cond": "(web_sales_1.ws_web_page_sk = web_page_1.wp_web_page_sk)", "Plans": [{"Node Type": "Seq Scan", "Parent Relationship": "Outer", "Parallel Aware": true, "Async Capable": false, "Relation Name": "web_sales", "Alias": "web_sales_1", "Startup Cost": 0.0, "Total Cost": 21764.43, "Plan Rows": 299743, "Plan Width": 12}, {"Node Type": "Hash", "Parent Relationship": "Inner", "Parallel Aware": false, "Async Capable": false, "Startup Cost": 2.9, "Total Cost": 2.9, "Plan Rows": 2, "Plan Width": 4, "Plans": [{"Node Type": "Seq Scan", "Parent Relationship": "Outer", "Parallel Aware": false, "Async Capable": false, "Relation Name": "web_page", "Alias": "web_page_1", "Startup Cost": 0.0, "Total Cost": 2.9, "Plan Rows": 2, "Plan Width": 4, "Filter": "((wp_char_count >= 5000) AND (wp_char_count <= 5200))"}]}]}, {"Node Type": "Hash", "Parent Relationship": "Inner", "Parallel Aware": false, "Async Capable": false, "Startup Cost": 143.0, "Total Cost": 143.0, "Plan Rows": 720, "Plan Width": 4, "Plans": [{"Node Type": "Seq Scan", "Parent Relationship": "Outer", "Parallel Aware": false, "Async Capable": false, "Relation Name": "household_demographics", "Alias": "household_demographics_1", "Startup Cost": 0.0, "Total Cost": 143.0, "Plan Rows": 720, "Plan Width": 4, "Filter": "(hd_dep_count = 8)"}]}]}]}]}]}]}]}]}]}]}, "JIT": {"Functions": 70, "Options": {"Inlining": true, "Optimization": true, "Expressions": true, "Deforming": true}}}]]], [[[{"Plan": {"Node Type": "Sort", "Parallel Aware": false, "Async Capable": false, "Startup Cost": 50254.57, "Total Cost": 50254.58, "Plan Rows": 1, "Plan Width": 339, "Sort Key": ["(sum(catalog_returns.cr_net_loss)) DESC"], "Plans": [{"Node Type": "Aggregate", "Strategy": "Sorted", "Partial Mode": "Simple", "Parent Relationship": "Outer", "Parallel Aware": false, "Async Capable": false, "Startup Cost": 50254.53, "Total Cost": 50254.56, "Plan Rows": 1, "Plan Width": 339, "Group Key": ["call_center.cc_call_center_id", "call_center.cc_name", "call_center.cc_manager", "customer_demographics.cd_marital_status", "customer_demographics.cd_education_status"], "Plans": [{"Node Type": "Sort", "Parent Relationship": "Outer", "Parallel Aware": false, "Async Capable": false, "Startup Cost": 50254.53, "Total Cost": 50254.53, "Plan Rows": 1, "Plan Width": 313, "Sort Key": ["call_center.cc_call_center_id", "call_center.cc_name", "call_center.cc_manager", "customer_demographics.cd_marital_status", "customer_demographics.cd_education_status"], "Plans": [{"Node Type": "Hash Join", "Parent Relationship": "Outer", "Parallel Aware": false, "Async Capable": false, "Join Type": "Inner", "Startup Cost": 12251.47, "Total Cost": 50254.52, "Plan Rows": 1, "Plan Width": 313, "Inner Unique": true, "Hash Cond": "(catalog_returns.cr_call_center_sk = call_center.cc_call_center_sk)", "Plans": [{"Node Type": "Gather", "Parent Relationship": "Outer", "Parallel Aware": false, "Async Capable": false, "Startup Cost": 12250.33, "Total Cost": 50253.38, "Plan Rows": 1, "Plan Width": 33, "Workers Planned": 2, "Single Copy": false, "Plans": [{"Node Type": "Hash Join", "Parent Relationship": "Outer", "Parallel Aware": true, "Async Capable": false, "Join Type": "Inner", "Startup Cost": 11250.33, "Total Cost": 49253.28, "Plan Rows": 1, "Plan Width": 33, "Inner Unique": false, "Hash Cond": "(customer_demographics.cd_demo_sk = customer.c_current_cdemo_sk)", "Plans": [{"Node Type": "Seq Scan", "Parent Relationship": "Outer", "Parallel Aware": true, "Async Capable": false, "Relation Name": "customer_demographics", "Alias": "customer_demographics", "Startup Cost": 0.0, "Total Cost": 37834.67, "Plan Rows": 44873, "Plan Width": 27, "Filter": "(((cd_marital_status = 'M'::bpchar) AND (cd_education_status = 'Unknown'::bpchar)) OR ((cd_marital_status = 'W'::bpchar) AND (cd_education_status = 'Advanced Degree'::bpchar)))"}, {"Node Type": "Hash", "Parent Relationship": "Inner", "Parallel Aware": true, "Async Capable": false, "Startup Cost": 11250.32, "Total Cost": 11250.32, "Plan Rows": 1, "Plan Width": 14, "Plans": [{"Node Type": "Hash Join", "Parent Relationship": "Outer", "Parallel Aware": true, "Async Capable": false, "Join Type": "Inner", "Startup Cost": 9783.74, "Total Cost": 11250.32, "Plan Rows": 1, "Plan Width": 14, "Inner Unique": false, "Hash Cond": "(customer_address.ca_address_sk = customer.c_current_addr_sk)", "Plans": [{"Node Type": "Seq Scan", "Parent Relationship": "Outer", "Parallel Aware": true, "Async Capable": false, "Relation Name": "customer_address", "Alias": "customer_address", "Startup Cost": 0.0, "Total Cost": 1454.65, "Plan Rows": 3179, "Plan Width": 4, "Filter": "(ca_gmt_offset = '-7'::numeric)"}, {"Node Type": "Hash", "Parent Relationship": "Inner", "Parallel Aware": true, "Async Capable": false, "Startup Cost": 9783.66, "Total Cost": 9783.66, "Plan Rows": 6, "Plan Width": 18, "Plans": [{"Node Type": "Hash Join", "Parent Relationship": "Outer", "Parallel Aware": true, "Async Capable": false, "Join Type": "Inner", "Startup Cost": 6155.13, "Total Cost": 9783.66, "Plan Rows": 6, "Plan Width": 18, "Inner Unique": false, "Hash Cond": "(customer.c_customer_sk = catalog_returns.cr_returning_customer_sk)", "Plans": [{"Node Type": "Hash Join", "Parent Relationship": "Outer", "Parallel Aware": false, "Async Capable": false, "Join Type": "Inner", "Startup Cost": 158.0, "Total Cost": 3749.74, "Plan Rows": 9804, "Plan Width": 12, "Inner Unique": true, "Hash Cond": "(customer.c_current_hdemo_sk = household_demographics.hd_demo_sk)", "Plans": [{"Node Type": "Seq Scan", "Parent Relationship": "Outer", "Parallel Aware": true, "Async Capable": false, "Relation Name": "customer", "Alias": "customer", "Startup Cost": 0.0, "Total Cost": 3437.24, "Plan Rows": 58824, "Plan Width": 16}, {"Node Type": "Hash", "Parent Relationship": "Inner", "Parallel Aware": false, "Async Capable": false, "Startup Cost": 143.0, "Total Cost": 143.0, "Plan Rows": 1200, "Plan Width": 4, "Plans": [{"Node Type": "Seq Scan", "Parent Relationship": "Outer", "Parallel Aware": false, "Async Capable": false, "Relation Name": "household_demographics", "Alias": "household_demographics", "Startup Cost": 0.0, "Total Cost": 143.0, "Plan Rows": 1200, "Plan Width": 4, "Filter": "(hd_buy_potential ~~ '0-500%'::text)"}]}]}, {"Node Type": "Hash", "Parent Relationship": "Inner", "Parallel Aware": true, "Async Capable": false, "Startup Cost": 5996.69, "Total Cost": 5996.69, "Plan Rows": 35, "Plan Width": 14, "Plans": [{"Node Type": "Hash Join", "Parent Relationship": "Outer", "Parallel Aware": true, "Async Capable": false, "Join Type": "Inner", "Startup Cost": 2049.78, "Total Cost": 5996.69, "Plan Rows": 35, "Plan Width": 14, "Inner Unique": true, "Hash Cond": "(catalog_returns.cr_returned_date_sk = date_dim.d_date_sk)", "Plans": [{"Node Type": "Seq Scan", "Parent Relationship": "Outer", "Parallel Aware": true, "Async Capable": false, "Relation Name": "catalog_returns", "Alias": "catalog_returns", "Startup Cost": 0.0, "Total Cost": 3724.45, "Plan Rows": 84745, "Plan Width": 18}, {"Node Type": "Hash", "Parent Relationship": "Inner", "Parallel Aware": true, "Async Capable": false, "Startup Cost": 2049.55, "Total Cost": 2049.55, "Plan Rows": 18, "Plan Width": 4, "Plans": [{"Node Type": "Seq Scan", "Parent Relationship": "Outer", "Parallel Aware": true, "Async Capable": false, "Relation Name": "date_dim", "Alias": "date_dim", "Startup Cost": 0.0, "Total Cost": 2049.55, "Plan Rows": 18, "Plan Width": 4, "Filter": "((d_year = 1999) AND (d_moy = 11))"}]}]}]}]}]}]}]}]}]}, {"Node Type": "Hash", "Parent Relationship": "Inner", "Parallel Aware": false, "Async Capable": false, "Startup Cost": 1.06, "Total Cost": 1.06, "Plan Rows": 6, "Plan Width": 288, "Plans": [{"Node Type": "Seq Scan", "Parent Relationship": "Outer", "Parallel Aware": false, "Async Capable": false, "Relation Name": "call_center", "Alias": "call_center", "Startup Cost": 0.0, "Total Cost": 1.06, "Plan Rows": 6, "Plan Width": 288}]}]}]}]}]}}]]], [[[{"Plan": {"Node Type": "Limit", "Parallel Aware": false, "Async Capable": false, "Startup Cost": 27147.67, "Total Cost": 27147.67, "Plan Rows": 1, "Plan Width": 32, "Plans": [{"Node Type": "Sort", "Parent Relationship": "Outer", "Parallel Aware": false, "Async Capable": false, "Startup Cost": 27147.67, "Total Cost": 27147.67, "Plan Rows": 1, "Plan Width": 32, "Sort Key": ["(sum(web_sales.ws_ext_discount_amt))"], "Plans": [{"Node Type": "Aggregate", "Strategy": "Plain", "Partial Mode": "Simple", "Parent Relationship": "Outer", "Parallel Aware": false, "Async Capable": false, "Startup Cost": 27147.65, "Total Cost": 27147.66, "Plan Rows": 1, "Plan Width": 32, "Plans": [{"Node Type": "Hash Join", "Parent Relationship": "Outer", "Parallel Aware": false, "Async Capable": false, "Join Type": "Inner", "Startup Cost": 4505.41, "Total Cost": 27147.64, "Plan Rows": 1, "Plan Width": 6, "Inner Unique": true, "Hash Cond": "(web_sales.ws_item_sk = item.i_item_sk)", "Join Filter": "(web_sales.ws_ext_discount_amt > (SubPlan 1))", "Plans": [{"Node Type": "Gather", "Parent Relationship": "Outer", "Parallel Aware": false, "Async Capable": false, "Startup Cost": 3050.21, "Total Cost": 25690.12, "Plan Rows": 886, "Plan Width": 10, "Workers Planned": 2, "Single Copy": false, "Plans": [{"Node Type": "Hash Join", "Parent Relationship": "Outer", "Parallel Aware": true, "Async Capable": false, "Join Type": "Inner", "Startup Cost": 2050.21, "Total Cost": 24601.52, "Plan Rows": 369, "Plan Width": 10, "Inner Unique": true, "Hash Cond": "(web_sales.ws_sold_date_sk = date_dim.d_date_sk)", "Plans": [{"Node Type": "Seq Scan", "Parent Relationship": "Outer", "Parallel Aware": true, "Async Capable": false, "Relation Name": "web_sales", "Alias": "web_sales", "Startup Cost": 0.0, "Total Cost": 21764.43, "Plan Rows": 299743, "Plan Width": 14}, {"Node Type": "Hash", "Parent Relationship": "Inner", "Parallel Aware": true, "Async Capable": false, "Startup Cost": 2049.55, "Total Cost": 2049.55, "Plan Rows": 53, "Plan Width": 4, "Plans": [{"Node Type": "Seq Scan", "Parent Relationship": "Outer", "Parallel Aware": true, "Async Capable": false, "Relation Name": "date_dim", "Alias": "date_dim", "Startup Cost": 0.0, "Total Cost": 2049.55, "Plan Rows": 53, "Plan Width": 4, "Filter": "((d_date >= '1998-03-18'::date) AND (d_date <= '1998-06-16 00:00:00'::timestamp without time zone))"}]}]}]}, {"Node Type": "Hash", "Parent Relationship": "Inner", "Parallel Aware": false, "Async Capable": false, "Startup Cost": 1455.0, "Total Cost": 1455.0, "Plan Rows": 16, "Plan Width": 4, "Plans": [{"Node Type": "Seq Scan", "Parent Relationship": "Outer", "Parallel Aware": false, "Async Capable": false, "Relation Name": "item", "Alias": "item", "Startup Cost": 0.0, "Total Cost": 1455.0, "Plan Rows": 16, "Plan Width": 4, "Filter": "(i_manufact_id = 269)"}]}, {"Node Type": "Aggregate", "Strategy": "Plain", "Partial Mode": "Simple", "Parent Relationship": "SubPlan", "Subplan Name": "SubPlan 1", "Parallel Aware": false, "Async Capable": false, "Startup Cost": 2096.97, "Total Cost": 2096.98, "Plan Rows": 1, "Plan Width": 32, "Plans": [{"Node Type": "Merge Join", "Parent Relationship": "Outer", "Parallel Aware": false, "Async Capable": false, "Join Type": "Inner", "Startup Cost": 1974.16, "Total Cost": 2096.97, "Plan Rows": 1, "Plan Width": 6, "Inner Unique": false, "Merge Cond": "(date_dim_1.d_date_sk = web_sales_1.ws_sold_date_sk)", "Plans": [{"Node Type": "Index Scan", "Parent Relationship": "Outer", "Parallel Aware": false, "Async Capable": false, "Scan Direction": "Forward", "Index Name": "date_dim_pkey", "Relation Name": "date_dim", "Alias": "date_dim_1", "Startup Cost": 0.29, "Total Cost": 3677.27, "Plan Rows": 90, "Plan Width": 4, "Filter": "((d_date >= '1998-03-18'::date) AND (d_date <= '1998-06-16 00:00:00'::timestamp without time zone))"}, {"Node Type": "Sort", "Parent Relationship": "Inner", "Parallel Aware": false, "Async Capable": false, "Startup Cost": 176.13, "Total Cost": 176.24, "Plan Rows": 44, "Plan Width": 10, "Sort Key": ["web_sales_1.ws_sold_date_sk"], "Plans": [{"Node Type": "Bitmap Heap Scan", "Parent Relationship": "Outer", "Parallel Aware": false, "Async Capable": false, "Relation Name": "web_sales", "Alias": "web_sales_1", "Startup Cost": 4.77, "Total Cost": 174.92, "Plan Rows": 44, "Plan Width": 10, "Recheck Cond": "(ws_item_sk = item.i_item_sk)", "Plans": [{"Node Type": "Bitmap Index Scan", "Parent Relationship": "Outer", "Parallel Aware": false, "Async Capable": false, "Index Name": "web_sales_pkey", "Startup Cost": 0.0, "Total Cost": 4.75, "Plan Rows": 44, "Plan Width": 0, "Index Cond": "(ws_item_sk = item.i_item_sk)"}]}]}]}]}]}]}]}]}}]]], [[[{"Plan": {"Node Type": "Limit", "Parallel Aware": false, "Async Capable": false, "Startup Cost": 80092.6, "Total Cost": 80092.62, "Plan Rows": 10, "Plan Width": 36, "Plans": [{"Node Type": "Sort", "Parent Relationship": "Outer", "Parallel Aware": false, "Async Capable": false, "Startup Cost": 80092.6, "Total Cost": 80092.62, "Plan Rows": 10, "Plan Width": 36, "Sort Key": ["(sum(CASE WHEN (store_returns.sr_return_quantity IS NOT NULL) THEN (((store_sales.ss_quantity - store_returns.sr_return_quantity))::numeric * store_sales.ss_sales_price) ELSE ((store_sales.ss_quantity)::numeric * store_sales.ss_sales_price) END))", "store_sales.ss_customer_sk"], "Plans": [{"Node Type": "Aggregate", "Strategy": "Sorted", "Partial Mode": "Finalize", "Parent Relationship": "Outer", "Parallel Aware": false, "Async Capable": false, "Startup Cost": 80091.19, "Total Cost": 80092.43, "Plan Rows": 10, "Plan Width": 36, "Group Key": ["store_sales.ss_customer_sk"], "Plans": [{"Node Type": "Gather Merge", "Parent Relationship": "Outer", "Parallel Aware": false, "Async Capable": false, "Startup Cost": 80091.19, "Total Cost": 80092.25, "Plan Rows": 8, "Plan Width": 36, "Workers Planned": 2, "Plans": [{"Node Type": "Aggregate", "Strategy": "Sorted", "Partial Mode": "Partial", "Parent Relationship": "Outer", "Parallel Aware": false, "Async Capable": false, "Startup Cost": 79091.17, "Total Cost": 79091.3, "Plan Rows": 4, "Plan Width": 36, "Group Key": ["store_sales.ss_customer_sk"], "Plans": [{"Node Type": "Sort", "Parent Relationship": "Outer", "Parallel Aware": false, "Async Capable": false, "Startup Cost": 79091.17, "Total Cost": 79091.18, "Plan Rows": 4, "Plan Width": 18, "Sort Key": ["store_sales.ss_customer_sk"], "Plans": [{"Node Type": "Hash Join", "Parent Relationship": "Outer", "Parallel Aware": true, "Async Capable": false, "Join Type": "Inner", "Startup Cost": 6393.04, "Total Cost": 79091.13, "Plan Rows": 4, "Plan Width": 18, "Inner Unique": false, "Hash Cond": "((store_sales.ss_item_sk = store_returns.sr_item_sk) AND (store_sales.ss_ticket_number = store_returns.sr_ticket_number))", "Plans": [{"Node Type": "Seq Scan", "Parent Relationship": "Outer", "Parallel Aware": true, "Async Capable": false, "Relation Name": "store_sales", "Alias": "store_sales", "Startup Cost": 0.0, "Total Cost": 63697.18, "Plan Rows": 1200118, "Plan Width": 22}, {"Node Type": "Hash", "Parent Relationship": "Inner", "Parallel Aware": true, "Async Capable": false, "Startup Cost": 6341.7, "Total Cost": 6341.7, "Plan Rows": 3423, "Plan Width": 12, "Plans": [{"Node Type": "Hash Join", "Parent Relationship": "Outer", "Parallel Aware": false, "Async Capable": false, "Join Type": "Inner", "Startup Cost": 1.45, "Total Cost": 6341.7, "Plan Rows": 3423, "Plan Width": 12, "Inner Unique": true, "Hash Cond": "(store_returns.sr_reason_sk = reason.r_reason_sk)", "Plans": [{"Node Type": "Seq Scan", "Parent Relationship": "Outer", "Parallel Aware": true, "Async Capable": false, "Relation Name": "store_returns", "Alias": "store_returns", "Startup Cost": 0.0, "Total Cost": 5988.98, "Plan Rows": 119798, "Plan Width": 16}, {"Node Type": "Hash", "Parent Relationship": "Inner", "Parallel Aware": false, "Async Capable": false, "Startup Cost": 1.44, "Total Cost": 1.44, "Plan Rows": 1, "Plan Width": 4, "Plans": [{"Node Type": "Seq Scan", "Parent Relationship": "Outer", "Parallel Aware": false, "Async Capable": false, "Relation Name": "reason", "Alias": "reason", "Startup Cost": 0.0, "Total Cost": 1.44, "Plan Rows": 1, "Plan Width": 4, "Filter": "(r_reason_desc = 'Did not like the warranty'::bpchar)"}]}]}]}]}]}]}]}]}]}]}}]]], [[[{"Plan": {"Node Type": "Limit", "Parallel Aware": false, "Async Capable": false, "Startup Cost": 57049.43, "Total Cost": 57049.44, "Plan Rows": 1, "Plan Width": 72, "Plans": [{"Node Type": "Sort", "Parent Relationship": "Outer", "Parallel Aware": false, "Async Capable": false, "Startup Cost": 57049.43, "Total Cost": 57049.44, "Plan Rows": 1, "Plan Width": 72, "Sort Key": ["(count(DISTINCT ws1.ws_order_number))"], "Plans": [{"Node Type": "Aggregate", "Strategy": "Plain", "Partial Mode": "Simple", "Parent Relationship": "Outer", "Parallel Aware": false, "Async Capable": false, "Startup Cost": 57049.41, "Total Cost": 57049.42, "Plan Rows": 1, "Plan Width": 72, "Plans": [{"Node Type": "Hash Join", "Parent Relationship": "Outer", "Parallel Aware": false, "Async Capable": false, "Join Type": "Inner", "Startup Cost": 33323.52, "Total Cost": 57049.4, "Plan Rows": 1, "Plan Width": 16, "Inner Unique": true, "Hash Cond": "(ws1.ws_ship_addr_sk = customer_address.ca_address_sk)", "Plans": [{"Node Type": "Gather", "Parent Relationship": "Outer", "Parallel Aware": false, "Async Capable": false, "Startup Cost": 31562.49, "Total Cost": 55288.36, "Plan Rows": 7, "Plan Width": 20, "Workers Planned": 2, "Single Copy": false, "Plans": [{"Node Type": "Hash Join", "Parent Relationship": "Outer", "Parallel Aware": true, "Async Capable": false, "Join Type": "Semi", "Startup Cost": 30562.49, "Total Cost": 54287.66, "Plan Rows": 3, "Plan Width": 20, "Inner Unique": false, "Hash Cond": "(ws1.ws_order_number = ws2.ws_order_number)", "Join Filter": "(ws1.ws_warehouse_sk <> ws2.ws_warehouse_sk)", "Plans": [{"Node Type": "Hash Join", "Parent Relationship": "Outer", "Parallel Aware": true, "Async Capable": false, "Join Type": "Anti", "Startup Cost": 3880.27, "Total Cost": 26432.39, "Plan Rows": 3, "Plan Width": 24, "Inner Unique": false, "Hash Cond": "(ws1.ws_order_number = wr1.wr_order_number)", "Plans": [{"Node Type": "Hash Join", "Parent Relationship": "Outer", "Parallel Aware": false, "Async Capable": false, "Join Type": "Inner", "Startup Cost": 2052.39, "Total Cost": 24604.44, "Plan Rows": 8, "Plan Width": 24, "Inner Unique": true, "Hash Cond": "(ws1.ws_web_site_sk = web_site.web_site_sk)", "Plans": [{"Node Type": "Hash Join", "Parent Relationship": "Outer", "Parallel Aware": true, "Async Capable": false, "Join Type": "Inner", "Startup Cost": 2050.0, "Total Cost": 24601.3, "Plan Rows": 250, "Plan Width": 28, "Inner Unique": true, "Hash Cond": "(ws1.ws_ship_date_sk = date_dim.d_date_sk)", "Plans": [{"Node Type": "Seq Scan", "Parent Relationship": "Outer", "Parallel Aware": true, "Async Capable": false, "Relation Name": "web_sales", "Alias": "ws1", "Startup Cost": 0.0, "Total Cost": 21764.43, "Plan Rows": 299743, "Plan Width": 32}, {"Node Type": "Hash", "Parent Relationship": "Inner", "Parallel Aware": true, "Async Capable": false, "Startup Cost": 2049.55, "Total Cost": 2049.55, "Plan Rows": 36, "Plan Width": 4, "Plans": [{"Node Type": "Seq Scan", "Parent Relationship": "Outer", "Parallel Aware": true, "Async Capable": false, "Relation Name": "date_dim", "Alias": "date_dim", "Startup Cost": 0.0, "Total Cost": 2049.55, "Plan Rows": 36, "Plan Width": 4, "Filter": "((d_date >= '1999-05-01'::date) AND (d_date <= '1999-06-30 00:00:00'::timestamp without time zone))"}]}]}, {"Node Type": "Hash", "Parent Relationship": "Inner", "Parallel Aware": false, "Async Capable": false, "Startup Cost": 2.38, "Total Cost": 2.38, "Plan Rows": 1, "Plan Width": 4, "Plans": [{"Node Type": "Seq Scan", "Parent Relationship": "Outer", "Parallel Aware": false, "Async Capable": false, "Relation Name": "web_site", "Alias": "web_site", "Startup Cost": 0.0, "Total Cost": 2.38, "Plan Rows": 1, "Plan Width": 4, "Filter": "(web_company_name = 'pri'::bpchar)"}]}]}, {"Node Type": "Hash", "Parent Relationship": "Inner", "Parallel Aware": true, "Async Capable": false, "Startup Cost": 1454.12, "Total Cost": 1454.12, "Plan Rows": 29901, "Plan Width": 4, "Plans": [{"Node Type": "Index Only Scan", "Parent Relationship": "Outer", "Parallel Aware": true, "Async Capable": false, "Scan Direction": "Forward", "Index Name": "web_returns_pkey", "Relation Name": "web_returns", "Alias": "wr1", "Startup Cost": 0.29, "Total Cost": 1454.12, "Plan Rows": 29901, "Plan Width": 4}]}]}, {"Node Type": "Hash", "Parent Relationship": "Inner", "Parallel Aware": true, "Async Capable": false, "Startup Cost": 21764.43, "Total Cost": 21764.43, "Plan Rows": 299743, "Plan Width": 8, "Plans": [{"Node Type": "Seq Scan", "Parent Relationship": "Outer", "Parallel Aware": true, "Async Capable": false, "Relation Name": "web_sales", "Alias": "ws2", "Startup Cost": 0.0, "Total Cost": 21764.43, "Plan Rows": 299743, "Plan Width": 8}]}]}]}, {"Node Type": "Hash", "Parent Relationship": "Inner", "Parallel Aware": false, "Async Capable": false, "Startup Cost": 1712.0, "Total Cost": 1712.0, "Plan Rows": 3922, "Plan Width": 4, "Plans": [{"Node Type": "Seq Scan", "Parent Relationship": "Outer", "Parallel Aware": false, "Async Capable": false, "Relation Name": "customer_address", "Alias": "customer_address", "Startup Cost": 0.0, "Total Cost": 1712.0, "Plan Rows": 3922, "Plan Width": 4, "Filter": "(ca_state = 'TX'::bpchar)"}]}]}]}]}]}}]]], [[[{"Plan": {"Node Type": "Limit", "Parallel Aware": false, "Async Capable": false, "Startup Cost": 1080415.33, "Total Cost": 1080415.34, "Plan Rows": 1, "Plan Width": 72, "Plans": [{"Node Type": "Hash Join", "Parent Relationship": "InitPlan", "Subplan Name": "CTE ws_wh", "Parallel Aware": false, "Async Capable": false, "Join Type": "Inner", "Startup Cost": 37764.14, "Total Cost": 196164.99, "Plan Rows": 7131706, "Plan Width": 12, "Inner Unique": false, "Hash Cond": "(ws1_1.ws_order_number = ws2.ws_order_number)", "Join Filter": "(ws1_1.ws_warehouse_sk <> ws2.ws_warehouse_sk)", "Plans": [{"Node Type": "Seq Scan", "Parent Relationship": "Outer", "Parallel Aware": false, "Async Capable": false, "Relation Name": "web_sales", "Alias": "ws1_1", "Startup Cost": 0.0, "Total Cost": 25960.84, "Plan Rows": 719384, "Plan Width": 8}, {"Node Type": "Hash", "Parent Relationship": "Inner", "Parallel Aware": false, "Async Capable": false, "Startup Cost": 25960.84, "Total Cost": 25960.84, "Plan Rows": 719384, "Plan Width": 8, "Plans": [{"Node Type": "Seq Scan", "Parent Relationship": "Outer", "Parallel Aware": false, "Async Capable": false, "Relation Name": "web_sales", "Alias": "ws2", "Startup Cost": 0.0, "Total Cost": 25960.84, "Plan Rows": 719384, "Plan Width": 8}]}]}, {"Node Type": "Sort", "Parent Relationship": "Outer", "Parallel Aware": false, "Async Capable": false, "Startup Cost": 884250.34, "Total Cost": 884250.35, "Plan Rows": 1, "Plan Width": 72, "Sort Key": ["(count(DISTINCT ws1.ws_order_number))"], "Plans": [{"Node Type": "Aggregate", "Strategy": "Plain", "Partial Mode": "Simple", "Parent Relationship": "Outer", "Parallel Aware": false, "Async Capable": false, "Startup Cost": 884250.32, "Total Cost": 884250.33, "Plan Rows": 1, "Plan Width": 72, "Plans": [{"Node Type": "Hash Join", "Parent Relationship": "Outer", "Parallel Aware": false, "Async Capable": false, "Join Type": "Inner", "Startup Cost": 802085.22, "Total Cost": 884250.31, "Plan Rows": 1, "Plan Width": 16, "Inner Unique": true, "Hash Cond": "(ws1.ws_order_number = ws_wh.ws_order_number)", "Plans": [{"Node Type": "Hash Join", "Parent Relationship": "Outer", "Parallel Aware": false, "Async Capable": false, "Join Type": "Semi", "Startup Cost": 641617.33, "Total Cost": 723782.42, "Plan Rows": 1, "Plan Width": 24, "Inner Unique": false, "Hash Cond": "(ws1.ws_order_number = web_returns.wr_order_number)", "Plans": [{"Node Type": "Hash Join", "Parent Relationship": "Outer", "Parallel Aware": false, "Async Capable": false, "Join Type": "Inner", "Startup Cost": 4264.91, "Total Cost": 32115.97, "Plan Rows": 2, "Plan Width": 16, "Inner Unique": true, "Hash Cond": "(ws1.ws_web_site_sk = web_site.web_site_sk)", "Plans": [{"Node Type": "Hash Join", "Parent Relationship": "Outer", "Parallel Aware": false, "Async Capable": false, "Join Type": "Inner", "Startup Cost": 4262.52, "Total Cost": 32113.43, "Plan Rows": 47, "Plan Width": 20, "Inner Unique": true, "Hash Cond": "(ws1.ws_ship_addr_sk = customer_address.ca_address_sk)", "Plans": [{"Node Type": "Hash Join", "Parent Relationship": "Outer", "Parallel Aware": false, "Async Capable": false, "Join Type": "Inner", "Startup Cost": 2501.5, "Total Cost": 30350.83, "Plan Rows": 601, "Plan Width": 24, "Inner Unique": true, "Hash Cond": "(ws1.ws_ship_date_sk = date_dim.d_date_sk)", "Plans": [{"Node Type": "Seq Scan", "Parent Relationship": "Outer", "Parallel Aware": false, "Async Capable": false, "Relation Name": "web_sales", "Alias": "ws1", "Startup Cost": 0.0, "Total Cost": 25960.84, "Plan Rows": 719384, "Plan Width": 28}, {"Node Type": "Hash", "Parent Relationship": "Inner", "Parallel Aware": false, "Async Capable": false, "Startup Cost": 2500.73, "Total Cost": 2500.73, "Plan Rows": 61, "Plan Width": 4, "Plans": [{"Node Type": "Seq Scan", "Parent Relationship": "Outer", "Parallel Aware": false, "Async Capable": false, "Relation Name": "date_dim", "Alias": "date_dim", "Startup Cost": 0.0, "Total Cost": 2500.73, "Plan Rows": 61, "Plan Width": 4, "Filter": "((d_date >= '1999-05-01'::date) AND (d_date <= '1999-06-30 00:00:00'::timestamp without time zone))"}]}]}, {"Node Type": "Hash", "Parent Relationship": "Inner", "Parallel Aware": false, "Async Capable": false, "Startup Cost": 1712.0, "Total Cost": 1712.0, "Plan Rows": 3922, "Plan Width": 4, "Plans": [{"Node Type": "Seq Scan", "Parent Relationship": "Outer", "Parallel Aware": false, "Async Capable": false, "Relation Name": "customer_address", "Alias": "customer_address", "Startup Cost": 0.0, "Total Cost": 1712.0, "Plan Rows": 3922, "Plan Width": 4, "Filter": "(ca_state = 'TX'::bpchar)"}]}]}, {"Node Type": "Hash", "Parent Relationship": "Inner", "Parallel Aware": false, "Async Capable": false, "Startup Cost": 2.38, "Total Cost": 2.38, "Plan Rows": 1, "Plan Width": 4, "Plans": [{"Node Type": "Seq Scan", "Parent Relationship": "Outer", "Parallel Aware": false, "Async Capable": false, "Relation Name": "web_site", "Alias": "web_site", "Startup Cost": 0.0, "Total Cost": 2.38, "Plan Rows": 1, "Plan Width": 4, "Filter": "(web_company_name = 'pri'::bpchar)"}]}]}, {"Node Type": "Hash", "Parent Relationship": "Inner", "Parallel Aware": false, "Async Capable": false, "Startup Cost": 409245.05, "Total Cost": 409245.05, "Plan Rows": 13903630, "Plan Width": 8, "Plans": [{"Node Type": "Hash Join", "Parent Relationship": "Outer", "Parallel Aware": false, "Async Capable": false, "Join Type": "Inner", "Startup Cost": 2769.78, "Total Cost": 409245.05, "Plan Rows": 13903630, "Plan Width": 8, "Inner Unique": false, "Hash Cond": "(ws_wh_1.ws_order_number = web_returns.wr_order_number)", "Plans": [{"Node Type": "CTE Scan", "Parent Relationship": "Outer", "Parallel Aware": false, "Async Capable": false, "CTE Name": "ws_wh", "Alias": "ws_wh_1", "Startup Cost": 0.0, "Total Cost": 142634.12, "Plan Rows": 7131706, "Plan Width": 4}, {"Node Type": "Hash", "Parent Relationship": "Inner", "Parallel Aware": false, "Async Capable": false, "Startup Cost": 1872.74, "Total Cost": 1872.74, "Plan Rows": 71763, "Plan Width": 4, "Plans": [{"Node Type": "Index Only Scan", "Parent Relationship": "Outer", "Parallel Aware": false, "Async Capable": false, "Scan Direction": "Forward", "Index Name": "web_returns_pkey", "Relation Name": "web_returns", "Alias": "web_returns", "Startup Cost": 0.29, "Total Cost": 1872.74, "Plan Rows": 71763, "Plan Width": 4}]}]}]}]}, {"Node Type": "Hash", "Parent Relationship": "Inner", "Parallel Aware": false, "Async Capable": false, "Startup Cost": 160465.39, "Total Cost": 160465.39, "Plan Rows": 200, "Plan Width": 4, "Plans": [{"Node Type": "Aggregate", "Strategy": "Hashed", "Partial Mode": "Simple", "Parent Relationship": "Outer", "Parallel Aware": false, "Async Capable": false, "Startup Cost": 160463.39, "Total Cost": 160465.39, "Plan Rows": 200, "Plan Width": 4, "Group Key": ["ws_wh.ws_order_number"], "Planned Partitions": 0, "Plans": [{"Node Type": "CTE Scan", "Parent Relationship": "Outer", "Parallel Aware": false, "Async Capable": false, "CTE Name": "ws_wh", "Alias": "ws_wh", "Startup Cost": 0.0, "Total Cost": 142634.12, "Plan Rows": 7131706, "Plan Width": 4}]}]}]}]}]}]}, "JIT": {"Functions": 70, "Options": {"Inlining": true, "Optimization": true, "Expressions": true, "Deforming": true}}}]]], [[[{"Plan": {"Node Type": "Limit", "Parallel Aware": false, "Async Capable": false, "Startup Cost": 70250.35, "Total Cost": 70250.35, "Plan Rows": 1, "Plan Width": 8, "Plans": [{"Node Type": "Sort", "Parent Relationship": "Outer", "Parallel Aware": false, "Async Capable": false, "Startup Cost": 70250.35, "Total Cost": 70250.35, "Plan Rows": 1, "Plan Width": 8, "Sort Key": ["(count(*))"], "Plans": [{"Node Type": "Aggregate", "Strategy": "Plain", "Partial Mode": "Finalize", "Parent Relationship": "Outer", "Parallel Aware": false, "Async Capable": false, "Startup Cost": 70250.33, "Total Cost": 70250.34, "Plan Rows": 1, "Plan Width": 8, "Plans": [{"Node Type": "Gather", "Parent Relationship": "Outer", "Parallel Aware": false, "Async Capable": false, "Startup Cost": 70250.11, "Total Cost": 70250.32, "Plan Rows": 2, "Plan Width": 8, "Workers Planned": 2, "Single Copy": false, "Plans": [{"Node Type": "Aggregate", "Strategy": "Plain", "Partial Mode": "Partial", "Parent Relationship": "Outer", "Parallel Aware": false, "Async Capable": false, "Startup Cost": 69250.11, "Total Cost": 69250.12, "Plan Rows": 1, "Plan Width": 8, "Plans": [{"Node Type": "Hash Join", "Parent Relationship": "Outer", "Parallel Aware": false, "Async Capable": false, "Join Type": "Inner", "Startup Cost": 2326.02, "Total Cost": 69249.58, "Plan Rows": 212, "Plan Width": 0, "Inner Unique": true, "Hash Cond": "(store_sales.ss_store_sk = store.s_store_sk)", "Plans": [{"Node Type": "Hash Join", "Parent Relationship": "Outer", "Parallel Aware": false, "Async Capable": false, "Join Type": "Inner", "Startup Cost": 2324.85, "Total Cost": 69239.47, "Plan Rows": 2550, "Plan Width": 4, "Inner Unique": true, "Hash Cond": "(store_sales.ss_hdemo_sk = household_demographics.hd_demo_sk)", "Plans": [{"Node Type": "Hash Join", "Parent Relationship": "Outer", "Parallel Aware": true, "Async Capable": false, "Join Type": "Inner", "Startup Cost": 2172.85, "Total Cost": 69020.49, "Plan Rows": 25502, "Plan Width": 8, "Inner Unique": true, "Hash Cond": "(store_sales.ss_sold_time_sk = time_dim.t_time_sk)", "Plans": [{"Node Type": "Seq Scan", "Parent Relationship": "Outer", "Parallel Aware": true, "Async Capable": false, "Relation Name": "store_sales", "Alias": "store_sales", "Startup Cost": 0.0, "Total Cost": 63697.18, "Plan Rows": 1200118, "Plan Width": 12}, {"Node Type": "Hash", "Parent Relationship": "Inner", "Parallel Aware": true, "Async Capable": false, "Startup Cost": 2159.35, "Total Cost": 2159.35, "Plan Rows": 1080, "Plan Width": 4, "Plans": [{"Node Type": "Seq Scan", "Parent Relationship": "Outer", "Parallel Aware": true, "Async Capable": false, "Relation Name": "time_dim", "Alias": "time_dim", "Startup Cost": 0.0, "Total Cost": 2159.35, "Plan Rows": 1080, "Plan Width": 4, "Filter": "((t_minute >= 30) AND (t_hour = 8))"}]}]}, {"Node Type": "Hash", "Parent Relationship": "Inner", "Parallel Aware": false, "Async Capable": false, "Startup Cost": 143.0, "Total Cost": 143.0, "Plan Rows": 720, "Plan Width": 4, "Plans": [{"Node Type": "Seq Scan", "Parent Relationship": "Outer", "Parallel Aware": false, "Async Capable": false, "Relation Name": "household_demographics", "Alias": "household_demographics", "Startup Cost": 0.0, "Total Cost": 143.0, "Plan Rows": 720, "Plan Width": 4, "Filter": "(hd_dep_count = 5)"}]}]}, {"Node Type": "Hash", "Parent Relationship": "Inner", "Parallel Aware": false, "Async Capable": false, "Startup Cost": 1.15, "Total Cost": 1.15, "Plan Rows": 1, "Plan Width": 4, "Plans": [{"Node Type": "Seq Scan", "Parent Relationship": "Outer", "Parallel Aware": false, "Async Capable": false, "Relation Name": "store", "Alias": "store", "Startup Cost": 0.0, "Total Cost": 1.15, "Plan Rows": 1, "Plan Width": 4, "Filter": "((s_store_name)::text = 'ese'::text)"}]}]}]}]}]}]}]}}]]], [[[{"Plan": {"Node Type": "Limit", "Parallel Aware": false, "Async Capable": false, "Startup Cost": 121292.03, "Total Cost": 121292.04, "Plan Rows": 1, "Plan Width": 24, "Plans": [{"Node Type": "Aggregate", "Strategy": "Plain", "Partial Mode": "Simple", "Parent Relationship": "Outer", "Parallel Aware": false, "Async Capable": false, "Startup Cost": 121292.03, "Total Cost": 121292.04, "Plan Rows": 1, "Plan Width": 24, "Plans": [{"Node Type": "Merge Join", "Parent Relationship": "Outer", "Parallel Aware": false, "Async Capable": false, "Join Type": "Full", "Startup Cost": 118510.17, "Total Cost": 121180.54, "Plan Rows": 14865, "Plan Width": 8, "Inner Unique": true, "Merge Cond": "((store_sales.ss_customer_sk = catalog_sales.cs_bill_customer_sk) AND (store_sales.ss_item_sk = catalog_sales.cs_item_sk))", "Plans": [{"Node Type": "Group", "Parent Relationship": "Outer", "Parallel Aware": false, "Async Capable": false, "Startup Cost": 70290.14, "Total Cost": 71828.42, "Plan Rows": 14865, "Plan Width": 8, "Group Key": ["store_sales.ss_customer_sk", "store_sales.ss_item_sk"], "Plans": [{"Node Type": "Gather Merge", "Parent Relationship": "Outer", "Parallel Aware": false, "Async Capable": false, "Startup Cost": 70290.14, "Total Cost": 71766.48, "Plan Rows": 12388, "Plan Width": 8, "Workers Planned": 2, "Plans": [{"Node Type": "Group", "Parent Relationship": "Outer", "Parallel Aware": false, "Async Capable": false, "Startup Cost": 69290.11, "Total Cost": 69336.57, "Plan Rows": 6194, "Plan Width": 8, "Group Key": ["store_sales.ss_customer_sk", "store_sales.ss_item_sk"], "Plans": [{"Node Type": "Sort", "Parent Relationship": "Outer", "Parallel Aware": false, "Async Capable": false, "Startup Cost": 69290.11, "Total Cost": 69305.6, "Plan Rows": 6194, "Plan Width": 8, "Sort Key": ["store_sales.ss_customer_sk", "store_sales.ss_item_sk"], "Plans": [{"Node Type": "Hash Join", "Parent Relationship": "Outer", "Parallel Aware": true, "Async Capable": false, "Join Type": "Inner", "Startup Cost": 2052.33, "Total Cost": 68900.0, "Plan Rows": 6194, "Plan Width": 8, "Inner Unique": true, "Hash Cond": "(store_sales.ss_sold_date_sk = date_dim.d_date_sk)", "Plans": [{"Node Type": "Seq Scan", "Parent Relationship": "Outer", "Parallel Aware": true, "Async Capable": false, "Relation Name": "store_sales", "Alias": "store_sales", "Startup Cost": 0.0, "Total Cost": 63697.18, "Plan Rows": 1200118, "Plan Width": 12}, {"Node Type": "Hash", "Parent Relationship": "Inner", "Parallel Aware": true, "Async Capable": false, "Startup Cost": 2049.55, "Total Cost": 2049.55, "Plan Rows": 222, "Plan Width": 4, "Plans": [{"Node Type": "Seq Scan", "Parent Relationship": "Outer", "Parallel Aware": true, "Async Capable": false, "Relation Name": "date_dim", "Alias": "date_dim", "Startup Cost": 0.0, "Total Cost": 2049.55, "Plan Rows": 222, "Plan Width": 4, "Filter": "((d_month_seq >= 1212) AND (d_month_seq <= 1223))"}]}]}]}]}]}]}, {"Node Type": "Group", "Parent Relationship": "Inner", "Parallel Aware": false, "Async Capable": false, "Startup Cost": 48220.04, "Total Cost": 48989.92, "Plan Rows": 7439, "Plan Width": 8, "Group Key": ["catalog_sales.cs_bill_customer_sk", "catalog_sales.cs_item_sk"], "Plans": [{"Node Type": "Gather Merge", "Parent Relationship": "Outer", "Parallel Aware": false, "Async Capable": false, "Startup Cost": 48220.04, "Total Cost": 48958.92, "Plan Rows": 6200, "Plan Width": 8, "Workers Planned": 2, "Plans": [{"Node Type": "Group", "Parent Relationship": "Outer", "Parallel Aware": false, "Async Capable": false, "Startup Cost": 47220.01, "Total Cost": 47243.26, "Plan Rows": 3100, "Plan Width": 8, "Group Key": ["catalog_sales.cs_bill_customer_sk", "catalog_sales.cs_item_sk"], "Plans": [{"Node Type": "Sort", "Parent Relationship": "Outer", "Parallel Aware": false, "Async Capable": false, "Startup Cost": 47220.01, "Total Cost": 47227.76, "Plan Rows": 3100, "Plan Width": 8, "Sort Key": ["catalog_sales.cs_bill_customer_sk", "catalog_sales.cs_item_sk"], "Plans": [{"Node Type": "Hash Join", "Parent Relationship": "Outer", "Parallel Aware": true, "Async Capable": false, "Join Type": "Inner", "Startup Cost": 2052.33, "Total Cost": 47040.24, "Plan Rows": 3100, "Plan Width": 8, "Inner Unique": true, "Hash Cond": "(catalog_sales.cs_sold_date_sk = date_dim_1.d_date_sk)", "Plans": [{"Node Type": "Seq Scan", "Parent Relationship": "Outer", "Parallel Aware": true, "Async Capable": false, "Relation Name": "catalog_sales", "Alias": "catalog_sales", "Startup Cost": 0.0, "Total Cost": 43411.2, "Plan Rows": 600620, "Plan Width": 12}, {"Node Type": "Hash", "Parent Relationship": "Inner", "Parallel Aware": true, "Async Capable": false, "Startup Cost": 2049.55, "Total Cost": 2049.55, "Plan Rows": 222, "Plan Width": 4, "Plans": [{"Node Type": "Seq Scan", "Parent Relationship": "Outer", "Parallel Aware": true, "Async Capable": false, "Relation Name": "date_dim", "Alias": "date_dim_1", "Startup Cost": 0.0, "Total Cost": 2049.55, "Plan Rows": 222, "Plan Width": 4, "Filter": "((d_month_seq >= 1212) AND (d_month_seq <= 1223))"}]}]}]}]}]}]}]}]}]}, "JIT": {"Functions": 42, "Options": {"Inlining": false, "Optimization": false, "Expressions": true, "Deforming": true}}}]]], [[[{"Plan": {"Node Type": "Sort", "Parallel Aware": false, "Async Capable": false, "Startup Cost": 71389.65, "Total Cost": 71390.63, "Plan Rows": 391, "Plan Width": 291, "Sort Key": ["item.i_category", "item.i_class", "item.i_item_id", "item.i_item_desc", "((((sum(store_sales.ss_ext_sales_price)) * '100'::numeric) / sum((sum(store_sales.ss_ext_sales_price))) OVER (?)))"], "Plans": [{"Node Type": "WindowAgg", "Parent Relationship": "Outer", "Parallel Aware": false, "Async Capable": false, "Startup Cost": 71364.02, "Total Cost": 71372.82, "Plan Rows": 391, "Plan Width": 291, "Plans": [{"Node Type": "Sort", "Parent Relationship": "Outer", "Parallel Aware": false, "Async Capable": false, "Startup Cost": 71364.02, "Total Cost": 71365.0, "Plan Rows": 391, "Plan Width": 259, "Sort Key": ["item.i_class"], "Plans": [{"Node Type": "Aggregate", "Strategy": "Sorted", "Partial Mode": "Finalize", "Parent Relationship": "Outer", "Parallel Aware": false, "Async Capable": false, "Startup Cost": 71305.5, "Total Cost": 71347.19, "Plan Rows": 391, "Plan Width": 259, "Group Key": ["item.i_item_id", "item.i_item_desc", "item.i_category", "item.i_class", "item.i_current_price"], "Plans": [{"Node Type": "Gather Merge", "Parent Relationship": "Outer", "Parallel Aware": false, "Async Capable": false, "Startup Cost": 71305.5, "Total Cost": 71338.27, "Plan Rows": 230, "Plan Width": 259, "Workers Planned": 1, "Plans": [{"Node Type": "Aggregate", "Strategy": "Sorted", "Partial Mode": "Partial", "Parent Relationship": "Outer", "Parallel Aware": false, "Async Capable": false, "Startup Cost": 70305.49, "Total Cost": 70312.39, "Plan Rows": 230, "Plan Width": 259, "Group Key": ["item.i_item_id", "item.i_item_desc", "item.i_category", "item.i_class", "item.i_current_price"], "Plans": [{"Node Type": "Sort", "Parent Relationship": "Outer", "Parallel Aware": false, "Async Capable": false, "Startup Cost": 70305.49, "Total Cost": 70306.06, "Plan Rows": 230, "Plan Width": 233, "Sort Key": ["item.i_item_id", "item.i_item_desc", "item.i_category", "item.i_class", "item.i_current_price"], "Plans": [{"Node Type": "Hash Join", "Parent Relationship": "Outer", "Parallel Aware": true, "Async Capable": false, "Join Type": "Inner", "Startup Cost": 68904.46, "Total Cost": 70296.47, "Plan Rows": 230, "Plan Width": 233, "Inner Unique": false, "Hash Cond": "(item.i_item_sk = store_sales.ss_item_sk)", "Plans": [{"Node Type": "Seq Scan", "Parent Relationship": "Outer", "Parallel Aware": true, "Async Capable": false, "Relation Name": "item", "Alias": "item", "Startup Cost": 0.0, "Total Cost": 1375.59, "Plan Rows": 3092, "Plan Width": 231, "Filter": "(i_category = ANY ('{Jewelry,Sports,Books}'::bpchar[]))"}, {"Node Type": "Hash", "Parent Relationship": "Inner", "Parallel Aware": true, "Async Capable": false, "Startup Cost": 68897.47, "Total Cost": 68897.47, "Plan Rows": 559, "Plan Width": 10, "Plans": [{"Node Type": "Hash Join", "Parent Relationship": "Outer", "Parallel Aware": true, "Async Capable": false, "Join Type": "Inner", "Startup Cost": 2049.8, "Total Cost": 68897.47, "Plan Rows": 559, "Plan Width": 10, "Inner Unique": true, "Hash Cond": "(store_sales.ss_sold_date_sk = date_dim.d_date_sk)", "Plans": [{"Node Type": "Seq Scan", "Parent Relationship": "Outer", "Parallel Aware": true, "Async Capable": false, "Relation Name": "store_sales", "Alias": "store_sales", "Startup Cost": 0.0, "Total Cost": 63697.18, "Plan Rows": 1200118, "Plan Width": 14}, {"Node Type": "Hash", "Parent Relationship": "Inner", "Parallel Aware": true, "Async Capable": false, "Startup Cost": 2049.55, "Total Cost": 2049.55, "Plan Rows": 20, "Plan Width": 4, "Plans": [{"Node Type": "Seq Scan", "Parent Relationship": "Outer", "Parallel Aware": true, "Async Capable": false, "Relation Name": "date_dim", "Alias": "date_dim", "Startup Cost": 0.0, "Total Cost": 2049.55, "Plan Rows": 20, "Plan Width": 4, "Filter": "((d_date >= '2001-01-12'::date) AND (d_date <= '2001-02-11 00:00:00'::timestamp without time zone))"}]}]}]}]}]}]}]}]}]}]}]}}]]], [[[{"Plan": {"Node Type": "Limit", "Parallel Aware": false, "Async Capable": false, "Startup Cost": 48270.19, "Total Cost": 48332.07, "Plan Rows": 100, "Plan Width": 314, "Plans": [{"Node Type": "Aggregate", "Strategy": "Sorted", "Partial Mode": "Finalize", "Parent Relationship": "Outer", "Parallel Aware": false, "Async Capable": false, "Startup Cost": 48270.19, "Total Cost": 48641.45, "Plan Rows": 600, "Plan Width": 314, "Group Key": ["(substr((warehouse.w_warehouse_name)::text, 1, 20))", "ship_mode.sm_type", "call_center.cc_name"], "Plans": [{"Node Type": "Gather Merge", "Parent Relationship": "Outer", "Parallel Aware": false, "Async Capable": false, "Startup Cost": 48270.19, "Total Cost": 48609.95, "Plan Rows": 1200, "Plan Width": 314, "Workers Planned": 2, "Plans": [{"Node Type": "Aggregate", "Strategy": "Sorted", "Partial Mode": "Partial", "Parent Relationship": "Outer", "Parallel Aware": false, "Async Capable": false, "Startup Cost": 47270.17, "Total Cost": 47471.42, "Plan Rows": 600, "Plan Width": 314, "Group Key": ["(substr((warehouse.w_warehouse_name)::text, 1, 20))", "ship_mode.sm_type", "call_center.cc_name"], "Plans": [{"Node Type": "Sort", "Parent Relationship": "Outer", "Parallel Aware": false, "Async Capable": false, "Startup Cost": 47270.17, "Total Cost": 47277.92, "Plan Rows": 3100, "Plan Width": 282, "Sort Key": ["(substr((warehouse.w_warehouse_name)::text, 1, 20))", "ship_mode.sm_type", "call_center.cc_name"], "Plans": [{"Node Type": "Hash Join", "Parent Relationship": "Outer", "Parallel Aware": false, "Async Capable": false, "Join Type": "Inner", "Startup Cost": 2056.02, "Total Cost": 47090.4, "Plan Rows": 3100, "Plan Width": 282, "Inner Unique": true, "Hash Cond": "(catalog_sales.cs_call_center_sk = call_center.cc_call_center_sk)", "Plans": [{"Node Type": "Hash Join", "Parent Relationship": "Outer", "Parallel Aware": false, "Async Capable": false, "Join Type": "Inner", "Startup Cost": 2054.89, "Total Cost": 47067.66, "Plan Rows": 3100, "Plan Width": 194, "Inner Unique": true, "Hash Cond": "(catalog_sales.cs_ship_mode_sk = ship_mode.sm_ship_mode_sk)", "Plans": [{"Node Type": "Hash Join", "Parent Relationship": "Outer", "Parallel Aware": false, "Async Capable": false, "Join Type": "Inner", "Startup Cost": 2053.44, "Total Cost": 47056.36, "Plan Rows": 3100, "Plan Width": 74, "Inner Unique": true, "Hash Cond": "(catalog_sales.cs_warehouse_sk = warehouse.w_warehouse_sk)", "Plans": [{"Node Type": "Hash Join", "Parent Relationship": "Outer", "Parallel Aware": true, "Async Capable": false, "Join Type": "Inner", "Startup Cost": 2052.33, "Total Cost": 47040.24, "Plan Rows": 3100, "Plan Width": 20, "Inner Unique": true, "Hash Cond": "(catalog_sales.cs_ship_date_sk = date_dim.d_date_sk)", "Plans": [{"Node Type": "Seq Scan", "Parent Relationship": "Outer", "Parallel Aware": true, "Async Capable": false, "Relation Name": "catalog_sales", "Alias": "catalog_sales", "Startup Cost": 0.0, "Total Cost": 43411.2, "Plan Rows": 600620, "Plan Width": 20}, {"Node Type": "Hash", "Parent Relationship": "Inner", "Parallel Aware": true, "Async Capable": false, "Startup Cost": 2049.55, "Total Cost": 2049.55, "Plan Rows": 222, "Plan Width": 4, "Plans": [{"Node Type": "Seq Scan", "Parent Relationship": "Outer", "Parallel Aware": true, "Async Capable": false, "Relation Name": "date_dim", "Alias": "date_dim", "Startup Cost": 0.0, "Total Cost": 2049.55, "Plan Rows": 222, "Plan Width": 4, "Filter": "((d_month_seq >= 1212) AND (d_month_seq <= 1223))"}]}]}, {"Node Type": "Hash", "Parent Relationship": "Inner", "Parallel Aware": false, "Async Capable": false, "Startup Cost": 1.05, "Total Cost": 1.05, "Plan Rows": 5, "Plan Width": 62, "Plans": [{"Node Type": "Seq Scan", "Parent Relationship": "Outer", "Parallel Aware": false, "Async Capable": false, "Relation Name": "warehouse", "Alias": "warehouse", "Startup Cost": 0.0, "Total Cost": 1.05, "Plan Rows": 5, "Plan Width": 62}]}]}, {"Node Type": "Hash", "Parent Relationship": "Inner", "Parallel Aware": false, "Async Capable": false, "Startup Cost": 1.2, "Total Cost": 1.2, "Plan Rows": 20, "Plan Width": 128, "Plans": [{"Node Type": "Seq Scan", "Parent Relationship": "Outer", "Parallel Aware": false, "Async Capable": false, "Relation Name": "ship_mode", "Alias": "ship_mode", "Startup Cost": 0.0, "Total Cost": 1.2, "Plan Rows": 20, "Plan Width": 128}]}]}, {"Node Type": "Hash", "Parent Relationship": "Inner", "Parallel Aware": false, "Async Capable": false, "Startup Cost": 1.06, "Total Cost": 1.06, "Plan Rows": 6, "Plan Width": 122, "Plans": [{"Node Type": "Seq Scan", "Parent Relationship": "Outer", "Parallel Aware": false, "Async Capable": false, "Relation Name": "call_center", "Alias": "call_center", "Startup Cost": 0.0, "Total Cost": 1.06, "Plan Rows": 6, "Plan Width": 122}]}]}]}]}]}]}]}}]]]]